Log file open, 11/29/17 17:04:19
LogWindows: Failed to load 'aqProf.dll' (GetLastError=126)
LogWindows: File 'aqProf.dll' does not exist
LogWindows: Failed to load 'VtuneApi.dll' (GetLastError=126)
LogWindows: File 'VtuneApi.dll' does not exist
LogWindows: Failed to load 'VtuneApi32e.dll' (GetLastError=126)
LogWindows: File 'VtuneApi32e.dll' does not exist
LogInit: Display: Running engine for game: Rapid5
LogPlatformFile: Not using cached read wrapper
LogInit: Display: RandInit(655527834) SRandInit(655527834).
LogInit: Read version file with build ID '3709383'
LogInit: Overriding engine version to CL 3754814, compatible CL 3709383
LogInit: Registered custom module enumerator with build ID '3709383'
LogTaskGraph: Started task graph with 5 named threads and 14 total threads with 3 sets of task threads.
LogStats: Stats thread started at 0.169306
LogD3D11RHI: Aftermath initialized
LogPluginManager: Mounting plugin Paper2D
LogPluginManager: Mounting plugin LightPropagationVolume
LogPluginManager: Mounting plugin CodeLiteSourceCodeAccess
LogPluginManager: Mounting plugin GitSourceControl
LogPluginManager: Mounting plugin KDevelopSourceCodeAccess
LogPluginManager: Mounting plugin NullSourceCodeAccess
LogPluginManager: Mounting plugin PerforceSourceControl
LogPluginManager: Mounting plugin SubversionSourceControl
LogPluginManager: Mounting plugin UObjectPlugin
LogPluginManager: Mounting plugin VisualStudioCodeSourceCodeAccess
LogPluginManager: Mounting plugin VisualStudioSourceCodeAccess
LogPluginManager: Mounting plugin XCodeSourceCodeAccess
LogPluginManager: Mounting plugin AssetManagerEditor
LogPluginManager: Mounting plugin AudioCapture
LogPluginManager: Mounting plugin FacialAnimation
LogPluginManager: Mounting plugin GameplayTagsEditor
LogPluginManager: Mounting plugin MobileLauncherProfileWizard
LogPluginManager: Mounting plugin PluginBrowser
LogPluginManager: Mounting plugin SpeedTreeImporter
LogPluginManager: Mounting plugin AlembicImporter
LogPluginManager: Mounting plugin CharacterAI
LogPluginManager: Mounting plugin HTML5Networking
LogPluginManager: Mounting plugin AndroidMedia
LogPluginManager: Mounting plugin AvfMedia
LogPluginManager: Mounting plugin ImgMedia
LogPluginManager: Mounting plugin MediaCompositing
LogPluginManager: Mounting plugin MediaPlayerEditor
LogPluginManager: Mounting plugin WmfMedia
LogPluginManager: Mounting plugin TcpMessaging
LogPluginManager: Mounting plugin UdpMessaging
LogPluginManager: Mounting plugin ActorSequence
LogPluginManager: Mounting plugin LevelSequenceEditor
LogPluginManager: Mounting plugin MatineeToLevelSequence
LogPluginManager: Mounting plugin OnlineSubsystemGooglePlay
LogPluginManager: Mounting plugin OnlineSubsystemIOS
LogPluginManager: Mounting plugin OnlineSubsystem
LogPluginManager: Mounting plugin OnlineSubsystemNull
LogPluginManager: Mounting plugin OnlineSubsystemUtils
LogPluginManager: Mounting plugin AndroidDeviceProfileSelector
LogPluginManager: Mounting plugin AndroidMoviePlayer
LogPluginManager: Mounting plugin AndroidPermission
LogPluginManager: Mounting plugin AppleARKit
LogPluginManager: Mounting plugin AppleMoviePlayer
LogPluginManager: Mounting plugin ArchVisCharacter
LogPluginManager: Mounting plugin CableComponent
LogPluginManager: Mounting plugin CustomMeshComponent
LogPluginManager: Mounting plugin ExampleDeviceProfileSelector
LogPluginManager: Mounting plugin GoogleCloudMessaging
LogPluginManager: Mounting plugin ImmediatePhysics
LogPluginManager: Mounting plugin IOSDeviceProfileSelector
LogPluginManager: Mounting plugin LinuxDeviceProfileSelector
LogPluginManager: Mounting plugin LocationServicesBPLibrary
LogPluginManager: Mounting plugin MobilePatchingUtils
LogPluginManager: Mounting plugin OculusVR
LogPluginManager: Plugin shader directory ../../../Engine/Plugins/Runtime/Oculus/OculusVR/Shaders found
LogPluginManager: Mapping shader source directory ../../../Engine/Plugins/Runtime/Oculus/OculusVR/Shaders to virtual directory /Plugin/OculusVR
LogPluginManager: Mounting plugin PhysXVehicles
LogPluginManager: Mounting plugin ProceduralMeshComponent
LogPluginManager: Mounting plugin RuntimePhysXCooking
LogPluginManager: Mounting plugin SteamVR
LogPluginManager: Mounting plugin WindowsMoviePlayer
LogModuleManager: Display: Found up-to-date module file ../../../../../../Users/u1141916/Documents/Unreal Projects/Rapid5/Binaries/Win64/UE4Editor-Rapid5.dll (API version 3709383).
LogModuleManager: Display: Found up-to-date module file ../../../Engine/Plugins/2D/Paper2D/Binaries/Win64/UE4Editor-Paper2D.dll (API version 3709383).
LogModuleManager: Display: Found up-to-date module file ../../../Engine/Plugins/2D/Paper2D/Binaries/Win64/UE4Editor-Paper2DEditor.dll (API version 3709383).
LogModuleManager: Display: Found up-to-date module file ../../../Engine/Plugins/2D/Paper2D/Binaries/Win64/UE4Editor-PaperSpriteSheetImporter.dll (API version 3709383).
LogModuleManager: Display: Found up-to-date module file ../../../Engine/Plugins/2D/Paper2D/Binaries/Win64/UE4Editor-PaperTiledImporter.dll (API version 3709383).
LogModuleManager: Display: Found up-to-date module file ../../../Engine/Plugins/2D/Paper2D/Binaries/Win64/UE4Editor-SmartSnapping.dll (API version 3709383).
LogModuleManager: Display: Found up-to-date module file ../../../Engine/Plugins/Blendables/LightPropagationVolume/Binaries/Win64/UE4Editor-LightPropagationVolumeRuntime.dll (API version 3709383).
LogModuleManager: Display: Found up-to-date module file ../../../Engine/Plugins/Blendables/LightPropagationVolume/Binaries/Win64/UE4Editor-LightPropagationVolumeEditor.dll (API version 3709383).
LogModuleManager: Display: Found up-to-date module file ../../../Engine/Plugins/Developer/GitSourceControl/Binaries/Win64/UE4Editor-GitSourceControl.dll (API version 3709383).
LogModuleManager: Display: Found up-to-date module file ../../../Engine/Plugins/Developer/PerforceSourceControl/Binaries/Win64/UE4Editor-PerforceSourceControl.dll (API version 3709383).
LogModuleManager: Display: Found up-to-date module file ../../../Engine/Plugins/Developer/SubversionSourceControl/Binaries/Win64/UE4Editor-SubversionSourceControl.dll (API version 3709383).
LogModuleManager: Display: Found up-to-date module file ../../../Engine/Plugins/Developer/UObjectPlugin/Binaries/Win64/UE4Editor-UObjectPlugin.dll (API version 3709383).
LogModuleManager: Display: Found up-to-date module file ../../../Engine/Plugins/Developer/VisualStudioCodeSourceCodeAccess/Binaries/Win64/UE4Editor-VisualStudioCodeSourceCodeAccess.dll (API version 3709383).
LogModuleManager: Display: Found up-to-date module file ../../../Engine/Plugins/Developer/VisualStudioSourceCodeAccess/Binaries/Win64/UE4Editor-VisualStudioSourceCodeAccess.dll (API version 3709383).
LogModuleManager: Display: Found up-to-date module file ../../../Engine/Plugins/Editor/AssetManagerEditor/Binaries/Win64/UE4Editor-AssetManagerEditor.dll (API version 3709383).
LogModuleManager: Display: Found up-to-date module file ../../../Engine/Plugins/Editor/AudioCapture/Binaries/Win64/UE4Editor-AudioCapture.dll (API version 3709383).
LogModuleManager: Display: Found up-to-date module file ../../../Engine/Plugins/Editor/FacialAnimation/Binaries/Win64/UE4Editor-FacialAnimation.dll (API version 3709383).
LogModuleManager: Display: Found up-to-date module file ../../../Engine/Plugins/Editor/FacialAnimation/Binaries/Win64/UE4Editor-FacialAnimationEditor.dll (API version 3709383).
LogModuleManager: Display: Found up-to-date module file ../../../Engine/Plugins/Editor/GameplayTagsEditor/Binaries/Win64/UE4Editor-GameplayTagsEditor.dll (API version 3709383).
LogModuleManager: Display: Found up-to-date module file ../../../Engine/Plugins/Editor/MobileLauncherProfileWizard/Binaries/Win64/UE4Editor-MobileLauncherProfileWizard.dll (API version 3709383).
LogModuleManager: Display: Found up-to-date module file ../../../Engine/Plugins/Editor/PluginBrowser/Binaries/Win64/UE4Editor-PluginBrowser.dll (API version 3709383).
LogModuleManager: Display: Found up-to-date module file ../../../Engine/Plugins/Editor/SpeedTreeImporter/Binaries/Win64/UE4Editor-SpeedTreeImporter.dll (API version 3709383).
LogModuleManager: Display: Found up-to-date module file ../../../Engine/Plugins/Experimental/AlembicImporter/Binaries/Win64/UE4Editor-AlembicImporter.dll (API version 3709383).
LogModuleManager: Display: Found up-to-date module file ../../../Engine/Plugins/Experimental/AlembicImporter/Binaries/Win64/UE4Editor-AlembicLibrary.dll (API version 3709383).
LogModuleManager: Display: Found up-to-date module file ../../../Engine/Plugins/Experimental/CharacterAI/Binaries/Win64/UE4Editor-CharacterAI.dll (API version 3709383).
LogModuleManager: Display: Found up-to-date module file ../../../Engine/Plugins/Experimental/HTML5Networking/Binaries/Win64/UE4Editor-HTML5Networking.dll (API version 3709383).
LogModuleManager: Display: Found up-to-date module file ../../../Engine/Plugins/Media/AndroidMedia/Binaries/Win64/UE4Editor-AndroidMediaEditor.dll (API version 3709383).
LogModuleManager: Display: Found up-to-date module file ../../../Engine/Plugins/Media/AndroidMedia/Binaries/Win64/UE4Editor-AndroidMediaFactory.dll (API version 3709383).
LogModuleManager: Display: Found up-to-date module file ../../../Engine/Plugins/Media/AvfMedia/Binaries/Win64/UE4Editor-AvfMediaEditor.dll (API version 3709383).
LogModuleManager: Display: Found up-to-date module file ../../../Engine/Plugins/Media/AvfMedia/Binaries/Win64/UE4Editor-AvfMediaFactory.dll (API version 3709383).
LogModuleManager: Display: Found up-to-date module file ../../../Engine/Plugins/Media/AvfMedia/Binaries/Win64/UE4Editor-AvfMediaFactory.dll (API version 3709383).
LogModuleManager: Display: Found up-to-date module file ../../../Engine/Plugins/Media/ImgMedia/Binaries/Win64/UE4Editor-ImgMedia.dll (API version 3709383).
LogModuleManager: Display: Found up-to-date module file ../../../Engine/Plugins/Media/ImgMedia/Binaries/Win64/UE4Editor-ImgMediaEditor.dll (API version 3709383).
LogModuleManager: Display: Found up-to-date module file ../../../Engine/Plugins/Media/ImgMedia/Binaries/Win64/UE4Editor-ImgMediaFactory.dll (API version 3709383).
LogModuleManager: Display: Found up-to-date module file ../../../Engine/Plugins/Media/ImgMedia/Binaries/Win64/UE4Editor-ImgMediaFactory.dll (API version 3709383).
LogModuleManager: Display: Found up-to-date module file ../../../Engine/Plugins/Media/ImgMedia/Binaries/Win64/UE4Editor-OpenExrWrapper.dll (API version 3709383).
LogModuleManager: Display: Found up-to-date module file ../../../Engine/Plugins/Media/MediaCompositing/Binaries/Win64/UE4Editor-MediaCompositing.dll (API version 3709383).
LogModuleManager: Display: Found up-to-date module file ../../../Engine/Plugins/Media/MediaCompositing/Binaries/Win64/UE4Editor-MediaCompositingEditor.dll (API version 3709383).
LogModuleManager: Display: Found up-to-date module file ../../../Engine/Plugins/Media/MediaPlayerEditor/Binaries/Win64/UE4Editor-MediaPlayerEditor.dll (API version 3709383).
LogModuleManager: Display: Found up-to-date module file ../../../Engine/Plugins/Media/WmfMedia/Binaries/Win64/UE4Editor-WmfMedia.dll (API version 3709383).
LogModuleManager: Display: Found up-to-date module file ../../../Engine/Plugins/Media/WmfMedia/Binaries/Win64/UE4Editor-WmfMediaEditor.dll (API version 3709383).
LogModuleManager: Display: Found up-to-date module file ../../../Engine/Plugins/Media/WmfMedia/Binaries/Win64/UE4Editor-WmfMediaFactory.dll (API version 3709383).
LogModuleManager: Display: Found up-to-date module file ../../../Engine/Plugins/Media/WmfMedia/Binaries/Win64/UE4Editor-WmfMediaFactory.dll (API version 3709383).
LogModuleManager: Display: Found up-to-date module file ../../../Engine/Plugins/Messaging/TcpMessaging/Binaries/Win64/UE4Editor-TcpMessaging.dll (API version 3709383).
LogModuleManager: Display: Found up-to-date module file ../../../Engine/Plugins/Messaging/UdpMessaging/Binaries/Win64/UE4Editor-UdpMessaging.dll (API version 3709383).
LogModuleManager: Display: Found up-to-date module file ../../../Engine/Plugins/MovieScene/ActorSequence/Binaries/Win64/UE4Editor-ActorSequence.dll (API version 3709383).
LogModuleManager: Display: Found up-to-date module file ../../../Engine/Plugins/MovieScene/LevelSequenceEditor/Binaries/Win64/UE4Editor-LevelSequenceEditor.dll (API version 3709383).
LogModuleManager: Display: Found up-to-date module file ../../../Engine/Plugins/MovieScene/MatineeToLevelSequence/Binaries/Win64/UE4Editor-MatineeToLevelSequence.dll (API version 3709383).
LogModuleManager: Display: Found up-to-date module file ../../../Engine/Plugins/Online/OnlineSubsystem/Binaries/Win64/UE4Editor-OnlineSubsystem.dll (API version 3709383).
LogModuleManager: Display: Found up-to-date module file ../../../Engine/Plugins/Online/OnlineSubsystemNull/Binaries/Win64/UE4Editor-OnlineSubsystemNull.dll (API version 3709383).
LogModuleManager: Display: Found up-to-date module file ../../../Engine/Plugins/Online/OnlineSubsystemUtils/Binaries/Win64/UE4Editor-OnlineSubsystemUtils.dll (API version 3709383).
LogModuleManager: Display: Found up-to-date module file ../../../Engine/Plugins/Online/OnlineSubsystemUtils/Binaries/Win64/UE4Editor-OnlineBlueprintSupport.dll (API version 3709383).
LogModuleManager: Display: Found up-to-date module file ../../../Engine/Plugins/Runtime/AndroidDeviceProfileSelector/Binaries/Win64/UE4Editor-AndroidDeviceProfileSelector.dll (API version 3709383).
LogModuleManager: Display: Found up-to-date module file ../../../Engine/Plugins/Runtime/AndroidPermission/Binaries/Win64/UE4Editor-AndroidPermission.dll (API version 3709383).
LogModuleManager: Display: Found up-to-date module file ../../../Engine/Plugins/Runtime/AppleARKit/Binaries/Win64/UE4Editor-AppleARKit.dll (API version 3709383).
LogModuleManager: Display: Found up-to-date module file ../../../Engine/Plugins/Runtime/ArchVisCharacter/Binaries/Win64/UE4Editor-ArchVisCharacter.dll (API version 3709383).
LogModuleManager: Display: Found up-to-date module file ../../../Engine/Plugins/Runtime/CableComponent/Binaries/Win64/UE4Editor-CableComponent.dll (API version 3709383).
LogModuleManager: Display: Found up-to-date module file ../../../Engine/Plugins/Runtime/CustomMeshComponent/Binaries/Win64/UE4Editor-CustomMeshComponent.dll (API version 3709383).
LogModuleManager: Display: Found up-to-date module file ../../../Engine/Plugins/Runtime/ExampleDeviceProfileSelector/Binaries/Win64/UE4Editor-ExampleDeviceProfileSelector.dll (API version 3709383).
LogModuleManager: Display: Found up-to-date module file ../../../Engine/Plugins/Runtime/ImmediatePhysics/Binaries/Win64/UE4Editor-ImmediatePhysics.dll (API version 3709383).
LogModuleManager: Display: Found up-to-date module file ../../../Engine/Plugins/Runtime/ImmediatePhysics/Binaries/Win64/UE4Editor-ImmediatePhysicsEditor.dll (API version 3709383).
LogModuleManager: Display: Found up-to-date module file ../../../Engine/Plugins/Runtime/LocationServicesBPLibrary/Binaries/Win64/UE4Editor-LocationServicesBPLibrary.dll (API version 3709383).
LogModuleManager: Display: Found up-to-date module file ../../../Engine/Plugins/Runtime/MobilePatchingUtils/Binaries/Win64/UE4Editor-MobilePatchingUtils.dll (API version 3709383).
LogModuleManager: Display: Found up-to-date module file ../../../Engine/Plugins/Runtime/Oculus/OculusVR/Binaries/Win64/UE4Editor-OculusHMD.dll (API version 3709383).
LogModuleManager: Display: Found up-to-date module file ../../../Engine/Plugins/Runtime/Oculus/OculusVR/Binaries/Win64/UE4Editor-OculusInput.dll (API version 3709383).
LogModuleManager: Display: Found up-to-date module file ../../../Engine/Plugins/Runtime/Oculus/OculusVR/Binaries/Win64/UE4Editor-OculusEditor.dll (API version 3709383).
LogModuleManager: Display: Found up-to-date module file ../../../Engine/Plugins/Runtime/PhysXVehicles/Binaries/Win64/UE4Editor-PhysXVehicles.dll (API version 3709383).
LogModuleManager: Display: Found up-to-date module file ../../../Engine/Plugins/Runtime/PhysXVehicles/Binaries/Win64/UE4Editor-PhysXVehiclesEditor.dll (API version 3709383).
LogModuleManager: Display: Found up-to-date module file ../../../Engine/Plugins/Runtime/ProceduralMeshComponent/Binaries/Win64/UE4Editor-ProceduralMeshComponent.dll (API version 3709383).
LogModuleManager: Display: Found up-to-date module file ../../../Engine/Plugins/Runtime/ProceduralMeshComponent/Binaries/Win64/UE4Editor-ProceduralMeshComponentEditor.dll (API version 3709383).
LogModuleManager: Display: Found up-to-date module file ../../../Engine/Plugins/Runtime/RuntimePhysXCooking/Binaries/Win64/UE4Editor-RuntimePhysXCooking.dll (API version 3709383).
LogModuleManager: Display: Found up-to-date module file ../../../Engine/Plugins/Runtime/Steam/SteamVR/Binaries/Win64/UE4Editor-SteamVR.dll (API version 3709383).
LogModuleManager: Display: Found up-to-date module file ../../../Engine/Plugins/Runtime/Steam/SteamVR/Binaries/Win64/UE4Editor-SteamVRController.dll (API version 3709383).
LogModuleManager: Display: Found up-to-date module file ../../../Engine/Plugins/Runtime/WindowsMoviePlayer/Binaries/Win64/UE4Editor-WindowsMoviePlayer.dll (API version 3709383).
LogInit: Using libcurl 7.47.1
LogInit:  - built for x86_64-pc-win32
LogInit:  - supports SSL with OpenSSL/1.0.2g
LogInit:  - supports HTTP deflate (compression) using libz 1.2.8
LogInit:  - other features:
LogInit:      CURL_VERSION_SSL
LogInit:      CURL_VERSION_LIBZ
LogInit:      CURL_VERSION_IPV6
LogInit:      CURL_VERSION_ASYNCHDNS
LogInit:      CURL_VERSION_LARGEFILE
LogInit:      CURL_VERSION_IDN
LogInit:  CurlRequestOptions (configurable via config and command line):
LogInit:  - bVerifyPeer = false  - Libcurl will NOT verify peer certificate
LogInit:  - bUseHttpProxy = false  - Libcurl will NOT use HTTP proxy
LogInit:  - bDontReuseConnections = false  - Libcurl will reuse connections
LogInit:  - CertBundlePath = nullptr  - Libcurl will use whatever was configured at build time.
LogInit: Build: ++UE4+Release-4.18-CL-3754814
LogInit: Engine Version: 4.18.1-3754814+++UE4+Release-4.18
LogInit: Compatible Engine Version: 4.18.0-3709383+++UE4+Release-4.18
LogInit: Net CL: 3709383
LogDevObjectVersion: Number of dev versions registered: 16
LogDevObjectVersion:   Dev-Blueprints (B0D832E4-1F89-4F0D-ACCF-7EB736FD4AA2): 10
LogDevObjectVersion:   Dev-Build (E1C64328-A22C-4D53-A36C-8E866417BD8C): 0
LogDevObjectVersion:   Dev-Core (375EC13C-06E4-48FB-B500-84F0262A717E): 2
LogDevObjectVersion:   Dev-Editor (E4B068ED-F494-42E9-A231-DA0B2E46BB41): 20
LogDevObjectVersion:   Dev-Framework (CFFC743F-43B0-4480-9391-14DF171D2073): 30
LogDevObjectVersion:   Dev-Mobile (B02B49B5-BB20-44E9-A304-32B752E40360): 0
LogDevObjectVersion:   Dev-Networking (A4E4105C-59A1-49B5-A7C5-40C4547EDFEE): 0
LogDevObjectVersion:   Dev-Online (39C831C9-5AE6-47DC-9A44-9C173E1C8E7C): 0
LogDevObjectVersion:   Dev-Physics (78F01B33-EBEA-4F98-B9B4-84EACCB95AA2): 0
LogDevObjectVersion:   Dev-Platform (6631380F-2D4D-43E0-8009-CF276956A95A): 0
LogDevObjectVersion:   Dev-Rendering (12F88B9F-8875-4AFC-A67C-D90C383ABD29): 20
LogDevObjectVersion:   Dev-Sequencer (7B5AE74C-D270-4C10-A958-57980B212A5A): 4
LogDevObjectVersion:   Dev-VR (D7296918-1DD6-4BDD-9DE2-64A83CC13884): 0
LogDevObjectVersion:   Dev-LoadTimes (C2A15278-BFE7-4AFE-6C17-90FF531DF755): 1
LogDevObjectVersion:   Private-Geometry (6EACA3D4-40EC-4CC1-B786-8BED09428FC5): 1
LogDevObjectVersion:   Dev-AnimPhys (29E575DD-E0A3-4627-9D10-D276232CDCEA): 12
LogInit: Compiled (64-bit): Nov 14 2017 02:05:55
LogInit: Compiled with Visual C++: 19.00.24215.01
LogInit: Build Configuration: Development
LogInit: Branch Name: ++UE4+Release-4.18
LogInit: Command line: -EpicPortal 
LogInit: Base directory: C:/Program Files/Epic Games/UE_4.18/Engine/Binaries/Win64/
LogInit: Installed Engine Build: 1
LogInit: Presizing for max 8388607 objects, including 0 objects not considered by GC, pre-allocating 0 bytes for permanent pool.
LogInit: Object subsystem initialized
[2017.11.30-00.04.21:336][  0]LogInit: Selected Device Profile: [Windows]
[2017.11.30-00.04.21:336][  0]LogInit: Applying CVar settings loaded from the selected device profile: [Windows]
[2017.11.30-00.04.21:347][  0]LogInit: Computer: eae-d-087
[2017.11.30-00.04.21:347][  0]LogInit: User: u1141916
[2017.11.30-00.04.21:347][  0]LogInit: CPU Page size=4096, Cores=4
[2017.11.30-00.04.21:347][  0]LogInit: High frequency timer resolution =3.320314 MHz
[2017.11.30-00.04.21:347][  0]LogMemory: Memory total: Physical=31.9GB (32GB approx)
[2017.11.30-00.04.21:347][  0]LogMemory: Platform Memory Stats for Windows
[2017.11.30-00.04.21:347][  0]LogMemory: Process Physical Memory: 272.30 MB used, 272.30 MB peak
[2017.11.30-00.04.21:347][  0]LogMemory: Process Virtual Memory: 269.77 MB used, 269.77 MB peak
[2017.11.30-00.04.21:347][  0]LogMemory: Physical Memory: 15780.01 MB used,  16925.71 MB free, 32705.71 MB total
[2017.11.30-00.04.21:347][  0]LogMemory: Virtual Memory: 644.27 MB used,  16925.71 MB free, 134217728.00 MB total
[2017.11.30-00.04.21:489][  0]LogInit: Using OS detected language (en-US).
[2017.11.30-00.04.21:489][  0]LogInit: Using OS detected locale (en-US).
[2017.11.30-00.04.21:491][  0]LogTextLocalizationManager: No specific localization for 'en-US' exists, so the 'en' localization will be used.
[2017.11.30-00.04.21:911][  0]LogInit: Setting process to per monitor DPI aware
[2017.11.30-00.04.22:147][  0]LogD3D11RHI: D3D11 adapters:
[2017.11.30-00.04.22:183][  0]LogD3D11RHI:    0. 'NVIDIA GeForce GTX 1070' (Feature Level 11_0)
[2017.11.30-00.04.22:183][  0]LogD3D11RHI:       8096/0/16352 MB DedicatedVideo/DedicatedSystem/SharedSystem, Outputs:2, VendorId:0x10de
[2017.11.30-00.04.22:185][  0]LogD3D11RHI:    1. 'Microsoft Basic Render Driver' (Feature Level 11_0)
[2017.11.30-00.04.22:185][  0]LogD3D11RHI:       0/0/16352 MB DedicatedVideo/DedicatedSystem/SharedSystem, Outputs:0, VendorId:0x1414
[2017.11.30-00.04.22:185][  0]LogD3D11RHI: Chosen D3D11 Adapter: 0
[2017.11.30-00.04.22:192][  0]LogD3D11RHI: Creating new Direct3DDevice
[2017.11.30-00.04.22:192][  0]LogD3D11RHI:     GPU DeviceId: 0x1b81 (for the marketing name, search the web for "GPU Device Id")
[2017.11.30-00.04.22:192][  0]LogWindows: EnumDisplayDevices:
[2017.11.30-00.04.22:192][  0]LogWindows:    0. 'NVIDIA GeForce GTX 1070' (P:1 D:1)
[2017.11.30-00.04.22:192][  0]LogWindows:    1. 'NVIDIA GeForce GTX 1070' (P:0 D:1)
[2017.11.30-00.04.22:193][  0]LogWindows:    2. 'NVIDIA GeForce GTX 1070' (P:0 D:0)
[2017.11.30-00.04.22:193][  0]LogWindows:    3. 'NVIDIA GeForce GTX 1070' (P:0 D:0)
[2017.11.30-00.04.22:193][  0]LogWindows: DebugString: FoundDriverCount:4 
[2017.11.30-00.04.22:193][  0]LogD3D11RHI:     Adapter Name: NVIDIA GeForce GTX 1070
[2017.11.30-00.04.22:193][  0]LogD3D11RHI:   Driver Version: 388.31 (internal:23.21.13.8831, unified:388.31)
[2017.11.30-00.04.22:193][  0]LogD3D11RHI:      Driver Date: 11-14-2017
[2017.11.30-00.04.22:193][  0]LogRHI: Texture pool is 5667 MB (70% of 8096 MB)
[2017.11.30-00.04.22:215][  0]LogD3D11RHI: Async texture creation enabled
[2017.11.30-00.04.22:225][  0]LogD3D11RHI: GPU Timing Frequency: 1000.000000 (Debug: 2 1)
[2017.11.30-00.04.22:315][  0]LogShaderCompilers: Guid format shader working directory is -17 characters bigger than the processId version (../../../../../../Users/u1141916/Documents/Unreal Projects/Rapid5/Intermediate/Shaders/WorkingDirectory/21112/).
[2017.11.30-00.04.22:315][  0]LogShaderCompilers: Cleaned the shader compiler working directory 'C:/Users/u1141916/AppData/Local/Temp/UnrealShaderWorkingDir/1EC84E1D40240A35F0BEBB8166D31763/'.
[2017.11.30-00.04.22:315][  0]LogShaderCompilers: Display: Using Local Shader Compiler.
[2017.11.30-00.04.23:207][  0]LogTemp: Display: Loaded TP AllDesktopTargetPlatform
[2017.11.30-00.04.23:255][  0]LogTemp: Display: Loaded TP MacClientTargetPlatform
[2017.11.30-00.04.23:303][  0]LogTemp: Display: Loaded TP MacNoEditorTargetPlatform
[2017.11.30-00.04.23:349][  0]LogTemp: Display: Loaded TP MacServerTargetPlatform
[2017.11.30-00.04.23:400][  0]LogTemp: Display: Loaded TP MacTargetPlatform
[2017.11.30-00.04.23:447][  0]LogTemp: Display: Loaded TP WindowsClientTargetPlatform
[2017.11.30-00.04.23:499][  0]LogTemp: Display: Loaded TP WindowsNoEditorTargetPlatform
[2017.11.30-00.04.23:548][  0]LogTemp: Display: Loaded TP WindowsServerTargetPlatform
[2017.11.30-00.04.23:590][  0]LogTemp: Display: Loaded TP WindowsTargetPlatform
[2017.11.30-00.04.23:638][  0]LogTemp: Display: Loaded TP Android_ASTCTargetPlatform
[2017.11.30-00.04.23:692][  0]LogTemp: Display: Loaded TP Android_ATCTargetPlatform
[2017.11.30-00.04.23:741][  0]LogTemp: Display: Loaded TP Android_DXTTargetPlatform
[2017.11.30-00.04.23:790][  0]LogTemp: Display: Loaded TP Android_ETC1TargetPlatform
[2017.11.30-00.04.23:838][  0]LogTemp: Display: Loaded TP Android_ETC2TargetPlatform
[2017.11.30-00.04.23:931][  0]LogTemp: Display: Loaded TP Android_MultiTargetPlatform
[2017.11.30-00.04.23:931][  0]LogTemp: Display: Loaded TP Android_PVRTCTargetPlatform
[2017.11.30-00.04.23:980][  0]LogTemp: Display: Loaded TP AndroidTargetPlatform
[2017.11.30-00.04.24:019][  0]LogTemp: Display: Loaded TP HTML5TargetPlatform
[2017.11.30-00.04.24:107][  0]LogTemp: Display: Loaded TP IOSTargetPlatform
[2017.11.30-00.04.24:132][  0]LogTemp: Display: Loaded TP TVOSTargetPlatform
[2017.11.30-00.04.24:178][  0]LogTemp: Display: Loaded TP LinuxClientTargetPlatform
[2017.11.30-00.04.24:223][  0]LogTemp: Display: Loaded TP LinuxNoEditorTargetPlatform
[2017.11.30-00.04.24:270][  0]LogTemp: Display: Loaded TP LinuxServerTargetPlatform
[2017.11.30-00.04.24:314][  0]LogTemp: Display: Loaded TP LinuxTargetPlatform
[2017.11.30-00.04.24:314][  0]LogTargetPlatformManager: Display: Building Assets For Windows
[2017.11.30-00.04.24:756][  0]LogDerivedDataCache: Display: Max Cache Size: 512 MB
[2017.11.30-00.04.24:836][  0]LogDerivedDataCache: Loaded boot cache 0.08s 78MB C:/Users/u1141916/AppData/Local/UnrealEngine/4.18/DerivedDataCache/Boot.ddc.
[2017.11.30-00.04.24:836][  0]LogDerivedDataCache: Display: Loaded Boot cache: C:/Users/u1141916/AppData/Local/UnrealEngine/4.18/DerivedDataCache/Boot.ddc
[2017.11.30-00.04.24:836][  0]LogDerivedDataCache: FDerivedDataBackendGraph:  Pak pak cache file ../../../../../../Users/u1141916/Documents/Unreal Projects/Rapid5/DerivedDataCache/DDC.ddp not found, will not use a pak cache.
[2017.11.30-00.04.24:836][  0]LogDerivedDataCache: Unable to find inner node Pak for hierarchical cache Hierarchy.
[2017.11.30-00.04.24:836][  0]LogDerivedDataCache: FDerivedDataBackendGraph:  CompressedPak pak cache file ../../../../../../Users/u1141916/Documents/Unreal Projects/Rapid5/DerivedDataCache/Compressed.ddp not found, will not use a pak cache.
[2017.11.30-00.04.24:836][  0]LogDerivedDataCache: Unable to find inner node CompressedPak for hierarchical cache Hierarchy.
[2017.11.30-00.04.24:853][  0]LogDerivedDataCache: Display: Pak cache opened for reading ../../../Engine/DerivedDataCache/Compressed.ddp.
[2017.11.30-00.04.24:865][  0]LogDerivedDataCache: Using Local data cache path C:/Users/u1141916/AppData/Local/UnrealEngine/Common/DerivedDataCache: Writable
[2017.11.30-00.04.24:875][  0]LogMaterial: Verifying Global Shaders for PCD3D_SM5
[2017.11.30-00.04.24:875][  0]LogSlate: Using Freetype 2.6.0
[2017.11.30-00.04.24:875][  0]LogSlate: SlateFontCache - WITH_FREETYPE: 1, WITH_HARFBUZZ: 1
[2017.11.30-00.04.24:875][  0]LogSlate: SlateFontCache - WITH_FREETYPE: 1, WITH_HARFBUZZ: 1
[2017.11.30-00.04.25:229][  0]LogInit: Selected Device Profile: [Windows]
[2017.11.30-00.04.25:557][  0]LogSimplygon: Simplygon DLL not present - disabling.
[2017.11.30-00.04.25:597][  0]LogMeshReduction: Using SimplygonSwarm for distributed automatic mesh merging
[2017.11.30-00.04.25:597][  0]LogMeshReduction: Using QuadricMeshReduction for automatic static mesh reduction
[2017.11.30-00.04.25:597][  0]LogMeshReduction: No automatic skeletal mesh reduction module available
[2017.11.30-00.04.25:597][  0]LogMeshReduction: No automatic mesh merging module available
[2017.11.30-00.04.25:597][  0]LogMeshMerging: No automatic mesh merging module available
[2017.11.30-00.04.25:627][  0]LogNetVersion: Rapid5 , NetCL: 3709383, EngineNetVer: 2, GameNetVer: 0 (Checksum: 2765728216)
[2017.11.30-00.04.25:786][  0]LogAssetRegistry: FAssetRegistry took 0.0276 seconds to start up
[2017.11.30-00.04.26:288][  0]LogPackageLocalizationCache: Processed 7 localized package path(s) for 2 prioritized culture(s) in 0.064521 seconds
[2017.11.30-00.04.26:296][  0]LogUObjectArray: 35900 objects as part of root set at end of initial load.
[2017.11.30-00.04.26:296][  0]LogUObjectAllocator: 7372016 out of 0 bytes used by permanent object pool.
[2017.11.30-00.04.26:296][  0]LogUObjectArray: CloseDisregardForGC: 0/0 objects in disregard for GC pool
[2017.11.30-00.04.26:352][  0]LogInit: WinSock: version 1.1 (2.2), MaxSocks=32767, MaxUdp=65467
[2017.11.30-00.04.28:985][  0]LogTcpMessaging: Initializing TcpMessaging bridge
[2017.11.30-00.04.29:046][  0]LogUdpMessaging: Initializing bridge on interface 0.0.0.0:0 to multicast group 230.0.0.1:6666.
[2017.11.30-00.04.29:911][  0]LogMaterial: Uniform references updated for custom material expression Custom.
[2017.11.30-00.04.30:310][  0]SourceControl: Source control is disabled
[2017.11.30-00.04.30:310][  0]SourceControl: Source control is disabled
[2017.11.30-00.04.30:361][  0]SourceControl: Source control is disabled
[2017.11.30-00.04.30:414][  0]SourceControl: Source control is disabled
[2017.11.30-00.04.31:333][  0]LogAndroidPermission: UAndroidPermissionCallbackProxy::GetInstance
[2017.11.30-00.04.31:630][  0]LogOcInput: OculusInput pre-init called
[2017.11.30-00.04.31:926][  0]LogEngine: Initializing Engine...
[2017.11.30-00.04.31:928][  0]LogHMD: Failed to initialize OpenVR with code 110
[2017.11.30-00.04.32:141][  0]LogStats: UGameplayTagsManager::ConstructGameplayTagTree: Construct from data asset -  0.000 s
[2017.11.30-00.04.32:141][  0]LogStats: UGameplayTagsManager::ConstructGameplayTagTree: GameplayTagTreeChangedEvent.Broadcast -  0.000 s
[2017.11.30-00.04.32:274][  0]LogAIModule: Creating AISystem for world Untitled
[2017.11.30-00.04.32:283][  0]LogInit: XAudio2 using 'DELL UZ2315H-8 (NVIDIA High Definition Audio)' : 2 channels at 48 kHz using 16 bits per sample (channel mask 0x3)
[2017.11.30-00.04.32:295][  0]LogInit: FAudioDevice initialized.
[2017.11.30-00.04.32:479][  0]LogDerivedDataCache: Saved boot cache 0.18s 79MB C:/Users/u1141916/AppData/Local/UnrealEngine/4.18/DerivedDataCache/Boot.ddc.
[2017.11.30-00.04.32:498][  0]LogInit: Texture streaming: Enabled
[2017.11.30-00.04.32:595][  0]LogEngineSessionManager: EngineSessionManager initialized
[2017.11.30-00.04.32:747][  0]LogInit: Transaction tracking system initialized
[2017.11.30-00.04.33:055][  0]BlueprintLog: New page: Editor Load
[2017.11.30-00.04.34:024][  0]LocalizationService: Localization service is disabled
[2017.11.30-00.04.34:758][  0]LogConsoleResponse: Display: 
[2017.11.30-00.04.34:920][  0]LogCook: Display: Max memory allowance for cook 16384mb min free memory 0mb
[2017.11.30-00.04.34:920][  0]LogCook: Display: Mobile HDR setting 1
[2017.11.30-00.04.34:921][  0]LogGameplayTags: Display: UGameplayTagsManager::DoneAddingNativeTags. DelegateIsBound: 0
[2017.11.30-00.04.34:955][  0]LogFileCache: Scanning file cache for directory 'C:/Users/u1141916/Documents/Unreal Projects/Rapid5/Content/' took 0.01s
[2017.11.30-00.04.36:135][  0]SourceControl: Source control is disabled
[2017.11.30-00.04.36:135][  0]Cmd: MAP LOAD FILE="../../../../../../Users/u1141916/Documents/Unreal Projects/Rapid5/Content/ThirdPersonCPP/Maps/ThirdPersonExampleMap.umap" TEMPLATE=0 SHOWPROGRESS=1 FEATURELEVEL=3
[2017.11.30-00.04.36:135][  0]LightingResults: New page: Lighting Build
[2017.11.30-00.04.36:174][  0]MapCheck: New page: Map Check
[2017.11.30-00.04.36:174][  0]LightingResults: New page: Lighting Build
[2017.11.30-00.04.36:376][  0]LogAIModule: Creating AISystem for world ThirdPersonExampleMap
[2017.11.30-00.04.36:385][  0]LogEditorServer: Finished looking for orphan Actors (0.000 secs)
[2017.11.30-00.04.36:397][  0]Cmd: MAP CHECKDEP NOCLEARLOG
[2017.11.30-00.04.36:453][  0]MapCheck: Map check complete: 0 Error(s), 0 Warning(s), took 56.439ms to complete.
[2017.11.30-00.04.36:453][  0]LogFileHelpers: Loading map 'ThirdPersonExampleMap' took 0.318
[2017.11.30-00.04.36:617][  0]LogCollectionManager: Loaded 0 collections in 0.001513 seconds
[2017.11.30-00.04.36:700][  0]LogFileCache: Scanning file cache for directory 'C:/Users/u1141916/Documents/Unreal Projects/Rapid5/Saved/Collections/' took 0.01s
[2017.11.30-00.04.36:700][  0]LogFileCache: Scanning file cache for directory 'C:/Users/u1141916/Documents/Unreal Projects/Rapid5/Content/Developers/u1141916/Collections/' took 0.01s
[2017.11.30-00.04.36:700][  0]LogFileCache: Scanning file cache for directory 'C:/Users/u1141916/Documents/Unreal Projects/Rapid5/Content/Collections/' took 0.01s
[2017.11.30-00.04.36:700][  0]LogCollectionManager: Rebuilt the GUID cache for 0 collections in 0.000000 seconds
[2017.11.30-00.04.36:708][  0]LogContentBrowser: Native class hierarchy populated in 0.0086 seconds. Added 2365 classes and 521 folders.
[2017.11.30-00.04.36:774][  0]LogContentBrowser: Native class hierarchy updated for 'WidgetCarousel' in 0.0006 seconds. Added 0 classes and 0 folders.
[2017.11.30-00.04.36:811][  0]LogContentBrowser: Native class hierarchy updated for 'AddContentDialog' in 0.0006 seconds. Added 0 classes and 0 folders.
[2017.11.30-00.04.36:858][  0]LogContentBrowser: Native class hierarchy updated for 'SceneOutliner' in 0.0006 seconds. Added 1 classes and 2 folders.
[2017.11.30-00.04.37:938][  0]LogSlate: Only BGRA pngs, bmps or icos are supported in by External Image Picker
[2017.11.30-00.04.37:964][  0]LogSlate: Took 0.000210 seconds to synchronously load lazily loaded font '../../../Engine/Content/Slate/Fonts/Roboto-Regular.ttf' (155K)
[2017.11.30-00.04.37:967][  0]LogSlate: Took 0.000213 seconds to synchronously load lazily loaded font '../../../Engine/Content/Slate/Fonts/Roboto-Bold.ttf' (160K)
[2017.11.30-00.04.37:982][  0]LogSlate: Took 0.006281 seconds to synchronously load lazily loaded font '../../../Engine/Content/Editor/Slate/Fonts/FontAwesome.ttf' (139K)
[2017.11.30-00.04.38:130][  0]LogTemp: Executing iPhonePackager certificates Engine -bundlename com.YourCompany.Rapid5
[2017.11.30-00.04.38:130][  0]LogTemp: CWD: C:\Program Files\Epic Games\UE_4.18\Engine\Binaries\DotNET\IOS
[2017.11.30-00.04.38:130][  0]LogTemp: Initial Dir: C:\Program Files\Epic Games\UE_4.18
[2017.11.30-00.04.38:130][  0]LogTemp: Env CWD: C:\Program Files\Epic Games\UE_4.18\Engine\Binaries\DotNET\IOS
[2017.11.30-00.04.38:130][  0]LogTemp: BranchPath = eae-d-087/C/Program Files/Epic Games/UE_4.18/Engine/Binaries --- GameBranchPath = eae-d-087/C/Program Files/Epic Games/UE_4.18/Engine/Binaries
[2017.11.30-00.04.38:130][  0]LogTemp: IPP ERROR: Could not find provision directory 'C:\Users\u1141916\AppData\Local/Apple Computer/MobileDevice/Provisioning Profiles/'.
[2017.11.30-00.04.38:130][  0]LogRenderer: Reallocating scene render targets to support 1208x576 Format 10 NumSamples 1 (Frame:1).
[2017.11.30-00.04.38:373][  0]LogContentBrowser: Native class hierarchy updated for 'HierarchicalLODOutliner' in 0.0006 seconds. Added 1 classes and 2 folders.
[2017.11.30-00.04.38:374][  0]LogLoad: (Engine Initialization) Total time: 19.96 seconds
[2017.11.30-00.04.38:374][  0]LogLoad: (Engine Initialization) Total Blueprint compile time: 0.00 seconds
[2017.11.30-00.04.38:374][  0]LogExternalProfiler: Found external profiler: VSPerf
[2017.11.30-00.04.38:374][  0]LogExternalProfiler: Using external profiler: VSPerf
[2017.11.30-00.04.38:383][  0]LogWindowsTextInputMethodSystem: Display: IME system now deactivated.
[2017.11.30-00.04.38:417][  0]LogContentStreaming: Texture pool size now 1000 MB
[2017.11.30-00.04.38:456][  0]LogSlate: Took 0.000214 seconds to synchronously load lazily loaded font '../../../Engine/Content/Slate/Fonts/Roboto-Light.ttf' (159K)
[2017.11.30-00.04.38:474][  1]LogAssetRegistry: Asset discovery search completed in 12.7091 seconds
[2017.11.30-00.04.38:475][  1]LogCollectionManager: Rebuilt the object cache for 0 collections in 0.000001 seconds (found 0 objects)
[2017.11.30-00.04.38:475][  1]LogCollectionManager: Fixed up redirectors for 0 collections in 0.000058 seconds (updated 0 objects)
[2017.11.30-00.05.13:980][288]LogTemp: Repeating last play command: Selected Viewport
[2017.11.30-00.05.14:016][288]LogBlueprintUserMessages: Early PlayInEditor Detection: Level '/Game/ThirdPersonCPP/Maps/ThirdPersonExampleMap.ThirdPersonExampleMap:PersistentLevel' has LevelScriptBlueprint '/Game/ThirdPersonCPP/Maps/ThirdPersonExampleMap.ThirdPersonExampleMap:PersistentLevel.ThirdPersonExampleMap' with GeneratedClass '/Game/ThirdPersonCPP/Maps/ThirdPersonExampleMap.ThirdPersonExampleMap_C' with ClassGeneratedBy '/Game/ThirdPersonCPP/Maps/ThirdPersonExampleMap.ThirdPersonExampleMap:PersistentLevel.ThirdPersonExampleMap'
[2017.11.30-00.05.14:016][288]LogPlayLevel: PlayLevel: No blueprints needed recompiling
[2017.11.30-00.05.14:016][288]PIE: New page: PIE session: ThirdPersonExampleMap (Nov 29, 2017, 10:05:14 AM)
[2017.11.30-00.05.14:016][288]LogPlayLevel: Creating play world package: /Game/ThirdPersonCPP/Maps/UEDPIE_0_ThirdPersonExampleMap
[2017.11.30-00.05.14:043][288]LogPlayLevel: PIE: StaticDuplicateObject took: (0.026997s)
[2017.11.30-00.05.14:044][288]LogAIModule: Creating AISystem for world ThirdPersonExampleMap
[2017.11.30-00.05.14:044][288]LogPlayLevel: PIE: World Init took: (0.000816s)
[2017.11.30-00.05.14:044][288]LogPlayLevel: PIE: Created PIE world by copying editor world from /Game/ThirdPersonCPP/Maps/ThirdPersonExampleMap.ThirdPersonExampleMap to /Game/ThirdPersonCPP/Maps/UEDPIE_0_ThirdPersonExampleMap.ThirdPersonExampleMap (0.028133s)
[2017.11.30-00.05.14:061][288]LogInit: XAudio2 using 'DELL UZ2315H-8 (NVIDIA High Definition Audio)' : 2 channels at 48 kHz using 16 bits per sample (channel mask 0x3)
[2017.11.30-00.05.14:069][288]LogInit: FAudioDevice initialized.
[2017.11.30-00.05.14:110][288]LogLoad: Game class is 'Rapid5GameMode'
[2017.11.30-00.05.14:113][288]LogWorld: Bringing World /Game/ThirdPersonCPP/Maps/UEDPIE_0_ThirdPersonExampleMap.ThirdPersonExampleMap up for play (max tick rate 0) at 2017.11.29-17.05.14
[2017.11.30-00.05.14:113][288]LogWorld: Bringing up level for play took: 0.002045
[2017.11.30-00.05.14:159][288]LogContentBrowser: Native class hierarchy updated for 'MovieSceneCapture' in 0.0009 seconds. Added 11 classes and 0 folders.
[2017.11.30-00.05.14:160][288]PIE: Play in editor start time for /Game/ThirdPersonCPP/Maps/UEDPIE_0_ThirdPersonExampleMap 0.122
[2017.11.30-00.05.14:161][288]LogBlueprintUserMessages: Late PlayInEditor Detection: Level '/Game/ThirdPersonCPP/Maps/ThirdPersonExampleMap.ThirdPersonExampleMap:PersistentLevel' has LevelScriptBlueprint '/Game/ThirdPersonCPP/Maps/ThirdPersonExampleMap.ThirdPersonExampleMap:PersistentLevel.ThirdPersonExampleMap' with GeneratedClass '/Game/ThirdPersonCPP/Maps/ThirdPersonExampleMap.ThirdPersonExampleMap_C' with ClassGeneratedBy '/Game/ThirdPersonCPP/Maps/ThirdPersonExampleMap.ThirdPersonExampleMap:PersistentLevel.ThirdPersonExampleMap'
[2017.11.30-00.05.18:469][798]LogBlueprintUserMessages: Early EndPlayMap Detection: Level '/Game/ThirdPersonCPP/Maps/ThirdPersonExampleMap.ThirdPersonExampleMap:PersistentLevel' has LevelScriptBlueprint '/Game/ThirdPersonCPP/Maps/ThirdPersonExampleMap.ThirdPersonExampleMap:PersistentLevel.ThirdPersonExampleMap' with GeneratedClass '/Game/ThirdPersonCPP/Maps/ThirdPersonExampleMap.ThirdPersonExampleMap_C' with ClassGeneratedBy '/Game/ThirdPersonCPP/Maps/ThirdPersonExampleMap.ThirdPersonExampleMap:PersistentLevel.ThirdPersonExampleMap'
[2017.11.30-00.05.18:505][798]LogBlueprintUserMessages: Late EndPlayMap Detection: Level '/Game/ThirdPersonCPP/Maps/ThirdPersonExampleMap.ThirdPersonExampleMap:PersistentLevel' has LevelScriptBlueprint '/Game/ThirdPersonCPP/Maps/ThirdPersonExampleMap.ThirdPersonExampleMap:PersistentLevel.ThirdPersonExampleMap' with GeneratedClass '/Game/ThirdPersonCPP/Maps/ThirdPersonExampleMap.ThirdPersonExampleMap_C' with ClassGeneratedBy '/Game/ThirdPersonCPP/Maps/ThirdPersonExampleMap.ThirdPersonExampleMap:PersistentLevel.ThirdPersonExampleMap'
[2017.11.30-00.05.20:831][ 52]LogSlate: Took 0.000127 seconds to synchronously load lazily loaded font '../../../Engine/Content/Slate/Fonts/Roboto-Light.ttf' (159K)
[2017.11.30-00.05.21:188][ 52]LogContentBrowser: Native class hierarchy updated for 'BlueprintGraph' in 0.0011 seconds. Added 116 classes and 0 folders.
[2017.11.30-00.05.21:908][ 52]LogSlate: Took 0.000132 seconds to synchronously load lazily loaded font '../../../Engine/Content/Slate/Fonts/Roboto-Regular.ttf' (155K)
[2017.11.30-00.05.24:522][200]LogSlate: Took 0.004987 seconds to synchronously load lazily loaded font '../../../Engine/Content/Editor/Slate/Fonts/Roboto-BoldCondensed.ttf' (158K)
[2017.11.30-00.06.04:604][194]LogLinker: Can't find file '/Game/ThirdPersonBP/Blueprints/ThirdPersonCharacter'
[2017.11.30-00.06.04:605][194]LogLinker: Can't find file '/Game/ThirdPersonBP/Blueprints/ThirdPersonCharacter'
[2017.11.30-00.06.04:608][194]LogBlueprint: Warning: [ThirdPersonCharacter] 'isExtended' variable not found. Base class was probably changed. /Game/ThirdPersonCPP/Blueprints/ThirdPersonCharacter.ThirdPersonCharacter
[2017.11.30-00.06.04:608][194]LogBlueprint: Warning: [ThirdPersonCharacter] 'isExtended' variable not found. Base class was probably changed. /Game/ThirdPersonCPP/Blueprints/ThirdPersonCharacter.ThirdPersonCharacter
[2017.11.30-00.06.04:608][194]LogBlueprint: Warning: [ThirdPersonCharacter] 'isExtended' variable not found. Base class was probably changed. /Game/ThirdPersonCPP/Blueprints/ThirdPersonCharacter.ThirdPersonCharacter
[2017.11.30-00.06.04:608][194]LogBlueprint: Warning: [ThirdPersonCharacter] 'isExtended' variable not found. Base class was probably changed. /Game/ThirdPersonCPP/Blueprints/ThirdPersonCharacter.ThirdPersonCharacter
[2017.11.30-00.06.04:608][194]LogBlueprint: Warning: [ThirdPersonCharacter] 'isExtended' variable not found. Base class was probably changed. /Game/ThirdPersonCPP/Blueprints/ThirdPersonCharacter.ThirdPersonCharacter
[2017.11.30-00.06.04:745][195]LogSlate: Took 0.004020 seconds to synchronously load lazily loaded font '../../../Engine/Content/Editor/Slate/Fonts/Roboto-Italic.ttf' (157K)
[2017.11.30-00.06.30:200][301]LogSavePackage: Save=47.60ms
[2017.11.30-00.06.30:200][301]LogSavePackage: Moving '../../../../../../Users/u1141916/Documents/Unreal Projects/Rapid5/Saved/ThirdPersonCharacterF37BD2EC4BF6212FB9070CAF3E8B9D15.tmp' to '../../../../../../Users/u1141916/Documents/Unreal Projects/Rapid5/Content/ThirdPersonCPP/Blueprints/ThirdPersonCharacter.uasset'
[2017.11.30-00.06.30:205][301]LogSavePackage: Display: Finished SavePackage ../../../../../../Users/u1141916/Documents/Unreal Projects/Rapid5/Content/ThirdPersonCPP/Blueprints/ThirdPersonCharacter.uasset
[2017.11.30-00.06.31:009][373]BlueprintLog: New page: Compile ThirdPersonCharacter
[2017.11.30-00.06.31:023][373]LogBlueprint: Error: [Compiler ThirdPersonCharacter] In use pin  Alpha  no longer exists on node  Timeline_0 . Please refresh node or break links to remove pin.
[2017.11.30-00.06.31:023][373]LogBlueprint: Warning: [Compiler ThirdPersonCharacter] Could not find a variable named "isExtended" in 'ThirdPersonCharacter_C'.
Make sure 'ThirdPersonCharacter_C' has been compiled for  Set isExtended
[2017.11.30-00.06.31:023][373]LogBlueprint: Warning: [Compiler ThirdPersonCharacter] Could not find a variable named "isExtended" in 'ThirdPersonCharacter_C'.
Make sure 'ThirdPersonCharacter_C' has been compiled for  Get isExtended
[2017.11.30-00.06.31:024][373]LogBlueprint: Warning: [Compiler ThirdPersonCharacter] Could not find a variable named "isExtended" in 'ThirdPersonCharacter_C'.
Make sure 'ThirdPersonCharacter_C' has been compiled for  Set isExtended
[2017.11.30-00.06.31:024][373]LogBlueprint: Warning: [Compiler ThirdPersonCharacter] InputAction Event references unknown Action 'Pull' for  InputAction Pull
[2017.11.30-00.06.31:024][373]LogBlueprint: Warning: [Compiler ThirdPersonCharacter] InputAction Event references unknown Action 'Pull' for  InputAction Pull
[2017.11.30-00.06.31:025][373]LogBlueprint: Error: [Compiler ThirdPersonCharacter] The property associated with  Is Extended  could not be found
[2017.11.30-00.06.31:025][373]LogBlueprint: Error: [Compiler ThirdPersonCharacter] The property associated with  Is Extended  could not be found
[2017.11.30-00.06.31:025][373]LogBlueprint: Error: [Compiler ThirdPersonCharacter] The property associated with  Is Extended  could not be found
[2017.11.30-00.06.31:425][373]LogBlueprint: Warning: [Compiler ThirdPersonCharacter] [0133.01] Compile of ThirdPersonCharacter failed. 4 Fatal Issue(s) 5 Warning(s) [in 415 ms] (/Game/ThirdPersonCPP/Blueprints/ThirdPersonCharacter.ThirdPersonCharacter)
[2017.11.30-00.06.48:004][720]BlueprintLog: New page: Compile ThirdPersonCharacter
[2017.11.30-00.06.48:023][720]LogBlueprint: Error: [Compiler ThirdPersonCharacter] In use pin  Alpha  no longer exists on node  Timeline_0 . Please refresh node or break links to remove pin.
[2017.11.30-00.06.48:024][720]LogBlueprint: Warning: [Compiler ThirdPersonCharacter] InputAction Event references unknown Action 'Pull' for  InputAction Pull
[2017.11.30-00.06.48:024][720]LogBlueprint: Warning: [Compiler ThirdPersonCharacter] InputAction Event references unknown Action 'Pull' for  InputAction Pull
[2017.11.30-00.06.48:550][720]LogBlueprint: Warning: [Compiler ThirdPersonCharacter] [0150.14] Compile of ThirdPersonCharacter failed. 1 Fatal Issue(s) 2 Warning(s) [in 545 ms] (/Game/ThirdPersonCPP/Blueprints/ThirdPersonCharacter.ThirdPersonCharacter)
[2017.11.30-00.07.03:974][920]BlueprintLog: New page: Compile ThirdPersonCharacter
[2017.11.30-00.07.03:989][920]LogBlueprint: Error: [Compiler ThirdPersonCharacter] In use pin  Alpha  no longer exists on node  Timeline_0 . Please refresh node or break links to remove pin.
[2017.11.30-00.07.03:989][920]LogBlueprint: Warning: [Compiler ThirdPersonCharacter] InputAction Event references unknown Action 'Pull' for  InputAction Pull
[2017.11.30-00.07.03:989][920]LogBlueprint: Warning: [Compiler ThirdPersonCharacter] InputAction Event references unknown Action 'Pull' for  InputAction Pull
[2017.11.30-00.07.04:584][920]LogBlueprint: Warning: [Compiler ThirdPersonCharacter] [0166.17] Compile of ThirdPersonCharacter failed. 1 Fatal Issue(s) 2 Warning(s) [in 610 ms] (/Game/ThirdPersonCPP/Blueprints/ThirdPersonCharacter.ThirdPersonCharacter)
[2017.11.30-00.07.30:118][824]BlueprintLog: New page: Compile ThirdPersonCharacter
[2017.11.30-00.07.30:134][824]LogBlueprint: Error: [Compiler ThirdPersonCharacter] In use pin  Alpha  no longer exists on node  Timeline_0 . Please refresh node or break links to remove pin.
[2017.11.30-00.07.30:135][824]LogBlueprint: Warning: [Compiler ThirdPersonCharacter] InputAction Event references unknown Action 'Pull' for  InputAction Pull
[2017.11.30-00.07.30:135][824]LogBlueprint: Warning: [Compiler ThirdPersonCharacter] InputAction Event references unknown Action 'Pull' for  InputAction Pull
[2017.11.30-00.07.30:547][824]LogBlueprint: Warning: [Compiler ThirdPersonCharacter] [0192.13] Compile of ThirdPersonCharacter failed. 1 Fatal Issue(s) 2 Warning(s) [in 427 ms] (/Game/ThirdPersonCPP/Blueprints/ThirdPersonCharacter.ThirdPersonCharacter)
[2017.11.30-00.08.55:608][775]BlueprintLog: New page: Compile ThirdPersonCharacter
[2017.11.30-00.08.55:629][775]LogBlueprint: Warning: [Compiler ThirdPersonCharacter] InputAction Event references unknown Action 'Pull' for  InputAction Pull
[2017.11.30-00.08.55:629][775]LogBlueprint: Warning: [Compiler ThirdPersonCharacter] InputAction Event references unknown Action 'Pull' for  InputAction Pull
[2017.11.30-00.08.55:990][775]LogBlueprint: Warning: [Compiler ThirdPersonCharacter] [0277.58] Compile of ThirdPersonCharacter successful, but with 2 Warning(s) [in 381 ms] (/Game/ThirdPersonCPP/Blueprints/ThirdPersonCharacter.ThirdPersonCharacter)
[2017.11.30-00.10.04:249][959]BlueprintLog: New page: Compile ThirdPersonCharacter
[2017.11.30-00.10.22:803][786]LogTemp: Repeating last play command: Selected Viewport
[2017.11.30-00.10.22:835][786]LogBlueprintUserMessages: Early PlayInEditor Detection: Level '/Game/ThirdPersonCPP/Maps/ThirdPersonExampleMap.ThirdPersonExampleMap:PersistentLevel' has LevelScriptBlueprint '/Game/ThirdPersonCPP/Maps/ThirdPersonExampleMap.ThirdPersonExampleMap:PersistentLevel.ThirdPersonExampleMap' with GeneratedClass '/Game/ThirdPersonCPP/Maps/ThirdPersonExampleMap.ThirdPersonExampleMap_C' with ClassGeneratedBy '/Game/ThirdPersonCPP/Maps/ThirdPersonExampleMap.ThirdPersonExampleMap:PersistentLevel.ThirdPersonExampleMap'
[2017.11.30-00.10.22:835][786]LogPlayLevel: PlayLevel: No blueprints needed recompiling
[2017.11.30-00.10.22:835][786]PIE: New page: PIE session: ThirdPersonExampleMap (Nov 29, 2017, 10:10:22 AM)
[2017.11.30-00.10.22:835][786]LogPlayLevel: Creating play world package: /Game/ThirdPersonCPP/Maps/UEDPIE_0_ThirdPersonExampleMap
[2017.11.30-00.10.22:855][786]LogPlayLevel: PIE: StaticDuplicateObject took: (0.019182s)
[2017.11.30-00.10.22:855][786]LogAIModule: Creating AISystem for world ThirdPersonExampleMap
[2017.11.30-00.10.22:855][786]LogPlayLevel: PIE: World Init took: (0.000702s)
[2017.11.30-00.10.22:856][786]LogPlayLevel: PIE: Created PIE world by copying editor world from /Game/ThirdPersonCPP/Maps/ThirdPersonExampleMap.ThirdPersonExampleMap to /Game/ThirdPersonCPP/Maps/UEDPIE_0_ThirdPersonExampleMap.ThirdPersonExampleMap (0.020142s)
[2017.11.30-00.10.22:881][786]LogInit: XAudio2 using 'DELL UZ2315H-8 (NVIDIA High Definition Audio)' : 2 channels at 48 kHz using 16 bits per sample (channel mask 0x3)
[2017.11.30-00.10.22:887][786]LogInit: FAudioDevice initialized.
[2017.11.30-00.10.22:919][786]LogLoad: Game class is 'Rapid5GameMode'
[2017.11.30-00.10.22:921][786]LogWorld: Bringing World /Game/ThirdPersonCPP/Maps/UEDPIE_0_ThirdPersonExampleMap.ThirdPersonExampleMap up for play (max tick rate 0) at 2017.11.29-17.10.22
[2017.11.30-00.10.22:921][786]LogWorld: Bringing up level for play took: 0.002103
[2017.11.30-00.10.22:922][786]PIE: Play in editor start time for /Game/ThirdPersonCPP/Maps/UEDPIE_0_ThirdPersonExampleMap 0.886
[2017.11.30-00.10.22:923][786]LogBlueprintUserMessages: Late PlayInEditor Detection: Level '/Game/ThirdPersonCPP/Maps/ThirdPersonExampleMap.ThirdPersonExampleMap:PersistentLevel' has LevelScriptBlueprint '/Game/ThirdPersonCPP/Maps/ThirdPersonExampleMap.ThirdPersonExampleMap:PersistentLevel.ThirdPersonExampleMap' with GeneratedClass '/Game/ThirdPersonCPP/Maps/ThirdPersonExampleMap.ThirdPersonExampleMap_C' with ClassGeneratedBy '/Game/ThirdPersonCPP/Maps/ThirdPersonExampleMap.ThirdPersonExampleMap:PersistentLevel.ThirdPersonExampleMap'
[2017.11.30-00.10.28:817][490]LogBlueprintUserMessages: Early EndPlayMap Detection: Level '/Game/ThirdPersonCPP/Maps/ThirdPersonExampleMap.ThirdPersonExampleMap:PersistentLevel' has LevelScriptBlueprint '/Game/ThirdPersonCPP/Maps/ThirdPersonExampleMap.ThirdPersonExampleMap:PersistentLevel.ThirdPersonExampleMap' with GeneratedClass '/Game/ThirdPersonCPP/Maps/ThirdPersonExampleMap.ThirdPersonExampleMap_C' with ClassGeneratedBy '/Game/ThirdPersonCPP/Maps/ThirdPersonExampleMap.ThirdPersonExampleMap:PersistentLevel.ThirdPersonExampleMap'
[2017.11.30-00.10.28:855][490]LogBlueprintUserMessages: Late EndPlayMap Detection: Level '/Game/ThirdPersonCPP/Maps/ThirdPersonExampleMap.ThirdPersonExampleMap:PersistentLevel' has LevelScriptBlueprint '/Game/ThirdPersonCPP/Maps/ThirdPersonExampleMap.ThirdPersonExampleMap:PersistentLevel.ThirdPersonExampleMap' with GeneratedClass '/Game/ThirdPersonCPP/Maps/ThirdPersonExampleMap.ThirdPersonExampleMap_C' with ClassGeneratedBy '/Game/ThirdPersonCPP/Maps/ThirdPersonExampleMap.ThirdPersonExampleMap:PersistentLevel.ThirdPersonExampleMap'
[2017.11.30-00.10.29:715][589]LogEditorViewport: Clicking on Actor (LMB): StaticMeshActor (Bump_StaticMesh)
[2017.11.30-00.10.41:377][950]LogTemp: Repeating last play command: Selected Viewport
[2017.11.30-00.10.41:390][950]LogBlueprintUserMessages: Early PlayInEditor Detection: Level '/Game/ThirdPersonCPP/Maps/ThirdPersonExampleMap.ThirdPersonExampleMap:PersistentLevel' has LevelScriptBlueprint '/Game/ThirdPersonCPP/Maps/ThirdPersonExampleMap.ThirdPersonExampleMap:PersistentLevel.ThirdPersonExampleMap' with GeneratedClass '/Game/ThirdPersonCPP/Maps/ThirdPersonExampleMap.ThirdPersonExampleMap_C' with ClassGeneratedBy '/Game/ThirdPersonCPP/Maps/ThirdPersonExampleMap.ThirdPersonExampleMap:PersistentLevel.ThirdPersonExampleMap'
[2017.11.30-00.10.41:390][950]LogPlayLevel: PlayLevel: No blueprints needed recompiling
[2017.11.30-00.10.41:390][950]PIE: New page: PIE session: ThirdPersonExampleMap (Nov 29, 2017, 10:10:41 AM)
[2017.11.30-00.10.41:390][950]LogPlayLevel: Creating play world package: /Game/ThirdPersonCPP/Maps/UEDPIE_0_ThirdPersonExampleMap
[2017.11.30-00.10.41:408][950]LogPlayLevel: PIE: StaticDuplicateObject took: (0.018428s)
[2017.11.30-00.10.41:409][950]LogAIModule: Creating AISystem for world ThirdPersonExampleMap
[2017.11.30-00.10.41:409][950]LogPlayLevel: PIE: World Init took: (0.000727s)
[2017.11.30-00.10.41:409][950]LogPlayLevel: PIE: Created PIE world by copying editor world from /Game/ThirdPersonCPP/Maps/ThirdPersonExampleMap.ThirdPersonExampleMap to /Game/ThirdPersonCPP/Maps/UEDPIE_0_ThirdPersonExampleMap.ThirdPersonExampleMap (0.019505s)
[2017.11.30-00.10.41:431][950]LogInit: XAudio2 using 'DELL UZ2315H-8 (NVIDIA High Definition Audio)' : 2 channels at 48 kHz using 16 bits per sample (channel mask 0x3)
[2017.11.30-00.10.41:437][950]LogInit: FAudioDevice initialized.
[2017.11.30-00.10.41:472][950]LogLoad: Game class is 'Rapid5GameMode'
[2017.11.30-00.10.41:473][950]LogWorld: Bringing World /Game/ThirdPersonCPP/Maps/UEDPIE_0_ThirdPersonExampleMap.ThirdPersonExampleMap up for play (max tick rate 0) at 2017.11.29-17.10.41
[2017.11.30-00.10.41:474][950]LogWorld: Bringing up level for play took: 0.001506
[2017.11.30-00.10.41:474][950]PIE: Play in editor start time for /Game/ThirdPersonCPP/Maps/UEDPIE_0_ThirdPersonExampleMap -0.562
[2017.11.30-00.10.41:475][950]LogBlueprintUserMessages: Late PlayInEditor Detection: Level '/Game/ThirdPersonCPP/Maps/ThirdPersonExampleMap.ThirdPersonExampleMap:PersistentLevel' has LevelScriptBlueprint '/Game/ThirdPersonCPP/Maps/ThirdPersonExampleMap.ThirdPersonExampleMap:PersistentLevel.ThirdPersonExampleMap' with GeneratedClass '/Game/ThirdPersonCPP/Maps/ThirdPersonExampleMap.ThirdPersonExampleMap_C' with ClassGeneratedBy '/Game/ThirdPersonCPP/Maps/ThirdPersonExampleMap.ThirdPersonExampleMap:PersistentLevel.ThirdPersonExampleMap'
[2017.11.30-00.10.52:434][262]LogBlueprintUserMessages: Early EndPlayMap Detection: Level '/Game/ThirdPersonCPP/Maps/ThirdPersonExampleMap.ThirdPersonExampleMap:PersistentLevel' has LevelScriptBlueprint '/Game/ThirdPersonCPP/Maps/ThirdPersonExampleMap.ThirdPersonExampleMap:PersistentLevel.ThirdPersonExampleMap' with GeneratedClass '/Game/ThirdPersonCPP/Maps/ThirdPersonExampleMap.ThirdPersonExampleMap_C' with ClassGeneratedBy '/Game/ThirdPersonCPP/Maps/ThirdPersonExampleMap.ThirdPersonExampleMap:PersistentLevel.ThirdPersonExampleMap'
[2017.11.30-00.10.52:469][262]LogBlueprintUserMessages: Late EndPlayMap Detection: Level '/Game/ThirdPersonCPP/Maps/ThirdPersonExampleMap.ThirdPersonExampleMap:PersistentLevel' has LevelScriptBlueprint '/Game/ThirdPersonCPP/Maps/ThirdPersonExampleMap.ThirdPersonExampleMap:PersistentLevel.ThirdPersonExampleMap' with GeneratedClass '/Game/ThirdPersonCPP/Maps/ThirdPersonExampleMap.ThirdPersonExampleMap_C' with ClassGeneratedBy '/Game/ThirdPersonCPP/Maps/ThirdPersonExampleMap.ThirdPersonExampleMap:PersistentLevel.ThirdPersonExampleMap'
[2017.11.30-00.11.34:745][307]LogLinker: Warning: Can't find file '/Game/ThirdPersonBP/Blueprints/MouseController'
[2017.11.30-00.11.34:745][307]LogLinker: Warning: Can't find file '/Game/ThirdPersonBP/Blueprints/MouseController'
[2017.11.30-00.11.34:745][307]LogUObjectGlobals: Warning: Failed to find object 'Object /Game/ThirdPersonBP/Blueprints/MouseController.MouseController'
[2017.11.30-00.11.58:713][ 66]LogRenderer: Reallocating scene render targets to support 1208x712 Format 10 NumSamples 1 (Frame:1).
[2017.11.30-00.12.12:049][649]LogSavePackage: Save=10.74ms
[2017.11.30-00.12.12:049][649]LogSavePackage: Moving '../../../../../../Users/u1141916/Documents/Unreal Projects/Rapid5/Saved/MouseController970BD4CA4435BD35B5E07FA0E4E871AD.tmp' to '../../../../../../Users/u1141916/Documents/Unreal Projects/Rapid5/Content/ThirdPersonCPP/Blueprints/MouseController.uasset'
[2017.11.30-00.12.12:055][649]LogSavePackage: Display: Finished SavePackage ../../../../../../Users/u1141916/Documents/Unreal Projects/Rapid5/Content/ThirdPersonCPP/Blueprints/MouseController.uasset
[2017.11.30-00.12.34:962][429]LogTabManager: Warning: Cannot spawn tab because no spawner is registered for 'CompilerResults'
[2017.11.30-00.12.37:671][750]BlueprintLog: New page: Compile MouseController
[2017.11.30-00.12.40:529][ 65]LogSavePackage: Save=10.97ms
[2017.11.30-00.12.40:529][ 65]LogSavePackage: Moving '../../../../../../Users/u1141916/Documents/Unreal Projects/Rapid5/Saved/MouseController3E8A969B485329C48326838A59070A09.tmp' to '../../../../../../Users/u1141916/Documents/Unreal Projects/Rapid5/Content/ThirdPersonCPP/Blueprints/MouseController.uasset'
[2017.11.30-00.12.40:532][ 65]LogSavePackage: Display: Finished SavePackage ../../../../../../Users/u1141916/Documents/Unreal Projects/Rapid5/Content/ThirdPersonCPP/Blueprints/MouseController.uasset
[2017.11.30-00.12.42:910][333]LogSavePackage: Save=54.00ms
[2017.11.30-00.12.42:910][333]LogSavePackage: Moving '../../../../../../Users/u1141916/Documents/Unreal Projects/Rapid5/Saved/ThirdPersonCharacterA3D76876437D353A8DEFDF9ADC55213A.tmp' to '../../../../../../Users/u1141916/Documents/Unreal Projects/Rapid5/Content/ThirdPersonCPP/Blueprints/ThirdPersonCharacter.uasset'
[2017.11.30-00.12.42:913][333]LogSavePackage: Display: Finished SavePackage ../../../../../../Users/u1141916/Documents/Unreal Projects/Rapid5/Content/ThirdPersonCPP/Blueprints/ThirdPersonCharacter.uasset
[2017.11.30-00.12.47:110][801]LogSavePackage: Save=135.68ms
[2017.11.30-00.12.47:110][801]LogSavePackage: Moving '../../../../../../Users/u1141916/Documents/Unreal Projects/Rapid5/Saved/ThirdPersonExampleMapA1A2D5F0433120BF74FC088E73E3AB65.tmp' to '../../../../../../Users/u1141916/Documents/Unreal Projects/Rapid5/Content/ThirdPersonCPP/Maps/ThirdPersonExampleMap.umap'
[2017.11.30-00.12.47:114][801]LogSavePackage: Display: Finished SavePackage ../../../../../../Users/u1141916/Documents/Unreal Projects/Rapid5/Content/ThirdPersonCPP/Maps/ThirdPersonExampleMap.umap
[2017.11.30-00.12.47:314][801]LogSavePackage: Save=166.34ms
[2017.11.30-00.12.47:315][801]LogSavePackage: Moving '../../../../../../Users/u1141916/Documents/Unreal Projects/Rapid5/Saved/ThirdPersonExampleMap_BuiltDataF19942804CCF85B9C5647384BCFBD34F.tmp' to '../../../../../../Users/u1141916/Documents/Unreal Projects/Rapid5/Content/ThirdPersonCPP/Maps/ThirdPersonExampleMap_BuiltData.uasset'
[2017.11.30-00.12.47:316][801]LogSavePackage: Display: Finished SavePackage ../../../../../../Users/u1141916/Documents/Unreal Projects/Rapid5/Content/ThirdPersonCPP/Maps/ThirdPersonExampleMap_BuiltData.uasset
[2017.11.30-00.12.51:372][182]LogSlate: Only BGRA pngs, bmps or icos are supported in by External Image Picker
[2017.11.30-00.12.51:424][183]LogTemp: Executing iPhonePackager certificates Engine -bundlename com.YourCompany.Rapid5
[2017.11.30-00.12.51:424][183]LogTemp: CWD: C:\Program Files\Epic Games\UE_4.18\Engine\Binaries\DotNET\IOS
[2017.11.30-00.12.51:424][183]LogTemp: Initial Dir: C:\Program Files\Epic Games\UE_4.18
[2017.11.30-00.12.51:424][183]LogTemp: Env CWD: C:\Program Files\Epic Games\UE_4.18\Engine\Binaries\DotNET\IOS
[2017.11.30-00.12.51:424][183]LogTemp: BranchPath = eae-d-087/C/Program Files/Epic Games/UE_4.18/Engine/Binaries --- GameBranchPath = eae-d-087/C/Program Files/Epic Games/UE_4.18/Engine/Binaries
[2017.11.30-00.12.51:431][184]LogTemp: IPP ERROR: Could not find provision directory 'C:\Users\u1141916\AppData\Local/Apple Computer/MobileDevice/Provisioning Profiles/'.
[2017.11.30-00.14.27:101][183]LogSlate: Warning: Prevented a slow task dialog from being summoned while a context menu was open
[2017.11.30-00.15.37:290][375]LogSlate: Warning: Prevented a slow task dialog from being summoned while a context menu was open
[2017.11.30-00.16.10:951][105]BlueprintLog: New page: Compile GameMode
[2017.11.30-00.16.12:043][207]LogSavePackage: Save=9.76ms
[2017.11.30-00.16.12:043][207]LogSavePackage: Moving '../../../../../../Users/u1141916/Documents/Unreal Projects/Rapid5/Saved/GameModeA1674DB648D20792F356C5AB72B73DF2.tmp' to '../../../../../../Users/u1141916/Documents/Unreal Projects/Rapid5/Content/ThirdPersonCPP/Blueprints/GameMode.uasset'
[2017.11.30-00.16.12:046][207]LogSavePackage: Display: Finished SavePackage ../../../../../../Users/u1141916/Documents/Unreal Projects/Rapid5/Content/ThirdPersonCPP/Blueprints/GameMode.uasset
[2017.11.30-00.16.14:772][522]LogSlate: Warning: Prevented a slow task dialog from being summoned while a context menu was open
[2017.11.30-00.16.27:623][ 15]LogMetaData: Removing '/Game/ThirdPersonCPP/Blueprints/MyGameMode.MyGameMode:UserConstructionScript.K2Node_FunctionEntry_0' ref from Metadata '/Game/ThirdPersonCPP/Blueprints/GameMode.PackageMetaData'
[2017.11.30-00.16.27:623][ 15]LogMetaData: Removing '/Game/ThirdPersonCPP/Blueprints/MyGameMode.SKEL_MyGameMode_C' ref from Metadata '/Game/ThirdPersonCPP/Blueprints/GameMode.PackageMetaData'
[2017.11.30-00.16.27:623][ 15]LogMetaData: Removing '/Game/ThirdPersonCPP/Blueprints/MyGameMode.MyGameMode_C' ref from Metadata '/Game/ThirdPersonCPP/Blueprints/GameMode.PackageMetaData'
[2017.11.30-00.16.27:623][ 15]LogMetaData: Removing '/Game/ThirdPersonCPP/Blueprints/MyGameMode.MyGameMode:EventGraph.K2Node_Event_0' ref from Metadata '/Game/ThirdPersonCPP/Blueprints/GameMode.PackageMetaData'
[2017.11.30-00.16.27:623][ 15]LogMetaData: Removing '/Game/ThirdPersonCPP/Blueprints/MyGameMode.MyGameMode:EventGraph.K2Node_Event_1' ref from Metadata '/Game/ThirdPersonCPP/Blueprints/GameMode.PackageMetaData'
[2017.11.30-00.16.27:660][ 15]LogSavePackage: Save=11.14ms
[2017.11.30-00.16.27:660][ 15]LogSavePackage: Moving '../../../../../../Users/u1141916/Documents/Unreal Projects/Rapid5/Saved/MyGameMode2056B67343364082BCA07D8FA6E9D74A.tmp' to '../../../../../../Users/u1141916/Documents/Unreal Projects/Rapid5/Content/ThirdPersonCPP/Blueprints/MyGameMode.uasset'
[2017.11.30-00.16.27:664][ 15]LogSavePackage: Display: Finished SavePackage ../../../../../../Users/u1141916/Documents/Unreal Projects/Rapid5/Content/ThirdPersonCPP/Blueprints/MyGameMode.uasset
[2017.11.30-00.16.31:259][406]LogSlate: Warning: Prevented a slow task dialog from being summoned while a context menu was open
[2017.11.30-00.16.37:539][147]LogTemp: Repeating last play command: Selected Viewport
[2017.11.30-00.16.37:559][147]LogBlueprintUserMessages: Early PlayInEditor Detection: Level '/Game/ThirdPersonCPP/Maps/ThirdPersonExampleMap.ThirdPersonExampleMap:PersistentLevel' has LevelScriptBlueprint '/Game/ThirdPersonCPP/Maps/ThirdPersonExampleMap.ThirdPersonExampleMap:PersistentLevel.ThirdPersonExampleMap' with GeneratedClass '/Game/ThirdPersonCPP/Maps/ThirdPersonExampleMap.ThirdPersonExampleMap_C' with ClassGeneratedBy '/Game/ThirdPersonCPP/Maps/ThirdPersonExampleMap.ThirdPersonExampleMap:PersistentLevel.ThirdPersonExampleMap'
[2017.11.30-00.16.37:559][147]LogPlayLevel: PlayLevel: No blueprints needed recompiling
[2017.11.30-00.16.37:559][147]PIE: New page: PIE session: ThirdPersonExampleMap (Nov 29, 2017, 10:16:37 AM)
[2017.11.30-00.16.37:559][147]LogPlayLevel: Creating play world package: /Game/ThirdPersonCPP/Maps/UEDPIE_0_ThirdPersonExampleMap
[2017.11.30-00.16.37:577][147]LogPlayLevel: PIE: StaticDuplicateObject took: (0.017518s)
[2017.11.30-00.16.37:577][147]LogAIModule: Creating AISystem for world ThirdPersonExampleMap
[2017.11.30-00.16.37:578][147]LogPlayLevel: PIE: World Init took: (0.000674s)
[2017.11.30-00.16.37:578][147]LogPlayLevel: PIE: Created PIE world by copying editor world from /Game/ThirdPersonCPP/Maps/ThirdPersonExampleMap.ThirdPersonExampleMap to /Game/ThirdPersonCPP/Maps/UEDPIE_0_ThirdPersonExampleMap.ThirdPersonExampleMap (0.018476s)
[2017.11.30-00.16.37:600][147]LogInit: XAudio2 using 'DELL UZ2315H-8 (NVIDIA High Definition Audio)' : 2 channels at 48 kHz using 16 bits per sample (channel mask 0x3)
[2017.11.30-00.16.37:607][147]LogInit: FAudioDevice initialized.
[2017.11.30-00.16.37:642][147]LogLoad: Game class is 'MyGameMode_C'
[2017.11.30-00.16.37:643][147]LogWorld: Bringing World /Game/ThirdPersonCPP/Maps/UEDPIE_0_ThirdPersonExampleMap.ThirdPersonExampleMap up for play (max tick rate 0) at 2017.11.29-17.16.37
[2017.11.30-00.16.37:644][147]LogWorld: Bringing up level for play took: 0.001472
[2017.11.30-00.16.37:644][147]LogSpawn: Warning: SpawnActor failed because no class was specified
[2017.11.30-00.16.37:644][147]PIE: Play in editor start time for /Game/ThirdPersonCPP/Maps/UEDPIE_0_ThirdPersonExampleMap -0.387
[2017.11.30-00.16.37:645][147]LogBlueprintUserMessages: Late PlayInEditor Detection: Level '/Game/ThirdPersonCPP/Maps/ThirdPersonExampleMap.ThirdPersonExampleMap:PersistentLevel' has LevelScriptBlueprint '/Game/ThirdPersonCPP/Maps/ThirdPersonExampleMap.ThirdPersonExampleMap:PersistentLevel.ThirdPersonExampleMap' with GeneratedClass '/Game/ThirdPersonCPP/Maps/ThirdPersonExampleMap.ThirdPersonExampleMap_C' with ClassGeneratedBy '/Game/ThirdPersonCPP/Maps/ThirdPersonExampleMap.ThirdPersonExampleMap:PersistentLevel.ThirdPersonExampleMap'
[2017.11.30-00.16.54:602][177]LogBlueprintUserMessages: Early EndPlayMap Detection: Level '/Game/ThirdPersonCPP/Maps/ThirdPersonExampleMap.ThirdPersonExampleMap:PersistentLevel' has LevelScriptBlueprint '/Game/ThirdPersonCPP/Maps/ThirdPersonExampleMap.ThirdPersonExampleMap:PersistentLevel.ThirdPersonExampleMap' with GeneratedClass '/Game/ThirdPersonCPP/Maps/ThirdPersonExampleMap.ThirdPersonExampleMap_C' with ClassGeneratedBy '/Game/ThirdPersonCPP/Maps/ThirdPersonExampleMap.ThirdPersonExampleMap:PersistentLevel.ThirdPersonExampleMap'
[2017.11.30-00.16.54:641][177]LogBlueprintUserMessages: Late EndPlayMap Detection: Level '/Game/ThirdPersonCPP/Maps/ThirdPersonExampleMap.ThirdPersonExampleMap:PersistentLevel' has LevelScriptBlueprint '/Game/ThirdPersonCPP/Maps/ThirdPersonExampleMap.ThirdPersonExampleMap:PersistentLevel.ThirdPersonExampleMap' with GeneratedClass '/Game/ThirdPersonCPP/Maps/ThirdPersonExampleMap.ThirdPersonExampleMap_C' with ClassGeneratedBy '/Game/ThirdPersonCPP/Maps/ThirdPersonExampleMap.ThirdPersonExampleMap:PersistentLevel.ThirdPersonExampleMap'
[2017.11.30-00.17.21:198][335]BlueprintLog: New page: Compile ThirdPersonCharacter
[2017.11.30-00.17.23:386][551]LogTemp: Repeating last play command: Selected Viewport
[2017.11.30-00.17.23:409][551]LogBlueprintUserMessages: Early PlayInEditor Detection: Level '/Game/ThirdPersonCPP/Maps/ThirdPersonExampleMap.ThirdPersonExampleMap:PersistentLevel' has LevelScriptBlueprint '/Game/ThirdPersonCPP/Maps/ThirdPersonExampleMap.ThirdPersonExampleMap:PersistentLevel.ThirdPersonExampleMap' with GeneratedClass '/Game/ThirdPersonCPP/Maps/ThirdPersonExampleMap.ThirdPersonExampleMap_C' with ClassGeneratedBy '/Game/ThirdPersonCPP/Maps/ThirdPersonExampleMap.ThirdPersonExampleMap:PersistentLevel.ThirdPersonExampleMap'
[2017.11.30-00.17.23:409][551]LogPlayLevel: PlayLevel: No blueprints needed recompiling
[2017.11.30-00.17.23:409][551]PIE: New page: PIE session: ThirdPersonExampleMap (Nov 29, 2017, 10:17:23 AM)
[2017.11.30-00.17.23:409][551]LogPlayLevel: Creating play world package: /Game/ThirdPersonCPP/Maps/UEDPIE_0_ThirdPersonExampleMap
[2017.11.30-00.17.23:426][551]LogPlayLevel: PIE: StaticDuplicateObject took: (0.016973s)
[2017.11.30-00.17.23:427][551]LogAIModule: Creating AISystem for world ThirdPersonExampleMap
[2017.11.30-00.17.23:427][551]LogPlayLevel: PIE: World Init took: (0.000772s)
[2017.11.30-00.17.23:427][551]LogPlayLevel: PIE: Created PIE world by copying editor world from /Game/ThirdPersonCPP/Maps/ThirdPersonExampleMap.ThirdPersonExampleMap to /Game/ThirdPersonCPP/Maps/UEDPIE_0_ThirdPersonExampleMap.ThirdPersonExampleMap (0.018061s)
[2017.11.30-00.17.23:450][551]LogInit: XAudio2 using 'DELL UZ2315H-8 (NVIDIA High Definition Audio)' : 2 channels at 48 kHz using 16 bits per sample (channel mask 0x3)
[2017.11.30-00.17.23:456][551]LogInit: FAudioDevice initialized.
[2017.11.30-00.17.23:502][551]LogLoad: Game class is 'MyGameMode_C'
[2017.11.30-00.17.23:504][551]LogWorld: Bringing World /Game/ThirdPersonCPP/Maps/UEDPIE_0_ThirdPersonExampleMap.ThirdPersonExampleMap up for play (max tick rate 0) at 2017.11.29-17.17.23
[2017.11.30-00.17.23:504][551]LogWorld: Bringing up level for play took: 0.001720
[2017.11.30-00.17.23:504][551]LogSpawn: Warning: SpawnActor failed because no class was specified
[2017.11.30-00.17.23:506][551]PIE: Play in editor start time for /Game/ThirdPersonCPP/Maps/UEDPIE_0_ThirdPersonExampleMap -0.525
[2017.11.30-00.17.23:506][551]LogBlueprintUserMessages: Late PlayInEditor Detection: Level '/Game/ThirdPersonCPP/Maps/ThirdPersonExampleMap.ThirdPersonExampleMap:PersistentLevel' has LevelScriptBlueprint '/Game/ThirdPersonCPP/Maps/ThirdPersonExampleMap.ThirdPersonExampleMap:PersistentLevel.ThirdPersonExampleMap' with GeneratedClass '/Game/ThirdPersonCPP/Maps/ThirdPersonExampleMap.ThirdPersonExampleMap_C' with ClassGeneratedBy '/Game/ThirdPersonCPP/Maps/ThirdPersonExampleMap.ThirdPersonExampleMap:PersistentLevel.ThirdPersonExampleMap'
[2017.11.30-00.17.23:577][551]LogRenderer: Reallocating scene render targets to support 1292x756 Format 10 NumSamples 1 (Frame:1).
[2017.11.30-00.17.27:022][950]LogBlueprintUserMessages: Early EndPlayMap Detection: Level '/Game/ThirdPersonCPP/Maps/ThirdPersonExampleMap.ThirdPersonExampleMap:PersistentLevel' has LevelScriptBlueprint '/Game/ThirdPersonCPP/Maps/ThirdPersonExampleMap.ThirdPersonExampleMap:PersistentLevel.ThirdPersonExampleMap' with GeneratedClass '/Game/ThirdPersonCPP/Maps/ThirdPersonExampleMap.ThirdPersonExampleMap_C' with ClassGeneratedBy '/Game/ThirdPersonCPP/Maps/ThirdPersonExampleMap.ThirdPersonExampleMap:PersistentLevel.ThirdPersonExampleMap'
[2017.11.30-00.17.27:070][950]LogBlueprintUserMessages: Late EndPlayMap Detection: Level '/Game/ThirdPersonCPP/Maps/ThirdPersonExampleMap.ThirdPersonExampleMap:PersistentLevel' has LevelScriptBlueprint '/Game/ThirdPersonCPP/Maps/ThirdPersonExampleMap.ThirdPersonExampleMap:PersistentLevel.ThirdPersonExampleMap' with GeneratedClass '/Game/ThirdPersonCPP/Maps/ThirdPersonExampleMap.ThirdPersonExampleMap_C' with ClassGeneratedBy '/Game/ThirdPersonCPP/Maps/ThirdPersonExampleMap.ThirdPersonExampleMap:PersistentLevel.ThirdPersonExampleMap'
[2017.11.30-00.17.32:227][472]LogActorComponent: UnregisterComponent: (/Engine/Transient.EditorFloorComp) Not registered. Aborting.
[2017.11.30-00.18.00:239][213]LogTemp: Repeating last play command: Selected Viewport
[2017.11.30-00.18.00:256][213]LogBlueprintUserMessages: Early PlayInEditor Detection: Level '/Game/ThirdPersonCPP/Maps/ThirdPersonExampleMap.ThirdPersonExampleMap:PersistentLevel' has LevelScriptBlueprint '/Game/ThirdPersonCPP/Maps/ThirdPersonExampleMap.ThirdPersonExampleMap:PersistentLevel.ThirdPersonExampleMap' with GeneratedClass '/Game/ThirdPersonCPP/Maps/ThirdPersonExampleMap.ThirdPersonExampleMap_C' with ClassGeneratedBy '/Game/ThirdPersonCPP/Maps/ThirdPersonExampleMap.ThirdPersonExampleMap:PersistentLevel.ThirdPersonExampleMap'
[2017.11.30-00.18.00:256][213]LogPlayLevel: PlayLevel: No blueprints needed recompiling
[2017.11.30-00.18.00:256][213]PIE: New page: PIE session: ThirdPersonExampleMap (Nov 29, 2017, 10:18:00 AM)
[2017.11.30-00.18.00:256][213]LogPlayLevel: Creating play world package: /Game/ThirdPersonCPP/Maps/UEDPIE_0_ThirdPersonExampleMap
[2017.11.30-00.18.00:271][213]LogPlayLevel: PIE: StaticDuplicateObject took: (0.014867s)
[2017.11.30-00.18.00:272][213]LogAIModule: Creating AISystem for world ThirdPersonExampleMap
[2017.11.30-00.18.00:272][213]LogPlayLevel: PIE: World Init took: (0.000938s)
[2017.11.30-00.18.00:273][213]LogPlayLevel: PIE: Created PIE world by copying editor world from /Game/ThirdPersonCPP/Maps/ThirdPersonExampleMap.ThirdPersonExampleMap to /Game/ThirdPersonCPP/Maps/UEDPIE_0_ThirdPersonExampleMap.ThirdPersonExampleMap (0.016125s)
[2017.11.30-00.18.00:296][213]LogInit: XAudio2 using 'DELL UZ2315H-8 (NVIDIA High Definition Audio)' : 2 channels at 48 kHz using 16 bits per sample (channel mask 0x3)
[2017.11.30-00.18.00:302][213]LogInit: FAudioDevice initialized.
[2017.11.30-00.18.00:334][213]LogLoad: Game class is 'MyGameMode_C'
[2017.11.30-00.18.00:336][213]LogWorld: Bringing World /Game/ThirdPersonCPP/Maps/UEDPIE_0_ThirdPersonExampleMap.ThirdPersonExampleMap up for play (max tick rate 0) at 2017.11.29-17.18.00
[2017.11.30-00.18.00:336][213]LogWorld: Bringing up level for play took: 0.001550
[2017.11.30-00.18.00:337][213]LogSpawn: Warning: SpawnActor failed because no class was specified
[2017.11.30-00.18.00:337][213]PIE: Play in editor start time for /Game/ThirdPersonCPP/Maps/UEDPIE_0_ThirdPersonExampleMap 0.307
[2017.11.30-00.18.00:337][213]LogBlueprintUserMessages: Late PlayInEditor Detection: Level '/Game/ThirdPersonCPP/Maps/ThirdPersonExampleMap.ThirdPersonExampleMap:PersistentLevel' has LevelScriptBlueprint '/Game/ThirdPersonCPP/Maps/ThirdPersonExampleMap.ThirdPersonExampleMap:PersistentLevel.ThirdPersonExampleMap' with GeneratedClass '/Game/ThirdPersonCPP/Maps/ThirdPersonExampleMap.ThirdPersonExampleMap_C' with ClassGeneratedBy '/Game/ThirdPersonCPP/Maps/ThirdPersonExampleMap.ThirdPersonExampleMap:PersistentLevel.ThirdPersonExampleMap'
[2017.11.30-00.18.11:679][161]LogBlueprintUserMessages: Early EndPlayMap Detection: Level '/Game/ThirdPersonCPP/Maps/ThirdPersonExampleMap.ThirdPersonExampleMap:PersistentLevel' has LevelScriptBlueprint '/Game/ThirdPersonCPP/Maps/ThirdPersonExampleMap.ThirdPersonExampleMap:PersistentLevel.ThirdPersonExampleMap' with GeneratedClass '/Game/ThirdPersonCPP/Maps/ThirdPersonExampleMap.ThirdPersonExampleMap_C' with ClassGeneratedBy '/Game/ThirdPersonCPP/Maps/ThirdPersonExampleMap.ThirdPersonExampleMap:PersistentLevel.ThirdPersonExampleMap'
[2017.11.30-00.18.11:715][161]LogBlueprintUserMessages: Late EndPlayMap Detection: Level '/Game/ThirdPersonCPP/Maps/ThirdPersonExampleMap.ThirdPersonExampleMap:PersistentLevel' has LevelScriptBlueprint '/Game/ThirdPersonCPP/Maps/ThirdPersonExampleMap.ThirdPersonExampleMap:PersistentLevel.ThirdPersonExampleMap' with GeneratedClass '/Game/ThirdPersonCPP/Maps/ThirdPersonExampleMap.ThirdPersonExampleMap_C' with ClassGeneratedBy '/Game/ThirdPersonCPP/Maps/ThirdPersonExampleMap.ThirdPersonExampleMap:PersistentLevel.ThirdPersonExampleMap'
[2017.11.30-00.18.20:755][875]LogSavePackage: Save=52.83ms
[2017.11.30-00.18.20:755][875]LogSavePackage: Moving '../../../../../../Users/u1141916/Documents/Unreal Projects/Rapid5/Saved/ThirdPersonCharacterA128093641750AD55322E29A380DD952.tmp' to '../../../../../../Users/u1141916/Documents/Unreal Projects/Rapid5/Content/ThirdPersonCPP/Blueprints/ThirdPersonCharacter.uasset'
[2017.11.30-00.18.20:758][875]LogSavePackage: Display: Finished SavePackage ../../../../../../Users/u1141916/Documents/Unreal Projects/Rapid5/Content/ThirdPersonCPP/Blueprints/ThirdPersonCharacter.uasset
[2017.11.30-00.18.22:455][  9]BlueprintLog: New page: Compile ThirdPersonCharacter
[2017.11.30-00.18.25:280][198]LogTemp: Repeating last play command: Selected Viewport
[2017.11.30-00.18.25:300][198]LogBlueprintUserMessages: Early PlayInEditor Detection: Level '/Game/ThirdPersonCPP/Maps/ThirdPersonExampleMap.ThirdPersonExampleMap:PersistentLevel' has LevelScriptBlueprint '/Game/ThirdPersonCPP/Maps/ThirdPersonExampleMap.ThirdPersonExampleMap:PersistentLevel.ThirdPersonExampleMap' with GeneratedClass '/Game/ThirdPersonCPP/Maps/ThirdPersonExampleMap.ThirdPersonExampleMap_C' with ClassGeneratedBy '/Game/ThirdPersonCPP/Maps/ThirdPersonExampleMap.ThirdPersonExampleMap:PersistentLevel.ThirdPersonExampleMap'
[2017.11.30-00.18.25:300][198]LogPlayLevel: PlayLevel: No blueprints needed recompiling
[2017.11.30-00.18.25:300][198]PIE: New page: PIE session: ThirdPersonExampleMap (Nov 29, 2017, 10:18:25 AM)
[2017.11.30-00.18.25:300][198]LogPlayLevel: Creating play world package: /Game/ThirdPersonCPP/Maps/UEDPIE_0_ThirdPersonExampleMap
[2017.11.30-00.18.25:314][198]LogPlayLevel: PIE: StaticDuplicateObject took: (0.013371s)
[2017.11.30-00.18.25:314][198]LogAIModule: Creating AISystem for world ThirdPersonExampleMap
[2017.11.30-00.18.25:315][198]LogPlayLevel: PIE: World Init took: (0.000756s)
[2017.11.30-00.18.25:315][198]LogPlayLevel: PIE: Created PIE world by copying editor world from /Game/ThirdPersonCPP/Maps/ThirdPersonExampleMap.ThirdPersonExampleMap to /Game/ThirdPersonCPP/Maps/UEDPIE_0_ThirdPersonExampleMap.ThirdPersonExampleMap (0.014467s)
[2017.11.30-00.18.25:335][198]LogInit: XAudio2 using 'DELL UZ2315H-8 (NVIDIA High Definition Audio)' : 2 channels at 48 kHz using 16 bits per sample (channel mask 0x3)
[2017.11.30-00.18.25:342][198]LogInit: FAudioDevice initialized.
[2017.11.30-00.18.25:379][198]LogLoad: Game class is 'MyGameMode_C'
[2017.11.30-00.18.25:381][198]LogWorld: Bringing World /Game/ThirdPersonCPP/Maps/UEDPIE_0_ThirdPersonExampleMap.ThirdPersonExampleMap up for play (max tick rate 0) at 2017.11.29-17.18.25
[2017.11.30-00.18.25:382][198]LogWorld: Bringing up level for play took: 0.002048
[2017.11.30-00.18.25:382][198]LogSpawn: Warning: SpawnActor failed because no class was specified
[2017.11.30-00.18.25:383][198]PIE: Play in editor start time for /Game/ThirdPersonCPP/Maps/UEDPIE_0_ThirdPersonExampleMap -0.647
[2017.11.30-00.18.25:383][198]LogBlueprintUserMessages: Late PlayInEditor Detection: Level '/Game/ThirdPersonCPP/Maps/ThirdPersonExampleMap.ThirdPersonExampleMap:PersistentLevel' has LevelScriptBlueprint '/Game/ThirdPersonCPP/Maps/ThirdPersonExampleMap.ThirdPersonExampleMap:PersistentLevel.ThirdPersonExampleMap' with GeneratedClass '/Game/ThirdPersonCPP/Maps/ThirdPersonExampleMap.ThirdPersonExampleMap_C' with ClassGeneratedBy '/Game/ThirdPersonCPP/Maps/ThirdPersonExampleMap.ThirdPersonExampleMap:PersistentLevel.ThirdPersonExampleMap'
[2017.11.30-00.18.30:484][611]LogBlueprintUserMessages: Early EndPlayMap Detection: Level '/Game/ThirdPersonCPP/Maps/ThirdPersonExampleMap.ThirdPersonExampleMap:PersistentLevel' has LevelScriptBlueprint '/Game/ThirdPersonCPP/Maps/ThirdPersonExampleMap.ThirdPersonExampleMap:PersistentLevel.ThirdPersonExampleMap' with GeneratedClass '/Game/ThirdPersonCPP/Maps/ThirdPersonExampleMap.ThirdPersonExampleMap_C' with ClassGeneratedBy '/Game/ThirdPersonCPP/Maps/ThirdPersonExampleMap.ThirdPersonExampleMap:PersistentLevel.ThirdPersonExampleMap'
[2017.11.30-00.18.30:521][611]LogBlueprintUserMessages: Late EndPlayMap Detection: Level '/Game/ThirdPersonCPP/Maps/ThirdPersonExampleMap.ThirdPersonExampleMap:PersistentLevel' has LevelScriptBlueprint '/Game/ThirdPersonCPP/Maps/ThirdPersonExampleMap.ThirdPersonExampleMap:PersistentLevel.ThirdPersonExampleMap' with GeneratedClass '/Game/ThirdPersonCPP/Maps/ThirdPersonExampleMap.ThirdPersonExampleMap_C' with ClassGeneratedBy '/Game/ThirdPersonCPP/Maps/ThirdPersonExampleMap.ThirdPersonExampleMap:PersistentLevel.ThirdPersonExampleMap'
[2017.11.30-00.18.44:252][877]LogSavePackage: Save=132.39ms
[2017.11.30-00.18.44:252][877]LogSavePackage: Moving '../../../../../../Users/u1141916/Documents/Unreal Projects/Rapid5/Saved/ThirdPersonExampleMap8F01D2034F259FCB58FC13946C87FDA4.tmp' to '../../../../../../Users/u1141916/Documents/Unreal Projects/Rapid5/Content/ThirdPersonCPP/Maps/ThirdPersonExampleMap.umap'
[2017.11.30-00.18.44:256][877]LogSavePackage: Display: Finished SavePackage ../../../../../../Users/u1141916/Documents/Unreal Projects/Rapid5/Content/ThirdPersonCPP/Maps/ThirdPersonExampleMap.umap
[2017.11.30-00.18.44:397][877]LogSavePackage: Save=112.63ms
[2017.11.30-00.18.44:397][877]LogSavePackage: Moving '../../../../../../Users/u1141916/Documents/Unreal Projects/Rapid5/Saved/ThirdPersonExampleMap_BuiltData12136EDA40F98D235F162B9C99D99172.tmp' to '../../../../../../Users/u1141916/Documents/Unreal Projects/Rapid5/Content/ThirdPersonCPP/Maps/ThirdPersonExampleMap_BuiltData.uasset'
[2017.11.30-00.18.44:399][877]LogSavePackage: Display: Finished SavePackage ../../../../../../Users/u1141916/Documents/Unreal Projects/Rapid5/Content/ThirdPersonCPP/Maps/ThirdPersonExampleMap_BuiltData.uasset
