Log file open, 11/29/17 18:08:34
LogWindows: Failed to load 'aqProf.dll' (GetLastError=126)
LogWindows: File 'aqProf.dll' does not exist
LogWindows: Failed to load 'VtuneApi.dll' (GetLastError=126)
LogWindows: File 'VtuneApi.dll' does not exist
LogWindows: Failed to load 'VtuneApi32e.dll' (GetLastError=126)
LogWindows: File 'VtuneApi32e.dll' does not exist
LogInit: Display: Running engine for game: Rapid5
LogPlatformFile: Not using cached read wrapper
LogInit: Display: RandInit(571010300) SRandInit(571010300).
LogInit: Read version file with build ID '3709383'
LogInit: Overriding engine version to CL 3754814, compatible CL 3709383
LogInit: Registered custom module enumerator with build ID '3709383'
LogTaskGraph: Started task graph with 5 named threads and 14 total threads with 3 sets of task threads.
LogStats: Stats thread started at 0.166737
LogD3D11RHI: Aftermath initialized
LogPluginManager: Mounting plugin Paper2D
LogPluginManager: Mounting plugin LightPropagationVolume
LogPluginManager: Mounting plugin CodeLiteSourceCodeAccess
LogPluginManager: Mounting plugin GitSourceControl
LogPluginManager: Mounting plugin KDevelopSourceCodeAccess
LogPluginManager: Mounting plugin NullSourceCodeAccess
LogPluginManager: Mounting plugin PerforceSourceControl
LogPluginManager: Mounting plugin SubversionSourceControl
LogPluginManager: Mounting plugin UObjectPlugin
LogPluginManager: Mounting plugin VisualStudioCodeSourceCodeAccess
LogPluginManager: Mounting plugin VisualStudioSourceCodeAccess
LogPluginManager: Mounting plugin XCodeSourceCodeAccess
LogPluginManager: Mounting plugin AssetManagerEditor
LogPluginManager: Mounting plugin AudioCapture
LogPluginManager: Mounting plugin FacialAnimation
LogPluginManager: Mounting plugin GameplayTagsEditor
LogPluginManager: Mounting plugin MobileLauncherProfileWizard
LogPluginManager: Mounting plugin PluginBrowser
LogPluginManager: Mounting plugin SpeedTreeImporter
LogPluginManager: Mounting plugin AlembicImporter
LogPluginManager: Mounting plugin CharacterAI
LogPluginManager: Mounting plugin HTML5Networking
LogPluginManager: Mounting plugin AndroidMedia
LogPluginManager: Mounting plugin AvfMedia
LogPluginManager: Mounting plugin ImgMedia
LogPluginManager: Mounting plugin MediaCompositing
LogPluginManager: Mounting plugin MediaPlayerEditor
LogPluginManager: Mounting plugin WmfMedia
LogPluginManager: Mounting plugin TcpMessaging
LogPluginManager: Mounting plugin UdpMessaging
LogPluginManager: Mounting plugin ActorSequence
LogPluginManager: Mounting plugin LevelSequenceEditor
LogPluginManager: Mounting plugin MatineeToLevelSequence
LogPluginManager: Mounting plugin OnlineSubsystemGooglePlay
LogPluginManager: Mounting plugin OnlineSubsystemIOS
LogPluginManager: Mounting plugin OnlineSubsystem
LogPluginManager: Mounting plugin OnlineSubsystemNull
LogPluginManager: Mounting plugin OnlineSubsystemUtils
LogPluginManager: Mounting plugin AndroidDeviceProfileSelector
LogPluginManager: Mounting plugin AndroidMoviePlayer
LogPluginManager: Mounting plugin AndroidPermission
LogPluginManager: Mounting plugin AppleARKit
LogPluginManager: Mounting plugin AppleMoviePlayer
LogPluginManager: Mounting plugin ArchVisCharacter
LogPluginManager: Mounting plugin CableComponent
LogPluginManager: Mounting plugin CustomMeshComponent
LogPluginManager: Mounting plugin ExampleDeviceProfileSelector
LogPluginManager: Mounting plugin GoogleCloudMessaging
LogPluginManager: Mounting plugin ImmediatePhysics
LogPluginManager: Mounting plugin IOSDeviceProfileSelector
LogPluginManager: Mounting plugin LinuxDeviceProfileSelector
LogPluginManager: Mounting plugin LocationServicesBPLibrary
LogPluginManager: Mounting plugin MobilePatchingUtils
LogPluginManager: Mounting plugin OculusVR
LogPluginManager: Plugin shader directory ../../../Engine/Plugins/Runtime/Oculus/OculusVR/Shaders found
LogPluginManager: Mapping shader source directory ../../../Engine/Plugins/Runtime/Oculus/OculusVR/Shaders to virtual directory /Plugin/OculusVR
LogPluginManager: Mounting plugin PhysXVehicles
LogPluginManager: Mounting plugin ProceduralMeshComponent
LogPluginManager: Mounting plugin RuntimePhysXCooking
LogPluginManager: Mounting plugin SteamVR
LogPluginManager: Mounting plugin WindowsMoviePlayer
LogModuleManager: Display: Found up-to-date module file ../../../../../../Users/u1141916/Documents/GitHub/GrowthV2/GrowthV2/Rapid5/Binaries/Win64/UE4Editor-Rapid5.dll (API version 3709383).
LogModuleManager: Display: Found up-to-date module file ../../../Engine/Plugins/2D/Paper2D/Binaries/Win64/UE4Editor-Paper2D.dll (API version 3709383).
LogModuleManager: Display: Found up-to-date module file ../../../Engine/Plugins/2D/Paper2D/Binaries/Win64/UE4Editor-Paper2DEditor.dll (API version 3709383).
LogModuleManager: Display: Found up-to-date module file ../../../Engine/Plugins/2D/Paper2D/Binaries/Win64/UE4Editor-PaperSpriteSheetImporter.dll (API version 3709383).
LogModuleManager: Display: Found up-to-date module file ../../../Engine/Plugins/2D/Paper2D/Binaries/Win64/UE4Editor-PaperTiledImporter.dll (API version 3709383).
LogModuleManager: Display: Found up-to-date module file ../../../Engine/Plugins/2D/Paper2D/Binaries/Win64/UE4Editor-SmartSnapping.dll (API version 3709383).
LogModuleManager: Display: Found up-to-date module file ../../../Engine/Plugins/Blendables/LightPropagationVolume/Binaries/Win64/UE4Editor-LightPropagationVolumeRuntime.dll (API version 3709383).
LogModuleManager: Display: Found up-to-date module file ../../../Engine/Plugins/Blendables/LightPropagationVolume/Binaries/Win64/UE4Editor-LightPropagationVolumeEditor.dll (API version 3709383).
LogModuleManager: Display: Found up-to-date module file ../../../Engine/Plugins/Developer/GitSourceControl/Binaries/Win64/UE4Editor-GitSourceControl.dll (API version 3709383).
LogModuleManager: Display: Found up-to-date module file ../../../Engine/Plugins/Developer/PerforceSourceControl/Binaries/Win64/UE4Editor-PerforceSourceControl.dll (API version 3709383).
LogModuleManager: Display: Found up-to-date module file ../../../Engine/Plugins/Developer/SubversionSourceControl/Binaries/Win64/UE4Editor-SubversionSourceControl.dll (API version 3709383).
LogModuleManager: Display: Found up-to-date module file ../../../Engine/Plugins/Developer/UObjectPlugin/Binaries/Win64/UE4Editor-UObjectPlugin.dll (API version 3709383).
LogModuleManager: Display: Found up-to-date module file ../../../Engine/Plugins/Developer/VisualStudioCodeSourceCodeAccess/Binaries/Win64/UE4Editor-VisualStudioCodeSourceCodeAccess.dll (API version 3709383).
LogModuleManager: Display: Found up-to-date module file ../../../Engine/Plugins/Developer/VisualStudioSourceCodeAccess/Binaries/Win64/UE4Editor-VisualStudioSourceCodeAccess.dll (API version 3709383).
LogModuleManager: Display: Found up-to-date module file ../../../Engine/Plugins/Editor/AssetManagerEditor/Binaries/Win64/UE4Editor-AssetManagerEditor.dll (API version 3709383).
LogModuleManager: Display: Found up-to-date module file ../../../Engine/Plugins/Editor/AudioCapture/Binaries/Win64/UE4Editor-AudioCapture.dll (API version 3709383).
LogModuleManager: Display: Found up-to-date module file ../../../Engine/Plugins/Editor/FacialAnimation/Binaries/Win64/UE4Editor-FacialAnimation.dll (API version 3709383).
LogModuleManager: Display: Found up-to-date module file ../../../Engine/Plugins/Editor/FacialAnimation/Binaries/Win64/UE4Editor-FacialAnimationEditor.dll (API version 3709383).
LogModuleManager: Display: Found up-to-date module file ../../../Engine/Plugins/Editor/GameplayTagsEditor/Binaries/Win64/UE4Editor-GameplayTagsEditor.dll (API version 3709383).
LogModuleManager: Display: Found up-to-date module file ../../../Engine/Plugins/Editor/MobileLauncherProfileWizard/Binaries/Win64/UE4Editor-MobileLauncherProfileWizard.dll (API version 3709383).
LogModuleManager: Display: Found up-to-date module file ../../../Engine/Plugins/Editor/PluginBrowser/Binaries/Win64/UE4Editor-PluginBrowser.dll (API version 3709383).
LogModuleManager: Display: Found up-to-date module file ../../../Engine/Plugins/Editor/SpeedTreeImporter/Binaries/Win64/UE4Editor-SpeedTreeImporter.dll (API version 3709383).
LogModuleManager: Display: Found up-to-date module file ../../../Engine/Plugins/Experimental/AlembicImporter/Binaries/Win64/UE4Editor-AlembicImporter.dll (API version 3709383).
LogModuleManager: Display: Found up-to-date module file ../../../Engine/Plugins/Experimental/AlembicImporter/Binaries/Win64/UE4Editor-AlembicLibrary.dll (API version 3709383).
LogModuleManager: Display: Found up-to-date module file ../../../Engine/Plugins/Experimental/CharacterAI/Binaries/Win64/UE4Editor-CharacterAI.dll (API version 3709383).
LogModuleManager: Display: Found up-to-date module file ../../../Engine/Plugins/Experimental/HTML5Networking/Binaries/Win64/UE4Editor-HTML5Networking.dll (API version 3709383).
LogModuleManager: Display: Found up-to-date module file ../../../Engine/Plugins/Media/AndroidMedia/Binaries/Win64/UE4Editor-AndroidMediaEditor.dll (API version 3709383).
LogModuleManager: Display: Found up-to-date module file ../../../Engine/Plugins/Media/AndroidMedia/Binaries/Win64/UE4Editor-AndroidMediaFactory.dll (API version 3709383).
LogModuleManager: Display: Found up-to-date module file ../../../Engine/Plugins/Media/AvfMedia/Binaries/Win64/UE4Editor-AvfMediaEditor.dll (API version 3709383).
LogModuleManager: Display: Found up-to-date module file ../../../Engine/Plugins/Media/AvfMedia/Binaries/Win64/UE4Editor-AvfMediaFactory.dll (API version 3709383).
LogModuleManager: Display: Found up-to-date module file ../../../Engine/Plugins/Media/AvfMedia/Binaries/Win64/UE4Editor-AvfMediaFactory.dll (API version 3709383).
LogModuleManager: Display: Found up-to-date module file ../../../Engine/Plugins/Media/ImgMedia/Binaries/Win64/UE4Editor-ImgMedia.dll (API version 3709383).
LogModuleManager: Display: Found up-to-date module file ../../../Engine/Plugins/Media/ImgMedia/Binaries/Win64/UE4Editor-ImgMediaEditor.dll (API version 3709383).
LogModuleManager: Display: Found up-to-date module file ../../../Engine/Plugins/Media/ImgMedia/Binaries/Win64/UE4Editor-ImgMediaFactory.dll (API version 3709383).
LogModuleManager: Display: Found up-to-date module file ../../../Engine/Plugins/Media/ImgMedia/Binaries/Win64/UE4Editor-ImgMediaFactory.dll (API version 3709383).
LogModuleManager: Display: Found up-to-date module file ../../../Engine/Plugins/Media/ImgMedia/Binaries/Win64/UE4Editor-OpenExrWrapper.dll (API version 3709383).
LogModuleManager: Display: Found up-to-date module file ../../../Engine/Plugins/Media/MediaCompositing/Binaries/Win64/UE4Editor-MediaCompositing.dll (API version 3709383).
LogModuleManager: Display: Found up-to-date module file ../../../Engine/Plugins/Media/MediaCompositing/Binaries/Win64/UE4Editor-MediaCompositingEditor.dll (API version 3709383).
LogModuleManager: Display: Found up-to-date module file ../../../Engine/Plugins/Media/MediaPlayerEditor/Binaries/Win64/UE4Editor-MediaPlayerEditor.dll (API version 3709383).
LogModuleManager: Display: Found up-to-date module file ../../../Engine/Plugins/Media/WmfMedia/Binaries/Win64/UE4Editor-WmfMedia.dll (API version 3709383).
LogModuleManager: Display: Found up-to-date module file ../../../Engine/Plugins/Media/WmfMedia/Binaries/Win64/UE4Editor-WmfMediaEditor.dll (API version 3709383).
LogModuleManager: Display: Found up-to-date module file ../../../Engine/Plugins/Media/WmfMedia/Binaries/Win64/UE4Editor-WmfMediaFactory.dll (API version 3709383).
LogModuleManager: Display: Found up-to-date module file ../../../Engine/Plugins/Media/WmfMedia/Binaries/Win64/UE4Editor-WmfMediaFactory.dll (API version 3709383).
LogModuleManager: Display: Found up-to-date module file ../../../Engine/Plugins/Messaging/TcpMessaging/Binaries/Win64/UE4Editor-TcpMessaging.dll (API version 3709383).
LogModuleManager: Display: Found up-to-date module file ../../../Engine/Plugins/Messaging/UdpMessaging/Binaries/Win64/UE4Editor-UdpMessaging.dll (API version 3709383).
LogModuleManager: Display: Found up-to-date module file ../../../Engine/Plugins/MovieScene/ActorSequence/Binaries/Win64/UE4Editor-ActorSequence.dll (API version 3709383).
LogModuleManager: Display: Found up-to-date module file ../../../Engine/Plugins/MovieScene/LevelSequenceEditor/Binaries/Win64/UE4Editor-LevelSequenceEditor.dll (API version 3709383).
LogModuleManager: Display: Found up-to-date module file ../../../Engine/Plugins/MovieScene/MatineeToLevelSequence/Binaries/Win64/UE4Editor-MatineeToLevelSequence.dll (API version 3709383).
LogModuleManager: Display: Found up-to-date module file ../../../Engine/Plugins/Online/OnlineSubsystem/Binaries/Win64/UE4Editor-OnlineSubsystem.dll (API version 3709383).
LogModuleManager: Display: Found up-to-date module file ../../../Engine/Plugins/Online/OnlineSubsystemNull/Binaries/Win64/UE4Editor-OnlineSubsystemNull.dll (API version 3709383).
LogModuleManager: Display: Found up-to-date module file ../../../Engine/Plugins/Online/OnlineSubsystemUtils/Binaries/Win64/UE4Editor-OnlineSubsystemUtils.dll (API version 3709383).
LogModuleManager: Display: Found up-to-date module file ../../../Engine/Plugins/Online/OnlineSubsystemUtils/Binaries/Win64/UE4Editor-OnlineBlueprintSupport.dll (API version 3709383).
LogModuleManager: Display: Found up-to-date module file ../../../Engine/Plugins/Runtime/AndroidDeviceProfileSelector/Binaries/Win64/UE4Editor-AndroidDeviceProfileSelector.dll (API version 3709383).
LogModuleManager: Display: Found up-to-date module file ../../../Engine/Plugins/Runtime/AndroidPermission/Binaries/Win64/UE4Editor-AndroidPermission.dll (API version 3709383).
LogModuleManager: Display: Found up-to-date module file ../../../Engine/Plugins/Runtime/AppleARKit/Binaries/Win64/UE4Editor-AppleARKit.dll (API version 3709383).
LogModuleManager: Display: Found up-to-date module file ../../../Engine/Plugins/Runtime/ArchVisCharacter/Binaries/Win64/UE4Editor-ArchVisCharacter.dll (API version 3709383).
LogModuleManager: Display: Found up-to-date module file ../../../Engine/Plugins/Runtime/CableComponent/Binaries/Win64/UE4Editor-CableComponent.dll (API version 3709383).
LogModuleManager: Display: Found up-to-date module file ../../../Engine/Plugins/Runtime/CustomMeshComponent/Binaries/Win64/UE4Editor-CustomMeshComponent.dll (API version 3709383).
LogModuleManager: Display: Found up-to-date module file ../../../Engine/Plugins/Runtime/ExampleDeviceProfileSelector/Binaries/Win64/UE4Editor-ExampleDeviceProfileSelector.dll (API version 3709383).
LogModuleManager: Display: Found up-to-date module file ../../../Engine/Plugins/Runtime/ImmediatePhysics/Binaries/Win64/UE4Editor-ImmediatePhysics.dll (API version 3709383).
LogModuleManager: Display: Found up-to-date module file ../../../Engine/Plugins/Runtime/ImmediatePhysics/Binaries/Win64/UE4Editor-ImmediatePhysicsEditor.dll (API version 3709383).
LogModuleManager: Display: Found up-to-date module file ../../../Engine/Plugins/Runtime/LocationServicesBPLibrary/Binaries/Win64/UE4Editor-LocationServicesBPLibrary.dll (API version 3709383).
LogModuleManager: Display: Found up-to-date module file ../../../Engine/Plugins/Runtime/MobilePatchingUtils/Binaries/Win64/UE4Editor-MobilePatchingUtils.dll (API version 3709383).
LogModuleManager: Display: Found up-to-date module file ../../../Engine/Plugins/Runtime/Oculus/OculusVR/Binaries/Win64/UE4Editor-OculusHMD.dll (API version 3709383).
LogModuleManager: Display: Found up-to-date module file ../../../Engine/Plugins/Runtime/Oculus/OculusVR/Binaries/Win64/UE4Editor-OculusInput.dll (API version 3709383).
LogModuleManager: Display: Found up-to-date module file ../../../Engine/Plugins/Runtime/Oculus/OculusVR/Binaries/Win64/UE4Editor-OculusEditor.dll (API version 3709383).
LogModuleManager: Display: Found up-to-date module file ../../../Engine/Plugins/Runtime/PhysXVehicles/Binaries/Win64/UE4Editor-PhysXVehicles.dll (API version 3709383).
LogModuleManager: Display: Found up-to-date module file ../../../Engine/Plugins/Runtime/PhysXVehicles/Binaries/Win64/UE4Editor-PhysXVehiclesEditor.dll (API version 3709383).
LogModuleManager: Display: Found up-to-date module file ../../../Engine/Plugins/Runtime/ProceduralMeshComponent/Binaries/Win64/UE4Editor-ProceduralMeshComponent.dll (API version 3709383).
LogModuleManager: Display: Found up-to-date module file ../../../Engine/Plugins/Runtime/ProceduralMeshComponent/Binaries/Win64/UE4Editor-ProceduralMeshComponentEditor.dll (API version 3709383).
LogModuleManager: Display: Found up-to-date module file ../../../Engine/Plugins/Runtime/RuntimePhysXCooking/Binaries/Win64/UE4Editor-RuntimePhysXCooking.dll (API version 3709383).
LogModuleManager: Display: Found up-to-date module file ../../../Engine/Plugins/Runtime/Steam/SteamVR/Binaries/Win64/UE4Editor-SteamVR.dll (API version 3709383).
LogModuleManager: Display: Found up-to-date module file ../../../Engine/Plugins/Runtime/Steam/SteamVR/Binaries/Win64/UE4Editor-SteamVRController.dll (API version 3709383).
LogModuleManager: Display: Found up-to-date module file ../../../Engine/Plugins/Runtime/WindowsMoviePlayer/Binaries/Win64/UE4Editor-WindowsMoviePlayer.dll (API version 3709383).
LogInit: Using libcurl 7.47.1
LogInit:  - built for x86_64-pc-win32
LogInit:  - supports SSL with OpenSSL/1.0.2g
LogInit:  - supports HTTP deflate (compression) using libz 1.2.8
LogInit:  - other features:
LogInit:      CURL_VERSION_SSL
LogInit:      CURL_VERSION_LIBZ
LogInit:      CURL_VERSION_IPV6
LogInit:      CURL_VERSION_ASYNCHDNS
LogInit:      CURL_VERSION_LARGEFILE
LogInit:      CURL_VERSION_IDN
LogInit:  CurlRequestOptions (configurable via config and command line):
LogInit:  - bVerifyPeer = false  - Libcurl will NOT verify peer certificate
LogInit:  - bUseHttpProxy = false  - Libcurl will NOT use HTTP proxy
LogInit:  - bDontReuseConnections = false  - Libcurl will reuse connections
LogInit:  - CertBundlePath = nullptr  - Libcurl will use whatever was configured at build time.
LogInit: Build: ++UE4+Release-4.18-CL-3754814
LogInit: Engine Version: 4.18.1-3754814+++UE4+Release-4.18
LogInit: Compatible Engine Version: 4.18.0-3709383+++UE4+Release-4.18
LogInit: Net CL: 3709383
LogDevObjectVersion: Number of dev versions registered: 16
LogDevObjectVersion:   Dev-Blueprints (B0D832E4-1F89-4F0D-ACCF-7EB736FD4AA2): 10
LogDevObjectVersion:   Dev-Build (E1C64328-A22C-4D53-A36C-8E866417BD8C): 0
LogDevObjectVersion:   Dev-Core (375EC13C-06E4-48FB-B500-84F0262A717E): 2
LogDevObjectVersion:   Dev-Editor (E4B068ED-F494-42E9-A231-DA0B2E46BB41): 20
LogDevObjectVersion:   Dev-Framework (CFFC743F-43B0-4480-9391-14DF171D2073): 30
LogDevObjectVersion:   Dev-Mobile (B02B49B5-BB20-44E9-A304-32B752E40360): 0
LogDevObjectVersion:   Dev-Networking (A4E4105C-59A1-49B5-A7C5-40C4547EDFEE): 0
LogDevObjectVersion:   Dev-Online (39C831C9-5AE6-47DC-9A44-9C173E1C8E7C): 0
LogDevObjectVersion:   Dev-Physics (78F01B33-EBEA-4F98-B9B4-84EACCB95AA2): 0
LogDevObjectVersion:   Dev-Platform (6631380F-2D4D-43E0-8009-CF276956A95A): 0
LogDevObjectVersion:   Dev-Rendering (12F88B9F-8875-4AFC-A67C-D90C383ABD29): 20
LogDevObjectVersion:   Dev-Sequencer (7B5AE74C-D270-4C10-A958-57980B212A5A): 4
LogDevObjectVersion:   Dev-VR (D7296918-1DD6-4BDD-9DE2-64A83CC13884): 0
LogDevObjectVersion:   Dev-LoadTimes (C2A15278-BFE7-4AFE-6C17-90FF531DF755): 1
LogDevObjectVersion:   Private-Geometry (6EACA3D4-40EC-4CC1-B786-8BED09428FC5): 1
LogDevObjectVersion:   Dev-AnimPhys (29E575DD-E0A3-4627-9D10-D276232CDCEA): 12
LogInit: Compiled (64-bit): Nov 14 2017 02:05:55
LogInit: Compiled with Visual C++: 19.00.24215.01
LogInit: Build Configuration: Development
LogInit: Branch Name: ++UE4+Release-4.18
LogInit: Command line: -EpicPortal 
LogInit: Base directory: C:/Program Files/Epic Games/UE_4.18/Engine/Binaries/Win64/
LogInit: Installed Engine Build: 1
LogInit: Presizing for max 8388607 objects, including 0 objects not considered by GC, pre-allocating 0 bytes for permanent pool.
LogInit: Object subsystem initialized
[2017.11.30-01.08.36:294][  0]LogInit: Selected Device Profile: [Windows]
[2017.11.30-01.08.36:294][  0]LogInit: Applying CVar settings loaded from the selected device profile: [Windows]
[2017.11.30-01.08.36:306][  0]LogInit: Computer: eae-d-087
[2017.11.30-01.08.36:306][  0]LogInit: User: u1141916
[2017.11.30-01.08.36:306][  0]LogInit: CPU Page size=4096, Cores=4
[2017.11.30-01.08.36:306][  0]LogInit: High frequency timer resolution =3.320314 MHz
[2017.11.30-01.08.36:306][  0]LogMemory: Memory total: Physical=31.9GB (32GB approx)
[2017.11.30-01.08.36:306][  0]LogMemory: Platform Memory Stats for Windows
[2017.11.30-01.08.36:306][  0]LogMemory: Process Physical Memory: 273.73 MB used, 273.73 MB peak
[2017.11.30-01.08.36:306][  0]LogMemory: Process Virtual Memory: 272.15 MB used, 272.15 MB peak
[2017.11.30-01.08.36:306][  0]LogMemory: Physical Memory: 9574.79 MB used,  23130.93 MB free, 32705.71 MB total
[2017.11.30-01.08.36:306][  0]LogMemory: Virtual Memory: 646.33 MB used,  23130.93 MB free, 134217728.00 MB total
[2017.11.30-01.08.36:453][  0]LogInit: Using OS detected language (en-US).
[2017.11.30-01.08.36:453][  0]LogInit: Using OS detected locale (en-US).
[2017.11.30-01.08.36:456][  0]LogTextLocalizationManager: No specific localization for 'en-US' exists, so the 'en' localization will be used.
[2017.11.30-01.08.36:868][  0]LogInit: Setting process to per monitor DPI aware
[2017.11.30-01.08.37:136][  0]LogD3D11RHI: D3D11 adapters:
[2017.11.30-01.08.37:186][  0]LogD3D11RHI:    0. 'NVIDIA GeForce GTX 1070' (Feature Level 11_0)
[2017.11.30-01.08.37:186][  0]LogD3D11RHI:       8096/0/16352 MB DedicatedVideo/DedicatedSystem/SharedSystem, Outputs:2, VendorId:0x10de
[2017.11.30-01.08.37:187][  0]LogD3D11RHI:    1. 'Microsoft Basic Render Driver' (Feature Level 11_0)
[2017.11.30-01.08.37:187][  0]LogD3D11RHI:       0/0/16352 MB DedicatedVideo/DedicatedSystem/SharedSystem, Outputs:0, VendorId:0x1414
[2017.11.30-01.08.37:187][  0]LogD3D11RHI: Chosen D3D11 Adapter: 0
[2017.11.30-01.08.37:198][  0]LogD3D11RHI: Creating new Direct3DDevice
[2017.11.30-01.08.37:198][  0]LogD3D11RHI:     GPU DeviceId: 0x1b81 (for the marketing name, search the web for "GPU Device Id")
[2017.11.30-01.08.37:198][  0]LogWindows: EnumDisplayDevices:
[2017.11.30-01.08.37:198][  0]LogWindows:    0. 'NVIDIA GeForce GTX 1070' (P:1 D:1)
[2017.11.30-01.08.37:198][  0]LogWindows:    1. 'NVIDIA GeForce GTX 1070' (P:0 D:1)
[2017.11.30-01.08.37:199][  0]LogWindows:    2. 'NVIDIA GeForce GTX 1070' (P:0 D:0)
[2017.11.30-01.08.37:199][  0]LogWindows:    3. 'NVIDIA GeForce GTX 1070' (P:0 D:0)
[2017.11.30-01.08.37:199][  0]LogWindows: DebugString: FoundDriverCount:4 
[2017.11.30-01.08.37:199][  0]LogD3D11RHI:     Adapter Name: NVIDIA GeForce GTX 1070
[2017.11.30-01.08.37:199][  0]LogD3D11RHI:   Driver Version: 388.31 (internal:23.21.13.8831, unified:388.31)
[2017.11.30-01.08.37:199][  0]LogD3D11RHI:      Driver Date: 11-14-2017
[2017.11.30-01.08.37:199][  0]LogRHI: Texture pool is 5667 MB (70% of 8096 MB)
[2017.11.30-01.08.37:225][  0]LogD3D11RHI: Async texture creation enabled
[2017.11.30-01.08.37:235][  0]LogD3D11RHI: GPU Timing Frequency: 1000.000000 (Debug: 2 1)
[2017.11.30-01.08.37:326][  0]LogShaderCompilers: Guid format shader working directory is -26 characters bigger than the processId version (../../../../../../Users/u1141916/Documents/GitHub/GrowthV2/GrowthV2/Rapid5/Intermediate/Shaders/WorkingDirectory/27084/).
[2017.11.30-01.08.37:326][  0]LogShaderCompilers: Cleaned the shader compiler working directory 'C:/Users/u1141916/AppData/Local/Temp/UnrealShaderWorkingDir/1CDF671449F4FBC6178D8BA562A7D469/'.
[2017.11.30-01.08.37:326][  0]LogShaderCompilers: Display: Using Local Shader Compiler.
[2017.11.30-01.08.38:264][  0]LogTemp: Display: Loaded TP AllDesktopTargetPlatform
[2017.11.30-01.08.38:328][  0]LogTemp: Display: Loaded TP MacClientTargetPlatform
[2017.11.30-01.08.38:383][  0]LogTemp: Display: Loaded TP MacNoEditorTargetPlatform
[2017.11.30-01.08.38:439][  0]LogTemp: Display: Loaded TP MacServerTargetPlatform
[2017.11.30-01.08.38:497][  0]LogTemp: Display: Loaded TP MacTargetPlatform
[2017.11.30-01.08.38:558][  0]LogTemp: Display: Loaded TP WindowsClientTargetPlatform
[2017.11.30-01.08.38:619][  0]LogTemp: Display: Loaded TP WindowsNoEditorTargetPlatform
[2017.11.30-01.08.38:672][  0]LogTemp: Display: Loaded TP WindowsServerTargetPlatform
[2017.11.30-01.08.38:718][  0]LogTemp: Display: Loaded TP WindowsTargetPlatform
[2017.11.30-01.08.38:776][  0]LogTemp: Display: Loaded TP Android_ASTCTargetPlatform
[2017.11.30-01.08.38:829][  0]LogTemp: Display: Loaded TP Android_ATCTargetPlatform
[2017.11.30-01.08.38:882][  0]LogTemp: Display: Loaded TP Android_DXTTargetPlatform
[2017.11.30-01.08.38:933][  0]LogTemp: Display: Loaded TP Android_ETC1TargetPlatform
[2017.11.30-01.08.38:986][  0]LogTemp: Display: Loaded TP Android_ETC2TargetPlatform
[2017.11.30-01.08.39:085][  0]LogTemp: Display: Loaded TP Android_MultiTargetPlatform
[2017.11.30-01.08.39:085][  0]LogTemp: Display: Loaded TP Android_PVRTCTargetPlatform
[2017.11.30-01.08.39:138][  0]LogTemp: Display: Loaded TP AndroidTargetPlatform
[2017.11.30-01.08.39:178][  0]LogTemp: Display: Loaded TP HTML5TargetPlatform
[2017.11.30-01.08.39:268][  0]LogTemp: Display: Loaded TP IOSTargetPlatform
[2017.11.30-01.08.39:294][  0]LogTemp: Display: Loaded TP TVOSTargetPlatform
[2017.11.30-01.08.39:345][  0]LogTemp: Display: Loaded TP LinuxClientTargetPlatform
[2017.11.30-01.08.39:395][  0]LogTemp: Display: Loaded TP LinuxNoEditorTargetPlatform
[2017.11.30-01.08.39:443][  0]LogTemp: Display: Loaded TP LinuxServerTargetPlatform
[2017.11.30-01.08.39:504][  0]LogTemp: Display: Loaded TP LinuxTargetPlatform
[2017.11.30-01.08.39:504][  0]LogTargetPlatformManager: Display: Building Assets For Windows
[2017.11.30-01.08.39:985][  0]LogDerivedDataCache: Display: Max Cache Size: 512 MB
[2017.11.30-01.08.40:072][  0]LogDerivedDataCache: Loaded boot cache 0.09s 79MB C:/Users/u1141916/AppData/Local/UnrealEngine/4.18/DerivedDataCache/Boot.ddc.
[2017.11.30-01.08.40:072][  0]LogDerivedDataCache: Display: Loaded Boot cache: C:/Users/u1141916/AppData/Local/UnrealEngine/4.18/DerivedDataCache/Boot.ddc
[2017.11.30-01.08.40:072][  0]LogDerivedDataCache: FDerivedDataBackendGraph:  Pak pak cache file ../../../../../../Users/u1141916/Documents/GitHub/GrowthV2/GrowthV2/Rapid5/DerivedDataCache/DDC.ddp not found, will not use a pak cache.
[2017.11.30-01.08.40:072][  0]LogDerivedDataCache: Unable to find inner node Pak for hierarchical cache Hierarchy.
[2017.11.30-01.08.40:072][  0]LogDerivedDataCache: FDerivedDataBackendGraph:  CompressedPak pak cache file ../../../../../../Users/u1141916/Documents/GitHub/GrowthV2/GrowthV2/Rapid5/DerivedDataCache/Compressed.ddp not found, will not use a pak cache.
[2017.11.30-01.08.40:072][  0]LogDerivedDataCache: Unable to find inner node CompressedPak for hierarchical cache Hierarchy.
[2017.11.30-01.08.40:090][  0]LogDerivedDataCache: Display: Pak cache opened for reading ../../../Engine/DerivedDataCache/Compressed.ddp.
[2017.11.30-01.08.40:102][  0]LogDerivedDataCache: Using Local data cache path C:/Users/u1141916/AppData/Local/UnrealEngine/Common/DerivedDataCache: Writable
[2017.11.30-01.08.40:111][  0]LogMaterial: Verifying Global Shaders for PCD3D_SM5
[2017.11.30-01.08.40:112][  0]LogSlate: Using Freetype 2.6.0
[2017.11.30-01.08.40:112][  0]LogSlate: SlateFontCache - WITH_FREETYPE: 1, WITH_HARFBUZZ: 1
[2017.11.30-01.08.40:112][  0]LogSlate: SlateFontCache - WITH_FREETYPE: 1, WITH_HARFBUZZ: 1
[2017.11.30-01.08.40:518][  0]LogInit: Selected Device Profile: [Windows]
[2017.11.30-01.08.40:870][  0]LogSimplygon: Simplygon DLL not present - disabling.
[2017.11.30-01.08.40:913][  0]LogMeshReduction: Using SimplygonSwarm for distributed automatic mesh merging
[2017.11.30-01.08.40:913][  0]LogMeshReduction: Using QuadricMeshReduction for automatic static mesh reduction
[2017.11.30-01.08.40:913][  0]LogMeshReduction: No automatic skeletal mesh reduction module available
[2017.11.30-01.08.40:913][  0]LogMeshReduction: No automatic mesh merging module available
[2017.11.30-01.08.40:913][  0]LogMeshMerging: No automatic mesh merging module available
[2017.11.30-01.08.40:950][  0]LogNetVersion: Rapid5 , NetCL: 3709383, EngineNetVer: 2, GameNetVer: 0 (Checksum: 2765728216)
[2017.11.30-01.08.41:123][  0]LogAssetRegistry: FAssetRegistry took 0.0274 seconds to start up
[2017.11.30-01.08.41:628][  0]LogPackageLocalizationCache: Processed 7 localized package path(s) for 2 prioritized culture(s) in 0.063183 seconds
[2017.11.30-01.08.41:634][  0]LogUObjectArray: 35900 objects as part of root set at end of initial load.
[2017.11.30-01.08.41:634][  0]LogUObjectAllocator: 7372024 out of 0 bytes used by permanent object pool.
[2017.11.30-01.08.41:634][  0]LogUObjectArray: CloseDisregardForGC: 0/0 objects in disregard for GC pool
[2017.11.30-01.08.41:687][  0]LogInit: WinSock: version 1.1 (2.2), MaxSocks=32767, MaxUdp=65467
[2017.11.30-01.08.44:451][  0]LogTcpMessaging: Initializing TcpMessaging bridge
[2017.11.30-01.08.44:495][  0]LogUdpMessaging: Initializing bridge on interface 0.0.0.0:0 to multicast group 230.0.0.1:6666.
[2017.11.30-01.08.45:420][  0]LogMaterial: Uniform references updated for custom material expression Custom.
[2017.11.30-01.08.45:871][  0]SourceControl: Source control is disabled
[2017.11.30-01.08.45:871][  0]SourceControl: Source control is disabled
[2017.11.30-01.08.45:926][  0]SourceControl: Source control is disabled
[2017.11.30-01.08.45:979][  0]SourceControl: Source control is disabled
[2017.11.30-01.08.46:869][  0]LogAndroidPermission: UAndroidPermissionCallbackProxy::GetInstance
[2017.11.30-01.08.47:129][  0]LogOcInput: OculusInput pre-init called
[2017.11.30-01.08.47:390][  0]LogEngine: Initializing Engine...
[2017.11.30-01.08.47:392][  0]LogHMD: Failed to initialize OpenVR with code 110
[2017.11.30-01.08.47:601][  0]LogStats: UGameplayTagsManager::ConstructGameplayTagTree: Construct from data asset -  0.000 s
[2017.11.30-01.08.47:601][  0]LogStats: UGameplayTagsManager::ConstructGameplayTagTree: GameplayTagTreeChangedEvent.Broadcast -  0.000 s
[2017.11.30-01.08.47:751][  0]LogAIModule: Creating AISystem for world Untitled
[2017.11.30-01.08.47:762][  0]LogInit: XAudio2 using 'DELL UZ2315H-8 (NVIDIA High Definition Audio)' : 2 channels at 48 kHz using 16 bits per sample (channel mask 0x3)
[2017.11.30-01.08.47:774][  0]LogInit: FAudioDevice initialized.
[2017.11.30-01.08.47:884][  0]LogDerivedDataCache: Saved boot cache 0.11s 79MB C:/Users/u1141916/AppData/Local/UnrealEngine/4.18/DerivedDataCache/Boot.ddc.
[2017.11.30-01.08.47:905][  0]LogInit: Texture streaming: Enabled
[2017.11.30-01.08.48:023][  0]LogEngineSessionManager: EngineSessionManager initialized
[2017.11.30-01.08.48:179][  0]LogInit: Transaction tracking system initialized
[2017.11.30-01.08.48:565][  0]BlueprintLog: New page: Editor Load
[2017.11.30-01.08.49:655][  0]LocalizationService: Localization service is disabled
[2017.11.30-01.08.50:467][  0]LogConsoleResponse: Display: 
[2017.11.30-01.08.50:656][  0]LogCook: Display: Max memory allowance for cook 16384mb min free memory 0mb
[2017.11.30-01.08.50:656][  0]LogCook: Display: Mobile HDR setting 1
[2017.11.30-01.08.50:657][  0]LogGameplayTags: Display: UGameplayTagsManager::DoneAddingNativeTags. DelegateIsBound: 0
[2017.11.30-01.08.51:422][  0]LogFileCache: Scanning file cache for directory 'C:/Users/u1141916/Documents/GitHub/GrowthV2/GrowthV2/Rapid5/Content/' took 0.01s
[2017.11.30-01.08.52:014][  0]SourceControl: Source control is disabled
[2017.11.30-01.08.52:014][  0]Cmd: MAP LOAD FILE="../../../../../../Users/u1141916/Documents/GitHub/GrowthV2/GrowthV2/Rapid5/Content/ThirdPersonCPP/Maps/ThirdPersonExampleMap.umap" TEMPLATE=0 SHOWPROGRESS=1 FEATURELEVEL=3
[2017.11.30-01.08.52:015][  0]LightingResults: New page: Lighting Build
[2017.11.30-01.08.52:058][  0]MapCheck: New page: Map Check
[2017.11.30-01.08.52:058][  0]LightingResults: New page: Lighting Build
[2017.11.30-01.08.52:249][  0]LogAIModule: Creating AISystem for world ThirdPersonExampleMap
[2017.11.30-01.08.52:256][  0]LogEditorServer: Finished looking for orphan Actors (0.000 secs)
[2017.11.30-01.08.52:271][  0]Cmd: MAP CHECKDEP NOCLEARLOG
[2017.11.30-01.08.52:327][  0]MapCheck: Map check complete: 0 Error(s), 0 Warning(s), took 55.413ms to complete.
[2017.11.30-01.08.52:327][  0]LogFileHelpers: Loading map 'ThirdPersonExampleMap' took 0.312
[2017.11.30-01.08.52:483][  0]LogCollectionManager: Loaded 0 collections in 0.001781 seconds
[2017.11.30-01.08.52:573][  0]LogFileCache: Scanning file cache for directory 'C:/Users/u1141916/Documents/GitHub/GrowthV2/GrowthV2/Rapid5/Saved/Collections/' took 0.01s
[2017.11.30-01.08.52:573][  0]LogFileCache: Scanning file cache for directory 'C:/Users/u1141916/Documents/GitHub/GrowthV2/GrowthV2/Rapid5/Content/Developers/u1141916/Collections/' took 0.01s
[2017.11.30-01.08.52:573][  0]LogFileCache: Scanning file cache for directory 'C:/Users/u1141916/Documents/GitHub/GrowthV2/GrowthV2/Rapid5/Content/Collections/' took 0.01s
[2017.11.30-01.08.52:573][  0]LogCollectionManager: Rebuilt the GUID cache for 0 collections in 0.000001 seconds
[2017.11.30-01.08.52:582][  0]LogContentBrowser: Native class hierarchy populated in 0.0085 seconds. Added 2365 classes and 521 folders.
[2017.11.30-01.08.52:655][  0]LogContentBrowser: Native class hierarchy updated for 'WidgetCarousel' in 0.0007 seconds. Added 0 classes and 0 folders.
[2017.11.30-01.08.52:693][  0]LogContentBrowser: Native class hierarchy updated for 'AddContentDialog' in 0.0006 seconds. Added 0 classes and 0 folders.
[2017.11.30-01.08.52:750][  0]LogContentBrowser: Native class hierarchy updated for 'SceneOutliner' in 0.0007 seconds. Added 1 classes and 2 folders.
[2017.11.30-01.08.53:755][  0]LogSlate: Only BGRA pngs, bmps or icos are supported in by External Image Picker
[2017.11.30-01.08.53:853][  0]LogTemp: Executing iPhonePackager certificates Engine -bundlename com.YourCompany.Rapid5
[2017.11.30-01.08.53:853][  0]LogTemp: CWD: C:\Program Files\Epic Games\UE_4.18\Engine\Binaries\DotNET\IOS
[2017.11.30-01.08.53:853][  0]LogTemp: Initial Dir: C:\Program Files\Epic Games\UE_4.18
[2017.11.30-01.08.53:853][  0]LogTemp: Env CWD: C:\Program Files\Epic Games\UE_4.18\Engine\Binaries\DotNET\IOS
[2017.11.30-01.08.53:853][  0]LogTemp: BranchPath = eae-d-087/C/Program Files/Epic Games/UE_4.18/Engine/Binaries --- GameBranchPath = eae-d-087/C/Program Files/Epic Games/UE_4.18/Engine/Binaries
[2017.11.30-01.08.53:853][  0]LogTemp: IPP ERROR: Could not find provision directory 'C:\Users\u1141916\AppData\Local/Apple Computer/MobileDevice/Provisioning Profiles/'.
[2017.11.30-01.08.53:853][  0]LogContentBrowser: Native class hierarchy updated for 'HierarchicalLODOutliner' in 0.0006 seconds. Added 1 classes and 2 folders.
[2017.11.30-01.08.53:853][  0]LogLoad: (Engine Initialization) Total time: 20.30 seconds
[2017.11.30-01.08.53:853][  0]LogLoad: (Engine Initialization) Total Blueprint compile time: 0.00 seconds
[2017.11.30-01.08.53:853][  0]LogExternalProfiler: Found external profiler: VSPerf
[2017.11.30-01.08.53:853][  0]LogExternalProfiler: Using external profiler: VSPerf
[2017.11.30-01.08.53:862][  0]LogWindowsTextInputMethodSystem: Display: IME system now deactivated.
[2017.11.30-01.08.53:884][  0]LogAssetRegistry: Asset discovery search completed in 12.7828 seconds
[2017.11.30-01.08.53:886][  0]LogCollectionManager: Rebuilt the object cache for 0 collections in 0.000000 seconds (found 0 objects)
[2017.11.30-01.08.53:886][  0]LogCollectionManager: Fixed up redirectors for 0 collections in 0.000030 seconds (updated 0 objects)
[2017.11.30-01.08.53:886][  0]LogContentStreaming: Texture pool size now 1000 MB
[2017.11.30-01.08.53:895][  0]LogSlate: Took 0.000167 seconds to synchronously load lazily loaded font '../../../Engine/Content/Slate/Fonts/Roboto-Regular.ttf' (155K)
[2017.11.30-01.08.53:897][  0]LogSlate: Took 0.000115 seconds to synchronously load lazily loaded font '../../../Engine/Content/Slate/Fonts/Roboto-Bold.ttf' (160K)
[2017.11.30-01.08.53:901][  0]LogSlate: Took 0.000163 seconds to synchronously load lazily loaded font '../../../Engine/Content/Editor/Slate/Fonts/FontAwesome.ttf' (139K)
[2017.11.30-01.08.53:926][  0]LogRenderer: Reallocating scene render targets to support 64x64 Format 10 NumSamples 1 (Frame:1).
[2017.11.30-01.08.53:999][  0]LogRenderer: Reallocating scene render targets to support 804x360 Format 10 NumSamples 1 (Frame:1).
[2017.11.30-01.08.54:020][  0]LogSlate: Took 0.000146 seconds to synchronously load lazily loaded font '../../../Engine/Content/Slate/Fonts/Roboto-Light.ttf' (159K)
[2017.11.30-01.09.24:168][902]LogRenderer: Reallocating scene render targets to support 1208x576 Format 10 NumSamples 1 (Frame:4).
[2017.11.30-01.09.36:594][284]LogSlate: Took 0.000161 seconds to synchronously load lazily loaded font '../../../Engine/Content/Slate/Fonts/Roboto-Light.ttf' (159K)
[2017.11.30-01.09.36:642][284]LogSlate: Took 0.000221 seconds to synchronously load lazily loaded font '../../../Engine/Content/Editor/Slate/Fonts/Roboto-BoldCondensed.ttf' (158K)
[2017.11.30-01.09.51:732][ 44]LogSlate: Took 0.000171 seconds to synchronously load lazily loaded font '../../../Engine/Content/Slate/Fonts/Roboto-Light.ttf' (159K)
[2017.11.30-01.10.27:205][565]LogEditorViewport: Clicking on Actor (LMB): StaticMeshActor (Bump_StaticMesh)
[2017.11.30-01.10.28:107][661]LogTemp: Repeating last play command: Selected Viewport
[2017.11.30-01.10.28:137][661]LogBlueprintUserMessages: Early PlayInEditor Detection: Level '/Game/ThirdPersonCPP/Maps/ThirdPersonExampleMap.ThirdPersonExampleMap:PersistentLevel' has LevelScriptBlueprint '/Game/ThirdPersonCPP/Maps/ThirdPersonExampleMap.ThirdPersonExampleMap:PersistentLevel.ThirdPersonExampleMap' with GeneratedClass '/Game/ThirdPersonCPP/Maps/ThirdPersonExampleMap.ThirdPersonExampleMap_C' with ClassGeneratedBy '/Game/ThirdPersonCPP/Maps/ThirdPersonExampleMap.ThirdPersonExampleMap:PersistentLevel.ThirdPersonExampleMap'
[2017.11.30-01.10.28:137][661]LogPlayLevel: PlayLevel: No blueprints needed recompiling
[2017.11.30-01.10.28:138][661]PIE: New page: PIE session: ThirdPersonExampleMap (Nov 29, 2017, 11:10:28 AM)
[2017.11.30-01.10.28:138][661]LogPlayLevel: Creating play world package: /Game/ThirdPersonCPP/Maps/UEDPIE_0_ThirdPersonExampleMap
[2017.11.30-01.10.28:166][661]LogPlayLevel: PIE: StaticDuplicateObject took: (0.028015s)
[2017.11.30-01.10.28:167][661]LogAIModule: Creating AISystem for world ThirdPersonExampleMap
[2017.11.30-01.10.28:167][661]LogPlayLevel: PIE: World Init took: (0.001075s)
[2017.11.30-01.10.28:167][661]LogPlayLevel: PIE: Created PIE world by copying editor world from /Game/ThirdPersonCPP/Maps/ThirdPersonExampleMap.ThirdPersonExampleMap to /Game/ThirdPersonCPP/Maps/UEDPIE_0_ThirdPersonExampleMap.ThirdPersonExampleMap (0.029452s)
[2017.11.30-01.10.28:182][661]LogInit: XAudio2 using 'DELL UZ2315H-8 (NVIDIA High Definition Audio)' : 2 channels at 48 kHz using 16 bits per sample (channel mask 0x3)
[2017.11.30-01.10.28:190][661]LogInit: FAudioDevice initialized.
[2017.11.30-01.10.28:237][661]LogLoad: Game class is 'MyGameMode_C'
[2017.11.30-01.10.28:239][661]LogWorld: Bringing World /Game/ThirdPersonCPP/Maps/UEDPIE_0_ThirdPersonExampleMap.ThirdPersonExampleMap up for play (max tick rate 0) at 2017.11.29-18.10.28
[2017.11.30-01.10.28:240][661]LogWorld: Bringing up level for play took: 0.001746
[2017.11.30-01.10.28:240][661]LogSpawn: Warning: SpawnActor failed because no class was specified
[2017.11.30-01.10.28:280][661]LogContentBrowser: Native class hierarchy updated for 'MovieSceneCapture' in 0.0007 seconds. Added 11 classes and 0 folders.
[2017.11.30-01.10.28:281][661]PIE: Play in editor start time for /Game/ThirdPersonCPP/Maps/UEDPIE_0_ThirdPersonExampleMap 0.275
[2017.11.30-01.10.28:282][661]LogBlueprintUserMessages: Late PlayInEditor Detection: Level '/Game/ThirdPersonCPP/Maps/ThirdPersonExampleMap.ThirdPersonExampleMap:PersistentLevel' has LevelScriptBlueprint '/Game/ThirdPersonCPP/Maps/ThirdPersonExampleMap.ThirdPersonExampleMap:PersistentLevel.ThirdPersonExampleMap' with GeneratedClass '/Game/ThirdPersonCPP/Maps/ThirdPersonExampleMap.ThirdPersonExampleMap_C' with ClassGeneratedBy '/Game/ThirdPersonCPP/Maps/ThirdPersonExampleMap.ThirdPersonExampleMap:PersistentLevel.ThirdPersonExampleMap'
[2017.11.30-01.10.36:708][664]LogBlueprintUserMessages: Early EndPlayMap Detection: Level '/Game/ThirdPersonCPP/Maps/ThirdPersonExampleMap.ThirdPersonExampleMap:PersistentLevel' has LevelScriptBlueprint '/Game/ThirdPersonCPP/Maps/ThirdPersonExampleMap.ThirdPersonExampleMap:PersistentLevel.ThirdPersonExampleMap' with GeneratedClass '/Game/ThirdPersonCPP/Maps/ThirdPersonExampleMap.ThirdPersonExampleMap_C' with ClassGeneratedBy '/Game/ThirdPersonCPP/Maps/ThirdPersonExampleMap.ThirdPersonExampleMap:PersistentLevel.ThirdPersonExampleMap'
[2017.11.30-01.10.36:742][664]LogBlueprintUserMessages: Late EndPlayMap Detection: Level '/Game/ThirdPersonCPP/Maps/ThirdPersonExampleMap.ThirdPersonExampleMap:PersistentLevel' has LevelScriptBlueprint '/Game/ThirdPersonCPP/Maps/ThirdPersonExampleMap.ThirdPersonExampleMap:PersistentLevel.ThirdPersonExampleMap' with GeneratedClass '/Game/ThirdPersonCPP/Maps/ThirdPersonExampleMap.ThirdPersonExampleMap_C' with ClassGeneratedBy '/Game/ThirdPersonCPP/Maps/ThirdPersonExampleMap.ThirdPersonExampleMap:PersistentLevel.ThirdPersonExampleMap'
[2017.11.30-01.11.16:235][507]Running C:/Program Files/Epic Games/UE_4.18/Engine/Binaries/DotNET/UnrealBuildTool.exe  -projectfiles -project="C:/Users/u1141916/Documents/GitHub/GrowthV2/GrowthV2/Rapid5/Rapid5.uproject" -game -rocket -progress
[2017.11.30-01.11.16:438][507]Discovering modules, targets and source code for project...
[2017.11.30-01.11.18:745][507]LogSlate: Took 0.000158 seconds to synchronously load lazily loaded font '../../../Engine/Content/Slate/Fonts/Roboto-Regular.ttf' (155K)
[2017.11.30-01.11.19:866][507]LogVSAccessor: Warning: Couldn't access Visual Studio
[2017.11.30-01.11.19:874][507]Candidate modules for hot reload:
[2017.11.30-01.11.19:874][507]  Rapid5
[2017.11.30-01.11.19:874][507]Launching UnrealBuildTool... [C:/Program Files/Epic Games/UE_4.18/Engine/Binaries/DotNET/UnrealBuildTool.exe Rapid5 -ModuleWithSuffix Rapid5 2817 Win64 Development -editorrecompile -canskiplink "C:/Users/u1141916/Documents/GitHub/GrowthV2/GrowthV2/Rapid5/Rapid5.uproject" ]
[2017.11.30-01.11.33:989][507]CompilerResultsLog: New page: Compilation - Nov 29, 2017, 11:11:33 AM
[2017.11.30-01.11.33:989][507]CompilerResultsLog: Using 'git status' to determine working set for adaptive non-unity build.
[2017.11.30-01.11.33:989][507]CompilerResultsLog: Creating makefile for hot reloading Rapid5 (no existing makefile)
[2017.11.30-01.11.33:989][507]CompilerResultsLog: Compiling game modules for hot reload
[2017.11.30-01.11.33:989][507]CompilerResultsLog: Performing full C++ include scan (no include cache file)
[2017.11.30-01.11.33:989][507]CompilerResultsLog: Parsing headers for Rapid5Editor
[2017.11.30-01.11.33:989][507]CompilerResultsLog:   Running UnrealHeaderTool "C:\Users\u1141916\Documents\GitHub\GrowthV2\GrowthV2\Rapid5\Rapid5.uproject" "C:\Users\u1141916\Documents\GitHub\GrowthV2\GrowthV2\Rapid5\Intermediate\Build\Win64\Rapid5Editor\Development\Rapid5Editor.uhtmanifest" -LogCmds="loginit warning, logexit warning, logdatabase error" -Unattended -WarningsAsErrors -installed
[2017.11.30-01.11.33:989][507]CompilerResultsLog: Reflection code generated for Rapid5Editor in 6.9319567 seconds
[2017.11.30-01.11.33:989][507]CompilerResultsLog: Performing 9 actions (4 in parallel)
[2017.11.30-01.11.33:989][507]CompilerResultsLog: Rapid5Character.cpp
[2017.11.30-01.11.33:989][507]CompilerResultsLog: Rapid5.cpp
[2017.11.30-01.11.33:989][507]CompilerResultsLog: MouseChangeClass.cpp
[2017.11.30-01.11.33:989][507]CompilerResultsLog: Rapid5GameMode.cpp
[2017.11.30-01.11.33:989][507]CompilerResultsLog: Rapid5.init.gen.cpp
[2017.11.30-01.11.33:989][507]CompilerResultsLog: Rapid5Character.gen.cpp
[2017.11.30-01.11.33:989][507]CompilerResultsLog: Rapid5GameMode.gen.cpp
[2017.11.30-01.11.33:989][507]CompilerResultsLog: [8/9] Link UE4Editor-Rapid5-2817.dll
[2017.11.30-01.11.33:989][507]CompilerResultsLog: [9/9] Link UE4Editor-Rapid5-2817.lib
[2017.11.30-01.11.33:989][507]CompilerResultsLog:    Creating library C:\Users\u1141916\Documents\GitHub\GrowthV2\GrowthV2\Rapid5\Intermediate\Build\Win64\UE4Editor\Development\UE4Editor-Rapid5-2817.lib and object C:\Users\u1141916\Documents\GitHub\GrowthV2\GrowthV2\Rapid5\Intermediate\Build\Win64\UE4Editor\Development\UE4Editor-Rapid5-2817.exp
[2017.11.30-01.11.33:989][507]CompilerResultsLog:    Creating library C:\Users\u1141916\Documents\GitHub\GrowthV2\GrowthV2\Rapid5\Intermediate\Build\Win64\UE4Editor\Development\UE4Editor-Rapid5-2817.suppressed.lib and object C:\Users\u1141916\Documents\GitHub\GrowthV2\GrowthV2\Rapid5\Intermediate\Build\Win64\UE4Editor\Development\UE4Editor-Rapid5-2817.suppressed.exp
[2017.11.30-01.11.33:989][507]CompilerResultsLog: Total build time: 13.94 seconds (Local executor: 1.92 seconds)
[2017.11.30-01.11.33:989][507]LogMainFrame: MainFrame: Module compiling took 14.123 seconds
[2017.11.30-01.11.34:051][507]LogContentBrowser: Native class hierarchy updated for 'Rapid5' in 0.0006 seconds. Added 2 classes and 2 folders.
[2017.11.30-01.11.34:053][507]Display: HotReload successful (0 functions remapped  0 scriptstructs remapped)
[2017.11.30-01.11.34:126][507]LogContentBrowser: Native class hierarchy populated in 0.0092 seconds. Added 2367 classes and 525 folders.
[2017.11.30-01.11.34:126][507]Display: HotReload took 14.3s.
[2017.11.30-01.11.34:128][507]Warning: HotReload operation took 14.3s.
[2017.11.30-01.11.34:172][507]LogHotReload: New module detected: UE4Editor-Rapid5-2817.dll
[2017.11.30-01.11.34:203][508]LogHotReload: Starting Hot-Reload from IDE
[2017.11.30-01.11.34:311][508]LogContentBrowser: Native class hierarchy updated for 'Rapid5' in 0.0007 seconds. Added 2 classes and 2 folders.
[2017.11.30-01.11.34:313][508]Display: HotReload successful (0 functions remapped  0 scriptstructs remapped)
[2017.11.30-01.11.34:334][508]LogContentBrowser: Native class hierarchy populated in 0.0088 seconds. Added 2367 classes and 525 folders.
[2017.11.30-01.11.34:342][508]Display: HotReload took  0.1s.
[2017.11.30-01.11.46:015][268]LogVSAccessor: Warning: Visual Studio is open but could not be queried - it may be blocked by a modal operation
[2017.11.30-01.11.46:047][269]LogVSAccessor: Warning: Visual Studio is open but could not be queried - it may be blocked by a modal operation
[2017.11.30-01.11.46:366][270]LogVSAccessor: Warning: Visual Studio is open but could not be queried - it may be blocked by a modal operation
[2017.11.30-01.11.47:096][271]LogVSAccessor: Warning: Visual Studio is open but could not be queried - it may be blocked by a modal operation
[2017.11.30-01.11.50:172][274]LogVSAccessor: Warning: Visual Studio is open but could not be queried - it may be blocked by a modal operation
[2017.11.30-01.16.54:185][308]LogWindows: LaunchFileInExternalEditor C:/Users/u1141916/Documents/GitHub/GrowthV2/GrowthV2/Rapid5/Source/Rapid5/MouseChangeClass.h 
[2017.11.30-01.16.54:248][308]LogWindows: Launch application code for C:/Users/u1141916/Documents/GitHub/GrowthV2/GrowthV2/Rapid5/Source/Rapid5/MouseChangeClass.h : 42
[2017.11.30-01.16.54:248][308]LogWindows: LaunchFileInExternalEditor C:/Users/u1141916/Documents/GitHub/GrowthV2/GrowthV2/Rapid5/Source/Rapid5/MouseChangeClass.cpp 
[2017.11.30-01.16.54:371][308]LogWindows: Launch application code for C:/Users/u1141916/Documents/GitHub/GrowthV2/GrowthV2/Rapid5/Source/Rapid5/MouseChangeClass.cpp : 42
[2017.11.30-01.16.54:371][308]LogVSAccessor: Warning: Couldn't access Visual Studio
[2017.11.30-01.16.54:376][308]LogVSAccessor: Warning: Couldn't access module table
[2017.11.30-01.16.54:376][308]LogVSAccessor: Warning: Couldn't access module table
[2017.11.30-01.16.54:376][308]LogVSAccessor: Warning: Couldn't access module table
[2017.11.30-01.16.54:376][308]LogVSAccessor: Warning: Couldn't access module table
[2017.11.30-01.16.54:376][308]LogVSAccessor: Warning: Couldn't access module table
[2017.11.30-01.16.54:376][308]LogVSAccessor: Warning: Couldn't access module table
[2017.11.30-01.16.54:376][308]LogVSAccessor: Warning: Couldn't access module table
[2017.11.30-01.16.54:376][308]LogVSAccessor: Warning: Couldn't access module table
[2017.11.30-01.16.54:376][308]LogVSAccessor: Warning: Couldn't access module table
[2017.11.30-01.16.54:377][308]LogVSAccessor: Warning: Couldn't access module table
[2017.11.30-01.16.54:377][308]LogVSAccessor: Warning: Couldn't access module table
[2017.11.30-01.16.54:377][308]LogVSAccessor: Warning: Couldn't access module table
[2017.11.30-01.16.54:377][308]LogVSAccessor: Warning: Couldn't access module table
[2017.11.30-01.16.54:377][308]LogVSAccessor: Warning: Couldn't access module table
[2017.11.30-01.16.54:377][308]LogVSAccessor: Warning: Couldn't access module table
[2017.11.30-01.16.54:377][308]LogVSAccessor: Warning: Couldn't access module table
[2017.11.30-01.16.54:377][308]LogVSAccessor: Warning: Couldn't access module table
[2017.11.30-01.16.54:377][308]LogVSAccessor: Warning: Couldn't access module table
[2017.11.30-01.16.54:377][308]LogVSAccessor: Warning: Couldn't access module table
[2017.11.30-01.16.54:377][308]LogVSAccessor: Warning: Couldn't access module table
[2017.11.30-01.16.54:377][308]LogVSAccessor: Warning: Couldn't access module table
[2017.11.30-01.16.54:377][308]LogVSAccessor: Warning: Couldn't access module table
[2017.11.30-01.16.54:377][308]LogVSAccessor: Warning: Couldn't access module table
[2017.11.30-01.16.54:377][308]LogVSAccessor: Warning: Couldn't access module table
[2017.11.30-01.16.54:377][308]LogVSAccessor: Warning: Couldn't access module table
[2017.11.30-01.16.54:377][308]LogVSAccessor: Warning: Couldn't access module table
[2017.11.30-01.16.54:377][308]LogVSAccessor: Warning: Couldn't access module table
[2017.11.30-01.16.54:378][308]LogVSAccessor: Warning: Couldn't access module table
[2017.11.30-01.16.54:378][308]LogVSAccessor: Warning: Couldn't access module table
[2017.11.30-01.16.54:378][308]LogVSAccessor: Warning: Couldn't access module table
[2017.11.30-01.16.54:378][308]LogVSAccessor: Warning: Couldn't access module table
[2017.11.30-01.16.54:378][308]LogVSAccessor: Warning: Couldn't access module table
[2017.11.30-01.16.54:378][308]LogVSAccessor: Warning: Couldn't access module table
[2017.11.30-01.16.54:378][308]LogVSAccessor: Warning: Couldn't access module table
[2017.11.30-01.16.54:378][308]LogVSAccessor: Warning: Couldn't access module table
[2017.11.30-01.16.54:378][308]LogVSAccessor: Warning: Couldn't access module table
[2017.11.30-01.16.54:378][308]LogVSAccessor: Warning: Couldn't access module table
[2017.11.30-01.16.54:378][308]LogVSAccessor: Warning: Couldn't access module table
[2017.11.30-01.16.54:378][308]LogVSAccessor: Warning: Couldn't access module table
[2017.11.30-01.16.54:378][308]LogVSAccessor: Warning: Couldn't access module table
[2017.11.30-01.16.54:378][308]LogVSAccessor: Warning: Couldn't access module table
[2017.11.30-01.16.54:378][308]LogVSAccessor: Warning: Couldn't access module table
[2017.11.30-01.16.54:378][308]LogVSAccessor: Warning: Couldn't access module table
[2017.11.30-01.16.54:379][308]LogVSAccessor: Warning: Couldn't access module table
[2017.11.30-01.16.54:379][308]LogVSAccessor: Warning: Couldn't access module table
[2017.11.30-01.16.54:379][308]LogVSAccessor: Warning: Couldn't access module table
[2017.11.30-01.16.54:379][308]LogVSAccessor: Warning: Couldn't access module table
[2017.11.30-01.16.54:379][308]LogVSAccessor: Warning: Couldn't access module table
[2017.11.30-01.16.54:379][308]LogVSAccessor: Warning: Couldn't access module table
[2017.11.30-01.16.54:379][308]LogVSAccessor: Warning: Couldn't access module table
[2017.11.30-01.16.54:379][308]LogVSAccessor: Warning: Couldn't access module table
[2017.11.30-01.16.54:379][308]LogVSAccessor: Warning: Couldn't access module table
[2017.11.30-01.16.54:379][308]LogVSAccessor: Warning: Couldn't access module table
[2017.11.30-01.16.54:379][308]LogVSAccessor: Warning: Couldn't access module table
[2017.11.30-01.16.54:379][308]LogVSAccessor: Warning: Couldn't access module table
[2017.11.30-01.16.54:379][308]LogVSAccessor: Warning: Couldn't access module table
[2017.11.30-01.16.54:379][308]LogVSAccessor: Warning: Couldn't access module table
[2017.11.30-01.16.54:379][308]LogVSAccessor: Warning: Couldn't access module table
[2017.11.30-01.16.54:379][308]LogVSAccessor: Warning: Couldn't access module table
[2017.11.30-01.16.54:379][308]LogVSAccessor: Warning: Couldn't access module table
[2017.11.30-01.16.54:379][308]LogVSAccessor: Warning: Couldn't access module table
[2017.11.30-01.16.54:379][308]LogVSAccessor: Warning: Couldn't access module table
[2017.11.30-01.16.54:380][308]LogVSAccessor: Warning: Couldn't access module table
[2017.11.30-01.16.54:380][308]LogVSAccessor: Warning: Couldn't access module table
[2017.11.30-01.16.54:380][308]LogVSAccessor: Warning: Couldn't access module table
[2017.11.30-01.16.54:380][308]LogVSAccessor: Warning: Couldn't access module table
[2017.11.30-01.16.54:380][308]LogVSAccessor: Warning: Couldn't access module table
[2017.11.30-01.16.54:380][308]LogVSAccessor: Warning: Couldn't access module table
[2017.11.30-01.16.54:380][308]LogVSAccessor: Warning: Couldn't access module table
[2017.11.30-01.16.54:380][308]LogVSAccessor: Warning: Couldn't access module table
[2017.11.30-01.16.54:380][308]LogVSAccessor: Warning: Couldn't access module table
[2017.11.30-01.16.54:380][308]LogVSAccessor: Warning: Couldn't access module table
[2017.11.30-01.16.54:380][308]LogVSAccessor: Warning: Couldn't access module table
[2017.11.30-01.16.54:380][308]LogVSAccessor: Warning: Couldn't access module table
[2017.11.30-01.16.54:380][308]LogVSAccessor: Warning: Couldn't access module table
[2017.11.30-01.16.54:380][308]LogVSAccessor: Warning: Couldn't access module table
[2017.11.30-01.16.54:380][308]LogVSAccessor: Warning: Couldn't access module table
[2017.11.30-01.16.54:381][308]LogVSAccessor: Warning: Couldn't access module table
[2017.11.30-01.16.54:381][308]LogVSAccessor: Warning: Couldn't access module table
[2017.11.30-01.16.54:381][308]LogVSAccessor: Warning: Couldn't access module table
[2017.11.30-01.16.54:381][308]LogVSAccessor: Warning: Couldn't access module table
[2017.11.30-01.16.54:381][308]LogVSAccessor: Warning: Couldn't access module table
[2017.11.30-01.16.54:381][308]LogVSAccessor: Warning: Couldn't access module table
[2017.11.30-01.16.54:381][308]LogVSAccessor: Warning: Couldn't access module table
[2017.11.30-01.16.54:381][308]LogVSAccessor: Warning: Couldn't access module table
[2017.11.30-01.16.54:381][308]LogVSAccessor: Warning: Couldn't access module table
[2017.11.30-01.16.54:381][308]LogVSAccessor: Warning: Couldn't access module table
[2017.11.30-01.16.54:381][308]LogVSAccessor: Warning: Couldn't access module table
[2017.11.30-01.16.54:381][308]LogVSAccessor: Warning: Couldn't access module table
[2017.11.30-01.16.54:381][308]LogVSAccessor: Warning: Couldn't access module table
[2017.11.30-01.16.54:381][308]LogVSAccessor: Warning: Couldn't access module table
[2017.11.30-01.16.54:381][308]LogVSAccessor: Warning: Couldn't access module table
[2017.11.30-01.16.54:381][308]LogVSAccessor: Warning: Couldn't access module table
[2017.11.30-01.16.54:381][308]LogVSAccessor: Warning: Couldn't access module table
[2017.11.30-01.16.54:382][308]LogVSAccessor: Warning: Couldn't access module table
[2017.11.30-01.16.54:382][308]LogVSAccessor: Warning: Couldn't access module table
[2017.11.30-01.16.54:382][308]LogVSAccessor: Warning: Couldn't access module table
[2017.11.30-01.16.54:384][308]LogVSAccessor: Warning: Couldn't access module table
[2017.11.30-01.16.54:387][308]LogVSAccessor: Warning: Couldn't access module table
[2017.11.30-01.16.54:388][308]LogVSAccessor: Warning: Couldn't access module table
[2017.11.30-01.16.54:388][308]LogVSAccessor: Warning: Couldn't access module table
[2017.11.30-01.16.54:389][308]LogVSAccessor: Warning: Couldn't access module table
[2017.11.30-01.16.54:389][308]LogVSAccessor: Warning: Couldn't access module table
[2017.11.30-01.16.54:389][308]LogVSAccessor: Warning: Couldn't access module table
[2017.11.30-01.16.54:396][308]LogVSAccessor: Warning: Couldn't access module table
[2017.11.30-01.16.54:396][308]LogVSAccessor: Warning: Couldn't access module table
[2017.11.30-01.16.54:396][308]LogVSAccessor: Warning: Couldn't access module table
[2017.11.30-01.16.54:397][308]LogVSAccessor: Warning: Couldn't access module table
[2017.11.30-01.16.54:399][308]LogVSAccessor: Warning: Couldn't access module table
[2017.11.30-01.16.54:399][308]LogVSAccessor: Warning: Couldn't access module table
[2017.11.30-01.16.54:399][308]LogVSAccessor: Warning: Couldn't access module table
[2017.11.30-01.16.54:402][308]LogVSAccessor: Warning: Couldn't access module table
[2017.11.30-01.16.54:402][308]LogVSAccessor: Warning: Couldn't access module table
[2017.11.30-01.16.54:404][308]LogVSAccessor: Warning: Couldn't access module table
[2017.11.30-01.16.54:404][308]LogVSAccessor: Warning: Couldn't access module table
[2017.11.30-01.16.54:404][308]LogVSAccessor: Warning: Couldn't access module table
[2017.11.30-01.16.54:404][308]LogVSAccessor: Warning: Couldn't access module table
[2017.11.30-01.16.54:419][308]LogVSAccessor: Warning: Couldn't access module table
[2017.11.30-01.16.54:419][308]LogVSAccessor: Warning: Couldn't access module table
[2017.11.30-01.16.54:419][308]LogVSAccessor: Warning: Couldn't access module table
[2017.11.30-01.16.54:419][308]LogVSAccessor: Warning: Couldn't access module table
[2017.11.30-01.16.54:434][308]LogVSAccessor: Warning: Couldn't access module table
[2017.11.30-01.16.54:434][308]LogVSAccessor: Warning: Couldn't access module table
[2017.11.30-01.16.54:435][308]LogVSAccessor: Warning: Couldn't access module table
[2017.11.30-01.16.54:435][308]LogVSAccessor: Warning: Couldn't access module table
[2017.11.30-01.16.54:436][308]LogVSAccessor: Warning: Couldn't access module table
[2017.11.30-01.23.20:461][721]LogContentBrowser: Native class hierarchy updated for 'BlueprintGraph' in 0.0009 seconds. Added 116 classes and 0 folders.
[2017.11.30-01.23.22:138][824]LogSlate: Took 0.000219 seconds to synchronously load lazily loaded font '../../../Engine/Content/Editor/Slate/Fonts/Roboto-Italic.ttf' (157K)
[2017.11.30-01.24.04:697][564]BlueprintLog: New page: Compile BP_CanInteract
[2017.11.30-01.24.05:520][610]LogSavePackage: Save=22.93ms
[2017.11.30-01.24.05:520][610]LogSavePackage: Moving '../../../../../../Users/u1141916/Documents/GitHub/GrowthV2/GrowthV2/Rapid5/Saved/BP_CanInteract9123157340395D97937619B86DC4C604.tmp' to '../../../../../../Users/u1141916/Documents/GitHub/GrowthV2/GrowthV2/Rapid5/Content/Objects/CanInteractObjects/BP_CanInteract.uasset'
[2017.11.30-01.24.05:528][610]LogSavePackage: Display: Finished SavePackage ../../../../../../Users/u1141916/Documents/GitHub/GrowthV2/GrowthV2/Rapid5/Content/Objects/CanInteractObjects/BP_CanInteract.uasset
[2017.11.30-01.24.37:717][399]LogEditorViewport: Clicking on Actor (LMB): StaticMeshActor (Floor)
[2017.11.30-01.24.38:993][545]LogEditorViewport: Clicking on Actor (LMB): BP_CanInteract_C (BP_CanInteract)
[2017.11.30-01.24.58:409][835]Cmd: DELETE
[2017.11.30-01.24.58:409][835]Cmd: ACTOR DELETE
[2017.11.30-01.24.58:411][835]LogEditorActor: Deleted Actor: BP_CanInteract_C
[2017.11.30-01.24.58:427][835]LogEditorActor: Deleted 1 Actors (0.017 secs)
[2017.11.30-01.27.24:890][307]BlueprintLog: New page: Compile BP_CanInteract
[2017.11.30-01.27.26:345][419]LogSavePackage: Save=33.09ms
[2017.11.30-01.27.26:345][419]LogSavePackage: Moving '../../../../../../Users/u1141916/Documents/GitHub/GrowthV2/GrowthV2/Rapid5/Saved/BP_CanInteract2DD98E944A3DF723FBE67FA1D1C71F20.tmp' to '../../../../../../Users/u1141916/Documents/GitHub/GrowthV2/GrowthV2/Rapid5/Content/Objects/CanInteractObjects/BP_CanInteract.uasset'
[2017.11.30-01.27.26:348][419]LogSavePackage: Display: Finished SavePackage ../../../../../../Users/u1141916/Documents/GitHub/GrowthV2/GrowthV2/Rapid5/Content/Objects/CanInteractObjects/BP_CanInteract.uasset
[2017.11.30-01.27.26:569][430]LogSavePackage: Save=20.67ms
[2017.11.30-01.27.26:569][430]LogSavePackage: Moving '../../../../../../Users/u1141916/Documents/GitHub/GrowthV2/GrowthV2/Rapid5/Saved/BP_CanInteract5CF406844A48740431130E9887CCFF0C.tmp' to '../../../../../../Users/u1141916/Documents/GitHub/GrowthV2/GrowthV2/Rapid5/Content/Objects/CanInteractObjects/BP_CanInteract.uasset'
[2017.11.30-01.27.26:570][430]LogSavePackage: Display: Finished SavePackage ../../../../../../Users/u1141916/Documents/GitHub/GrowthV2/GrowthV2/Rapid5/Content/Objects/CanInteractObjects/BP_CanInteract.uasset
[2017.11.30-01.27.26:767][439]LogSavePackage: Save=17.13ms
[2017.11.30-01.27.26:767][439]LogSavePackage: Moving '../../../../../../Users/u1141916/Documents/GitHub/GrowthV2/GrowthV2/Rapid5/Saved/BP_CanInteractA281CC5C4B5587CC8DF217AEFF55E141.tmp' to '../../../../../../Users/u1141916/Documents/GitHub/GrowthV2/GrowthV2/Rapid5/Content/Objects/CanInteractObjects/BP_CanInteract.uasset'
[2017.11.30-01.27.26:770][439]LogSavePackage: Display: Finished SavePackage ../../../../../../Users/u1141916/Documents/GitHub/GrowthV2/GrowthV2/Rapid5/Content/Objects/CanInteractObjects/BP_CanInteract.uasset
[2017.11.30-01.27.28:940][670]LogTemp: Repeating last play command: Selected Viewport
[2017.11.30-01.27.28:968][670]LogBlueprintUserMessages: Early PlayInEditor Detection: Level '/Game/ThirdPersonCPP/Maps/ThirdPersonExampleMap.ThirdPersonExampleMap:PersistentLevel' has LevelScriptBlueprint '/Game/ThirdPersonCPP/Maps/ThirdPersonExampleMap.ThirdPersonExampleMap:PersistentLevel.ThirdPersonExampleMap' with GeneratedClass '/Game/ThirdPersonCPP/Maps/ThirdPersonExampleMap.ThirdPersonExampleMap_C' with ClassGeneratedBy '/Game/ThirdPersonCPP/Maps/ThirdPersonExampleMap.ThirdPersonExampleMap:PersistentLevel.ThirdPersonExampleMap'
[2017.11.30-01.27.28:968][670]LogPlayLevel: PlayLevel: No blueprints needed recompiling
[2017.11.30-01.27.28:968][670]PIE: New page: PIE session: ThirdPersonExampleMap (Nov 29, 2017, 11:27:28 AM)
[2017.11.30-01.27.28:968][670]LogPlayLevel: Creating play world package: /Game/ThirdPersonCPP/Maps/UEDPIE_0_ThirdPersonExampleMap
[2017.11.30-01.27.28:986][670]LogPlayLevel: PIE: StaticDuplicateObject took: (0.017975s)
[2017.11.30-01.27.28:987][670]LogAIModule: Creating AISystem for world ThirdPersonExampleMap
[2017.11.30-01.27.28:987][670]LogPlayLevel: PIE: World Init took: (0.000806s)
[2017.11.30-01.27.28:987][670]LogPlayLevel: PIE: Created PIE world by copying editor world from /Game/ThirdPersonCPP/Maps/ThirdPersonExampleMap.ThirdPersonExampleMap to /Game/ThirdPersonCPP/Maps/UEDPIE_0_ThirdPersonExampleMap.ThirdPersonExampleMap (0.019060s)
[2017.11.30-01.27.29:009][670]LogInit: XAudio2 using 'DELL UZ2315H-8 (NVIDIA High Definition Audio)' : 2 channels at 48 kHz using 16 bits per sample (channel mask 0x3)
[2017.11.30-01.27.29:016][670]LogInit: FAudioDevice initialized.
[2017.11.30-01.27.29:046][670]LogLoad: Game class is 'MyGameMode_C'
[2017.11.30-01.27.29:048][670]LogWorld: Bringing World /Game/ThirdPersonCPP/Maps/UEDPIE_0_ThirdPersonExampleMap.ThirdPersonExampleMap up for play (max tick rate 0) at 2017.11.29-18.27.29
[2017.11.30-01.27.29:049][670]LogWorld: Bringing up level for play took: 0.001722
[2017.11.30-01.27.29:049][670]LogSpawn: Warning: SpawnActor failed because no class was specified
[2017.11.30-01.27.29:050][670]PIE: Play in editor start time for /Game/ThirdPersonCPP/Maps/UEDPIE_0_ThirdPersonExampleMap 1.054
[2017.11.30-01.27.29:050][670]LogBlueprintUserMessages: Late PlayInEditor Detection: Level '/Game/ThirdPersonCPP/Maps/ThirdPersonExampleMap.ThirdPersonExampleMap:PersistentLevel' has LevelScriptBlueprint '/Game/ThirdPersonCPP/Maps/ThirdPersonExampleMap.ThirdPersonExampleMap:PersistentLevel.ThirdPersonExampleMap' with GeneratedClass '/Game/ThirdPersonCPP/Maps/ThirdPersonExampleMap.ThirdPersonExampleMap_C' with ClassGeneratedBy '/Game/ThirdPersonCPP/Maps/ThirdPersonExampleMap.ThirdPersonExampleMap:PersistentLevel.ThirdPersonExampleMap'
[2017.11.30-01.27.40:029][981]LogBlueprintUserMessages: Early EndPlayMap Detection: Level '/Game/ThirdPersonCPP/Maps/ThirdPersonExampleMap.ThirdPersonExampleMap:PersistentLevel' has LevelScriptBlueprint '/Game/ThirdPersonCPP/Maps/ThirdPersonExampleMap.ThirdPersonExampleMap:PersistentLevel.ThirdPersonExampleMap' with GeneratedClass '/Game/ThirdPersonCPP/Maps/ThirdPersonExampleMap.ThirdPersonExampleMap_C' with ClassGeneratedBy '/Game/ThirdPersonCPP/Maps/ThirdPersonExampleMap.ThirdPersonExampleMap:PersistentLevel.ThirdPersonExampleMap'
[2017.11.30-01.27.40:065][981]LogBlueprintUserMessages: Late EndPlayMap Detection: Level '/Game/ThirdPersonCPP/Maps/ThirdPersonExampleMap.ThirdPersonExampleMap:PersistentLevel' has LevelScriptBlueprint '/Game/ThirdPersonCPP/Maps/ThirdPersonExampleMap.ThirdPersonExampleMap:PersistentLevel.ThirdPersonExampleMap' with GeneratedClass '/Game/ThirdPersonCPP/Maps/ThirdPersonExampleMap.ThirdPersonExampleMap_C' with ClassGeneratedBy '/Game/ThirdPersonCPP/Maps/ThirdPersonExampleMap.ThirdPersonExampleMap:PersistentLevel.ThirdPersonExampleMap'
[2017.11.30-01.27.44:327][487]LogTemp: Repeating last play command: Selected Viewport
[2017.11.30-01.27.44:344][487]LogBlueprintUserMessages: Early PlayInEditor Detection: Level '/Game/ThirdPersonCPP/Maps/ThirdPersonExampleMap.ThirdPersonExampleMap:PersistentLevel' has LevelScriptBlueprint '/Game/ThirdPersonCPP/Maps/ThirdPersonExampleMap.ThirdPersonExampleMap:PersistentLevel.ThirdPersonExampleMap' with GeneratedClass '/Game/ThirdPersonCPP/Maps/ThirdPersonExampleMap.ThirdPersonExampleMap_C' with ClassGeneratedBy '/Game/ThirdPersonCPP/Maps/ThirdPersonExampleMap.ThirdPersonExampleMap:PersistentLevel.ThirdPersonExampleMap'
[2017.11.30-01.27.44:344][487]LogPlayLevel: PlayLevel: No blueprints needed recompiling
[2017.11.30-01.27.44:344][487]PIE: New page: PIE session: ThirdPersonExampleMap (Nov 29, 2017, 11:27:44 AM)
[2017.11.30-01.27.44:344][487]LogPlayLevel: Creating play world package: /Game/ThirdPersonCPP/Maps/UEDPIE_0_ThirdPersonExampleMap
[2017.11.30-01.27.44:364][487]LogPlayLevel: PIE: StaticDuplicateObject took: (0.019691s)
[2017.11.30-01.27.44:365][487]LogAIModule: Creating AISystem for world ThirdPersonExampleMap
[2017.11.30-01.27.44:365][487]LogPlayLevel: PIE: World Init took: (0.000862s)
[2017.11.30-01.27.44:365][487]LogPlayLevel: PIE: Created PIE world by copying editor world from /Game/ThirdPersonCPP/Maps/ThirdPersonExampleMap.ThirdPersonExampleMap to /Game/ThirdPersonCPP/Maps/UEDPIE_0_ThirdPersonExampleMap.ThirdPersonExampleMap (0.020895s)
[2017.11.30-01.27.44:390][487]LogInit: XAudio2 using 'DELL UZ2315H-8 (NVIDIA High Definition Audio)' : 2 channels at 48 kHz using 16 bits per sample (channel mask 0x3)
[2017.11.30-01.27.44:398][487]LogInit: FAudioDevice initialized.
[2017.11.30-01.27.44:429][487]LogLoad: Game class is 'MyGameMode_C'
[2017.11.30-01.27.44:431][487]LogWorld: Bringing World /Game/ThirdPersonCPP/Maps/UEDPIE_0_ThirdPersonExampleMap.ThirdPersonExampleMap up for play (max tick rate 0) at 2017.11.29-18.27.44
[2017.11.30-01.27.44:431][487]LogWorld: Bringing up level for play took: 0.001592
[2017.11.30-01.27.44:432][487]LogSpawn: Warning: SpawnActor failed because no class was specified
[2017.11.30-01.27.44:432][487]PIE: Play in editor start time for /Game/ThirdPersonCPP/Maps/UEDPIE_0_ThirdPersonExampleMap 0.437
[2017.11.30-01.27.44:432][487]LogBlueprintUserMessages: Late PlayInEditor Detection: Level '/Game/ThirdPersonCPP/Maps/ThirdPersonExampleMap.ThirdPersonExampleMap:PersistentLevel' has LevelScriptBlueprint '/Game/ThirdPersonCPP/Maps/ThirdPersonExampleMap.ThirdPersonExampleMap:PersistentLevel.ThirdPersonExampleMap' with GeneratedClass '/Game/ThirdPersonCPP/Maps/ThirdPersonExampleMap.ThirdPersonExampleMap_C' with ClassGeneratedBy '/Game/ThirdPersonCPP/Maps/ThirdPersonExampleMap.ThirdPersonExampleMap:PersistentLevel.ThirdPersonExampleMap'
[2017.11.30-01.27.49:599][103]LogBlueprintUserMessages: Early EndPlayMap Detection: Level '/Game/ThirdPersonCPP/Maps/ThirdPersonExampleMap.ThirdPersonExampleMap:PersistentLevel' has LevelScriptBlueprint '/Game/ThirdPersonCPP/Maps/ThirdPersonExampleMap.ThirdPersonExampleMap:PersistentLevel.ThirdPersonExampleMap' with GeneratedClass '/Game/ThirdPersonCPP/Maps/ThirdPersonExampleMap.ThirdPersonExampleMap_C' with ClassGeneratedBy '/Game/ThirdPersonCPP/Maps/ThirdPersonExampleMap.ThirdPersonExampleMap:PersistentLevel.ThirdPersonExampleMap'
[2017.11.30-01.27.49:631][103]LogBlueprintUserMessages: Late EndPlayMap Detection: Level '/Game/ThirdPersonCPP/Maps/ThirdPersonExampleMap.ThirdPersonExampleMap:PersistentLevel' has LevelScriptBlueprint '/Game/ThirdPersonCPP/Maps/ThirdPersonExampleMap.ThirdPersonExampleMap:PersistentLevel.ThirdPersonExampleMap' with GeneratedClass '/Game/ThirdPersonCPP/Maps/ThirdPersonExampleMap.ThirdPersonExampleMap_C' with ClassGeneratedBy '/Game/ThirdPersonCPP/Maps/ThirdPersonExampleMap.ThirdPersonExampleMap:PersistentLevel.ThirdPersonExampleMap'
[2017.11.30-01.28.36:473][ 86]LogSavePackage: Save=26.15ms
[2017.11.30-01.28.36:473][ 86]LogSavePackage: Moving '../../../../../../Users/u1141916/Documents/GitHub/GrowthV2/GrowthV2/Rapid5/Saved/BP_CanInteractC6B8E5F74D1FC4CF004A44A6F3C430A4.tmp' to '../../../../../../Users/u1141916/Documents/GitHub/GrowthV2/GrowthV2/Rapid5/Content/Objects/CanInteractObjects/BP_CanInteract.uasset'
[2017.11.30-01.28.36:477][ 86]LogSavePackage: Display: Finished SavePackage ../../../../../../Users/u1141916/Documents/GitHub/GrowthV2/GrowthV2/Rapid5/Content/Objects/CanInteractObjects/BP_CanInteract.uasset
[2017.11.30-01.28.37:715][211]BlueprintLog: New page: Compile BP_CanInteract
[2017.11.30-01.28.41:177][553]LogTemp: Repeating last play command: Selected Viewport
[2017.11.30-01.28.41:197][553]LogBlueprintUserMessages: Early PlayInEditor Detection: Level '/Game/ThirdPersonCPP/Maps/ThirdPersonExampleMap.ThirdPersonExampleMap:PersistentLevel' has LevelScriptBlueprint '/Game/ThirdPersonCPP/Maps/ThirdPersonExampleMap.ThirdPersonExampleMap:PersistentLevel.ThirdPersonExampleMap' with GeneratedClass '/Game/ThirdPersonCPP/Maps/ThirdPersonExampleMap.ThirdPersonExampleMap_C' with ClassGeneratedBy '/Game/ThirdPersonCPP/Maps/ThirdPersonExampleMap.ThirdPersonExampleMap:PersistentLevel.ThirdPersonExampleMap'
[2017.11.30-01.28.41:197][553]LogPlayLevel: PlayLevel: No blueprints needed recompiling
[2017.11.30-01.28.41:197][553]PIE: New page: PIE session: ThirdPersonExampleMap (Nov 29, 2017, 11:28:41 AM)
[2017.11.30-01.28.41:197][553]LogPlayLevel: Creating play world package: /Game/ThirdPersonCPP/Maps/UEDPIE_0_ThirdPersonExampleMap
[2017.11.30-01.28.41:217][553]LogPlayLevel: PIE: StaticDuplicateObject took: (0.019225s)
[2017.11.30-01.28.41:217][553]LogAIModule: Creating AISystem for world ThirdPersonExampleMap
[2017.11.30-01.28.41:218][553]LogPlayLevel: PIE: World Init took: (0.000878s)
[2017.11.30-01.28.41:218][553]LogPlayLevel: PIE: Created PIE world by copying editor world from /Game/ThirdPersonCPP/Maps/ThirdPersonExampleMap.ThirdPersonExampleMap to /Game/ThirdPersonCPP/Maps/UEDPIE_0_ThirdPersonExampleMap.ThirdPersonExampleMap (0.020398s)
[2017.11.30-01.28.41:243][553]LogInit: XAudio2 using 'DELL UZ2315H-8 (NVIDIA High Definition Audio)' : 2 channels at 48 kHz using 16 bits per sample (channel mask 0x3)
[2017.11.30-01.28.41:250][553]LogInit: FAudioDevice initialized.
[2017.11.30-01.28.41:281][553]LogLoad: Game class is 'MyGameMode_C'
[2017.11.30-01.28.41:283][553]LogWorld: Bringing World /Game/ThirdPersonCPP/Maps/UEDPIE_0_ThirdPersonExampleMap.ThirdPersonExampleMap up for play (max tick rate 0) at 2017.11.29-18.28.41
[2017.11.30-01.28.41:283][553]LogWorld: Bringing up level for play took: 0.001587
[2017.11.30-01.28.41:284][553]LogSpawn: Warning: SpawnActor failed because no class was specified
[2017.11.30-01.28.41:284][553]PIE: Play in editor start time for /Game/ThirdPersonCPP/Maps/UEDPIE_0_ThirdPersonExampleMap -0.711
[2017.11.30-01.28.41:284][553]LogBlueprintUserMessages: Late PlayInEditor Detection: Level '/Game/ThirdPersonCPP/Maps/ThirdPersonExampleMap.ThirdPersonExampleMap:PersistentLevel' has LevelScriptBlueprint '/Game/ThirdPersonCPP/Maps/ThirdPersonExampleMap.ThirdPersonExampleMap:PersistentLevel.ThirdPersonExampleMap' with GeneratedClass '/Game/ThirdPersonCPP/Maps/ThirdPersonExampleMap.ThirdPersonExampleMap_C' with ClassGeneratedBy '/Game/ThirdPersonCPP/Maps/ThirdPersonExampleMap.ThirdPersonExampleMap:PersistentLevel.ThirdPersonExampleMap'
[2017.11.30-01.28.47:959][346]LogBlueprintUserMessages: Early EndPlayMap Detection: Level '/Game/ThirdPersonCPP/Maps/ThirdPersonExampleMap.ThirdPersonExampleMap:PersistentLevel' has LevelScriptBlueprint '/Game/ThirdPersonCPP/Maps/ThirdPersonExampleMap.ThirdPersonExampleMap:PersistentLevel.ThirdPersonExampleMap' with GeneratedClass '/Game/ThirdPersonCPP/Maps/ThirdPersonExampleMap.ThirdPersonExampleMap_C' with ClassGeneratedBy '/Game/ThirdPersonCPP/Maps/ThirdPersonExampleMap.ThirdPersonExampleMap:PersistentLevel.ThirdPersonExampleMap'
[2017.11.30-01.28.47:993][346]LogBlueprintUserMessages: Late EndPlayMap Detection: Level '/Game/ThirdPersonCPP/Maps/ThirdPersonExampleMap.ThirdPersonExampleMap:PersistentLevel' has LevelScriptBlueprint '/Game/ThirdPersonCPP/Maps/ThirdPersonExampleMap.ThirdPersonExampleMap:PersistentLevel.ThirdPersonExampleMap' with GeneratedClass '/Game/ThirdPersonCPP/Maps/ThirdPersonExampleMap.ThirdPersonExampleMap_C' with ClassGeneratedBy '/Game/ThirdPersonCPP/Maps/ThirdPersonExampleMap.ThirdPersonExampleMap:PersistentLevel.ThirdPersonExampleMap'
[2017.11.30-01.29.07:452][112]LogSavePackage: Save=25.58ms
[2017.11.30-01.29.07:452][112]LogSavePackage: Moving '../../../../../../Users/u1141916/Documents/GitHub/GrowthV2/GrowthV2/Rapid5/Saved/BP_CanInteract2B8EE7354A956E399CB3E0BB8C43A9F9.tmp' to '../../../../../../Users/u1141916/Documents/GitHub/GrowthV2/GrowthV2/Rapid5/Content/Objects/CanInteractObjects/BP_CanInteract.uasset'
[2017.11.30-01.29.07:456][112]LogSavePackage: Display: Finished SavePackage ../../../../../../Users/u1141916/Documents/GitHub/GrowthV2/GrowthV2/Rapid5/Content/Objects/CanInteractObjects/BP_CanInteract.uasset
[2017.11.30-01.29.07:645][121]LogSavePackage: Save=17.41ms
[2017.11.30-01.29.07:645][121]LogSavePackage: Moving '../../../../../../Users/u1141916/Documents/GitHub/GrowthV2/GrowthV2/Rapid5/Saved/BP_CanInteractEF4CF4924BDF8198B24A31A9E3D00AD5.tmp' to '../../../../../../Users/u1141916/Documents/GitHub/GrowthV2/GrowthV2/Rapid5/Content/Objects/CanInteractObjects/BP_CanInteract.uasset'
[2017.11.30-01.29.07:648][121]LogSavePackage: Display: Finished SavePackage ../../../../../../Users/u1141916/Documents/GitHub/GrowthV2/GrowthV2/Rapid5/Content/Objects/CanInteractObjects/BP_CanInteract.uasset
[2017.11.30-01.29.24:862][832]LogTemp: Repeating last play command: Selected Viewport
[2017.11.30-01.29.24:886][832]LogBlueprintUserMessages: Early PlayInEditor Detection: Level '/Game/ThirdPersonCPP/Maps/ThirdPersonExampleMap.ThirdPersonExampleMap:PersistentLevel' has LevelScriptBlueprint '/Game/ThirdPersonCPP/Maps/ThirdPersonExampleMap.ThirdPersonExampleMap:PersistentLevel.ThirdPersonExampleMap' with GeneratedClass '/Game/ThirdPersonCPP/Maps/ThirdPersonExampleMap.ThirdPersonExampleMap_C' with ClassGeneratedBy '/Game/ThirdPersonCPP/Maps/ThirdPersonExampleMap.ThirdPersonExampleMap:PersistentLevel.ThirdPersonExampleMap'
[2017.11.30-01.29.24:886][832]BlueprintLog: New page: Pre-Play auto-recompile
[2017.11.30-01.29.24:890][832]LogPlayLevel: [PlayLevel] Compiling BP_CanInteract before play...
[2017.11.30-01.29.25:289][832]LogPlayLevel: PlayLevel: Blueprint regeneration took 403 ms (1 blueprints)
[2017.11.30-01.29.25:290][832]PIE: New page: PIE session: ThirdPersonExampleMap (Nov 29, 2017, 11:29:25 AM)
[2017.11.30-01.29.25:290][832]LogPlayLevel: Creating play world package: /Game/ThirdPersonCPP/Maps/UEDPIE_0_ThirdPersonExampleMap
[2017.11.30-01.29.25:307][832]LogPlayLevel: PIE: StaticDuplicateObject took: (0.017494s)
[2017.11.30-01.29.25:308][832]LogAIModule: Creating AISystem for world ThirdPersonExampleMap
[2017.11.30-01.29.25:308][832]LogPlayLevel: PIE: World Init took: (0.001079s)
[2017.11.30-01.29.25:309][832]LogPlayLevel: PIE: Created PIE world by copying editor world from /Game/ThirdPersonCPP/Maps/ThirdPersonExampleMap.ThirdPersonExampleMap to /Game/ThirdPersonCPP/Maps/UEDPIE_0_ThirdPersonExampleMap.ThirdPersonExampleMap (0.018873s)
[2017.11.30-01.29.25:334][832]LogInit: XAudio2 using 'DELL UZ2315H-8 (NVIDIA High Definition Audio)' : 2 channels at 48 kHz using 16 bits per sample (channel mask 0x3)
[2017.11.30-01.29.25:342][832]LogInit: FAudioDevice initialized.
[2017.11.30-01.29.25:374][832]LogLoad: Game class is 'MyGameMode_C'
[2017.11.30-01.29.25:375][832]LogWorld: Bringing World /Game/ThirdPersonCPP/Maps/UEDPIE_0_ThirdPersonExampleMap.ThirdPersonExampleMap up for play (max tick rate 0) at 2017.11.29-18.29.25
[2017.11.30-01.29.25:375][832]LogWorld: Bringing up level for play took: 0.001502
[2017.11.30-01.29.25:376][832]LogSpawn: Warning: SpawnActor failed because no class was specified
[2017.11.30-01.29.25:376][832]PIE: Play in editor start time for /Game/ThirdPersonCPP/Maps/UEDPIE_0_ThirdPersonExampleMap 1.382
[2017.11.30-01.29.25:377][832]LogBlueprintUserMessages: Late PlayInEditor Detection: Level '/Game/ThirdPersonCPP/Maps/ThirdPersonExampleMap.ThirdPersonExampleMap:PersistentLevel' has LevelScriptBlueprint '/Game/ThirdPersonCPP/Maps/ThirdPersonExampleMap.ThirdPersonExampleMap:PersistentLevel.ThirdPersonExampleMap' with GeneratedClass '/Game/ThirdPersonCPP/Maps/ThirdPersonExampleMap.ThirdPersonExampleMap_C' with ClassGeneratedBy '/Game/ThirdPersonCPP/Maps/ThirdPersonExampleMap.ThirdPersonExampleMap:PersistentLevel.ThirdPersonExampleMap'
[2017.11.30-01.29.41:481][762]LogScript: Warning: Accessed None trying to read property CallFunc_BreakHitResult_HitActor
	ThirdPersonCharacter_C /Game/ThirdPersonCPP/Maps/UEDPIE_0_ThirdPersonExampleMap.ThirdPersonExampleMap:PersistentLevel.ThirdPersonCharacter_2
	Function /Game/ThirdPersonCPP/Blueprints/ThirdPersonCharacter.ThirdPersonCharacter_C:ExecuteUbergraph_ThirdPersonCharacter:01C0
[2017.11.30-01.29.41:481][762]PIE: Error: Blueprint Runtime Error: Accessed None trying to read property CallFunc_BreakHitResult_HitActor from function: 'ExecuteUbergraph_ThirdPersonCharacter' from node: Branch in graph: EventGraph in object: ThirdPersonCharacter with description: Accessed None trying to read property CallFunc_BreakHitResult_HitActor
[2017.11.30-01.29.42:016][826]LogBlueprintUserMessages: Early EndPlayMap Detection: Level '/Game/ThirdPersonCPP/Maps/ThirdPersonExampleMap.ThirdPersonExampleMap:PersistentLevel' has LevelScriptBlueprint '/Game/ThirdPersonCPP/Maps/ThirdPersonExampleMap.ThirdPersonExampleMap:PersistentLevel.ThirdPersonExampleMap' with GeneratedClass '/Game/ThirdPersonCPP/Maps/ThirdPersonExampleMap.ThirdPersonExampleMap_C' with ClassGeneratedBy '/Game/ThirdPersonCPP/Maps/ThirdPersonExampleMap.ThirdPersonExampleMap:PersistentLevel.ThirdPersonExampleMap'
[2017.11.30-01.29.42:048][826]LogBlueprintUserMessages: Late EndPlayMap Detection: Level '/Game/ThirdPersonCPP/Maps/ThirdPersonExampleMap.ThirdPersonExampleMap:PersistentLevel' has LevelScriptBlueprint '/Game/ThirdPersonCPP/Maps/ThirdPersonExampleMap.ThirdPersonExampleMap:PersistentLevel.ThirdPersonExampleMap' with GeneratedClass '/Game/ThirdPersonCPP/Maps/ThirdPersonExampleMap.ThirdPersonExampleMap_C' with ClassGeneratedBy '/Game/ThirdPersonCPP/Maps/ThirdPersonExampleMap.ThirdPersonExampleMap:PersistentLevel.ThirdPersonExampleMap'
[2017.11.30-01.30.37:642][968]LogActorFactory: Actor Factory created Cone
[2017.11.30-01.31.05:358][929]BlueprintLog: New page: Compile CannotInteract
[2017.11.30-01.31.10:916][517]LogSavePackage: Save=28.14ms
[2017.11.30-01.31.10:916][517]LogSavePackage: Moving '../../../../../../Users/u1141916/Documents/GitHub/GrowthV2/GrowthV2/Rapid5/Saved/CannotInteractE4F07823462C506F417D6987FCBA4600.tmp' to '../../../../../../Users/u1141916/Documents/GitHub/GrowthV2/GrowthV2/Rapid5/Content/Objects/CannotInteractObjects/CannotInteract.uasset'
[2017.11.30-01.31.10:920][517]LogSavePackage: Display: Finished SavePackage ../../../../../../Users/u1141916/Documents/GitHub/GrowthV2/GrowthV2/Rapid5/Content/Objects/CannotInteractObjects/CannotInteract.uasset
[2017.11.30-01.31.11:122][527]LogSavePackage: Save=16.58ms
[2017.11.30-01.31.11:122][527]LogSavePackage: Moving '../../../../../../Users/u1141916/Documents/GitHub/GrowthV2/GrowthV2/Rapid5/Saved/CannotInteractEEBDF02B48DBB4B188322AAEAE6A6165.tmp' to '../../../../../../Users/u1141916/Documents/GitHub/GrowthV2/GrowthV2/Rapid5/Content/Objects/CannotInteractObjects/CannotInteract.uasset'
[2017.11.30-01.31.11:124][527]LogSavePackage: Display: Finished SavePackage ../../../../../../Users/u1141916/Documents/GitHub/GrowthV2/GrowthV2/Rapid5/Content/Objects/CannotInteractObjects/CannotInteract.uasset
[2017.11.30-01.31.11:257][531]LogSavePackage: Save=18.36ms
[2017.11.30-01.31.11:257][531]LogSavePackage: Moving '../../../../../../Users/u1141916/Documents/GitHub/GrowthV2/GrowthV2/Rapid5/Saved/CannotInteractA97AA78242858048C30ACAB8209F9D00.tmp' to '../../../../../../Users/u1141916/Documents/GitHub/GrowthV2/GrowthV2/Rapid5/Content/Objects/CannotInteractObjects/CannotInteract.uasset'
[2017.11.30-01.31.11:260][531]LogSavePackage: Display: Finished SavePackage ../../../../../../Users/u1141916/Documents/GitHub/GrowthV2/GrowthV2/Rapid5/Content/Objects/CannotInteractObjects/CannotInteract.uasset
[2017.11.30-01.31.13:348][746]LogActorComponent: UnregisterComponent: (/Engine/Transient.EditorFloorComp) Not registered. Aborting.
[2017.11.30-01.31.13:414][746]LogActorComponent: UnregisterComponent: (/Engine/Transient.EditorFloorComp) Not registered. Aborting.
[2017.11.30-01.31.20:067][502]LogTemp: Repeating last play command: Selected Viewport
[2017.11.30-01.31.20:084][502]LogBlueprintUserMessages: Early PlayInEditor Detection: Level '/Game/ThirdPersonCPP/Maps/ThirdPersonExampleMap.ThirdPersonExampleMap:PersistentLevel' has LevelScriptBlueprint '/Game/ThirdPersonCPP/Maps/ThirdPersonExampleMap.ThirdPersonExampleMap:PersistentLevel.ThirdPersonExampleMap' with GeneratedClass '/Game/ThirdPersonCPP/Maps/ThirdPersonExampleMap.ThirdPersonExampleMap_C' with ClassGeneratedBy '/Game/ThirdPersonCPP/Maps/ThirdPersonExampleMap.ThirdPersonExampleMap:PersistentLevel.ThirdPersonExampleMap'
[2017.11.30-01.31.20:085][502]LogPlayLevel: PlayLevel: No blueprints needed recompiling
[2017.11.30-01.31.20:085][502]PIE: New page: PIE session: ThirdPersonExampleMap (Nov 29, 2017, 11:31:20 AM)
[2017.11.30-01.31.20:085][502]LogPlayLevel: Creating play world package: /Game/ThirdPersonCPP/Maps/UEDPIE_0_ThirdPersonExampleMap
[2017.11.30-01.31.20:104][502]LogPlayLevel: PIE: StaticDuplicateObject took: (0.018973s)
[2017.11.30-01.31.20:104][502]LogAIModule: Creating AISystem for world ThirdPersonExampleMap
[2017.11.30-01.31.20:105][502]LogPlayLevel: PIE: World Init took: (0.000765s)
[2017.11.30-01.31.20:105][502]LogPlayLevel: PIE: Created PIE world by copying editor world from /Game/ThirdPersonCPP/Maps/ThirdPersonExampleMap.ThirdPersonExampleMap to /Game/ThirdPersonCPP/Maps/UEDPIE_0_ThirdPersonExampleMap.ThirdPersonExampleMap (0.020045s)
[2017.11.30-01.31.20:135][502]LogInit: XAudio2 using 'DELL UZ2315H-8 (NVIDIA High Definition Audio)' : 2 channels at 48 kHz using 16 bits per sample (channel mask 0x3)
[2017.11.30-01.31.20:142][502]LogInit: FAudioDevice initialized.
[2017.11.30-01.31.20:175][502]LogLoad: Game class is 'MyGameMode_C'
[2017.11.30-01.31.20:178][502]LogWorld: Bringing World /Game/ThirdPersonCPP/Maps/UEDPIE_0_ThirdPersonExampleMap.ThirdPersonExampleMap up for play (max tick rate 0) at 2017.11.29-18.31.20
[2017.11.30-01.31.20:178][502]LogWorld: Bringing up level for play took: 0.001923
[2017.11.30-01.31.20:178][502]LogSpawn: Warning: SpawnActor failed because no class was specified
[2017.11.30-01.31.20:179][502]PIE: Play in editor start time for /Game/ThirdPersonCPP/Maps/UEDPIE_0_ThirdPersonExampleMap 0.186
[2017.11.30-01.31.20:179][502]LogBlueprintUserMessages: Late PlayInEditor Detection: Level '/Game/ThirdPersonCPP/Maps/ThirdPersonExampleMap.ThirdPersonExampleMap:PersistentLevel' has LevelScriptBlueprint '/Game/ThirdPersonCPP/Maps/ThirdPersonExampleMap.ThirdPersonExampleMap:PersistentLevel.ThirdPersonExampleMap' with GeneratedClass '/Game/ThirdPersonCPP/Maps/ThirdPersonExampleMap.ThirdPersonExampleMap_C' with ClassGeneratedBy '/Game/ThirdPersonCPP/Maps/ThirdPersonExampleMap.ThirdPersonExampleMap:PersistentLevel.ThirdPersonExampleMap'
[2017.11.30-01.31.28:076][446]LogBlueprintUserMessages: Early EndPlayMap Detection: Level '/Game/ThirdPersonCPP/Maps/ThirdPersonExampleMap.ThirdPersonExampleMap:PersistentLevel' has LevelScriptBlueprint '/Game/ThirdPersonCPP/Maps/ThirdPersonExampleMap.ThirdPersonExampleMap:PersistentLevel.ThirdPersonExampleMap' with GeneratedClass '/Game/ThirdPersonCPP/Maps/ThirdPersonExampleMap.ThirdPersonExampleMap_C' with ClassGeneratedBy '/Game/ThirdPersonCPP/Maps/ThirdPersonExampleMap.ThirdPersonExampleMap:PersistentLevel.ThirdPersonExampleMap'
[2017.11.30-01.31.28:113][446]LogBlueprintUserMessages: Late EndPlayMap Detection: Level '/Game/ThirdPersonCPP/Maps/ThirdPersonExampleMap.ThirdPersonExampleMap:PersistentLevel' has LevelScriptBlueprint '/Game/ThirdPersonCPP/Maps/ThirdPersonExampleMap.ThirdPersonExampleMap:PersistentLevel.ThirdPersonExampleMap' with GeneratedClass '/Game/ThirdPersonCPP/Maps/ThirdPersonExampleMap.ThirdPersonExampleMap_C' with ClassGeneratedBy '/Game/ThirdPersonCPP/Maps/ThirdPersonExampleMap.ThirdPersonExampleMap:PersistentLevel.ThirdPersonExampleMap'
[2017.11.30-01.31.31:921][898]LogEditorViewport: Clicking on Actor (context menu): StaticMeshActor (Floor)
[2017.11.30-01.31.32:797][990]LogEditorViewport: Clicking on Actor (LMB): StaticMeshActor (Floor)
[2017.11.30-01.31.35:572][306]LogEditorViewport: Clicking on Actor (LMB): BP_CanInteract_C (BP_CanInteract)
[2017.11.30-01.31.52:735][353]LogEditorViewport: Clicking on Actor (LMB): CannotInteract_C (CannotInteract)
[2017.11.30-01.32.04:993][801]LogTemp: Repeating last play command: Selected Viewport
[2017.11.30-01.32.05:012][801]LogBlueprintUserMessages: Early PlayInEditor Detection: Level '/Game/ThirdPersonCPP/Maps/ThirdPersonExampleMap.ThirdPersonExampleMap:PersistentLevel' has LevelScriptBlueprint '/Game/ThirdPersonCPP/Maps/ThirdPersonExampleMap.ThirdPersonExampleMap:PersistentLevel.ThirdPersonExampleMap' with GeneratedClass '/Game/ThirdPersonCPP/Maps/ThirdPersonExampleMap.ThirdPersonExampleMap_C' with ClassGeneratedBy '/Game/ThirdPersonCPP/Maps/ThirdPersonExampleMap.ThirdPersonExampleMap:PersistentLevel.ThirdPersonExampleMap'
[2017.11.30-01.32.05:012][801]LogPlayLevel: PlayLevel: No blueprints needed recompiling
[2017.11.30-01.32.05:012][801]PIE: New page: PIE session: ThirdPersonExampleMap (Nov 29, 2017, 11:32:05 AM)
[2017.11.30-01.32.05:012][801]LogPlayLevel: Creating play world package: /Game/ThirdPersonCPP/Maps/UEDPIE_0_ThirdPersonExampleMap
[2017.11.30-01.32.05:033][801]LogPlayLevel: PIE: StaticDuplicateObject took: (0.020982s)
[2017.11.30-01.32.05:034][801]LogAIModule: Creating AISystem for world ThirdPersonExampleMap
[2017.11.30-01.32.05:034][801]LogPlayLevel: PIE: World Init took: (0.000839s)
[2017.11.30-01.32.05:035][801]LogPlayLevel: PIE: Created PIE world by copying editor world from /Game/ThirdPersonCPP/Maps/ThirdPersonExampleMap.ThirdPersonExampleMap to /Game/ThirdPersonCPP/Maps/UEDPIE_0_ThirdPersonExampleMap.ThirdPersonExampleMap (0.022133s)
[2017.11.30-01.32.05:062][801]LogInit: XAudio2 using 'DELL UZ2315H-8 (NVIDIA High Definition Audio)' : 2 channels at 48 kHz using 16 bits per sample (channel mask 0x3)
[2017.11.30-01.32.05:068][801]LogInit: FAudioDevice initialized.
[2017.11.30-01.32.05:098][801]LogLoad: Game class is 'MyGameMode_C'
[2017.11.30-01.32.05:100][801]LogWorld: Bringing World /Game/ThirdPersonCPP/Maps/UEDPIE_0_ThirdPersonExampleMap.ThirdPersonExampleMap up for play (max tick rate 0) at 2017.11.29-18.32.05
[2017.11.30-01.32.05:100][801]LogWorld: Bringing up level for play took: 0.002152
[2017.11.30-01.32.05:101][801]LogSpawn: Warning: SpawnActor failed because no class was specified
[2017.11.30-01.32.05:102][801]PIE: Play in editor start time for /Game/ThirdPersonCPP/Maps/UEDPIE_0_ThirdPersonExampleMap -0.891
[2017.11.30-01.32.05:102][801]LogBlueprintUserMessages: Late PlayInEditor Detection: Level '/Game/ThirdPersonCPP/Maps/ThirdPersonExampleMap.ThirdPersonExampleMap:PersistentLevel' has LevelScriptBlueprint '/Game/ThirdPersonCPP/Maps/ThirdPersonExampleMap.ThirdPersonExampleMap:PersistentLevel.ThirdPersonExampleMap' with GeneratedClass '/Game/ThirdPersonCPP/Maps/ThirdPersonExampleMap.ThirdPersonExampleMap_C' with ClassGeneratedBy '/Game/ThirdPersonCPP/Maps/ThirdPersonExampleMap.ThirdPersonExampleMap:PersistentLevel.ThirdPersonExampleMap'
[2017.11.30-01.32.27:281][457]LogBlueprintUserMessages: Early EndPlayMap Detection: Level '/Game/ThirdPersonCPP/Maps/ThirdPersonExampleMap.ThirdPersonExampleMap:PersistentLevel' has LevelScriptBlueprint '/Game/ThirdPersonCPP/Maps/ThirdPersonExampleMap.ThirdPersonExampleMap:PersistentLevel.ThirdPersonExampleMap' with GeneratedClass '/Game/ThirdPersonCPP/Maps/ThirdPersonExampleMap.ThirdPersonExampleMap_C' with ClassGeneratedBy '/Game/ThirdPersonCPP/Maps/ThirdPersonExampleMap.ThirdPersonExampleMap:PersistentLevel.ThirdPersonExampleMap'
[2017.11.30-01.32.27:315][457]LogBlueprintUserMessages: Late EndPlayMap Detection: Level '/Game/ThirdPersonCPP/Maps/ThirdPersonExampleMap.ThirdPersonExampleMap:PersistentLevel' has LevelScriptBlueprint '/Game/ThirdPersonCPP/Maps/ThirdPersonExampleMap.ThirdPersonExampleMap:PersistentLevel.ThirdPersonExampleMap' with GeneratedClass '/Game/ThirdPersonCPP/Maps/ThirdPersonExampleMap.ThirdPersonExampleMap_C' with ClassGeneratedBy '/Game/ThirdPersonCPP/Maps/ThirdPersonExampleMap.ThirdPersonExampleMap:PersistentLevel.ThirdPersonExampleMap'
[2017.11.30-01.33.08:047][943]LogSavePackage: Save=162.33ms
[2017.11.30-01.33.08:048][943]LogSavePackage: Moving '../../../../../../Users/u1141916/Documents/GitHub/GrowthV2/GrowthV2/Rapid5/Saved/ThirdPersonExampleMap_Auto17BCB48F44AEB81D6988FB08099D9F5E6.tmp' to '../../../../../../Users/u1141916/Documents/GitHub/GrowthV2/GrowthV2/Rapid5/Saved/Autosaves/Game/ThirdPersonCPP/Maps/ThirdPersonExampleMap_Auto1.umap'
[2017.11.30-01.33.08:050][943]LogSavePackage: Display: Finished SavePackage ../../../../../../Users/u1141916/Documents/GitHub/GrowthV2/GrowthV2/Rapid5/Saved/Autosaves/Game/ThirdPersonCPP/Maps/ThirdPersonExampleMap_Auto1.umap
[2017.11.30-01.33.08:056][943]LogFileHelpers: Editor autosave (incl. sublevels) for '/Game/ThirdPersonCPP/Maps/ThirdPersonExampleMap' took 0.212
[2017.11.30-01.33.08:056][943]LogFileHelpers: Editor autosave (incl. sublevels) for all levels took 0.212
[2017.11.30-01.34.53:841][418]LogTemp: Repeating last play command: Selected Viewport
[2017.11.30-01.34.53:857][418]LogBlueprintUserMessages: Early PlayInEditor Detection: Level '/Game/ThirdPersonCPP/Maps/ThirdPersonExampleMap.ThirdPersonExampleMap:PersistentLevel' has LevelScriptBlueprint '/Game/ThirdPersonCPP/Maps/ThirdPersonExampleMap.ThirdPersonExampleMap:PersistentLevel.ThirdPersonExampleMap' with GeneratedClass '/Game/ThirdPersonCPP/Maps/ThirdPersonExampleMap.ThirdPersonExampleMap_C' with ClassGeneratedBy '/Game/ThirdPersonCPP/Maps/ThirdPersonExampleMap.ThirdPersonExampleMap:PersistentLevel.ThirdPersonExampleMap'
[2017.11.30-01.34.53:858][418]LogPlayLevel: PlayLevel: No blueprints needed recompiling
[2017.11.30-01.34.53:858][418]PIE: New page: PIE session: ThirdPersonExampleMap (Nov 29, 2017, 11:34:53 AM)
[2017.11.30-01.34.53:858][418]LogPlayLevel: Creating play world package: /Game/ThirdPersonCPP/Maps/UEDPIE_0_ThirdPersonExampleMap
[2017.11.30-01.34.53:877][418]LogPlayLevel: PIE: StaticDuplicateObject took: (0.019199s)
[2017.11.30-01.34.53:878][418]LogAIModule: Creating AISystem for world ThirdPersonExampleMap
[2017.11.30-01.34.53:878][418]LogPlayLevel: PIE: World Init took: (0.000617s)
[2017.11.30-01.34.53:878][418]LogPlayLevel: PIE: Created PIE world by copying editor world from /Game/ThirdPersonCPP/Maps/ThirdPersonExampleMap.ThirdPersonExampleMap to /Game/ThirdPersonCPP/Maps/UEDPIE_0_ThirdPersonExampleMap.ThirdPersonExampleMap (0.020098s)
[2017.11.30-01.34.53:901][418]LogInit: XAudio2 using 'DELL UZ2315H-8 (NVIDIA High Definition Audio)' : 2 channels at 48 kHz using 16 bits per sample (channel mask 0x3)
[2017.11.30-01.34.53:908][418]LogInit: FAudioDevice initialized.
[2017.11.30-01.34.53:935][418]LogLoad: Game class is 'MyGameMode_C'
[2017.11.30-01.34.53:938][418]LogWorld: Bringing World /Game/ThirdPersonCPP/Maps/UEDPIE_0_ThirdPersonExampleMap.ThirdPersonExampleMap up for play (max tick rate 0) at 2017.11.29-18.34.53
[2017.11.30-01.34.53:938][418]LogWorld: Bringing up level for play took: 0.001631
[2017.11.30-01.34.53:938][418]LogSpawn: Warning: SpawnActor failed because no class was specified
[2017.11.30-01.34.53:939][418]PIE: Play in editor start time for /Game/ThirdPersonCPP/Maps/UEDPIE_0_ThirdPersonExampleMap -0.052
[2017.11.30-01.34.53:939][418]LogBlueprintUserMessages: Late PlayInEditor Detection: Level '/Game/ThirdPersonCPP/Maps/ThirdPersonExampleMap.ThirdPersonExampleMap:PersistentLevel' has LevelScriptBlueprint '/Game/ThirdPersonCPP/Maps/ThirdPersonExampleMap.ThirdPersonExampleMap:PersistentLevel.ThirdPersonExampleMap' with GeneratedClass '/Game/ThirdPersonCPP/Maps/ThirdPersonExampleMap.ThirdPersonExampleMap_C' with ClassGeneratedBy '/Game/ThirdPersonCPP/Maps/ThirdPersonExampleMap.ThirdPersonExampleMap:PersistentLevel.ThirdPersonExampleMap'
[2017.11.30-01.35.31:483][  2]LogBlueprintUserMessages: Early EndPlayMap Detection: Level '/Game/ThirdPersonCPP/Maps/ThirdPersonExampleMap.ThirdPersonExampleMap:PersistentLevel' has LevelScriptBlueprint '/Game/ThirdPersonCPP/Maps/ThirdPersonExampleMap.ThirdPersonExampleMap:PersistentLevel.ThirdPersonExampleMap' with GeneratedClass '/Game/ThirdPersonCPP/Maps/ThirdPersonExampleMap.ThirdPersonExampleMap_C' with ClassGeneratedBy '/Game/ThirdPersonCPP/Maps/ThirdPersonExampleMap.ThirdPersonExampleMap:PersistentLevel.ThirdPersonExampleMap'
[2017.11.30-01.35.31:523][  2]LogBlueprintUserMessages: Late EndPlayMap Detection: Level '/Game/ThirdPersonCPP/Maps/ThirdPersonExampleMap.ThirdPersonExampleMap:PersistentLevel' has LevelScriptBlueprint '/Game/ThirdPersonCPP/Maps/ThirdPersonExampleMap.ThirdPersonExampleMap:PersistentLevel.ThirdPersonExampleMap' with GeneratedClass '/Game/ThirdPersonCPP/Maps/ThirdPersonExampleMap.ThirdPersonExampleMap_C' with ClassGeneratedBy '/Game/ThirdPersonCPP/Maps/ThirdPersonExampleMap.ThirdPersonExampleMap:PersistentLevel.ThirdPersonExampleMap'
