"../../../RapidPrototype5/Content/TestLevel_BuiltData.uasset" 0
"../../../RapidPrototype5/Content/Audio/bridgemoving2.uasset" 1
"../../../RapidPrototype5/Content/Audio/button_click2.uasset" 2
"../../../RapidPrototype5/Content/Audio/grapple_fails2.uasset" 3
"../../../RapidPrototype5/Content/Geometry/Meshes/CubeMaterial.uasset" 4
"../../../RapidPrototype5/Content/Geometry/Meshes/1M_Cube_Chamfer.uasset" 5
"../../../RapidPrototype5/Content/Mannequin/Character/Mesh/UE4_Mannequin_Skeleton.uasset" 6
"../../../RapidPrototype5/Content/Mannequin/Animations/ThirdPersonJump_End.uasset" 7
"../../../Engine/Content/Functions/Engine_MaterialFunctions01/Opacity/CameraDepthFade.uasset" 8
"../../../Engine/Content/EngineMaterials/T_Default_Material_Grid_M.uasset" 9
"../../../Engine/Content/EngineMaterials/T_Default_Material_Grid_N.uasset" 10
"../../../Engine/Content/EngineMaterials/DefaultMaterial.uasset" 11
"../../../Engine/Content/BasicShapes/Cone.uasset" 12
"../../../RapidPrototype5/Content/Objects/CannotGrapple/BP_CannotGrapple.uasset" 13
"../../../RapidPrototype5/Content/ThirdPerson/Meshes/RampMaterial.uasset" 14
"../../../RapidPrototype5/Content/ThirdPerson/Meshes/Bump_StaticMesh.uasset" 15
"../../../RapidPrototype5/Content/ThirdPersonCPP/Blueprints/BP_SwingAnchors.uasset" 16
"../../../RapidPrototype5/Content/ThirdPersonCPP/Blueprints/BP_Mouse.uasset" 17
"../../../RapidPrototype5/Content/Mannequin/Animations/ThirdPerson_Jump.uasset" 18
"../../../RapidPrototype5/Content/Mannequin/Animations/ThirdPersonJump_Loop.uasset" 19
"../../../RapidPrototype5/Content/Mannequin/Animations/ThirdPersonJump_Start.uasset" 20
"../../../RapidPrototype5/Content/Mannequin/Animations/ThirdPersonIdle.uasset" 21
"../../../RapidPrototype5/Content/Mannequin/Animations/ThirdPersonRun.uasset" 22
"../../../RapidPrototype5/Content/Mannequin/Animations/ThirdPersonWalk.uasset" 23
"../../../RapidPrototype5/Content/Mannequin/Animations/ThirdPerson_IdleRun_2D.uasset" 24
"../../../Engine/Content/EditorBlueprintResources/StandardMacros.uasset" 25
"../../../RapidPrototype5/Content/Mannequin/Animations/ThirdPerson_AnimBP.uasset" 26
"../../../RapidPrototype5/Content/TrevorsShit/Character/GeoSkelRealUVs_Skeleton.uasset" 27
"../../../RapidPrototype5/Content/TrevorsShit/Character/Animations/grapplePull.uasset" 28
"../../../RapidPrototype5/Content/TrevorsShit/Character/Animations/jumpFall3.uasset" 29
"../../../RapidPrototype5/Content/TrevorsShit/Character/Animations/swing.uasset" 30
"../../../RapidPrototype5/Content/TrevorsShit/Character/Animations/idle.uasset" 31
"../../../RapidPrototype5/Content/TrevorsShit/Character/Animations/run.uasset" 32
"../../../RapidPrototype5/Content/TrevorsShit/Character/Animations/IdleRun.uasset" 33
"../../../RapidPrototype5/Content/TrevorsShit/Character/AlienAnimBP.uasset" 34
"../../../RapidPrototype5/Content/ThirdPersonCPP/Blueprints/SplineComponent.uasset" 35
"../../../RapidPrototype5/Content/Audio/grapple_connects2.uasset" 36
"../../../RapidPrototype5/Content/Audio/pulling_towards_object2.uasset" 37
"../../../RapidPrototype5/Content/Audio/shoot_grapple2.uasset" 38
"../../../Engine/Content/Functions/Engine_MaterialFunctions02/Utility/BlendAngleCorrectedNormals.uasset" 39
"../../../Engine/Content/Functions/MaterialLayerFunctions/MatLayerBlend_NormalBlend.uasset" 40
"../../../Engine/Content/Functions/MaterialLayerFunctions/MatLayerBlend_Simple.uasset" 41
"../../../RapidPrototype5/Content/Mannequin/Character/Materials/MaterialLayers/T_ML_Rubber_Blue_01_D.uasset" 42
"../../../RapidPrototype5/Content/Mannequin/Character/Materials/MaterialLayers/T_ML_Rubber_Blue_01_N.uasset" 43
"../../../RapidPrototype5/Content/Mannequin/Character/Materials/MaterialLayers/ML_GlossyBlack_Latex_UE4.uasset" 44
"../../../RapidPrototype5/Content/Mannequin/Character/Materials/MaterialLayers/ML_Plastic_Shiny_Beige.uasset" 45
"../../../RapidPrototype5/Content/Mannequin/Character/Textures/UE4_LOGO_CARD.uasset" 46
"../../../RapidPrototype5/Content/Mannequin/Character/Materials/MaterialLayers/ML_Plastic_Shiny_Beige_LOGO.uasset" 47
"../../../RapidPrototype5/Content/Mannequin/Character/Materials/MaterialLayers/T_ML_Aluminum01.uasset" 48
"../../../RapidPrototype5/Content/Mannequin/Character/Materials/MaterialLayers/T_ML_Aluminum01_N.uasset" 49
"../../../RapidPrototype5/Content/Mannequin/Character/Materials/MaterialLayers/ML_SoftMetal_UE4.uasset" 50
"../../../RapidPrototype5/Content/Mannequin/Character/Textures/UE4_Mannequin__normals.uasset" 51
"../../../RapidPrototype5/Content/Mannequin/Character/Textures/UE4_Mannequin_MAT_MASKA.uasset" 52
"../../../RapidPrototype5/Content/Mannequin/Character/Materials/M_UE4Man_Body.uasset" 53
"../../../RapidPrototype5/Content/Mannequin/Character/Textures/UE4Man_Logo_N.uasset" 54
"../../../RapidPrototype5/Content/Mannequin/Character/Materials/M_UE4Man_ChestLogo.uasset" 55
"../../../RapidPrototype5/Content/Mannequin/Character/Mesh/SK_Mannequin_PhysicsAsset.uasset" 56
"../../../RapidPrototype5/Content/Mannequin/Character/Mesh/SK_Mannequin.uasset" 57
"../../../RapidPrototype5/Content/ThirdPersonCPP/Web/BeamEmitter.uasset" 58
"../../../RapidPrototype5/Content/TrevorsShit/GrappleBeam/beam1.uasset" 59
"../../../RapidPrototype5/Content/TrevorsShit/GrappleBeam/beam2.uasset" 60
"../../../RapidPrototype5/Content/TrevorsShit/GrappleBeam/BeamEmitterMaterial.uasset" 61
"../../../RapidPrototype5/Content/TrevorsShit/GrappleBeam/BeamEmitterForGrapple.uasset" 62
"../../../RapidPrototype5/Content/ThirdPersonCPP/Blueprints/ThirdPersonCharacter.uasset" 63
"../../../RapidPrototype5/Content/ThirdPersonCPP/Blueprints/PlayerGameMode.uasset" 64
"../../../Engine/Content/VREditor/Teleport/TeleportDirectionMaterial.uasset" 65
"../../../Engine/Content/EngineMaterials/WorldGridMaterial.uasset" 66
"../../../Engine/Content/BasicShapes/Cube.uasset" 67
"../../../RapidPrototype5/Content/ThirdPersonCPP/Blueprints/TESTBP.uasset" 68
"../../../RapidPrototype5/Content/ThirdPersonCPP/Web/M_web.uasset" 69
"../../../Engine/Content/BasicShapes/BasicShapeMaterial.uasset" 70
"../../../RapidPrototype5/Content/TrevorsShit/EVERYTHING.uasset" 71
"../../../RapidPrototype5/Content/TrevorsShit/Character/GeoAndMats/latestGeoForAlien_CapeMat_BaseColor.uasset" 72
"../../../RapidPrototype5/Content/TrevorsShit/Character/GeoAndMats/CapeMat.uasset" 73
"../../../RapidPrototype5/Content/TrevorsShit/Character/GeoAndMats/latestGeoForAlien_DressMat_BaseColor.uasset" 74
"../../../RapidPrototype5/Content/TrevorsShit/Character/GeoAndMats/DressMat.uasset" 75
"../../../RapidPrototype5/Content/TrevorsShit/Character/GeoAndMats/latestGeoForAlien_lambert1_BaseColor.uasset" 76
"../../../RapidPrototype5/Content/TrevorsShit/Character/GeoAndMats/lambert2.uasset" 77
"../../../RapidPrototype5/Content/TrevorsShit/Models/ShippingContainers/boxs_lambert1_Metallic.uasset" 78
"../../../RapidPrototype5/Content/TrevorsShit/Models/ShippingContainers/boxs_lambert1_Roughness.uasset" 79
"../../../RapidPrototype5/Content/TrevorsShit/Models/ShippingContainers/blinn5.uasset" 80
"../../../RapidPrototype5/Content/TrevorsShit/Character/GeoSkelRealUVs_PhysicsAsset.uasset" 81
"../../../RapidPrototype5/Content/TrevorsShit/Character/GeoSkelRealUVs.uasset" 82
"../../../RapidPrototype5/Content/TrevorsShit/Character/Alien1.uasset" 83
"../../../RapidPrototype5/Content/TrevorsShit/Character/Animations/jumpIdle.uasset" 84
"../../../RapidPrototype5/Content/TrevorsShit/Character/Animations/IdleJump.uasset" 85
"../../../RapidPrototype5/Content/TrevorsShit/Character/Animations/jumpFall.uasset" 86
"../../../RapidPrototype5/Content/TrevorsShit/Character/Animations/jumpRun.uasset" 87
"../../../RapidPrototype5/Content/TrevorsShit/Character/Animations/jumpFall2.uasset" 88
"../../../RapidPrototype5/Content/TrevorsShit/Character/Animations/RunJump.uasset" 89
"../../../RapidPrototype5/Content/TrevorsShit/Character/GeoAndMats/shiny.uasset" 90
"../../../RapidPrototype5/Content/TrevorsShit/Models/Beam/lazer.uasset" 91
"../../../RapidPrototype5/Content/TrevorsShit/GrappleBeam/BackupMaterialForDaBeam.uasset" 92
"../../../RapidPrototype5/Content/TrevorsShit/Models/Boxes/littlebox1_lambert1_BaseColor.uasset" 93
"../../../RapidPrototype5/Content/TrevorsShit/Models/Boxes/blinn3.uasset" 94
"../../../RapidPrototype5/Content/TrevorsShit/Models/Boxes/box1.uasset" 95
"../../../RapidPrototype5/Content/TrevorsShit/Models/Boxes/box1_lambert1_BaseColor.uasset" 96
"../../../RapidPrototype5/Content/TrevorsShit/Models/Boxes/boxs_blue_BaseColor.uasset" 97
"../../../RapidPrototype5/Content/TrevorsShit/Models/Boxes/boxs_green_BaseColor.uasset" 98
"../../../RapidPrototype5/Content/TrevorsShit/Models/Bridge/E.uasset" 99
"../../../RapidPrototype5/Content/TrevorsShit/Models/Pipe/pype4_lambert1_BaseColor.uasset" 100
"../../../RapidPrototype5/Content/TrevorsShit/Models/Pipe/blinn4.uasset" 101
"../../../RapidPrototype5/Content/TrevorsShit/Models/Pipe/allPipes_pPipe76.uasset" 102
"../../../RapidPrototype5/Content/TrevorsShit/Models/Pipe/pype3_lambert1_BaseColor.uasset" 103
"../../../RapidPrototype5/Content/TrevorsShit/Models/Pipe/blinn3.uasset" 104
"../../../RapidPrototype5/Content/TrevorsShit/Models/Pipe/allPipes_pPipe81.uasset" 105
"../../../RapidPrototype5/Content/TrevorsShit/Models/ShippingContainers/boxs_lambert1_Normal.uasset" 106
"../../../RapidPrototype5/Content/TrevorsShit/Models/ShippingContainers/newbox2.uasset" 107
"../../../RapidPrototype5/Content/TrevorsShit/Models/ShippingContainers/blinn4_3.uasset" 108
"../../../RapidPrototype5/Content/TrevorsShit/Models/ShippingContainers/newbox3.uasset" 109
"../../../RapidPrototype5/Content/TrevorsShit/Models/ShippingContainers/blinn4_4.uasset" 110
"../../../RapidPrototype5/Content/TrevorsShit/Models/ShippingContainers/blinn6.uasset" 111
"../../../RapidPrototype5/Content/TrevorsShit/Models/ShippingContainers/blinn7.uasset" 112
"../../../RapidPrototype5/Content/TrevorsShit/Models/ShippingContainers/boxs_lambert1_Height.uasset" 113
"../../../RapidPrototype5/Content/TrevorsShit/Models/UFO/201713133_2.uasset" 114
"../../../Engine/Plugins/2D/Paper2D/Content/DefaultSpriteMaterial.uasset" 115
"../../../Engine/Plugins/2D/Paper2D/Content/TranslucentUnlitSpriteMaterial.uasset" 116
"../../../RapidPrototype5/Content/TrevorsShit/Models/UFO/201713133_3.uasset" 117
"../../../RapidPrototype5/Content/TrevorsShit/Models/UFO/201713133_3_Sprite.uasset" 118
"../../../RapidPrototype5/Content/TrevorsShit/Models/UFO/Jo.uasset" 119
"../../../RapidPrototype5/Content/TrevorsShit/Models/UFO/ufolight1.uasset" 120
"../../../RapidPrototype5/Content/TrevorsShit/Models/UFO/ufolight1__1_.uasset" 121
"../../../RapidPrototype5/Content/TrevorsShit/Models/UFO/ufolight2.uasset" 122
"../../../Engine/Content/BasicShapes/Plane.uasset" 123
"../../../Engine/Content/EditorLandscapeResources/DataLayer.uasset" 124
"../../../Engine/Content/EditorMaterials/GizmoMaterial.uasset" 125
"../../../Engine/Content/EditorMaterials/MAT_Groups_Toggle.uasset" 126
"../../../Engine/Content/EditorMaterials/MAT_Groups_Visibility.uasset" 127
"../../../Engine/Content/EditorMaterials/PreviewShadowIndicator.uasset" 128
"../../../Engine/Content/EditorMaterials/PreviewShadowIndicatorMaterial.uasset" 129
"../../../Engine/Content/EditorMaterials/MatineeGroups/MAT_ColorTrack.uasset" 130
"../../../Engine/Content/EditorMaterials/MatineeGroups/MAT_Groups_Anim.uasset" 131
"../../../Engine/Content/EditorMaterials/MatineeGroups/MAT_Groups_AudioMaster.uasset" 132
"../../../Engine/Content/EditorMaterials/MatineeGroups/MAT_Groups_Director.uasset" 133
"../../../Engine/Content/EditorMaterials/MatineeGroups/MAT_Groups_Event.uasset" 134
"../../../Engine/Content/EditorMaterials/MatineeGroups/MAT_Groups_Fade.uasset" 135
"../../../Engine/Content/EditorMaterials/MatineeGroups/MAT_Groups_Float.uasset" 136
"../../../Engine/Content/EditorMaterials/MatineeGroups/MAT_Groups_Move.uasset" 137
"../../../Engine/Content/EditorMaterials/MatineeGroups/MAT_Groups_Slomo.uasset" 138
"../../../Engine/Content/EditorMaterials/MatineeGroups/MAT_Groups_Sound.uasset" 139
"../../../Engine/Content/EditorMaterials/MatineeGroups/MAT_Groups_Vector.uasset" 140
"../../../Engine/Content/EditorMaterials/ParticleSystems/PSysThumbnail_NoImage.uasset" 141
"../../../Engine/Content/EditorMaterials/ParticleSystems/PSysThumbnail_OOD.uasset" 142
"../../../Engine/Content/EditorMaterials/Camera/CineMat.uasset" 143
"../../../Engine/Content/EditorMaterials/Camera/MI_CineMat_Rig.uasset" 144
"../../../Engine/Content/EditorMeshes/Camera/SM_CraneRig_Arm.uasset" 145
"../../../Engine/Content/EditorMeshes/Camera/SM_CraneRig_Base.uasset" 146
"../../../Engine/Content/EditorMeshes/Camera/SM_CraneRig_Body.uasset" 147
"../../../Engine/Content/EditorMeshes/Camera/SM_CraneRig_Mount.uasset" 148
"../../../Engine/Content/EditorMeshes/Camera/SM_RailRig_Mount.uasset" 149
"../../../Engine/Content/EditorMeshes/Camera/SM_RailRig_Track.uasset" 150
"../../../Engine/Content/EditorMeshes/ColorCalibrator/M_ChromeBall.uasset" 151
"../../../Engine/Content/EditorMeshes/ColorCalibrator/M_ClearCoat.uasset" 152
"../../../Engine/Content/EditorMeshes/ColorCalibrator/M_ClearCoatBlack.uasset" 153
"../../../Engine/Content/EditorMeshes/ColorCalibrator/Color_checker.uasset" 154
"../../../Engine/Content/EditorMeshes/ColorCalibrator/M_ColorGrid.uasset" 155
"../../../Engine/Content/EditorMeshes/ColorCalibrator/M_GreyBall.uasset" 156
"../../../Engine/Content/EditorMeshes/ColorCalibrator/SM_ColorCalibrator.uasset" 157
"../../../Engine/Content/EditorResources/BSPVertex.uasset" 158
"../../../Engine/Content/EditorResources/EmptyActor.uasset" 159
"../../../Engine/Content/EditorResources/S_Actor.uasset" 160
"../../../Engine/Content/EditorResources/S_Trigger.uasset" 161
"../../../Engine/Content/EditorResources/AudioIcons/S_AudioComponent_AutoActivate.uasset" 162
"../../../Engine/Content/EditorResources/LightIcons/S_LightError.uasset" 163
"../../../Engine/Content/EditorResources/SequenceRecorder/Countdown.uasset" 164
"../../../Engine/Content/EditorResources/SequenceRecorder/RecordingIndicator.uasset" 165
"../../../Engine/Content/EditorSounds/Notifications/CompileFailed.uasset" 166
"../../../Engine/Content/EditorSounds/Notifications/CompileFailed_Cue.uasset" 167
"../../../Engine/Content/EditorSounds/Notifications/CompileSuccess.uasset" 168
"../../../Engine/Content/EditorSounds/Notifications/CompileStart_Cue.uasset" 169
"../../../Engine/Content/EditorSounds/Notifications/CompileSuccess_Cue.uasset" 170
"../../../Engine/Content/EngineDamageTypes/DmgTypeBP_Environmental.uasset" 171
"../../../Engine/Content/EngineDebugMaterials/HeatmapGradient.uasset" 172
"../../../Engine/Content/EngineDebugMaterials/BoneWeightMaterial.uasset" 173
"../../../Engine/Content/EngineDebugMaterials/ClothMaterial.uasset" 174
"../../../Engine/Content/EngineDebugMaterials/ClothMaterial_WF.uasset" 175
"../../../Engine/Content/EngineDebugMaterials/DebugEditorMaterial.uasset" 176
"../../../Engine/Content/EngineDebugMaterials/DebugMeshMaterial.uasset" 177
"../../../Engine/Content/EngineDebugMaterials/GeomMaterial.uasset" 178
"../../../Engine/Content/EngineFonts/Faces/RobotoBold.uasset" 179
"../../../Engine/Content/EngineFonts/Faces/RobotoBoldItalic.uasset" 180
"../../../Engine/Content/EngineFonts/Faces/RobotoItalic.uasset" 181
"../../../Engine/Content/EngineFonts/Faces/RobotoLight.uasset" 182
"../../../Engine/Content/EngineFonts/Faces/RobotoRegular.uasset" 183
"../../../Engine/Content/EngineFonts/Roboto.uasset" 184
"../../../Engine/Content/EngineFonts/Faces/RobotoTiny.uasset" 185
"../../../Engine/Content/EngineFonts/RobotoTiny.uasset" 186
"../../../Engine/Content/EngineMaterials/DefaultBloomKernel.uasset" 187
"../../../Engine/Content/EngineMaterials/DefaultBokeh.uasset" 188
"../../../Engine/Content/EngineMaterials/DefaultDiffuse.uasset" 189
"../../../Engine/Content/EngineMaterials/DefaultDeferredDecalMaterial.uasset" 190
"../../../Engine/Content/EngineMaterials/DefaultLightFunctionMaterial.uasset" 191
"../../../Engine/Content/EngineMaterials/DefaultPhysicalMaterial.uasset" 192
"../../../Engine/Content/Functions/Engine_MaterialFunctions02/Utility/BreakOutFloat2Components.uasset" 193
"../../../Engine/Content/EngineMaterials/DefaultPostProcessMaterial.uasset" 194
"../../../Engine/Content/EngineFonts/RobotoDistanceField.uasset" 195
"../../../Engine/Content/EngineMaterials/DefaultTextMaterialOpaque.uasset" 196
"../../../Engine/Content/EngineMaterials/DefaultWhiteGrid.uasset" 197
"../../../Engine/Content/EngineMaterials/EditorBrushMaterial.uasset" 198
"../../../Engine/Content/EngineMaterials/Good64x64TilingNoiseHighFreq.uasset" 199
"../../../Engine/Content/EngineMaterials/MiniFont.uasset" 200
"../../../Engine/Content/EngineMaterials/InvalidLightmapSettings.uasset" 201
"../../../Engine/Content/EngineMaterials/M_InvalidLightmapSettings.uasset" 202
"../../../Engine/Content/Functions/Engine_MaterialFunctions02/WorldPositionOffset/CameraOffset.uasset" 203
"../../../Engine/Content/EngineMaterials/PhAT_JointLimitMaterial.uasset" 204
"../../../Engine/Content/EngineMaterials/PreintegratedSkinBRDF.uasset" 205
"../../../Engine/Content/EngineMaterials/RemoveSurfaceMaterial.uasset" 206
"../../../Engine/Content/EngineMaterials/WeightMapPlaceholderTexture.uasset" 207
"../../../Engine/Content/EngineResources/WhiteSquareTexture.uasset" 208
"../../../Engine/Content/EngineMaterials/Widget3DPassThrough.uasset" 209
"../../../Engine/Content/EngineMaterials/Widget3DPassThrough_Masked.uasset" 210
"../../../Engine/Content/EngineMaterials/Widget3DPassThrough_Opaque.uasset" 211
"../../../Engine/Content/EngineMaterials/Widget3DPassThrough_Masked_OneSided.uasset" 212
"../../../Engine/Content/EngineMaterials/Widget3DPassThrough_Opaque_OneSided.uasset" 213
"../../../Engine/Content/EngineMaterials/Widget3DPassThrough_Translucent.uasset" 214
"../../../Engine/Content/EngineMaterials/Widget3DPassThrough_Translucent_OneSided.uasset" 215
"../../../Engine/Content/EngineMeshes/Cube.uasset" 216
"../../../Engine/Content/EngineMeshes/Cylinder.uasset" 217
"../../../Engine/Content/EngineMeshes/Sphere.uasset" 218
"../../../Engine/Content/EngineResources/Black.uasset" 219
"../../../Engine/Content/EngineResources/DefaultTexture.uasset" 220
"../../../Engine/Content/EngineResources/DefaultTextureCube.uasset" 221
"../../../Engine/Content/EngineResources/GradientTexture0.uasset" 222
"../../../Engine/Content/EngineSounds/Master.uasset" 223
"../../../Engine/Content/Functions/Engine_MaterialFunctions01/Shading/ConvertFromDiffSpec.uasset" 224
"../../../Engine/Content/Functions/Engine_MaterialFunctions01/Shading/PowerToRoughness.uasset" 225
"../../../Engine/Content/Maps/Templates/Thumbnails/Default.uasset" 226
"../../../Engine/Content/Maps/Templates/Thumbnails/VR-Basic.uasset" 227
"../../../Engine/Content/MobileResources/T_MobileControls_texture.uasset" 228
"../../../Engine/Content/MobileResources/T_MobileMenu2.uasset" 229
"../../../Engine/Content/MobileResources/HUD/AnalogHat.uasset" 230
"../../../Engine/Content/MobileResources/HUD/VirtualJoystick_Background.uasset" 231
"../../../Engine/Content/MobileResources/HUD/VirtualJoystick_Thumb.uasset" 232
"../../../Engine/Content/MobileResources/HUD/DefaultVirtualJoysticks.uasset" 233
"../../../Engine/Content/MobileResources/HUD/LeftVirtualJoystickOnly.uasset" 234
"../../../Engine/Content/MobileResources/HUD/MobileHUDButton1_off.uasset" 235
"../../../Engine/Content/MobileResources/HUD/MobileHUDButton1_on.uasset" 236
"../../../Engine/Content/MobileResources/HUD/MobileHUDButton2_off.uasset" 237
"../../../Engine/Content/MobileResources/HUD/MobileHUDButton2_on.uasset" 238
"../../../Engine/Content/MobileResources/HUD/MobileHUDButton3.uasset" 239
"../../../Engine/Content/MobileResources/HUD/MobileHUDButtonFire.uasset" 240
"../../../Engine/Content/MobileResources/HUD/MobileHUDDirectionPad.uasset" 241
"../../../Engine/Content/MobileResources/HUD/MobileHUDDirectionPad2.uasset" 242
"../../../Engine/Content/MobileResources/HUD/MobileHUDDirectionPad3.uasset" 243
"../../../Engine/Content/MobileResources/HUD/MobileHUDDirectionStick.uasset" 244
"../../../Engine/Content/MobileResources/HUD/T_Castle_ThumbstickInner.uasset" 245
"../../../Engine/Content/MobileResources/HUD/T_Castle_ThumbstickOutter.uasset" 246
"../../../Engine/Content/Tutorial/ContentIntroCurve.uasset" 247
"../../../Engine/Content/Tutorial/Basics/TutorialAssets/icon_tab_Levels_40x.uasset" 248
"../../../Engine/Content/Tutorial/BlueprintTutorials/TutorialAssets/BlueprintInterface_64x.uasset" 249
"../../../Engine/Content/Tutorial/BlueprintTutorials/TutorialAssets/BlueprintMacroLibrary_64x.uasset" 250
"../../../Engine/Content/Tutorial/BlueprintTutorials/TutorialAssets/Blueprint_64x.uasset" 251
"../../../Engine/Content/Tutorial/BlueprintTutorials/TutorialAssets/Tutorial_BP_Interface.uasset" 252
"../../../Engine/Content/Tutorial/Foliage/TutorialAssets/Foliage.uasset" 253
"../../../Engine/Content/Tutorial/Landscape/TutorialAssets/Landscape.uasset" 254
"../../../Engine/Content/Tutorial/Paper2D/TutorialAssets/Paper2DFlipbook_TutorialIcon.uasset" 255
"../../../Engine/Content/Tutorial/Paper2D/TutorialAssets/Paper2DSprite_TutorialIcon.uasset" 256
"../../../Engine/Content/Tutorial/SubEditors/TutorialAssets/icon_Editor_Preferences_General_40x.uasset" 257
"../../../Engine/Content/Tutorial/SubEditors/TutorialAssets/icon_ShowSkeletalMeshes_40x.uasset" 258
"../../../Engine/Content/Tutorial/SubEditors/TutorialAssets/TutorialMaterial.uasset" 259
"../../../Engine/Content/Tutorial/SubEditors/TutorialAssets/T_SmokeSubUV_8X8.uasset" 260
"../../../Engine/Content/Tutorial/SubEditors/TutorialAssets/T_soft_smoke.uasset" 261
"../../../Engine/Content/Tutorial/SubEditors/TutorialAssets/M_smoke_subUV_blackbody.uasset" 262
"../../../Engine/Content/Tutorial/SubEditors/TutorialAssets/TutorialParticleSystem.uasset" 263
"../../../Engine/Content/VREditor/Devices/Generic/GenericHMDMaterial.uasset" 264
"../../../Engine/Content/VREditor/Devices/Generic/GenericHMD.uasset" 265
"../../../Engine/Content/VREditor/FloatingText/LineMaterial.uasset" 266
"../../../Engine/Content/VREditor/FloatingText/JointSphere.uasset" 267
"../../../Engine/Content/VREditor/FloatingText/LineSegmentCylinder.uasset" 268
"../../../Engine/Content/VREditor/Fonts/VRText_RobotoLarge.uasset" 269
"../../../Engine/Content/VREditor/Fonts/VRTextMaterial.uasset" 270
"../../../Engine/Content/VREditor/Fonts/TranslucentVRTextMaterial.uasset" 271
"../../../Engine/Content/VREditor/LaserPointer/CursorPointer.uasset" 272
"../../../Engine/Content/VREditor/LaserPointer/VR_LaserPower_01.uasset" 273
"../../../Engine/Content/VREditor/TransformGizmo/TransformGizmoMaterial.uasset" 274
"../../../Engine/Content/VREditor/LaserPointer/HoverMaterial.uasset" 275
"../../../Engine/Content/VREditor/TransformGizmo/TranslucentTransformGizmoMaterial.uasset" 276
"../../../Engine/Content/VREditor/LaserPointer/TranslucentHoverMaterial.uasset" 277
"../../../Engine/Content/VREditor/LaserPointer/HoverMesh.uasset" 278
"../../../Engine/Content/VREditor/LaserPointer/LaserPointerMaterial.uasset" 279
"../../../Engine/Content/VREditor/LaserPointer/LaserPointerMaterialInst.uasset" 280
"../../../Engine/Content/VREditor/LaserPointer/TranslucentLaserPointerMaterialInst.uasset" 281
"../../../Engine/Content/VREditor/LaserPointer/LaserPointerMesh.uasset" 282
"../../../Engine/Content/VREditor/LaserPointer/LaserPointerMesh_End.uasset" 283
"../../../Engine/Content/VREditor/LaserPointer/LaserPointerMesh_Start.uasset" 284
"../../../Engine/Content/Functions/Engine_MaterialFunctions02/Utility/BreakOutFloat3Components.uasset" 285
"../../../Engine/Content/Functions/Engine_MaterialFunctions02/Math/Transform3x3Matrix.uasset" 286
"../../../Engine/Content/Functions/Engine_MaterialFunctions02/SplitComponents.uasset" 287
"../../../Engine/Content/Functions/Engine_MaterialFunctions02/Utility/MakeFloat3.uasset" 288
"../../../Engine/Content/VREditor/SnapGrid/SnapGridMaterial.uasset" 289
"../../../Engine/Content/VREditor/SnapGrid/SnapGridPlaneMesh.uasset" 290
"../../../Engine/Content/VREditor/Sounds/VR_teleport.uasset" 291
"../../../Engine/Content/VREditor/Sounds/UI/Click_on_Button_Cue.uasset" 292
"../../../Engine/Content/VREditor/Sounds/UI/Dockable_Window_Close.uasset" 293
"../../../Engine/Content/VREditor/Sounds/UI/Dockable_Window_Drop.uasset" 294
"../../../Engine/Content/VREditor/Sounds/UI/Dockable_Window_Open.uasset" 295
"../../../Engine/Content/VREditor/Sounds/UI/Dockable_Window_Pick_Up.uasset" 296
"../../../Engine/Content/VREditor/Sounds/UI/Drop_Item_From_ContentBrowser.uasset" 297
"../../../Engine/Content/VREditor/Sounds/UI/Floating_UI_Open-001.uasset" 298
"../../../Engine/Content/VREditor/Sounds/UI/Gizmo_Handle_Clicked.uasset" 299
"../../../Engine/Content/VREditor/Sounds/UI/Object_PickUp.uasset" 300
"../../../Engine/Content/VREditor/Sounds/UI/Object_Snaps_To_Another_Actor.uasset" 301
"../../../Engine/Content/VREditor/Sounds/UI/Object_Snaps_To_Grid.uasset" 302
"../../../Engine/Content/VREditor/Sounds/UI/Radial_Menu_FadeOut.uasset" 303
"../../../Engine/Content/VREditor/Sounds/UI/Scaling_Down.uasset" 304
"../../../Engine/Content/VREditor/Sounds/UI/Scaling_Up.uasset" 305
"../../../Engine/Content/VREditor/Sounds/UI/Selection_Changes.uasset" 306
"../../../Engine/Content/VREditor/Sounds/UI/Teleport_Mode_Entered.uasset" 307
"../../../Engine/Content/VREditor/Teleport/TeleportDirectionMaterial_Inst.uasset" 308
"../../../Engine/Content/VREditor/Teleport/TeleportDirectionMesh.uasset" 309
"../../../Engine/Content/VREditor/TransformGizmo/BoundingBoxCorner.uasset" 310
"../../../Engine/Content/VREditor/TransformGizmo/BoundingBoxEdge.uasset" 311
"../../../Engine/Content/VREditor/TransformGizmo/PlaneTranslationHandle.uasset" 312
"../../../Engine/Content/VREditor/TransformGizmo/RotationHandleFull.uasset" 313
"../../../Engine/Content/VREditor/TransformGizmo/RotationHandleIndicator.uasset" 314
"../../../Engine/Content/VREditor/TransformGizmo/RotationHandleQuarter.uasset" 315
"../../../Engine/Content/VREditor/TransformGizmo/Main.uasset" 316
"../../../Engine/Content/VREditor/TransformGizmo/Xray.uasset" 317
"../../../Engine/Content/VREditor/TransformGizmo/SM_Dialog_Close.uasset" 318
"../../../Engine/Content/VREditor/TransformGizmo/SM_Dialog_Move.uasset" 319
"../../../Engine/Content/VREditor/TransformGizmo/SM_Sequencer_Key.uasset" 320
"../../../Engine/Content/VREditor/TransformGizmo/SM_Sequencer_Node.uasset" 321
"../../../Engine/Content/VREditor/TransformGizmo/StartRotationHandleIndicator.uasset" 322
"../../../Engine/Content/VREditor/TransformGizmo/TranslucentTransformGizmoMaterial_Inst.uasset" 323
"../../../Engine/Content/VREditor/TransformGizmo/TransformGizmoFreeRotation.uasset" 324
"../../../Engine/Content/VREditor/TransformGizmo/TransformGizmoMaterial_Inst.uasset" 325
"../../../Engine/Content/VREditor/TransformGizmo/TranslateArrowHandle.uasset" 326
"../../../Engine/Content/VREditor/TransformGizmo/UniformScaleHandle.uasset" 327
"../../../Engine/Content/VREditor/UI/KeyDiskMaterial.uasset" 328
"../../../Engine/Content/VREditor/UI/DiscMaterial.uasset" 329
"../../../Engine/Content/VREditor/UI/SM_Radial_Disk.uasset" 330
"../../../Engine/Content/Functions/Engine_MaterialFunctions01/Gradient/RadialGradient.uasset" 331
"../../../Engine/Content/VREditor/WorldMovementGrid/SimpleGrid.uasset" 332
"../../../Engine/Content/VREditor/WorldMovementGrid/GridMaterial.uasset" 333
"../../../Engine/Content/Functions/Engine_MaterialFunctions01/Density/ExponentialDensity.uasset" 334
"../../../Engine/Content/VREditor/WorldMovementGrid/GridPostProcess.uasset" 335
"../../../Engine/Content/EditorLandscapeResources/FlattenHeightMat.uasset" 336
"../../../Engine/Content/VREditor/WorldMovementGrid/PlaneMesh.uasset" 337
"../../../Engine/Plugins/2D/Paper2D/Content/PlaceholderTextures/DummySpriteTexture.uasset" 338
"../../../Engine/Plugins/2D/Paper2D/Content/DummySprite.uasset" 339
"../../../Engine/Plugins/2D/Paper2D/Content/DefaultPaperTerrainMaterial.uasset" 340
"../../../Engine/Plugins/2D/Paper2D/Content/MaskedUnlitSpriteMaterial.uasset" 341
"../../../Engine/Plugins/2D/Paper2D/Content/OpaqueUnlitSpriteMaterial.uasset" 342
"../../../Engine/Plugins/Media/MediaCompositing/Content/DefaultMediaPlaneMaterial.uasset" 343
"../../../Engine/Content/Functions/Engine_MaterialFunctions01/Texturing/ScaleUVsByCenter.uasset" 344
"../../../Engine/Content/Functions/Engine_MaterialFunctions02/Utility/MakeFloat4.uasset" 345
"../../../Engine/Plugins/Runtime/AppleARKit/Content/ARKitCameraMaterial.uasset" 346
"../../../Engine/Plugins/Runtime/Oculus/OculusVR/Content/Textures/GearVRController_AO.uasset" 347
"../../../Engine/Plugins/Runtime/Oculus/OculusVR/Content/Textures/GearVRController_Color.uasset" 348
"../../../Engine/Plugins/Runtime/Oculus/OculusVR/Content/Textures/GearVRController_Normal.uasset" 349
"../../../Engine/Plugins/Runtime/Oculus/OculusVR/Content/Materials/GearVRControllerMaterial.uasset" 350
"../../../Engine/Plugins/Runtime/Oculus/OculusVR/Content/Meshes/GearVrController.uasset" 351
"../../../RapidPrototype5/Content/ThirdPersonCPP/Blueprints/tBox.uasset" 352
"../../../Engine/Content/EngineSky/C_Sky_Cloud_Color.uasset" 353
"../../../Engine/Content/EngineSky/C_Sky_Horizon_Color.uasset" 354
"../../../Engine/Content/EngineSky/C_Sky_Zenith_Color.uasset" 355
"../../../Engine/Content/EngineSky/T_Sky_Blue.uasset" 356
"../../../Engine/Content/EngineSky/T_Sky_Clouds_M.uasset" 357
"../../../Engine/Content/EngineSky/T_Sky_Stars.uasset" 358
"../../../Engine/Content/EngineSky/M_Sky_Panning_Clouds2.uasset" 359
"../../../Engine/Content/EngineSky/SM_SkySphere.uasset" 360
"../../../Engine/Content/EngineSky/BP_Sky_Sphere.uasset" 361
"../../../RapidPrototype5/Content/Objects/CanGrapple/BP_Grapple.uasset" 362
"../../../RapidPrototype5/Content/TrevorsShit/Models/Beam/blinn1.uasset" 363
"../../../RapidPrototype5/Content/TrevorsShit/Models/Bridge/textureB.uasset" 364
"../../../RapidPrototype5/Content/TrevorsShit/Models/Bridge/textureB2.uasset" 365
"../../../RapidPrototype5/Content/TrevorsShit/Models/Bridge/blinn3.uasset" 366
"../../../RapidPrototype5/Content/TrevorsShit/Models/ShippingContainers/boxs_blue_BaseColor.uasset" 367
"../../../RapidPrototype5/Content/TrevorsShit/Models/ShippingContainers/blinn1.uasset" 368
"../../../RapidPrototype5/Content/TrevorsShit/Models/ShippingContainers/boxs_green_BaseColor.uasset" 369
"../../../RapidPrototype5/Content/TrevorsShit/Models/ShippingContainers/blinn1_2.uasset" 370
"../../../RapidPrototype5/Content/TrevorsShit/Models/ShippingContainers/boxs_lambert1_BaseColor.uasset" 371
"../../../RapidPrototype5/Content/TrevorsShit/Models/ShippingContainers/blinn1_3.uasset" 372
"../../../RapidPrototype5/Content/TrevorsShit/Models/ShippingContainers/box1_lambert1_BaseColor.uasset" 373
"../../../RapidPrototype5/Content/TrevorsShit/Models/ShippingContainers/blinn4.uasset" 374
"../../../RapidPrototype5/Content/TrevorsShit/Models/ShippingContainers/newbox1.uasset" 375
"../../../RapidPrototype5/Content/TrevorsShit/Models/ShippingContainers/blinn4_2.uasset" 376
"../../../RapidPrototype5/Content/TrevorsShit/Models/Warehouse/wallsMaterial.uasset" 377
"../../../RapidPrototype5/Content/Audio/backgroundmusic2.uasset" 378
"../../../RapidPrototype5/Content/Audio/backgroundMusicCue.uasset" 379
"../../../RapidPrototype5/Content/Geometry/Meshes/TemplateFloor.uasset" 380
"../../../RapidPrototype5/Content/TrevorsShit/Models/Beam/laserBeam.uasset" 381
"../../../RapidPrototype5/Content/TrevorsShit/Models/Boxes/blinn5.uasset" 382
"../../../RapidPrototype5/Content/TrevorsShit/Models/Boxes/box2.uasset" 383
"../../../RapidPrototype5/Content/TrevorsShit/Models/Boxes/platforms1_defaultPolygonShader_BaseColor.uasset" 384
"../../../RapidPrototype5/Content/TrevorsShit/Models/Boxes/blinn1.uasset" 385
"../../../RapidPrototype5/Content/TrevorsShit/Models/Boxes/platforms2_defaultPolygonShader_BaseColor.uasset" 386
"../../../RapidPrototype5/Content/TrevorsShit/Models/Boxes/blinn4.uasset" 387
"../../../RapidPrototype5/Content/TrevorsShit/Models/Boxes/longBox1.uasset" 388
"../../../RapidPrototype5/Content/TrevorsShit/Models/Boxes/blinn2.uasset" 389
"../../../RapidPrototype5/Content/TrevorsShit/Models/Boxes/longBox2.uasset" 390
"../../../RapidPrototype5/Content/TrevorsShit/Models/Boxes/longBox3.uasset" 391
"../../../RapidPrototype5/Content/TrevorsShit/Models/Bridge/bridge_pCylinder2.uasset" 392
"../../../RapidPrototype5/Content/TrevorsShit/Models/Bridge/lambert2.uasset" 393
"../../../RapidPrototype5/Content/TrevorsShit/Models/Bridge/bridge_pCylinder3.uasset" 394
"../../../RapidPrototype5/Content/TrevorsShit/Models/Button/button_defaultPolygonShader_BaseColor.uasset" 395
"../../../RapidPrototype5/Content/TrevorsShit/Models/Button/blinn1.uasset" 396
"../../../RapidPrototype5/Content/TrevorsShit/Models/Button/buttonAdjusted_polySurface1.uasset" 397
"../../../RapidPrototype5/Content/TrevorsShit/Models/Button/button2_defaultPolygonShader_BaseColor.uasset" 398
"../../../RapidPrototype5/Content/TrevorsShit/Models/Button/blinn2.uasset" 399
"../../../RapidPrototype5/Content/TrevorsShit/Models/Button/buttonAdjusted_polySurface2.uasset" 400
"../../../RapidPrototype5/Content/TrevorsShit/Models/Fog1.uasset" 401
"../../../RapidPrototype5/Content/TrevorsShit/Models/Fog_StaticMesh.uasset" 402
"../../../RapidPrototype5/Content/TrevorsShit/Models/Pipe/pype2_lambert1_BaseColor.uasset" 403
"../../../RapidPrototype5/Content/TrevorsShit/Models/Pipe/blinn2.uasset" 404
"../../../RapidPrototype5/Content/TrevorsShit/Models/Pipe/allPipes_pPipe79.uasset" 405
"../../../RapidPrototype5/Content/TrevorsShit/Models/ShippingContainers/_awesome.uasset" 406
"../../../RapidPrototype5/Content/TrevorsShit/Models/ShippingContainers/_blue.uasset" 407
"../../../RapidPrototype5/Content/TrevorsShit/Models/ShippingContainers/_green.uasset" 408
"../../../RapidPrototype5/Content/TrevorsShit/Models/ShippingContainers/_red.uasset" 409
"../../../RapidPrototype5/Content/TrevorsShit/Models/UFO/blinn4.uasset" 410
"../../../RapidPrototype5/Content/TrevorsShit/Models/UFO/ufo3_lambert1_BaseColor.uasset" 411
"../../../RapidPrototype5/Content/TrevorsShit/Models/UFO/blinn5.uasset" 412
"../../../RapidPrototype5/Content/TrevorsShit/Models/UFO/ufo4_defaultPolygonShader1_BaseColor.uasset" 413
"../../../RapidPrototype5/Content/TrevorsShit/Models/UFO/blinn6.uasset" 414
"../../../RapidPrototype5/Content/TrevorsShit/Models/UFO/lambert2.uasset" 415
"../../../RapidPrototype5/Content/TrevorsShit/Models/UFO/ufolight2__1_.uasset" 416
"../../../RapidPrototype5/Content/TrevorsShit/Models/UFO/ufoBeamMaterial.uasset" 417
"../../../RapidPrototype5/Content/TrevorsShit/Models/UFO/ufo_.uasset" 418
"../../../RapidPrototype5/Content/TrevorsShit/Models/Warehouse/warehouse.uasset" 419
"../../../RapidPrototype5/Content/Night.umap" 420
"../../../RapidPrototype5/Content/OldWorking.umap" 421
"../../../RapidPrototype5/Content/ThirdPersonCPP/Maps/ThirdPersonExampleMap_BuiltData.uasset" 422
"../../../Engine/Content/BasicShapes/Sphere.uasset" 423
"../../../RapidPrototype5/Content/Geometry/Meshes/1M_Cube.uasset" 424
"../../../RapidPrototype5/Content/ThirdPerson/Meshes/LeftArm_StaticMesh.uasset" 425
"../../../RapidPrototype5/Content/ThirdPerson/Meshes/Linear_Stair_StaticMesh.uasset" 426
"../../../RapidPrototype5/Content/ThirdPerson/Meshes/Ramp_StaticMesh.uasset" 427
"../../../RapidPrototype5/Content/ThirdPerson/Meshes/RightArm_StaticMesh.uasset" 428
"../../../RapidPrototype5/Content/ThirdPersonCPP/Maps/ThirdPersonExampleMap.umap" 429
"../../../RapidPrototype5/Content/TrevorsShit/Models/Pipe/pype1_lambert1_BaseColor.uasset" 430
"../../../RapidPrototype5/Content/TrevorsShit/Models/Pipe/blinn1.uasset" 431
"../../../RapidPrototype5/Content/TrevorsShit/Models/Pipe/allPipes_pPipe75.uasset" 432
"../../../RapidPrototype5/Content/TrevorsShit/Day.umap" 433
"../../../RapidPrototype5/Content/TrevorsShit/Models/Boxes/Test/littlebox1_lambert1_BaseColor.uasset" 434
"../../../RapidPrototype5/Content/TrevorsShit/Models/Boxes/Test/blinn1.uasset" 435
"../../../RapidPrototype5/Content/TrevorsShit/Models/Boxes/Test/littlebox2.uasset" 436
"../../../RapidPrototype5/Content/TrevorsShit/Models/Warehouse/lambert1.uasset" 437
"../../../RapidPrototype5/Content/TrevorsShit/Models/Warehouse/warehouseTallWIndows.uasset" 438
"../../../RapidPrototype5/Content/TrevorsShit/Night.umap" 439
"../../../RapidPrototype5/Content/TrevorsShit/TestLevel_BuiltData.uasset" 440
"../../../Engine/Content/BasicShapes/Cylinder.uasset" 441
"../../../RapidPrototype5/Content/TrevorsShit/TestLevel.umap" 442
"../../../Engine/Content/Maps/Entry.umap" 443
