Log file open, 11/30/17 13:17:08
LogWindows: Failed to load 'aqProf.dll' (GetLastError=126)
LogWindows: File 'aqProf.dll' does not exist
LogWindows: Failed to load 'VtuneApi.dll' (GetLastError=126)
LogWindows: File 'VtuneApi.dll' does not exist
LogWindows: Failed to load 'VtuneApi32e.dll' (GetLastError=126)
LogWindows: File 'VtuneApi32e.dll' does not exist
LogInit: Display: Running engine for game: RapidPrototype5
LogPlatformFile: Not using cached read wrapper
LogInit: Display: RandInit(1479784038) SRandInit(1479784039).
LogInit: Read version file with build ID '3709383'
LogInit: Overriding engine version to CL 3754814, compatible CL 3709383
LogInit: Registered custom module enumerator with build ID '3709383'
LogTaskGraph: Started task graph with 5 named threads and 14 total threads with 3 sets of task threads.
LogStats: Stats thread started at 0.159501
LogD3D11RHI: Aftermath initialized
LogPluginManager: Mounting plugin Paper2D
LogPluginManager: Mounting plugin LightPropagationVolume
LogPluginManager: Mounting plugin CodeLiteSourceCodeAccess
LogPluginManager: Mounting plugin GitSourceControl
LogPluginManager: Mounting plugin KDevelopSourceCodeAccess
LogPluginManager: Mounting plugin NullSourceCodeAccess
LogPluginManager: Mounting plugin PerforceSourceControl
LogPluginManager: Mounting plugin SubversionSourceControl
LogPluginManager: Mounting plugin UObjectPlugin
LogPluginManager: Mounting plugin VisualStudioCodeSourceCodeAccess
LogPluginManager: Mounting plugin VisualStudioSourceCodeAccess
LogPluginManager: Mounting plugin XCodeSourceCodeAccess
LogPluginManager: Mounting plugin AssetManagerEditor
LogPluginManager: Mounting plugin AudioCapture
LogPluginManager: Mounting plugin FacialAnimation
LogPluginManager: Mounting plugin GameplayTagsEditor
LogPluginManager: Mounting plugin MobileLauncherProfileWizard
LogPluginManager: Mounting plugin PluginBrowser
LogPluginManager: Mounting plugin SpeedTreeImporter
LogPluginManager: Mounting plugin AlembicImporter
LogPluginManager: Mounting plugin CharacterAI
LogPluginManager: Mounting plugin HTML5Networking
LogPluginManager: Mounting plugin AndroidMedia
LogPluginManager: Mounting plugin AvfMedia
LogPluginManager: Mounting plugin ImgMedia
LogPluginManager: Mounting plugin MediaCompositing
LogPluginManager: Mounting plugin MediaPlayerEditor
LogPluginManager: Mounting plugin WmfMedia
LogPluginManager: Mounting plugin TcpMessaging
LogPluginManager: Mounting plugin UdpMessaging
LogPluginManager: Mounting plugin ActorSequence
LogPluginManager: Mounting plugin LevelSequenceEditor
LogPluginManager: Mounting plugin MatineeToLevelSequence
LogPluginManager: Mounting plugin OnlineSubsystemGooglePlay
LogPluginManager: Mounting plugin OnlineSubsystemIOS
LogPluginManager: Mounting plugin OnlineSubsystem
LogPluginManager: Mounting plugin OnlineSubsystemNull
LogPluginManager: Mounting plugin OnlineSubsystemUtils
LogPluginManager: Mounting plugin AndroidDeviceProfileSelector
LogPluginManager: Mounting plugin AndroidMoviePlayer
LogPluginManager: Mounting plugin AndroidPermission
LogPluginManager: Mounting plugin AppleARKit
LogPluginManager: Mounting plugin AppleMoviePlayer
LogPluginManager: Mounting plugin ArchVisCharacter
LogPluginManager: Mounting plugin CableComponent
LogPluginManager: Mounting plugin CustomMeshComponent
LogPluginManager: Mounting plugin ExampleDeviceProfileSelector
LogPluginManager: Mounting plugin GoogleCloudMessaging
LogPluginManager: Mounting plugin ImmediatePhysics
LogPluginManager: Mounting plugin IOSDeviceProfileSelector
LogPluginManager: Mounting plugin LinuxDeviceProfileSelector
LogPluginManager: Mounting plugin LocationServicesBPLibrary
LogPluginManager: Mounting plugin MobilePatchingUtils
LogPluginManager: Mounting plugin OculusVR
LogPluginManager: Plugin shader directory ../../../Engine/Plugins/Runtime/Oculus/OculusVR/Shaders found
LogPluginManager: Mapping shader source directory ../../../Engine/Plugins/Runtime/Oculus/OculusVR/Shaders to virtual directory /Plugin/OculusVR
LogPluginManager: Mounting plugin PhysXVehicles
LogPluginManager: Mounting plugin ProceduralMeshComponent
LogPluginManager: Mounting plugin RuntimePhysXCooking
LogPluginManager: Mounting plugin SteamVR
LogPluginManager: Mounting plugin WindowsMoviePlayer
LogModuleManager: Warning: Module file ../../../../../../Users/u1166596/Desktop/Files/RapidPrototype/Game5/TestProject/RapidPrototype5/RapidPrototype5/Binaries/Win64/UE4Editor-RapidPrototype5-3350.dll is missing. This is likely a stale module that must be recompiled.
LogModuleManager: Display: Found up-to-date module file ../../../Engine/Plugins/2D/Paper2D/Binaries/Win64/UE4Editor-Paper2D.dll (API version 3709383).
LogModuleManager: Display: Found up-to-date module file ../../../Engine/Plugins/2D/Paper2D/Binaries/Win64/UE4Editor-Paper2DEditor.dll (API version 3709383).
LogModuleManager: Display: Found up-to-date module file ../../../Engine/Plugins/2D/Paper2D/Binaries/Win64/UE4Editor-PaperSpriteSheetImporter.dll (API version 3709383).
LogModuleManager: Display: Found up-to-date module file ../../../Engine/Plugins/2D/Paper2D/Binaries/Win64/UE4Editor-PaperTiledImporter.dll (API version 3709383).
LogModuleManager: Display: Found up-to-date module file ../../../Engine/Plugins/2D/Paper2D/Binaries/Win64/UE4Editor-SmartSnapping.dll (API version 3709383).
LogModuleManager: Display: Found up-to-date module file ../../../Engine/Plugins/Blendables/LightPropagationVolume/Binaries/Win64/UE4Editor-LightPropagationVolumeRuntime.dll (API version 3709383).
LogModuleManager: Display: Found up-to-date module file ../../../Engine/Plugins/Blendables/LightPropagationVolume/Binaries/Win64/UE4Editor-LightPropagationVolumeEditor.dll (API version 3709383).
LogModuleManager: Display: Found up-to-date module file ../../../Engine/Plugins/Developer/GitSourceControl/Binaries/Win64/UE4Editor-GitSourceControl.dll (API version 3709383).
LogModuleManager: Display: Found up-to-date module file ../../../Engine/Plugins/Developer/PerforceSourceControl/Binaries/Win64/UE4Editor-PerforceSourceControl.dll (API version 3709383).
LogModuleManager: Display: Found up-to-date module file ../../../Engine/Plugins/Developer/SubversionSourceControl/Binaries/Win64/UE4Editor-SubversionSourceControl.dll (API version 3709383).
LogModuleManager: Display: Found up-to-date module file ../../../Engine/Plugins/Developer/UObjectPlugin/Binaries/Win64/UE4Editor-UObjectPlugin.dll (API version 3709383).
LogModuleManager: Display: Found up-to-date module file ../../../Engine/Plugins/Developer/VisualStudioCodeSourceCodeAccess/Binaries/Win64/UE4Editor-VisualStudioCodeSourceCodeAccess.dll (API version 3709383).
LogModuleManager: Display: Found up-to-date module file ../../../Engine/Plugins/Developer/VisualStudioSourceCodeAccess/Binaries/Win64/UE4Editor-VisualStudioSourceCodeAccess.dll (API version 3709383).
LogModuleManager: Display: Found up-to-date module file ../../../Engine/Plugins/Editor/AssetManagerEditor/Binaries/Win64/UE4Editor-AssetManagerEditor.dll (API version 3709383).
LogModuleManager: Display: Found up-to-date module file ../../../Engine/Plugins/Editor/AudioCapture/Binaries/Win64/UE4Editor-AudioCapture.dll (API version 3709383).
LogModuleManager: Display: Found up-to-date module file ../../../Engine/Plugins/Editor/FacialAnimation/Binaries/Win64/UE4Editor-FacialAnimation.dll (API version 3709383).
LogModuleManager: Display: Found up-to-date module file ../../../Engine/Plugins/Editor/FacialAnimation/Binaries/Win64/UE4Editor-FacialAnimationEditor.dll (API version 3709383).
LogModuleManager: Display: Found up-to-date module file ../../../Engine/Plugins/Editor/GameplayTagsEditor/Binaries/Win64/UE4Editor-GameplayTagsEditor.dll (API version 3709383).
LogModuleManager: Display: Found up-to-date module file ../../../Engine/Plugins/Editor/MobileLauncherProfileWizard/Binaries/Win64/UE4Editor-MobileLauncherProfileWizard.dll (API version 3709383).
LogModuleManager: Display: Found up-to-date module file ../../../Engine/Plugins/Editor/PluginBrowser/Binaries/Win64/UE4Editor-PluginBrowser.dll (API version 3709383).
LogModuleManager: Display: Found up-to-date module file ../../../Engine/Plugins/Editor/SpeedTreeImporter/Binaries/Win64/UE4Editor-SpeedTreeImporter.dll (API version 3709383).
LogModuleManager: Display: Found up-to-date module file ../../../Engine/Plugins/Experimental/AlembicImporter/Binaries/Win64/UE4Editor-AlembicImporter.dll (API version 3709383).
LogModuleManager: Display: Found up-to-date module file ../../../Engine/Plugins/Experimental/AlembicImporter/Binaries/Win64/UE4Editor-AlembicLibrary.dll (API version 3709383).
LogModuleManager: Display: Found up-to-date module file ../../../Engine/Plugins/Experimental/CharacterAI/Binaries/Win64/UE4Editor-CharacterAI.dll (API version 3709383).
LogModuleManager: Display: Found up-to-date module file ../../../Engine/Plugins/Experimental/HTML5Networking/Binaries/Win64/UE4Editor-HTML5Networking.dll (API version 3709383).
LogModuleManager: Display: Found up-to-date module file ../../../Engine/Plugins/Media/AndroidMedia/Binaries/Win64/UE4Editor-AndroidMediaEditor.dll (API version 3709383).
LogModuleManager: Display: Found up-to-date module file ../../../Engine/Plugins/Media/AndroidMedia/Binaries/Win64/UE4Editor-AndroidMediaFactory.dll (API version 3709383).
LogModuleManager: Display: Found up-to-date module file ../../../Engine/Plugins/Media/AvfMedia/Binaries/Win64/UE4Editor-AvfMediaEditor.dll (API version 3709383).
LogModuleManager: Display: Found up-to-date module file ../../../Engine/Plugins/Media/AvfMedia/Binaries/Win64/UE4Editor-AvfMediaFactory.dll (API version 3709383).
LogModuleManager: Display: Found up-to-date module file ../../../Engine/Plugins/Media/AvfMedia/Binaries/Win64/UE4Editor-AvfMediaFactory.dll (API version 3709383).
LogModuleManager: Display: Found up-to-date module file ../../../Engine/Plugins/Media/ImgMedia/Binaries/Win64/UE4Editor-ImgMedia.dll (API version 3709383).
LogModuleManager: Display: Found up-to-date module file ../../../Engine/Plugins/Media/ImgMedia/Binaries/Win64/UE4Editor-ImgMediaEditor.dll (API version 3709383).
LogModuleManager: Display: Found up-to-date module file ../../../Engine/Plugins/Media/ImgMedia/Binaries/Win64/UE4Editor-ImgMediaFactory.dll (API version 3709383).
LogModuleManager: Display: Found up-to-date module file ../../../Engine/Plugins/Media/ImgMedia/Binaries/Win64/UE4Editor-ImgMediaFactory.dll (API version 3709383).
LogModuleManager: Display: Found up-to-date module file ../../../Engine/Plugins/Media/ImgMedia/Binaries/Win64/UE4Editor-OpenExrWrapper.dll (API version 3709383).
LogModuleManager: Display: Found up-to-date module file ../../../Engine/Plugins/Media/MediaCompositing/Binaries/Win64/UE4Editor-MediaCompositing.dll (API version 3709383).
LogModuleManager: Display: Found up-to-date module file ../../../Engine/Plugins/Media/MediaCompositing/Binaries/Win64/UE4Editor-MediaCompositingEditor.dll (API version 3709383).
LogModuleManager: Display: Found up-to-date module file ../../../Engine/Plugins/Media/MediaPlayerEditor/Binaries/Win64/UE4Editor-MediaPlayerEditor.dll (API version 3709383).
LogModuleManager: Display: Found up-to-date module file ../../../Engine/Plugins/Media/WmfMedia/Binaries/Win64/UE4Editor-WmfMedia.dll (API version 3709383).
LogModuleManager: Display: Found up-to-date module file ../../../Engine/Plugins/Media/WmfMedia/Binaries/Win64/UE4Editor-WmfMediaEditor.dll (API version 3709383).
LogModuleManager: Display: Found up-to-date module file ../../../Engine/Plugins/Media/WmfMedia/Binaries/Win64/UE4Editor-WmfMediaFactory.dll (API version 3709383).
LogModuleManager: Display: Found up-to-date module file ../../../Engine/Plugins/Media/WmfMedia/Binaries/Win64/UE4Editor-WmfMediaFactory.dll (API version 3709383).
LogModuleManager: Display: Found up-to-date module file ../../../Engine/Plugins/Messaging/TcpMessaging/Binaries/Win64/UE4Editor-TcpMessaging.dll (API version 3709383).
LogModuleManager: Display: Found up-to-date module file ../../../Engine/Plugins/Messaging/UdpMessaging/Binaries/Win64/UE4Editor-UdpMessaging.dll (API version 3709383).
LogModuleManager: Display: Found up-to-date module file ../../../Engine/Plugins/MovieScene/ActorSequence/Binaries/Win64/UE4Editor-ActorSequence.dll (API version 3709383).
LogModuleManager: Display: Found up-to-date module file ../../../Engine/Plugins/MovieScene/LevelSequenceEditor/Binaries/Win64/UE4Editor-LevelSequenceEditor.dll (API version 3709383).
LogModuleManager: Display: Found up-to-date module file ../../../Engine/Plugins/MovieScene/MatineeToLevelSequence/Binaries/Win64/UE4Editor-MatineeToLevelSequence.dll (API version 3709383).
LogModuleManager: Display: Found up-to-date module file ../../../Engine/Plugins/Online/OnlineSubsystem/Binaries/Win64/UE4Editor-OnlineSubsystem.dll (API version 3709383).
LogModuleManager: Display: Found up-to-date module file ../../../Engine/Plugins/Online/OnlineSubsystemNull/Binaries/Win64/UE4Editor-OnlineSubsystemNull.dll (API version 3709383).
LogModuleManager: Display: Found up-to-date module file ../../../Engine/Plugins/Online/OnlineSubsystemUtils/Binaries/Win64/UE4Editor-OnlineSubsystemUtils.dll (API version 3709383).
LogModuleManager: Display: Found up-to-date module file ../../../Engine/Plugins/Online/OnlineSubsystemUtils/Binaries/Win64/UE4Editor-OnlineBlueprintSupport.dll (API version 3709383).
LogModuleManager: Display: Found up-to-date module file ../../../Engine/Plugins/Runtime/AndroidDeviceProfileSelector/Binaries/Win64/UE4Editor-AndroidDeviceProfileSelector.dll (API version 3709383).
LogModuleManager: Display: Found up-to-date module file ../../../Engine/Plugins/Runtime/AndroidPermission/Binaries/Win64/UE4Editor-AndroidPermission.dll (API version 3709383).
LogModuleManager: Display: Found up-to-date module file ../../../Engine/Plugins/Runtime/AppleARKit/Binaries/Win64/UE4Editor-AppleARKit.dll (API version 3709383).
LogModuleManager: Display: Found up-to-date module file ../../../Engine/Plugins/Runtime/ArchVisCharacter/Binaries/Win64/UE4Editor-ArchVisCharacter.dll (API version 3709383).
LogModuleManager: Display: Found up-to-date module file ../../../Engine/Plugins/Runtime/CableComponent/Binaries/Win64/UE4Editor-CableComponent.dll (API version 3709383).
LogModuleManager: Display: Found up-to-date module file ../../../Engine/Plugins/Runtime/CustomMeshComponent/Binaries/Win64/UE4Editor-CustomMeshComponent.dll (API version 3709383).
LogModuleManager: Display: Found up-to-date module file ../../../Engine/Plugins/Runtime/ExampleDeviceProfileSelector/Binaries/Win64/UE4Editor-ExampleDeviceProfileSelector.dll (API version 3709383).
LogModuleManager: Display: Found up-to-date module file ../../../Engine/Plugins/Runtime/ImmediatePhysics/Binaries/Win64/UE4Editor-ImmediatePhysics.dll (API version 3709383).
LogModuleManager: Display: Found up-to-date module file ../../../Engine/Plugins/Runtime/ImmediatePhysics/Binaries/Win64/UE4Editor-ImmediatePhysicsEditor.dll (API version 3709383).
LogModuleManager: Display: Found up-to-date module file ../../../Engine/Plugins/Runtime/LocationServicesBPLibrary/Binaries/Win64/UE4Editor-LocationServicesBPLibrary.dll (API version 3709383).
LogModuleManager: Display: Found up-to-date module file ../../../Engine/Plugins/Runtime/MobilePatchingUtils/Binaries/Win64/UE4Editor-MobilePatchingUtils.dll (API version 3709383).
LogModuleManager: Display: Found up-to-date module file ../../../Engine/Plugins/Runtime/Oculus/OculusVR/Binaries/Win64/UE4Editor-OculusHMD.dll (API version 3709383).
LogModuleManager: Display: Found up-to-date module file ../../../Engine/Plugins/Runtime/Oculus/OculusVR/Binaries/Win64/UE4Editor-OculusInput.dll (API version 3709383).
LogModuleManager: Display: Found up-to-date module file ../../../Engine/Plugins/Runtime/Oculus/OculusVR/Binaries/Win64/UE4Editor-OculusEditor.dll (API version 3709383).
LogModuleManager: Display: Found up-to-date module file ../../../Engine/Plugins/Runtime/PhysXVehicles/Binaries/Win64/UE4Editor-PhysXVehicles.dll (API version 3709383).
LogModuleManager: Display: Found up-to-date module file ../../../Engine/Plugins/Runtime/PhysXVehicles/Binaries/Win64/UE4Editor-PhysXVehiclesEditor.dll (API version 3709383).
LogModuleManager: Display: Found up-to-date module file ../../../Engine/Plugins/Runtime/ProceduralMeshComponent/Binaries/Win64/UE4Editor-ProceduralMeshComponent.dll (API version 3709383).
LogModuleManager: Display: Found up-to-date module file ../../../Engine/Plugins/Runtime/ProceduralMeshComponent/Binaries/Win64/UE4Editor-ProceduralMeshComponentEditor.dll (API version 3709383).
LogModuleManager: Display: Found up-to-date module file ../../../Engine/Plugins/Runtime/RuntimePhysXCooking/Binaries/Win64/UE4Editor-RuntimePhysXCooking.dll (API version 3709383).
LogModuleManager: Display: Found up-to-date module file ../../../Engine/Plugins/Runtime/Steam/SteamVR/Binaries/Win64/UE4Editor-SteamVR.dll (API version 3709383).
LogModuleManager: Display: Found up-to-date module file ../../../Engine/Plugins/Runtime/Steam/SteamVR/Binaries/Win64/UE4Editor-SteamVRController.dll (API version 3709383).
LogModuleManager: Display: Found up-to-date module file ../../../Engine/Plugins/Runtime/WindowsMoviePlayer/Binaries/Win64/UE4Editor-WindowsMoviePlayer.dll (API version 3709383).
LogInit: Warning: Incompatible or missing module: UE4Editor-RapidPrototype5.dll
Running C:/Program Files/Epic Games/UE_4.18/Engine/Binaries/DotNET/UnrealBuildTool.exe RapidPrototype5 Development Win64 -project="C:/Users/u1166596/Desktop/Files/RapidPrototype/Game5/TestProject/RapidPrototype5/RapidPrototype5/RapidPrototype5.uproject" -editorrecompile -progress -NoHotReloadFromIDE
Creating makefile for RapidPrototype5 (no existing makefile)
@progress push 5%
Parsing headers for RapidPrototype5Editor
  Running UnrealHeaderTool "C:\Users\u1166596\Desktop\Files\RapidPrototype\Game5\TestProject\RapidPrototype5\RapidPrototype5\RapidPrototype5.uproject" "C:\Users\u1166596\Desktop\Files\RapidPrototype\Game5\TestProject\RapidPrototype5\RapidPrototype5\Intermediate\Build\Win64\RapidPrototype5Editor\Development\RapidPrototype5Editor.uhtmanifest" -LogCmds="loginit warning, logexit warning, logdatabase error" -Unattended -WarningsAsErrors -installed
Reflection code generated for RapidPrototype5Editor in 7.6734894 seconds
@progress pop
Deleting old hot reload file: "C:\Users\u1166596\Desktop\Files\RapidPrototype\Game5\TestProject\RapidPrototype5\RapidPrototype5\Binaries\Win64\UE4Editor-RapidPrototype5-1564.dll".
Deleting old hot reload file: "C:\Users\u1166596\Desktop\Files\RapidPrototype\Game5\TestProject\RapidPrototype5\RapidPrototype5\Binaries\Win64\UE4Editor-RapidPrototype5-1564.pdb".
Deleting old hot reload file: "C:\Users\u1166596\Desktop\Files\RapidPrototype\Game5\TestProject\RapidPrototype5\RapidPrototype5\Binaries\Win64\UE4Editor-RapidPrototype5-1786.dll".
Deleting old hot reload file: "C:\Users\u1166596\Desktop\Files\RapidPrototype\Game5\TestProject\RapidPrototype5\RapidPrototype5\Binaries\Win64\UE4Editor-RapidPrototype5-1786.pdb".
Deleting old hot reload file: "C:\Users\u1166596\Desktop\Files\RapidPrototype\Game5\TestProject\RapidPrototype5\RapidPrototype5\Binaries\Win64\UE4Editor-RapidPrototype5-2597.dll".
Deleting old hot reload file: "C:\Users\u1166596\Desktop\Files\RapidPrototype\Game5\TestProject\RapidPrototype5\RapidPrototype5\Binaries\Win64\UE4Editor-RapidPrototype5-2597.pdb".
Deleting old hot reload file: "C:\Users\u1166596\Desktop\Files\RapidPrototype\Game5\TestProject\RapidPrototype5\RapidPrototype5\Binaries\Win64\UE4Editor-RapidPrototype5-2690.dll".
Deleting old hot reload file: "C:\Users\u1166596\Desktop\Files\RapidPrototype\Game5\TestProject\RapidPrototype5\RapidPrototype5\Binaries\Win64\UE4Editor-RapidPrototype5-2690.pdb".
Deleting old hot reload file: "C:\Users\u1166596\Desktop\Files\RapidPrototype\Game5\TestProject\RapidPrototype5\RapidPrototype5\Binaries\Win64\UE4Editor-RapidPrototype5-2961.dll".
Deleting old hot reload file: "C:\Users\u1166596\Desktop\Files\RapidPrototype\Game5\TestProject\RapidPrototype5\RapidPrototype5\Binaries\Win64\UE4Editor-RapidPrototype5-2961.pdb".
Deleting old hot reload file: "C:\Users\u1166596\Desktop\Files\RapidPrototype\Game5\TestProject\RapidPrototype5\RapidPrototype5\Binaries\Win64\UE4Editor-RapidPrototype5-4493.dll".
Deleting old hot reload file: "C:\Users\u1166596\Desktop\Files\RapidPrototype\Game5\TestProject\RapidPrototype5\RapidPrototype5\Binaries\Win64\UE4Editor-RapidPrototype5-4493.pdb".
Deleting old hot reload file: "C:\Users\u1166596\Desktop\Files\RapidPrototype\Game5\TestProject\RapidPrototype5\RapidPrototype5\Binaries\Win64\UE4Editor-RapidPrototype5-602.dll".
Deleting old hot reload file: "C:\Users\u1166596\Desktop\Files\RapidPrototype\Game5\TestProject\RapidPrototype5\RapidPrototype5\Binaries\Win64\UE4Editor-RapidPrototype5-602.pdb".
Deleting old hot reload file: "C:\Users\u1166596\Desktop\Files\RapidPrototype\Game5\TestProject\RapidPrototype5\RapidPrototype5\Binaries\Win64\UE4Editor-RapidPrototype5-8331.dll".
Deleting old hot reload file: "C:\Users\u1166596\Desktop\Files\RapidPrototype\Game5\TestProject\RapidPrototype5\RapidPrototype5\Binaries\Win64\UE4Editor-RapidPrototype5-8331.pdb".
Performing 4 actions (4 in parallel)
Trigger.gen.cpp
Trigger.cpp
[3/4] Link UE4Editor-RapidPrototype5.dll
[4/4] Link UE4Editor-RapidPrototype5.lib
   Creating library C:\Users\u1166596\Desktop\Files\RapidPrototype\Game5\TestProject\RapidPrototype5\RapidPrototype5\Intermediate\Build\Win64\UE4Editor\Development\UE4Editor-RapidPrototype5.lib and object C:\Users\u1166596\Desktop\Files\RapidPrototype\Game5\TestProject\RapidPrototype5\RapidPrototype5\Intermediate\Build\Win64\UE4Editor\Development\UE4Editor-RapidPrototype5.exp
   Creating library C:\Users\u1166596\Desktop\Files\RapidPrototype\Game5\TestProject\RapidPrototype5\RapidPrototype5\Intermediate\Build\Win64\UE4Editor\Development\UE4Editor-RapidPrototype5.suppressed.lib and object C:\Users\u1166596\Desktop\Files\RapidPrototype\Game5\TestProject\RapidPrototype5\RapidPrototype5\Intermediate\Build\Win64\UE4Editor\Development\UE4Editor-RapidPrototype5.suppressed.exp
Total build time: 13.61 seconds (Local executor: 1.01 seconds)
LogModuleManager: Display: Found up-to-date module file ../../../../../../Users/u1166596/Desktop/Files/RapidPrototype/Game5/TestProject/RapidPrototype5/RapidPrototype5/Binaries/Win64/UE4Editor-RapidPrototype5.dll (API version 3709383).
LogModuleManager: Display: Found up-to-date module file ../../../Engine/Plugins/2D/Paper2D/Binaries/Win64/UE4Editor-Paper2D.dll (API version 3709383).
LogModuleManager: Display: Found up-to-date module file ../../../Engine/Plugins/2D/Paper2D/Binaries/Win64/UE4Editor-Paper2DEditor.dll (API version 3709383).
LogModuleManager: Display: Found up-to-date module file ../../../Engine/Plugins/2D/Paper2D/Binaries/Win64/UE4Editor-PaperSpriteSheetImporter.dll (API version 3709383).
LogModuleManager: Display: Found up-to-date module file ../../../Engine/Plugins/2D/Paper2D/Binaries/Win64/UE4Editor-PaperTiledImporter.dll (API version 3709383).
LogModuleManager: Display: Found up-to-date module file ../../../Engine/Plugins/2D/Paper2D/Binaries/Win64/UE4Editor-SmartSnapping.dll (API version 3709383).
LogModuleManager: Display: Found up-to-date module file ../../../Engine/Plugins/Blendables/LightPropagationVolume/Binaries/Win64/UE4Editor-LightPropagationVolumeRuntime.dll (API version 3709383).
LogModuleManager: Display: Found up-to-date module file ../../../Engine/Plugins/Blendables/LightPropagationVolume/Binaries/Win64/UE4Editor-LightPropagationVolumeEditor.dll (API version 3709383).
LogModuleManager: Display: Found up-to-date module file ../../../Engine/Plugins/Developer/GitSourceControl/Binaries/Win64/UE4Editor-GitSourceControl.dll (API version 3709383).
LogModuleManager: Display: Found up-to-date module file ../../../Engine/Plugins/Developer/PerforceSourceControl/Binaries/Win64/UE4Editor-PerforceSourceControl.dll (API version 3709383).
LogModuleManager: Display: Found up-to-date module file ../../../Engine/Plugins/Developer/SubversionSourceControl/Binaries/Win64/UE4Editor-SubversionSourceControl.dll (API version 3709383).
LogModuleManager: Display: Found up-to-date module file ../../../Engine/Plugins/Developer/UObjectPlugin/Binaries/Win64/UE4Editor-UObjectPlugin.dll (API version 3709383).
LogModuleManager: Display: Found up-to-date module file ../../../Engine/Plugins/Developer/VisualStudioCodeSourceCodeAccess/Binaries/Win64/UE4Editor-VisualStudioCodeSourceCodeAccess.dll (API version 3709383).
LogModuleManager: Display: Found up-to-date module file ../../../Engine/Plugins/Developer/VisualStudioSourceCodeAccess/Binaries/Win64/UE4Editor-VisualStudioSourceCodeAccess.dll (API version 3709383).
LogModuleManager: Display: Found up-to-date module file ../../../Engine/Plugins/Editor/AssetManagerEditor/Binaries/Win64/UE4Editor-AssetManagerEditor.dll (API version 3709383).
LogModuleManager: Display: Found up-to-date module file ../../../Engine/Plugins/Editor/AudioCapture/Binaries/Win64/UE4Editor-AudioCapture.dll (API version 3709383).
LogModuleManager: Display: Found up-to-date module file ../../../Engine/Plugins/Editor/FacialAnimation/Binaries/Win64/UE4Editor-FacialAnimation.dll (API version 3709383).
LogModuleManager: Display: Found up-to-date module file ../../../Engine/Plugins/Editor/FacialAnimation/Binaries/Win64/UE4Editor-FacialAnimationEditor.dll (API version 3709383).
LogModuleManager: Display: Found up-to-date module file ../../../Engine/Plugins/Editor/GameplayTagsEditor/Binaries/Win64/UE4Editor-GameplayTagsEditor.dll (API version 3709383).
LogModuleManager: Display: Found up-to-date module file ../../../Engine/Plugins/Editor/MobileLauncherProfileWizard/Binaries/Win64/UE4Editor-MobileLauncherProfileWizard.dll (API version 3709383).
LogModuleManager: Display: Found up-to-date module file ../../../Engine/Plugins/Editor/PluginBrowser/Binaries/Win64/UE4Editor-PluginBrowser.dll (API version 3709383).
LogModuleManager: Display: Found up-to-date module file ../../../Engine/Plugins/Editor/SpeedTreeImporter/Binaries/Win64/UE4Editor-SpeedTreeImporter.dll (API version 3709383).
LogModuleManager: Display: Found up-to-date module file ../../../Engine/Plugins/Experimental/AlembicImporter/Binaries/Win64/UE4Editor-AlembicImporter.dll (API version 3709383).
LogModuleManager: Display: Found up-to-date module file ../../../Engine/Plugins/Experimental/AlembicImporter/Binaries/Win64/UE4Editor-AlembicLibrary.dll (API version 3709383).
LogModuleManager: Display: Found up-to-date module file ../../../Engine/Plugins/Experimental/CharacterAI/Binaries/Win64/UE4Editor-CharacterAI.dll (API version 3709383).
LogModuleManager: Display: Found up-to-date module file ../../../Engine/Plugins/Experimental/HTML5Networking/Binaries/Win64/UE4Editor-HTML5Networking.dll (API version 3709383).
LogModuleManager: Display: Found up-to-date module file ../../../Engine/Plugins/Media/AndroidMedia/Binaries/Win64/UE4Editor-AndroidMediaEditor.dll (API version 3709383).
LogModuleManager: Display: Found up-to-date module file ../../../Engine/Plugins/Media/AndroidMedia/Binaries/Win64/UE4Editor-AndroidMediaFactory.dll (API version 3709383).
LogModuleManager: Display: Found up-to-date module file ../../../Engine/Plugins/Media/AvfMedia/Binaries/Win64/UE4Editor-AvfMediaEditor.dll (API version 3709383).
LogModuleManager: Display: Found up-to-date module file ../../../Engine/Plugins/Media/AvfMedia/Binaries/Win64/UE4Editor-AvfMediaFactory.dll (API version 3709383).
LogModuleManager: Display: Found up-to-date module file ../../../Engine/Plugins/Media/AvfMedia/Binaries/Win64/UE4Editor-AvfMediaFactory.dll (API version 3709383).
LogModuleManager: Display: Found up-to-date module file ../../../Engine/Plugins/Media/ImgMedia/Binaries/Win64/UE4Editor-ImgMedia.dll (API version 3709383).
LogModuleManager: Display: Found up-to-date module file ../../../Engine/Plugins/Media/ImgMedia/Binaries/Win64/UE4Editor-ImgMediaEditor.dll (API version 3709383).
LogModuleManager: Display: Found up-to-date module file ../../../Engine/Plugins/Media/ImgMedia/Binaries/Win64/UE4Editor-ImgMediaFactory.dll (API version 3709383).
LogModuleManager: Display: Found up-to-date module file ../../../Engine/Plugins/Media/ImgMedia/Binaries/Win64/UE4Editor-ImgMediaFactory.dll (API version 3709383).
LogModuleManager: Display: Found up-to-date module file ../../../Engine/Plugins/Media/ImgMedia/Binaries/Win64/UE4Editor-OpenExrWrapper.dll (API version 3709383).
LogModuleManager: Display: Found up-to-date module file ../../../Engine/Plugins/Media/MediaCompositing/Binaries/Win64/UE4Editor-MediaCompositing.dll (API version 3709383).
LogModuleManager: Display: Found up-to-date module file ../../../Engine/Plugins/Media/MediaCompositing/Binaries/Win64/UE4Editor-MediaCompositingEditor.dll (API version 3709383).
LogModuleManager: Display: Found up-to-date module file ../../../Engine/Plugins/Media/MediaPlayerEditor/Binaries/Win64/UE4Editor-MediaPlayerEditor.dll (API version 3709383).
LogModuleManager: Display: Found up-to-date module file ../../../Engine/Plugins/Media/WmfMedia/Binaries/Win64/UE4Editor-WmfMedia.dll (API version 3709383).
LogModuleManager: Display: Found up-to-date module file ../../../Engine/Plugins/Media/WmfMedia/Binaries/Win64/UE4Editor-WmfMediaEditor.dll (API version 3709383).
LogModuleManager: Display: Found up-to-date module file ../../../Engine/Plugins/Media/WmfMedia/Binaries/Win64/UE4Editor-WmfMediaFactory.dll (API version 3709383).
LogModuleManager: Display: Found up-to-date module file ../../../Engine/Plugins/Media/WmfMedia/Binaries/Win64/UE4Editor-WmfMediaFactory.dll (API version 3709383).
LogModuleManager: Display: Found up-to-date module file ../../../Engine/Plugins/Messaging/TcpMessaging/Binaries/Win64/UE4Editor-TcpMessaging.dll (API version 3709383).
LogModuleManager: Display: Found up-to-date module file ../../../Engine/Plugins/Messaging/UdpMessaging/Binaries/Win64/UE4Editor-UdpMessaging.dll (API version 3709383).
LogModuleManager: Display: Found up-to-date module file ../../../Engine/Plugins/MovieScene/ActorSequence/Binaries/Win64/UE4Editor-ActorSequence.dll (API version 3709383).
LogModuleManager: Display: Found up-to-date module file ../../../Engine/Plugins/MovieScene/LevelSequenceEditor/Binaries/Win64/UE4Editor-LevelSequenceEditor.dll (API version 3709383).
LogModuleManager: Display: Found up-to-date module file ../../../Engine/Plugins/MovieScene/MatineeToLevelSequence/Binaries/Win64/UE4Editor-MatineeToLevelSequence.dll (API version 3709383).
LogModuleManager: Display: Found up-to-date module file ../../../Engine/Plugins/Online/OnlineSubsystem/Binaries/Win64/UE4Editor-OnlineSubsystem.dll (API version 3709383).
LogModuleManager: Display: Found up-to-date module file ../../../Engine/Plugins/Online/OnlineSubsystemNull/Binaries/Win64/UE4Editor-OnlineSubsystemNull.dll (API version 3709383).
LogModuleManager: Display: Found up-to-date module file ../../../Engine/Plugins/Online/OnlineSubsystemUtils/Binaries/Win64/UE4Editor-OnlineSubsystemUtils.dll (API version 3709383).
LogModuleManager: Display: Found up-to-date module file ../../../Engine/Plugins/Online/OnlineSubsystemUtils/Binaries/Win64/UE4Editor-OnlineBlueprintSupport.dll (API version 3709383).
LogModuleManager: Display: Found up-to-date module file ../../../Engine/Plugins/Runtime/AndroidDeviceProfileSelector/Binaries/Win64/UE4Editor-AndroidDeviceProfileSelector.dll (API version 3709383).
LogModuleManager: Display: Found up-to-date module file ../../../Engine/Plugins/Runtime/AndroidPermission/Binaries/Win64/UE4Editor-AndroidPermission.dll (API version 3709383).
LogModuleManager: Display: Found up-to-date module file ../../../Engine/Plugins/Runtime/AppleARKit/Binaries/Win64/UE4Editor-AppleARKit.dll (API version 3709383).
LogModuleManager: Display: Found up-to-date module file ../../../Engine/Plugins/Runtime/ArchVisCharacter/Binaries/Win64/UE4Editor-ArchVisCharacter.dll (API version 3709383).
LogModuleManager: Display: Found up-to-date module file ../../../Engine/Plugins/Runtime/CableComponent/Binaries/Win64/UE4Editor-CableComponent.dll (API version 3709383).
LogModuleManager: Display: Found up-to-date module file ../../../Engine/Plugins/Runtime/CustomMeshComponent/Binaries/Win64/UE4Editor-CustomMeshComponent.dll (API version 3709383).
LogModuleManager: Display: Found up-to-date module file ../../../Engine/Plugins/Runtime/ExampleDeviceProfileSelector/Binaries/Win64/UE4Editor-ExampleDeviceProfileSelector.dll (API version 3709383).
LogModuleManager: Display: Found up-to-date module file ../../../Engine/Plugins/Runtime/ImmediatePhysics/Binaries/Win64/UE4Editor-ImmediatePhysics.dll (API version 3709383).
LogModuleManager: Display: Found up-to-date module file ../../../Engine/Plugins/Runtime/ImmediatePhysics/Binaries/Win64/UE4Editor-ImmediatePhysicsEditor.dll (API version 3709383).
LogModuleManager: Display: Found up-to-date module file ../../../Engine/Plugins/Runtime/LocationServicesBPLibrary/Binaries/Win64/UE4Editor-LocationServicesBPLibrary.dll (API version 3709383).
LogModuleManager: Display: Found up-to-date module file ../../../Engine/Plugins/Runtime/MobilePatchingUtils/Binaries/Win64/UE4Editor-MobilePatchingUtils.dll (API version 3709383).
LogModuleManager: Display: Found up-to-date module file ../../../Engine/Plugins/Runtime/Oculus/OculusVR/Binaries/Win64/UE4Editor-OculusHMD.dll (API version 3709383).
LogModuleManager: Display: Found up-to-date module file ../../../Engine/Plugins/Runtime/Oculus/OculusVR/Binaries/Win64/UE4Editor-OculusInput.dll (API version 3709383).
LogModuleManager: Display: Found up-to-date module file ../../../Engine/Plugins/Runtime/Oculus/OculusVR/Binaries/Win64/UE4Editor-OculusEditor.dll (API version 3709383).
LogModuleManager: Display: Found up-to-date module file ../../../Engine/Plugins/Runtime/PhysXVehicles/Binaries/Win64/UE4Editor-PhysXVehicles.dll (API version 3709383).
LogModuleManager: Display: Found up-to-date module file ../../../Engine/Plugins/Runtime/PhysXVehicles/Binaries/Win64/UE4Editor-PhysXVehiclesEditor.dll (API version 3709383).
LogModuleManager: Display: Found up-to-date module file ../../../Engine/Plugins/Runtime/ProceduralMeshComponent/Binaries/Win64/UE4Editor-ProceduralMeshComponent.dll (API version 3709383).
LogModuleManager: Display: Found up-to-date module file ../../../Engine/Plugins/Runtime/ProceduralMeshComponent/Binaries/Win64/UE4Editor-ProceduralMeshComponentEditor.dll (API version 3709383).
LogModuleManager: Display: Found up-to-date module file ../../../Engine/Plugins/Runtime/RuntimePhysXCooking/Binaries/Win64/UE4Editor-RuntimePhysXCooking.dll (API version 3709383).
LogModuleManager: Display: Found up-to-date module file ../../../Engine/Plugins/Runtime/Steam/SteamVR/Binaries/Win64/UE4Editor-SteamVR.dll (API version 3709383).
LogModuleManager: Display: Found up-to-date module file ../../../Engine/Plugins/Runtime/Steam/SteamVR/Binaries/Win64/UE4Editor-SteamVRController.dll (API version 3709383).
LogModuleManager: Display: Found up-to-date module file ../../../Engine/Plugins/Runtime/WindowsMoviePlayer/Binaries/Win64/UE4Editor-WindowsMoviePlayer.dll (API version 3709383).
LogInit: Using libcurl 7.47.1
LogInit:  - built for x86_64-pc-win32
LogInit:  - supports SSL with OpenSSL/1.0.2g
LogInit:  - supports HTTP deflate (compression) using libz 1.2.8
LogInit:  - other features:
LogInit:      CURL_VERSION_SSL
LogInit:      CURL_VERSION_LIBZ
LogInit:      CURL_VERSION_IPV6
LogInit:      CURL_VERSION_ASYNCHDNS
LogInit:      CURL_VERSION_LARGEFILE
LogInit:      CURL_VERSION_IDN
LogInit:  CurlRequestOptions (configurable via config and command line):
LogInit:  - bVerifyPeer = false  - Libcurl will NOT verify peer certificate
LogInit:  - bUseHttpProxy = false  - Libcurl will NOT use HTTP proxy
LogInit:  - bDontReuseConnections = false  - Libcurl will reuse connections
LogInit:  - CertBundlePath = nullptr  - Libcurl will use whatever was configured at build time.
LogInit: Build: ++UE4+Release-4.18-CL-3754814
LogInit: Engine Version: 4.18.1-3754814+++UE4+Release-4.18
LogInit: Compatible Engine Version: 4.18.0-3709383+++UE4+Release-4.18
LogInit: Net CL: 3709383
LogDevObjectVersion: Number of dev versions registered: 16
LogDevObjectVersion:   Dev-Blueprints (B0D832E4-1F89-4F0D-ACCF-7EB736FD4AA2): 10
LogDevObjectVersion:   Dev-Build (E1C64328-A22C-4D53-A36C-8E866417BD8C): 0
LogDevObjectVersion:   Dev-Core (375EC13C-06E4-48FB-B500-84F0262A717E): 2
LogDevObjectVersion:   Dev-Editor (E4B068ED-F494-42E9-A231-DA0B2E46BB41): 20
LogDevObjectVersion:   Dev-Framework (CFFC743F-43B0-4480-9391-14DF171D2073): 30
LogDevObjectVersion:   Dev-Mobile (B02B49B5-BB20-44E9-A304-32B752E40360): 0
LogDevObjectVersion:   Dev-Networking (A4E4105C-59A1-49B5-A7C5-40C4547EDFEE): 0
LogDevObjectVersion:   Dev-Online (39C831C9-5AE6-47DC-9A44-9C173E1C8E7C): 0
LogDevObjectVersion:   Dev-Physics (78F01B33-EBEA-4F98-B9B4-84EACCB95AA2): 0
LogDevObjectVersion:   Dev-Platform (6631380F-2D4D-43E0-8009-CF276956A95A): 0
LogDevObjectVersion:   Dev-Rendering (12F88B9F-8875-4AFC-A67C-D90C383ABD29): 20
LogDevObjectVersion:   Dev-Sequencer (7B5AE74C-D270-4C10-A958-57980B212A5A): 4
LogDevObjectVersion:   Dev-VR (D7296918-1DD6-4BDD-9DE2-64A83CC13884): 0
LogDevObjectVersion:   Dev-LoadTimes (C2A15278-BFE7-4AFE-6C17-90FF531DF755): 1
LogDevObjectVersion:   Private-Geometry (6EACA3D4-40EC-4CC1-B786-8BED09428FC5): 1
LogDevObjectVersion:   Dev-AnimPhys (29E575DD-E0A3-4627-9D10-D276232CDCEA): 12
LogInit: Compiled (64-bit): Nov 14 2017 02:05:55
LogInit: Compiled with Visual C++: 19.00.24215.01
LogInit: Build Configuration: Development
LogInit: Branch Name: ++UE4+Release-4.18
LogInit: Command line:  
LogInit: Base directory: C:/Program Files/Epic Games/UE_4.18/Engine/Binaries/Win64/
LogInit: Installed Engine Build: 1
LogInit: Presizing for max 8388607 objects, including 0 objects not considered by GC, pre-allocating 0 bytes for permanent pool.
LogInit: Object subsystem initialized
[2017.11.30-20.17.26:307][  0]LogInit: Selected Device Profile: [Windows]
[2017.11.30-20.17.26:307][  0]LogInit: Applying CVar settings loaded from the selected device profile: [Windows]
[2017.11.30-20.17.26:320][  0]LogInit: Computer: eae-d-089
[2017.11.30-20.17.26:320][  0]LogInit: User: u1166596
[2017.11.30-20.17.26:320][  0]LogInit: CPU Page size=4096, Cores=4
[2017.11.30-20.17.26:320][  0]LogInit: High frequency timer resolution =3.320312 MHz
[2017.11.30-20.17.26:320][  0]LogMemory: Memory total: Physical=31.9GB (32GB approx)
[2017.11.30-20.17.26:320][  0]LogMemory: Platform Memory Stats for Windows
[2017.11.30-20.17.26:320][  0]LogMemory: Process Physical Memory: 277.21 MB used, 277.21 MB peak
[2017.11.30-20.17.26:320][  0]LogMemory: Process Virtual Memory: 270.36 MB used, 270.36 MB peak
[2017.11.30-20.17.26:320][  0]LogMemory: Physical Memory: 8325.05 MB used,  24381.51 MB free, 32706.56 MB total
[2017.11.30-20.17.26:320][  0]LogMemory: Virtual Memory: 685.03 MB used,  24381.51 MB free, 134217728.00 MB total
[2017.11.30-20.17.26:450][  0]LogInit: Using OS detected language (en-US).
[2017.11.30-20.17.26:450][  0]LogInit: Using OS detected locale (en-US).
[2017.11.30-20.17.26:452][  0]LogTextLocalizationManager: No specific localization for 'en-US' exists, so the 'en' localization will be used.
[2017.11.30-20.17.26:827][  0]LogInit: Setting process to per monitor DPI aware
[2017.11.30-20.17.27:054][  0]LogD3D11RHI: D3D11 adapters:
[2017.11.30-20.17.27:099][  0]LogD3D11RHI:    0. 'NVIDIA GeForce GTX 1070' (Feature Level 11_0)
[2017.11.30-20.17.27:099][  0]LogD3D11RHI:       8096/0/16353 MB DedicatedVideo/DedicatedSystem/SharedSystem, Outputs:2, VendorId:0x10de
[2017.11.30-20.17.27:100][  0]LogD3D11RHI:    1. 'Microsoft Basic Render Driver' (Feature Level 11_0)
[2017.11.30-20.17.27:100][  0]LogD3D11RHI:       0/0/16353 MB DedicatedVideo/DedicatedSystem/SharedSystem, Outputs:0, VendorId:0x1414
[2017.11.30-20.17.27:100][  0]LogD3D11RHI: Chosen D3D11 Adapter: 0
[2017.11.30-20.17.27:106][  0]LogD3D11RHI: Creating new Direct3DDevice
[2017.11.30-20.17.27:106][  0]LogD3D11RHI:     GPU DeviceId: 0x1b81 (for the marketing name, search the web for "GPU Device Id")
[2017.11.30-20.17.27:106][  0]LogWindows: EnumDisplayDevices:
[2017.11.30-20.17.27:106][  0]LogWindows:    0. 'NVIDIA GeForce GTX 1070' (P:1 D:1)
[2017.11.30-20.17.27:106][  0]LogWindows:    1. 'NVIDIA GeForce GTX 1070' (P:0 D:1)
[2017.11.30-20.17.27:106][  0]LogWindows:    2. 'NVIDIA GeForce GTX 1070' (P:0 D:0)
[2017.11.30-20.17.27:106][  0]LogWindows:    3. 'NVIDIA GeForce GTX 1070' (P:0 D:0)
[2017.11.30-20.17.27:106][  0]LogWindows: DebugString: FoundDriverCount:4 
[2017.11.30-20.17.27:106][  0]LogD3D11RHI:     Adapter Name: NVIDIA GeForce GTX 1070
[2017.11.30-20.17.27:106][  0]LogD3D11RHI:   Driver Version: 388.13 (internal:23.21.13.8813, unified:388.13)
[2017.11.30-20.17.27:106][  0]LogD3D11RHI:      Driver Date: 10-27-2017
[2017.11.30-20.17.27:106][  0]LogRHI: Texture pool is 5667 MB (70% of 8096 MB)
[2017.11.30-20.17.27:137][  0]LogD3D11RHI: Async texture creation enabled
[2017.11.30-20.17.27:146][  0]LogD3D11RHI: GPU Timing Frequency: 1000.000000 (Debug: 2 1)
[2017.11.30-20.17.27:237][  0]LogShaderCompilers: Guid format shader working directory is -63 characters bigger than the processId version (../../../../../../Users/u1166596/Desktop/Files/RapidPrototype/Game5/TestProject/RapidPrototype5/RapidPrototype5/Intermediate/Shaders/WorkingDirectory/11032/).
[2017.11.30-20.17.27:237][  0]LogShaderCompilers: Cleaned the shader compiler working directory 'C:/Users/u1166596/AppData/Local/Temp/UnrealShaderWorkingDir/931041844C0EE1E4D86B3E9ABF870382/'.
[2017.11.30-20.17.27:237][  0]LogShaderCompilers: Display: Using Local Shader Compiler.
[2017.11.30-20.17.28:055][  0]LogTemp: Display: Loaded TP AllDesktopTargetPlatform
[2017.11.30-20.17.28:101][  0]LogTemp: Display: Loaded TP MacClientTargetPlatform
[2017.11.30-20.17.28:149][  0]LogTemp: Display: Loaded TP MacNoEditorTargetPlatform
[2017.11.30-20.17.28:196][  0]LogTemp: Display: Loaded TP MacServerTargetPlatform
[2017.11.30-20.17.28:242][  0]LogTemp: Display: Loaded TP MacTargetPlatform
[2017.11.30-20.17.28:289][  0]LogTemp: Display: Loaded TP WindowsClientTargetPlatform
[2017.11.30-20.17.28:336][  0]LogTemp: Display: Loaded TP WindowsNoEditorTargetPlatform
[2017.11.30-20.17.28:382][  0]LogTemp: Display: Loaded TP WindowsServerTargetPlatform
[2017.11.30-20.17.28:423][  0]LogTemp: Display: Loaded TP WindowsTargetPlatform
[2017.11.30-20.17.28:470][  0]LogTemp: Display: Loaded TP Android_ASTCTargetPlatform
[2017.11.30-20.17.28:518][  0]LogTemp: Display: Loaded TP Android_ATCTargetPlatform
[2017.11.30-20.17.28:565][  0]LogTemp: Display: Loaded TP Android_DXTTargetPlatform
[2017.11.30-20.17.28:612][  0]LogTemp: Display: Loaded TP Android_ETC1TargetPlatform
[2017.11.30-20.17.28:657][  0]LogTemp: Display: Loaded TP Android_ETC2TargetPlatform
[2017.11.30-20.17.28:747][  0]LogTemp: Display: Loaded TP Android_MultiTargetPlatform
[2017.11.30-20.17.28:747][  0]LogTemp: Display: Loaded TP Android_PVRTCTargetPlatform
[2017.11.30-20.17.28:791][  0]LogTemp: Display: Loaded TP AndroidTargetPlatform
[2017.11.30-20.17.28:827][  0]LogTemp: Display: Loaded TP HTML5TargetPlatform
[2017.11.30-20.17.28:909][  0]LogTemp: Display: Loaded TP IOSTargetPlatform
[2017.11.30-20.17.28:934][  0]LogTemp: Display: Loaded TP TVOSTargetPlatform
[2017.11.30-20.17.28:980][  0]LogTemp: Display: Loaded TP LinuxClientTargetPlatform
[2017.11.30-20.17.29:025][  0]LogTemp: Display: Loaded TP LinuxNoEditorTargetPlatform
[2017.11.30-20.17.29:072][  0]LogTemp: Display: Loaded TP LinuxServerTargetPlatform
[2017.11.30-20.17.29:120][  0]LogTemp: Display: Loaded TP LinuxTargetPlatform
[2017.11.30-20.17.29:120][  0]LogTargetPlatformManager: Display: Building Assets For Windows
[2017.11.30-20.17.29:557][  0]LogDerivedDataCache: Display: Max Cache Size: 512 MB
[2017.11.30-20.17.29:631][  0]LogDerivedDataCache: Loaded boot cache 0.07s 79MB C:/Users/u1166596/AppData/Local/UnrealEngine/4.18/DerivedDataCache/Boot.ddc.
[2017.11.30-20.17.29:631][  0]LogDerivedDataCache: Display: Loaded Boot cache: C:/Users/u1166596/AppData/Local/UnrealEngine/4.18/DerivedDataCache/Boot.ddc
[2017.11.30-20.17.29:631][  0]LogDerivedDataCache: FDerivedDataBackendGraph:  Pak pak cache file ../../../../../../Users/u1166596/Desktop/Files/RapidPrototype/Game5/TestProject/RapidPrototype5/RapidPrototype5/DerivedDataCache/DDC.ddp not found, will not use a pak cache.
[2017.11.30-20.17.29:631][  0]LogDerivedDataCache: Unable to find inner node Pak for hierarchical cache Hierarchy.
[2017.11.30-20.17.29:631][  0]LogDerivedDataCache: FDerivedDataBackendGraph:  CompressedPak pak cache file ../../../../../../Users/u1166596/Desktop/Files/RapidPrototype/Game5/TestProject/RapidPrototype5/RapidPrototype5/DerivedDataCache/Compressed.ddp not found, will not use a pak cache.
[2017.11.30-20.17.29:631][  0]LogDerivedDataCache: Unable to find inner node CompressedPak for hierarchical cache Hierarchy.
[2017.11.30-20.17.29:646][  0]LogDerivedDataCache: Display: Pak cache opened for reading ../../../Engine/DerivedDataCache/Compressed.ddp.
[2017.11.30-20.17.29:658][  0]LogDerivedDataCache: Using Local data cache path C:/Users/u1166596/AppData/Local/UnrealEngine/Common/DerivedDataCache: Writable
[2017.11.30-20.17.29:667][  0]LogMaterial: Verifying Global Shaders for PCD3D_SM5
[2017.11.30-20.17.29:667][  0]LogSlate: Using Freetype 2.6.0
[2017.11.30-20.17.29:668][  0]LogSlate: SlateFontCache - WITH_FREETYPE: 1, WITH_HARFBUZZ: 1
[2017.11.30-20.17.29:668][  0]LogSlate: SlateFontCache - WITH_FREETYPE: 1, WITH_HARFBUZZ: 1
[2017.11.30-20.17.30:011][  0]LogInit: Selected Device Profile: [Windows]
[2017.11.30-20.17.30:313][  0]LogSimplygon: Simplygon DLL not present - disabling.
[2017.11.30-20.17.30:350][  0]LogMeshReduction: Using SimplygonSwarm for distributed automatic mesh merging
[2017.11.30-20.17.30:350][  0]LogMeshReduction: Using QuadricMeshReduction for automatic static mesh reduction
[2017.11.30-20.17.30:350][  0]LogMeshReduction: No automatic skeletal mesh reduction module available
[2017.11.30-20.17.30:350][  0]LogMeshReduction: No automatic mesh merging module available
[2017.11.30-20.17.30:350][  0]LogMeshMerging: No automatic mesh merging module available
[2017.11.30-20.17.30:379][  0]LogNetVersion: RapidPrototype5 , NetCL: 3709383, EngineNetVer: 2, GameNetVer: 0 (Checksum: 1973499734)
[2017.11.30-20.17.30:532][  0]LogAssetRegistry: FAssetRegistry took 0.0257 seconds to start up
[2017.11.30-20.17.31:009][  0]LogPackageLocalizationCache: Processed 7 localized package path(s) for 2 prioritized culture(s) in 0.073193 seconds
[2017.11.30-20.17.31:014][  0]LogUObjectArray: 35900 objects as part of root set at end of initial load.
[2017.11.30-20.17.31:014][  0]LogUObjectAllocator: 7372016 out of 0 bytes used by permanent object pool.
[2017.11.30-20.17.31:014][  0]LogUObjectArray: CloseDisregardForGC: 0/0 objects in disregard for GC pool
[2017.11.30-20.17.31:063][  0]LogInit: WinSock: version 1.1 (2.2), MaxSocks=32767, MaxUdp=65467
[2017.11.30-20.17.33:485][  0]LogTcpMessaging: Initializing TcpMessaging bridge
[2017.11.30-20.17.33:531][  0]LogUdpMessaging: Initializing bridge on interface 0.0.0.0:0 to multicast group 230.0.0.1:6666.
[2017.11.30-20.17.34:340][  0]LogMaterial: Uniform references updated for custom material expression Custom.
[2017.11.30-20.17.34:727][  0]SourceControl: Source control is disabled
[2017.11.30-20.17.34:727][  0]SourceControl: Source control is disabled
[2017.11.30-20.17.34:776][  0]SourceControl: Source control is disabled
[2017.11.30-20.17.34:825][  0]SourceControl: Source control is disabled
[2017.11.30-20.17.35:580][  0]LogAndroidPermission: UAndroidPermissionCallbackProxy::GetInstance
[2017.11.30-20.17.35:830][  0]LogOcInput: OculusInput pre-init called
[2017.11.30-20.17.36:080][  0]LogEngine: Initializing Engine...
[2017.11.30-20.17.36:082][  0]LogHMD: Failed to initialize OpenVR with code 110
[2017.11.30-20.17.36:279][  0]LogStats: UGameplayTagsManager::ConstructGameplayTagTree: Construct from data asset -  0.000 s
[2017.11.30-20.17.36:279][  0]LogStats: UGameplayTagsManager::ConstructGameplayTagTree: GameplayTagTreeChangedEvent.Broadcast -  0.000 s
[2017.11.30-20.17.36:395][  0]LogAIModule: Creating AISystem for world Untitled
[2017.11.30-20.17.36:408][  0]LogInit: XAudio2 using 'Headphones (High Definition Audio Device)' : 2 channels at 48 kHz using 16 bits per sample (channel mask 0x3)
[2017.11.30-20.17.36:418][  0]LogInit: FAudioDevice initialized.
[2017.11.30-20.17.36:498][  0]LogDerivedDataCache: Saved boot cache 0.08s 79MB C:/Users/u1166596/AppData/Local/UnrealEngine/4.18/DerivedDataCache/Boot.ddc.
[2017.11.30-20.17.36:514][  0]LogInit: Texture streaming: Enabled
[2017.11.30-20.17.36:607][  0]LogEngineSessionManager: EngineSessionManager initialized
[2017.11.30-20.17.36:723][  0]LogInit: Transaction tracking system initialized
[2017.11.30-20.17.37:005][  0]BlueprintLog: New page: Editor Load
[2017.11.30-20.17.37:844][  0]LocalizationService: Localization service is disabled
[2017.11.30-20.17.38:513][  0]LogConsoleResponse: Display: 
[2017.11.30-20.17.38:677][  0]LogCook: Display: Max memory allowance for cook 16384mb min free memory 0mb
[2017.11.30-20.17.38:677][  0]LogCook: Display: Mobile HDR setting 1
[2017.11.30-20.17.38:677][  0]LogGameplayTags: Display: UGameplayTagsManager::DoneAddingNativeTags. DelegateIsBound: 0
[2017.11.30-20.17.38:734][  0]LogFileCache: Scanning file cache for directory 'C:/Users/u1166596/Desktop/Files/RapidPrototype/Game5/TestProject/RapidPrototype5/RapidPrototype5/Content/' took 0.01s
[2017.11.30-20.17.39:776][  0]SourceControl: Source control is disabled
[2017.11.30-20.17.39:776][  0]LightingResults: New page: Lighting Build
[2017.11.30-20.17.39:814][  0]MapCheck: New page: Map Check
[2017.11.30-20.17.39:814][  0]LightingResults: New page: Lighting Build
[2017.11.30-20.17.39:991][  0]LogAIModule: Creating AISystem for world ThirdPersonExampleMap
[2017.11.30-20.17.39:999][  0]LogEditorServer: Finished looking for orphan Actors (0.000 secs)
[2017.11.30-20.17.40:010][  0]Cmd: MAP CHECKDEP NOCLEARLOG
[2017.11.30-20.17.40:061][  0]MapCheck: Map check complete: 0 Error(s), 0 Warning(s), took 51.068ms to complete.
[2017.11.30-20.17.40:061][  0]LogFileHelpers: Loading map 'ThirdPersonExampleMap' took 0.285
[2017.11.30-20.17.40:121][  0]LogWindowsTextInputMethodSystem: Display: IME system now deactivated.
[2017.11.30-20.17.40:196][  0]LogCollectionManager: Loaded 0 collections in 0.001840 seconds
[2017.11.30-20.17.40:273][  0]LogFileCache: Scanning file cache for directory 'C:/Users/u1166596/Desktop/Files/RapidPrototype/Game5/TestProject/RapidPrototype5/RapidPrototype5/Saved/Collections/' took 0.01s
[2017.11.30-20.17.40:273][  0]LogFileCache: Scanning file cache for directory 'C:/Users/u1166596/Desktop/Files/RapidPrototype/Game5/TestProject/RapidPrototype5/RapidPrototype5/Content/Developers/u1166596/Collections/' took 0.01s
[2017.11.30-20.17.40:273][  0]LogFileCache: Scanning file cache for directory 'C:/Users/u1166596/Desktop/Files/RapidPrototype/Game5/TestProject/RapidPrototype5/RapidPrototype5/Content/Collections/' took 0.01s
[2017.11.30-20.17.40:273][  0]LogCollectionManager: Rebuilt the GUID cache for 0 collections in 0.000000 seconds
[2017.11.30-20.17.40:281][  0]LogContentBrowser: Native class hierarchy populated in 0.0081 seconds. Added 2367 classes and 521 folders.
[2017.11.30-20.17.40:343][  0]LogContentBrowser: Native class hierarchy updated for 'WidgetCarousel' in 0.0006 seconds. Added 0 classes and 0 folders.
[2017.11.30-20.17.40:376][  0]LogContentBrowser: Native class hierarchy updated for 'AddContentDialog' in 0.0006 seconds. Added 0 classes and 0 folders.
[2017.11.30-20.17.40:417][  0]LogContentBrowser: Native class hierarchy updated for 'SceneOutliner' in 0.0006 seconds. Added 1 classes and 2 folders.
[2017.11.30-20.17.41:279][  0]LogSlate: Only BGRA pngs, bmps or icos are supported in by External Image Picker
[2017.11.30-20.17.41:305][  0]LogSlate: Took 0.000232 seconds to synchronously load lazily loaded font '../../../Engine/Content/Slate/Fonts/Roboto-Regular.ttf' (155K)
[2017.11.30-20.17.41:308][  0]LogSlate: Took 0.000238 seconds to synchronously load lazily loaded font '../../../Engine/Content/Slate/Fonts/Roboto-Bold.ttf' (160K)
[2017.11.30-20.17.41:314][  0]LogSlate: Took 0.000226 seconds to synchronously load lazily loaded font '../../../Engine/Content/Editor/Slate/Fonts/FontAwesome.ttf' (139K)
[2017.11.30-20.17.41:439][  0]LogTemp: Executing iPhonePackager certificates Engine -bundlename com.YourCompany.RapidPrototype5
[2017.11.30-20.17.41:439][  0]LogTemp: CWD: C:\Program Files\Epic Games\UE_4.18\Engine\Binaries\DotNET\IOS
[2017.11.30-20.17.41:439][  0]LogTemp: Initial Dir: C:\Program Files\Epic Games\UE_4.18
[2017.11.30-20.17.41:439][  0]LogTemp: Env CWD: C:\Program Files\Epic Games\UE_4.18\Engine\Binaries\DotNET\IOS
[2017.11.30-20.17.41:439][  0]LogTemp: BranchPath = eae-d-089/C/Program Files/Epic Games/UE_4.18/Engine/Binaries --- GameBranchPath = eae-d-089/C/Program Files/Epic Games/UE_4.18/Engine/Binaries
[2017.11.30-20.17.41:439][  0]LogTemp: IPP ERROR: Could not find provision directory 'C:\Users\u1166596\AppData\Local/Apple Computer/MobileDevice/Provisioning Profiles/'.
[2017.11.30-20.17.41:439][  0]LogRenderer: Reallocating scene render targets to support 1160x576 Format 10 NumSamples 1 (Frame:1).
[2017.11.30-20.17.41:506][  0]LogSlate: Took 0.000142 seconds to synchronously load lazily loaded font '../../../Engine/Content/Slate/Fonts/Roboto-Light.ttf' (159K)
[2017.11.30-20.17.41:615][  0]LogContentBrowser: Native class hierarchy updated for 'HierarchicalLODOutliner' in 0.0006 seconds. Added 1 classes and 2 folders.
[2017.11.30-20.17.41:615][  0]LogLoad: (Engine Initialization) Total time: 34.26 seconds
[2017.11.30-20.17.41:615][  0]LogLoad: (Engine Initialization) Total Blueprint compile time: 0.00 seconds
[2017.11.30-20.17.41:615][  0]LogExternalProfiler: Found external profiler: VSPerf
[2017.11.30-20.17.41:615][  0]LogExternalProfiler: Using external profiler: VSPerf
[2017.11.30-20.17.41:648][  0]LogContentStreaming: Texture pool size now 1000 MB
[2017.11.30-20.17.41:690][  1]LogAssetRegistry: Asset discovery search completed in 11.1795 seconds
[2017.11.30-20.17.41:692][  1]LogCollectionManager: Rebuilt the object cache for 0 collections in 0.000000 seconds (found 0 objects)
[2017.11.30-20.17.41:692][  1]LogCollectionManager: Fixed up redirectors for 0 collections in 0.000076 seconds (updated 0 objects)
[2017.11.30-20.17.43:127][ 13]LogSlate: Took 0.000203 seconds to synchronously load lazily loaded font '../../../Engine/Content/Slate/Fonts/Roboto-Light.ttf' (159K)
[2017.11.30-20.50.44:606][585]LogEditorViewport: Clicking on Actor (LMB): StaticMeshActor (Cube)
[2017.11.30-20.52.44:594][158]Cmd: QUIT_EDITOR
[2017.11.30-20.52.44:619][158]LogWindowsTextInputMethodSystem: Display: IME system now deactivated.
[2017.11.30-20.52.44:633][158]LogExit: Preparing to exit.
[2017.11.30-20.52.45:529][158]LogDirectoryWatcher: A directory notification for 'C:/Users/u1166596/Desktop/Files/RapidPrototype/Game5/TestProject/RapidPrototype5/RapidPrototype5/Content/' was aborted.
[2017.11.30-20.52.45:543][158]LogExit: Editor shut down
[2017.11.30-20.52.45:545][158]LogExit: Transaction tracking system shut down
[2017.11.30-20.52.45:757][158]LogDirectoryWatcher: A directory notification for '../../../Engine/Content/' was aborted.
[2017.11.30-20.52.45:757][158]LogDirectoryWatcher: A directory notification for '../../../../../../Users/u1166596/Desktop/Files/RapidPrototype/Game5/TestProject/RapidPrototype5/RapidPrototype5/Content/' was aborted.
[2017.11.30-20.52.45:757][158]LogDirectoryWatcher: A directory notification for '../../../Engine/Plugins/2D/Paper2D/Content/' was aborted.
[2017.11.30-20.52.45:757][158]LogDirectoryWatcher: A directory notification for '../../../Engine/Plugins/Media/MediaCompositing/Content/' was aborted.
[2017.11.30-20.52.45:757][158]LogDirectoryWatcher: A directory notification for '../../../Engine/Plugins/Runtime/AppleARKit/Content/' was aborted.
[2017.11.30-20.52.45:757][158]LogDirectoryWatcher: A directory notification for '../../../Engine/Plugins/Runtime/Oculus/OculusVR/Content/' was aborted.
[2017.11.30-20.52.45:757][158]LogDirectoryWatcher: A directory notification for '../../../Engine/Plugins/Runtime/Steam/SteamVR/Content/' was aborted.
[2017.11.30-20.52.45:799][158]LogExit: Object subsystem successfully closed.
[2017.11.30-20.52.45:823][158]LogD3D11RHI: Shutdown
[2017.11.30-20.52.45:823][158]LogD3D11RHI: CleanupD3DDevice
[2017.11.30-20.52.45:825][158]LogD3D11RHI: ~FD3D11DynamicRHI
[2017.11.30-20.52.45:839][158]LogModuleManager: Shutting down and abandoning module HierarchicalLODOutliner (552)
[2017.11.30-20.52.45:839][158]LogModuleManager: Shutting down and abandoning module ExternalImagePicker (550)
[2017.11.30-20.52.45:839][158]LogModuleManager: Shutting down and abandoning module SceneOutliner (548)
[2017.11.30-20.52.45:839][158]LogModuleManager: Shutting down and abandoning module AddContentDialog (546)
[2017.11.30-20.52.45:839][158]LogDirectoryWatcher: A directory notification for 'C:/Program Files/Epic Games/UE_4.18/FeaturePacks/' was aborted.
[2017.11.30-20.52.45:840][158]LogModuleManager: Shutting down and abandoning module WidgetCarousel (545)
[2017.11.30-20.52.45:840][158]LogModuleManager: Shutting down and abandoning module EditorWidgets (542)
[2017.11.30-20.52.45:840][158]LogModuleManager: Shutting down and abandoning module CollectionManager (540)
[2017.11.30-20.52.45:840][158]LogDirectoryWatcher: A directory notification for 'C:/Users/u1166596/Desktop/Files/RapidPrototype/Game5/TestProject/RapidPrototype5/RapidPrototype5/Content/Collections/' was aborted.
[2017.11.30-20.52.45:840][158]LogDirectoryWatcher: A directory notification for 'C:/Users/u1166596/Desktop/Files/RapidPrototype/Game5/TestProject/RapidPrototype5/RapidPrototype5/Content/Developers/u1166596/Collections/' was aborted.
[2017.11.30-20.52.45:840][158]LogDirectoryWatcher: A directory notification for 'C:/Users/u1166596/Desktop/Files/RapidPrototype/Game5/TestProject/RapidPrototype5/RapidPrototype5/Saved/Collections/' was aborted.
[2017.11.30-20.52.45:840][158]LogModuleManager: Shutting down and abandoning module StatsViewer (538)
[2017.11.30-20.52.45:840][158]LogModuleManager: Shutting down and abandoning module FoliageEdit (536)
[2017.11.30-20.52.45:840][158]LogModuleManager: Shutting down and abandoning module LandscapeEditor (534)
[2017.11.30-20.52.45:840][158]LogModuleManager: Shutting down and abandoning module MeshPaintMode (532)
[2017.11.30-20.52.45:840][158]LogModuleManager: Shutting down and abandoning module SceneDepthPickerMode (530)
[2017.11.30-20.52.45:840][158]LogModuleManager: Shutting down and abandoning module ActorPickerMode (528)
[2017.11.30-20.52.45:840][158]LogModuleManager: Shutting down and abandoning module GeometryMode (526)
[2017.11.30-20.52.45:840][158]LogModuleManager: Shutting down and abandoning module TextureAlignMode (524)
[2017.11.30-20.52.45:840][158]LogModuleManager: Shutting down and abandoning module BspMode (522)
[2017.11.30-20.52.45:840][158]LogModuleManager: Shutting down and abandoning module PIEPreviewDeviceProfileSelector (520)
[2017.11.30-20.52.45:840][158]LogModuleManager: Shutting down and abandoning module HardwareSurvey (518)
[2017.11.30-20.52.45:840][158]LogModuleManager: Shutting down and abandoning module SequenceRecorderSections (516)
[2017.11.30-20.52.45:840][158]LogModuleManager: Shutting down and abandoning module AutomationWorker (514)
[2017.11.30-20.52.45:840][158]LogModuleManager: Shutting down and abandoning module MatineeToLevelSequence (512)
[2017.11.30-20.52.45:841][158]LogModuleManager: Shutting down and abandoning module LevelSequenceEditor (510)
[2017.11.30-20.52.45:841][158]LogModuleManager: Shutting down and abandoning module PlacementMode (509)
[2017.11.30-20.52.45:841][158]LogModuleManager: Shutting down and abandoning module WmfMediaFactory (506)
[2017.11.30-20.52.45:841][158]LogModuleManager: Shutting down and abandoning module WmfMediaEditor (504)
[2017.11.30-20.52.45:841][158]LogModuleManager: Shutting down and abandoning module OpenExrWrapper (502)
[2017.11.30-20.52.45:841][158]LogModuleManager: Shutting down and abandoning module ImgMediaFactory (500)
[2017.11.30-20.52.45:841][158]LogModuleManager: Shutting down and abandoning module ImgMediaEditor (498)
[2017.11.30-20.52.45:841][158]LogModuleManager: Shutting down and abandoning module AvfMediaFactory (496)
[2017.11.30-20.52.45:841][158]LogModuleManager: Shutting down and abandoning module AvfMediaEditor (494)
[2017.11.30-20.52.45:841][158]LogModuleManager: Shutting down and abandoning module AndroidMediaFactory (492)
[2017.11.30-20.52.45:841][158]LogModuleManager: Shutting down and abandoning module AndroidMediaEditor (490)
[2017.11.30-20.52.45:841][158]LogModuleManager: Shutting down and abandoning module CharacterAI (488)
[2017.11.30-20.52.45:841][158]LogModuleManager: Shutting down and abandoning module AudioCapture (486)
[2017.11.30-20.52.45:841][158]LogModuleManager: Shutting down and abandoning module SequenceRecorder (485)
[2017.11.30-20.52.45:841][158]LogModuleManager: Shutting down and abandoning module SmartSnapping (482)
[2017.11.30-20.52.45:841][158]LogModuleManager: Shutting down and abandoning module SessionServices (480)
[2017.11.30-20.52.45:841][158]LogModuleManager: Shutting down and abandoning module ViewportSnapping (478)
[2017.11.30-20.52.45:841][158]LogModuleManager: Shutting down and abandoning module ViewportInteraction (476)
[2017.11.30-20.52.45:841][158]LogModuleManager: Shutting down and abandoning module ClothPainter (474)
[2017.11.30-20.52.45:841][158]LogModuleManager: Shutting down and abandoning module SkeletalMeshEditor (473)
[2017.11.30-20.52.45:841][158]LogModuleManager: Shutting down and abandoning module LogVisualizer (470)
[2017.11.30-20.52.45:841][158]LogModuleManager: Shutting down and abandoning module IntroTutorials (468)
[2017.11.30-20.52.45:841][158]LogModuleManager: Shutting down and abandoning module GameProjectGeneration (467)
[2017.11.30-20.52.45:841][158]LogModuleManager: Shutting down and abandoning module IOSPlatformEditor (464)
[2017.11.30-20.52.45:841][158]LogModuleManager: Shutting down and abandoning module HTML5PlatformEditor (462)
[2017.11.30-20.52.45:841][158]LogModuleManager: Shutting down and abandoning module AndroidPlatformEditor (460)
[2017.11.30-20.52.45:841][158]LogModuleManager: Shutting down and abandoning module AndroidDeviceDetection (459)
[2017.11.30-20.52.46:214][158]LogModuleManager: Shutting down and abandoning module WindowsPlatformEditor (456)
[2017.11.30-20.52.46:214][158]LogModuleManager: Shutting down and abandoning module IOSRuntimeSettings (454)
[2017.11.30-20.52.46:214][158]LogModuleManager: Shutting down and abandoning module AndroidRuntimeSettings (452)
[2017.11.30-20.52.46:214][158]LogModuleManager: Shutting down and abandoning module InputBindingEditor (450)
[2017.11.30-20.52.46:214][158]LogModuleManager: Shutting down and abandoning module MergeActors (448)
[2017.11.30-20.52.46:214][158]LogModuleManager: Shutting down and abandoning module SizeMap (446)
[2017.11.30-20.52.46:214][158]LogModuleManager: Shutting down and abandoning module TreeMap (444)
[2017.11.30-20.52.46:214][158]LogModuleManager: Shutting down and abandoning module ReferenceViewer (442)
[2017.11.30-20.52.46:214][158]LogModuleManager: Shutting down and abandoning module LocalizationDashboard (440)
[2017.11.30-20.52.46:214][158]LogModuleManager: Shutting down and abandoning module LocalizationService (439)
[2017.11.30-20.52.46:214][158]LogModuleManager: Shutting down and abandoning module HardwareTargeting (436)
[2017.11.30-20.52.46:214][158]LogModuleManager: Shutting down and abandoning module DeviceProfileEditor (434)
[2017.11.30-20.52.46:214][158]LogModuleManager: Shutting down and abandoning module UndoHistory (432)
[2017.11.30-20.52.46:214][158]LogModuleManager: Shutting down and abandoning module XmlParser (430)
[2017.11.30-20.52.46:214][158]LogModuleManager: Shutting down and abandoning module Blutility (428)
[2017.11.30-20.52.46:214][158]LogModuleManager: Shutting down and abandoning module ProjectSettingsViewer (426)
[2017.11.30-20.52.46:214][158]LogModuleManager: Shutting down and abandoning module ProjectTargetPlatformEditor (425)
[2017.11.30-20.52.46:215][158]LogModuleManager: Shutting down and abandoning module EditorSettingsViewer (422)
[2017.11.30-20.52.46:215][158]LogModuleManager: Shutting down and abandoning module SettingsEditor (420)
[2017.11.30-20.52.46:215][158]LogModuleManager: Shutting down and abandoning module ProjectLauncher (418)
[2017.11.30-20.52.46:215][158]LogModuleManager: Shutting down and abandoning module SessionFrontend (416)
[2017.11.30-20.52.46:215][158]LogModuleManager: Shutting down and abandoning module ProfilerClient (414)
[2017.11.30-20.52.46:215][158]LogModuleManager: Shutting down and abandoning module DeviceManager (412)
[2017.11.30-20.52.46:215][158]LogModuleManager: Shutting down and abandoning module TargetDeviceServices (411)
[2017.11.30-20.52.46:278][158]LogModuleManager: Shutting down and abandoning module AutomationController (408)
[2017.11.30-20.52.46:278][158]LogModuleManager: Shutting down and abandoning module AutomationWindow (406)
[2017.11.30-20.52.46:278][158]LogModuleManager: Shutting down and abandoning module Layers (404)
[2017.11.30-20.52.46:278][158]LogModuleManager: Shutting down and abandoning module ComponentVisualizers (402)
[2017.11.30-20.52.46:278][158]LogModuleManager: Shutting down and abandoning module DetailCustomizations (400)
[2017.11.30-20.52.46:278][158]LogModuleManager: Shutting down and abandoning module PackagesDialog (398)
[2017.11.30-20.52.46:278][158]LogModuleManager: Shutting down and abandoning module Persona (396)
[2017.11.30-20.52.46:278][158]LogModuleManager: Shutting down and abandoning module AdvancedPreviewScene (395)
[2017.11.30-20.52.46:278][158]LogModuleManager: Shutting down and abandoning module AnimGraph (393)
[2017.11.30-20.52.46:278][158]LogModuleManager: Shutting down and abandoning module Kismet (390)
[2017.11.30-20.52.46:279][158]LogModuleManager: Shutting down and abandoning module ClassViewer (388)
[2017.11.30-20.52.46:279][158]LogModuleManager: Shutting down and abandoning module Toolbox (386)
[2017.11.30-20.52.46:279][158]LogModuleManager: Shutting down and abandoning module ModuleUI (384)
[2017.11.30-20.52.46:279][158]LogModuleManager: Shutting down and abandoning module MovieSceneTools (382)
[2017.11.30-20.52.46:279][158]LogModuleManager: Shutting down and abandoning module OutputLog (380)
[2017.11.30-20.52.46:279][158]LogModuleManager: Shutting down and abandoning module GammaUI (378)
[2017.11.30-20.52.46:279][158]LogModuleManager: Shutting down and abandoning module Documentation (376)
[2017.11.30-20.52.46:279][158]LogModuleManager: Shutting down and abandoning module MovieSceneTracks (374)
[2017.11.30-20.52.46:279][158]LogModuleManager: Shutting down and abandoning module MovieScene (372)
[2017.11.30-20.52.46:279][158]LogModuleManager: Shutting down and abandoning module StreamingPauseRendering (370)
[2017.11.30-20.52.46:279][158]LogModuleManager: Shutting down and abandoning module LauncherPlatform (368)
[2017.11.30-20.52.46:279][158]LogModuleManager: Shutting down and abandoning module AnalyticsET (366)
[2017.11.30-20.52.46:279][158]LogModuleManager: Shutting down and abandoning module PortalServices (364)
[2017.11.30-20.52.46:279][158]LogModuleManager: Shutting down and abandoning module PortalRpc (362)
[2017.11.30-20.52.46:279][158]LogModuleManager: Shutting down and abandoning module MessagingRpc (360)
[2017.11.30-20.52.46:279][158]LogModuleManager: Shutting down and abandoning module AIModule (358)
[2017.11.30-20.52.46:279][158]LogModuleManager: Shutting down and abandoning module GameplayDebugger (357)
[2017.11.30-20.52.46:279][158]LogModuleManager: Shutting down and abandoning module AITestSuite (355)
[2017.11.30-20.52.46:279][158]LogModuleManager: Shutting down and abandoning module ProfilerService (352)
[2017.11.30-20.52.46:450][158]LogModuleManager: Shutting down and abandoning module TaskGraph (350)
[2017.11.30-20.52.46:450][158]LogModuleManager: Shutting down and abandoning module SteamVRController (348)
[2017.11.30-20.52.46:450][158]LogModuleManager: Shutting down and abandoning module ProceduralMeshComponentEditor (346)
[2017.11.30-20.52.46:450][158]LogModuleManager: Shutting down and abandoning module ProceduralMeshComponent (344)
[2017.11.30-20.52.46:450][158]LogModuleManager: Shutting down and abandoning module OculusInput (342)
[2017.11.30-20.52.46:450][158]LogModuleManager: Shutting down and abandoning module MobilePatchingUtils (340)
[2017.11.30-20.52.46:450][158]LogModuleManager: Shutting down and abandoning module CustomMeshComponent (338)
[2017.11.30-20.52.46:450][158]LogModuleManager: Shutting down and abandoning module CableComponent (336)
[2017.11.30-20.52.46:450][158]LogModuleManager: Shutting down and abandoning module ArchVisCharacter (334)
[2017.11.30-20.52.46:450][158]LogModuleManager: Shutting down and abandoning module AndroidPermission (332)
[2017.11.30-20.52.46:450][158]LogModuleManager: Shutting down and abandoning module ActorSequence (328)
[2017.11.30-20.52.46:450][158]LogModuleManager: Shutting down and abandoning module MediaPlayerEditor (326)
[2017.11.30-20.52.46:450][158]LogModuleManager: Shutting down and abandoning module MediaCompositingEditor (324)
[2017.11.30-20.52.46:450][158]LogModuleManager: Shutting down and abandoning module MediaCompositing (322)
[2017.11.30-20.52.46:450][158]LogModuleManager: Shutting down and abandoning module HTML5Networking (320)
[2017.11.30-20.52.46:450][158]LogModuleManager: Shutting down and abandoning module AlembicImporter (318)
[2017.11.30-20.52.46:450][158]LogModuleManager: Shutting down and abandoning module AlembicLibrary (317)
[2017.11.30-20.52.46:450][158]LogModuleManager: Shutting down and abandoning module GeometryCache (316)
[2017.11.30-20.52.46:450][158]LogModuleManager: Shutting down and abandoning module GeometryCacheEd (315)
[2017.11.30-20.52.46:450][158]LogModuleManager: Shutting down and abandoning module SpeedTreeImporter (310)
[2017.11.30-20.52.46:450][158]LogModuleManager: Shutting down and abandoning module PluginBrowser (308)
[2017.11.30-20.52.46:450][158]LogModuleManager: Shutting down and abandoning module MobileLauncherProfileWizard (306)
[2017.11.30-20.52.46:450][158]LogModuleManager: Shutting down and abandoning module VisualStudioSourceCodeAccess (304)
[2017.11.30-20.52.46:450][158]LogModuleManager: Shutting down and abandoning module VisualStudioCodeSourceCodeAccess (302)
[2017.11.30-20.52.46:450][158]LogModuleManager: Shutting down and abandoning module UObjectPlugin (300)
[2017.11.30-20.52.46:450][158]LogModuleManager: Shutting down and abandoning module SubversionSourceControl (298)
[2017.11.30-20.52.46:450][158]LogModuleManager: Shutting down and abandoning module PerforceSourceControl (296)
[2017.11.30-20.52.46:450][158]LogModuleManager: Shutting down and abandoning module GitSourceControl (294)
[2017.11.30-20.52.46:450][158]LogModuleManager: Shutting down and abandoning module SourceControl (293)
[2017.11.30-20.52.46:450][158]LogModuleManager: Shutting down and abandoning module LightPropagationVolumeEditor (290)
[2017.11.30-20.52.46:450][158]LogModuleManager: Shutting down and abandoning module PaperTiledImporter (288)
[2017.11.30-20.52.46:450][158]LogModuleManager: Shutting down and abandoning module PaperSpriteSheetImporter (286)
[2017.11.30-20.52.46:450][158]LogModuleManager: Shutting down and abandoning module Paper2DEditor (284)
[2017.11.30-20.52.46:450][158]LogModuleManager: Shutting down and abandoning module MeshPaint (283)
[2017.11.30-20.52.46:450][158]LogModuleManager: Shutting down and abandoning module LevelEditor (281)
[2017.11.30-20.52.46:451][158]LogModuleManager: Shutting down and abandoning module PixelInspectorModule (280)
[2017.11.30-20.52.46:451][158]LogModuleManager: Shutting down and abandoning module MainFrame (278)
[2017.11.30-20.52.46:451][158]LogModuleManager: Shutting down and abandoning module HotReload (277)
[2017.11.30-20.52.46:451][158]LogDirectoryWatcher: A directory notification for 'C:/Users/u1166596/Desktop/Files/RapidPrototype/Game5/TestProject/RapidPrototype5/RapidPrototype5/Binaries/Win64' was aborted.
[2017.11.30-20.52.46:452][158]LogModuleManager: Shutting down and abandoning module RapidPrototype5 (272)
[2017.11.30-20.52.46:452][158]LogModuleManager: Shutting down and abandoning module RuntimePhysXCooking (270)
[2017.11.30-20.52.46:452][158]LogModuleManager: Shutting down and abandoning module PhysXVehiclesEditor (268)
[2017.11.30-20.52.46:452][158]LogModuleManager: Shutting down and abandoning module PhysXVehicles (266)
[2017.11.30-20.52.46:452][158]LogModuleManager: Shutting down and abandoning module OculusEditor (264)
[2017.11.30-20.52.46:452][158]LogModuleManager: Shutting down and abandoning module LocationServicesBPLibrary (262)
[2017.11.30-20.52.46:452][158]LogModuleManager: Shutting down and abandoning module ImmediatePhysicsEditor (260)
[2017.11.30-20.52.46:452][158]LogModuleManager: Shutting down and abandoning module ImmediatePhysics (258)
[2017.11.30-20.52.46:452][158]LogModuleManager: Shutting down and abandoning module UdpMessaging (256)
[2017.11.30-20.52.46:552][158]LogModuleManager: Shutting down and abandoning module TcpMessaging (254)
[2017.11.30-20.52.46:653][158]LogModuleManager: Shutting down and abandoning module GameplayTagsEditor (252)
[2017.11.30-20.52.46:653][158]LogModuleManager: Shutting down and abandoning module FacialAnimationEditor (250)
[2017.11.30-20.52.46:653][158]LogModuleManager: Shutting down and abandoning module FacialAnimation (248)
[2017.11.30-20.52.46:653][158]LogModuleManager: Shutting down and abandoning module AssetManagerEditor (246)
[2017.11.30-20.52.46:653][158]LogModuleManager: Shutting down and abandoning module GraphEditor (245)
[2017.11.30-20.52.46:653][158]LogModuleManager: Shutting down and abandoning module ContentBrowser (243)
[2017.11.30-20.52.46:654][158]LogModuleManager: Shutting down and abandoning module LightPropagationVolumeRuntime (240)
[2017.11.30-20.52.46:654][158]LogModuleManager: Shutting down and abandoning module Paper2D (238)
[2017.11.30-20.52.46:654][158]LogModuleManager: Shutting down and abandoning module WindowsMoviePlayer (236)
[2017.11.30-20.52.46:654][158]LogModuleManager: Shutting down and abandoning module WmfMedia (234)
[2017.11.30-20.52.46:654][158]LogModuleManager: Shutting down and abandoning module ImgMedia (232)
[2017.11.30-20.52.46:654][158]LogModuleManager: Shutting down and abandoning module PacketHandler (230)
[2017.11.30-20.52.46:654][158]LogModuleManager: Shutting down and abandoning module ClothingSystemEditor (228)
[2017.11.30-20.52.46:654][158]LogModuleManager: Shutting down and abandoning module ClothingSystemRuntime (226)
[2017.11.30-20.52.46:654][158]LogModuleManager: Shutting down and abandoning module MediaAssets (224)
[2017.11.30-20.52.46:654][158]LogModuleManager: Shutting down and abandoning module Media (223)
[2017.11.30-20.52.46:660][158]LogModuleManager: Shutting down and abandoning module Overlay (220)
[2017.11.30-20.52.46:660][158]LogModuleManager: Shutting down and abandoning module OverlayEditor (219)
[2017.11.30-20.52.46:660][158]LogModuleManager: Shutting down and abandoning module VREditor (216)
[2017.11.30-20.52.46:660][158]LogModuleManager: Shutting down and abandoning module StringTableEditor (214)
[2017.11.30-20.52.46:660][158]LogModuleManager: Shutting down and abandoning module GameplayTasksEditor (212)
[2017.11.30-20.52.46:660][158]LogModuleManager: Shutting down and abandoning module BehaviorTreeEditor (210)
[2017.11.30-20.52.46:660][158]LogModuleManager: Shutting down and abandoning module FunctionalTesting (208)
[2017.11.30-20.52.46:660][158]LogModuleManager: Shutting down and abandoning module CollisionAnalyzer (206)
[2017.11.30-20.52.46:660][158]LogModuleManager: Shutting down and abandoning module WorkspaceMenuStructure (205)
[2017.11.30-20.52.46:660][158]LogModuleManager: Shutting down and abandoning module UMG (202)
[2017.11.30-20.52.46:660][158]LogModuleManager: Shutting down and abandoning module UMGEditor (201)
[2017.11.30-20.52.46:660][158]LogModuleManager: Shutting down and abandoning module Sequencer (200)
[2017.11.30-20.52.46:660][158]LogModuleManager: Shutting down and abandoning module MessageLog (197)
[2017.11.30-20.52.46:660][158]LogModuleManager: Shutting down and abandoning module SlateReflector (192)
[2017.11.30-20.52.46:660][158]LogModuleManager: Shutting down and abandoning module Slate (190)
[2017.11.30-20.52.46:660][158]LogModuleManager: Shutting down and abandoning module EditorStyle (188)
[2017.11.30-20.52.46:662][158]LogModuleManager: Shutting down and abandoning module MRMesh (186)
[2017.11.30-20.52.46:662][158]LogModuleManager: Shutting down and abandoning module SourceCodeAccess (184)
[2017.11.30-20.52.46:662][158]LogModuleManager: Shutting down and abandoning module HeadMountedDisplay (182)
[2017.11.30-20.52.46:662][158]LogModuleManager: Shutting down and abandoning module XAudio2 (180)
[2017.11.30-20.52.46:662][158]LogModuleManager: Shutting down and abandoning module Networking (178)
[2017.11.30-20.52.46:662][158]LogModuleManager: Shutting down and abandoning module Core (174)
[2017.11.30-20.52.46:662][158]LogModuleManager: Shutting down and abandoning module LevelSequence (170)
[2017.11.30-20.52.46:662][158]LogModuleManager: Shutting down and abandoning module DirectoryWatcher (168)
[2017.11.30-20.52.46:663][158]LogModuleManager: Shutting down and abandoning module KismetCompiler (166)
[2017.11.30-20.52.46:663][158]LogModuleManager: Shutting down and abandoning module MeshUtilities (164)
[2017.11.30-20.52.46:663][158]LogModuleManager: Shutting down and abandoning module MeshMergeUtilities (163)
[2017.11.30-20.52.46:663][158]LogModuleManager: Shutting down and abandoning module MeshReductionInterface (162)
[2017.11.30-20.52.46:663][158]LogModuleManager: Shutting down and abandoning module SimplygonSwarm (161)
[2017.11.30-20.52.46:663][158]LogModuleManager: Shutting down and abandoning module SimplygonMeshReduction (159)
[2017.11.30-20.52.46:663][158]LogModuleManager: Shutting down and abandoning module QuadricMeshReduction (157)
[2017.11.30-20.52.46:663][158]LogModuleManager: Shutting down and abandoning module MaterialBaking (153)
[2017.11.30-20.52.46:663][158]LogModuleManager: Shutting down and abandoning module DerivedDataCache (150)
[2017.11.30-20.52.46:705][158]LogDerivedDataCache: Shutdown
[2017.11.30-20.52.46:705][158]LogModuleManager: Shutting down and abandoning module TargetPlatform (148)
[2017.11.30-20.52.46:705][158]LogModuleManager: Shutting down and abandoning module VulkanShaderFormat (147)
[2017.11.30-20.52.46:705][158]LogModuleManager: Shutting down and abandoning module ShaderFormatVectorVM (145)
[2017.11.30-20.52.46:705][158]LogModuleManager: Shutting down and abandoning module ShaderFormatOpenGL (143)
[2017.11.30-20.52.46:705][158]LogModuleManager: Shutting down and abandoning module ShaderFormatD3D (141)
[2017.11.30-20.52.46:705][158]LogModuleManager: Shutting down and abandoning module MetalShaderFormat (139)
[2017.11.30-20.52.46:705][158]LogModuleManager: Shutting down and abandoning module TextureFormatUncompressed (137)
[2017.11.30-20.52.46:705][158]LogModuleManager: Shutting down and abandoning module TextureFormatPVR (135)
[2017.11.30-20.52.46:705][158]LogModuleManager: Shutting down and abandoning module TextureFormatDXT (133)
[2017.11.30-20.52.46:705][158]LogModuleManager: Shutting down and abandoning module TextureFormatIntelISPCTexComp (131)
[2017.11.30-20.52.46:705][158]LogModuleManager: Shutting down and abandoning module TextureFormatASTC (129)
[2017.11.30-20.52.46:705][158]LogModuleManager: Shutting down and abandoning module ImageWrapper (128)
[2017.11.30-20.52.46:705][158]LogModuleManager: Shutting down and abandoning module TextureFormatAndroid (125)
[2017.11.30-20.52.46:705][158]LogModuleManager: Shutting down and abandoning module AudioFormatOpus (123)
[2017.11.30-20.52.46:705][158]LogModuleManager: Shutting down and abandoning module AudioFormatOgg (121)
[2017.11.30-20.52.46:705][158]LogModuleManager: Shutting down and abandoning module AudioFormatADPCM (119)
[2017.11.30-20.52.46:705][158]LogModuleManager: Shutting down and abandoning module LinuxTargetPlatform (117)
[2017.11.30-20.52.46:705][158]LogModuleManager: Shutting down and abandoning module LinuxServerTargetPlatform (115)
[2017.11.30-20.52.46:705][158]LogModuleManager: Shutting down and abandoning module LinuxNoEditorTargetPlatform (113)
[2017.11.30-20.52.46:705][158]LogModuleManager: Shutting down and abandoning module LinuxClientTargetPlatform (111)
[2017.11.30-20.52.46:705][158]LogModuleManager: Shutting down and abandoning module TVOSTargetPlatform (109)
[2017.11.30-20.52.46:705][158]LogModuleManager: Shutting down and abandoning module Messaging (107)
[2017.11.30-20.52.46:705][158]LogModuleManager: Shutting down and abandoning module IOSTargetPlatform (105)
[2017.11.30-20.52.46:705][158]LogModuleManager: Shutting down and abandoning module HTML5TargetPlatform (103)
[2017.11.30-20.52.46:705][158]LogModuleManager: Shutting down and abandoning module AndroidTargetPlatform (101)
[2017.11.30-20.52.46:705][158]LogModuleManager: Shutting down and abandoning module Android_PVRTCTargetPlatform (99)
[2017.11.30-20.52.46:705][158]LogModuleManager: Shutting down and abandoning module Android_MultiTargetPlatform (97)
[2017.11.30-20.52.46:705][158]LogModuleManager: Shutting down and abandoning module Android_ETC2TargetPlatform (95)
[2017.11.30-20.52.46:705][158]LogModuleManager: Shutting down and abandoning module Android_ETC1TargetPlatform (93)
[2017.11.30-20.52.46:705][158]LogModuleManager: Shutting down and abandoning module Android_DXTTargetPlatform (91)
[2017.11.30-20.52.46:705][158]LogModuleManager: Shutting down and abandoning module Android_ATCTargetPlatform (89)
[2017.11.30-20.52.46:705][158]LogModuleManager: Shutting down and abandoning module Android_ASTCTargetPlatform (87)
[2017.11.30-20.52.46:705][158]LogModuleManager: Shutting down and abandoning module WindowsTargetPlatform (85)
[2017.11.30-20.52.46:705][158]LogModuleManager: Shutting down and abandoning module WindowsServerTargetPlatform (83)
[2017.11.30-20.52.46:705][158]LogModuleManager: Shutting down and abandoning module WindowsNoEditorTargetPlatform (81)
[2017.11.30-20.52.46:705][158]LogModuleManager: Shutting down and abandoning module WindowsClientTargetPlatform (79)
[2017.11.30-20.52.46:705][158]LogModuleManager: Shutting down and abandoning module MacTargetPlatform (77)
[2017.11.30-20.52.46:705][158]LogModuleManager: Shutting down and abandoning module MacServerTargetPlatform (75)
[2017.11.30-20.52.46:705][158]LogModuleManager: Shutting down and abandoning module MacNoEditorTargetPlatform (73)
[2017.11.30-20.52.46:705][158]LogModuleManager: Shutting down and abandoning module MacClientTargetPlatform (71)
[2017.11.30-20.52.46:705][158]LogModuleManager: Shutting down and abandoning module AllDesktopTargetPlatform (69)
[2017.11.30-20.52.46:705][158]LogModuleManager: Shutting down and abandoning module InputCore (66)
[2017.11.30-20.52.46:705][158]LogModuleManager: Shutting down and abandoning module Settings (64)
[2017.11.30-20.52.46:705][158]LogModuleManager: Shutting down and abandoning module PhysXCooking (62)
[2017.11.30-20.52.46:705][158]LogModuleManager: Shutting down and abandoning module SteamVR (60)
[2017.11.30-20.52.46:705][158]LogModuleManager: Shutting down and abandoning module OculusHMD (58)
[2017.11.30-20.52.46:705][158]LogModuleManager: Shutting down and abandoning module ExampleDeviceProfileSelector (56)
[2017.11.30-20.52.46:705][158]LogModuleManager: Shutting down and abandoning module AppleARKit (54)
[2017.11.30-20.52.46:705][158]LogModuleManager: Shutting down and abandoning module AugmentedReality (53)
[2017.11.30-20.52.46:705][158]LogModuleManager: Shutting down and abandoning module OnlineBlueprintSupport (50)
[2017.11.30-20.52.46:705][158]LogModuleManager: Shutting down and abandoning module OnlineSubsystem (46)
[2017.11.30-20.52.46:705][158]LogModuleManager: Shutting down and abandoning module XMPP (45)
[2017.11.30-20.52.46:705][158]LogModuleManager: Shutting down and abandoning module HTTP (43)
[2017.11.30-20.52.46:705][158]LogHttp: Display: Http module shutting down, but needs to wait on 1 outstanding Http requests:
[2017.11.30-20.52.46:705][158]LogHttp: Display: 	verb=[POST] url=[https://datarouter.ol.epicgames.com/datarouter/api/v1/public/data?SessionID=%7BFE6D3C4A-4D64-B866-A5AC-93B693AEE6C1%7D&AppID=UEEditor.Rocket.Release&AppVersion=4.18.1-3754814%2B%2B%2BUE4%2BRelease-4.18&UserID=e06f4c3f4087662fe4810a85ee379c9e%7C60a20ad25ee24ffe8bfe44d613e1b52b%7C0c3f5c3c-62f8-4c42-88a0-be96360781b8&AppEnvironment=datacollector-binary&UploadType=eteventstream] status=Processing
[2017.11.30-20.52.46:733][158]LogModuleManager: Shutting down and abandoning module SSL (42)
[2017.11.30-20.52.46:735][158]LogModuleManager: Shutting down and abandoning module DesktopPlatform (38)
[2017.11.30-20.52.46:735][158]LogModuleManager: Shutting down and abandoning module AnimationModifiers (36)
[2017.11.30-20.52.46:735][158]LogModuleManager: Shutting down and abandoning module PropertyEditor (35)
[2017.11.30-20.52.46:735][158]LogModuleManager: Shutting down and abandoning module AudioEditor (32)
[2017.11.30-20.52.46:735][158]LogModuleManager: Shutting down and abandoning module TextureCompressor (30)
[2017.11.30-20.52.46:735][158]LogModuleManager: Shutting down and abandoning module ShaderCore (28)
[2017.11.30-20.52.46:735][158]LogModuleManager: Shutting down and abandoning module Landscape (26)
[2017.11.30-20.52.46:735][158]LogModuleManager: Shutting down and abandoning module SlateRHIRenderer (24)
[2017.11.30-20.52.46:735][158]LogModuleManager: Shutting down and abandoning module OpenGLDrv (22)
[2017.11.30-20.52.46:735][158]LogModuleManager: Shutting down and abandoning module D3D11RHI (20)
[2017.11.30-20.52.46:735][158]LogModuleManager: Shutting down and abandoning module AnimGraphRuntime (18)
[2017.11.30-20.52.46:735][158]LogModuleManager: Shutting down and abandoning module Renderer (16)
[2017.11.30-20.52.46:735][158]LogModuleManager: Shutting down and abandoning module Engine (14)
[2017.11.30-20.52.46:735][158]LogModuleManager: Shutting down and abandoning module CoreUObject (12)
[2017.11.30-20.52.46:736][158]LogModuleManager: Shutting down and abandoning module NetworkFile (10)
[2017.11.30-20.52.46:736][158]LogModuleManager: Shutting down and abandoning module CookedIterativeFile (8)
[2017.11.30-20.52.46:736][158]LogModuleManager: Shutting down and abandoning module StreamingFile (6)
[2017.11.30-20.52.46:736][158]LogModuleManager: Shutting down and abandoning module SandboxFile (4)
[2017.11.30-20.52.46:736][158]LogModuleManager: Shutting down and abandoning module PakFile (2)
[2017.11.30-20.52.46:739][158]LogExit: Exiting.
[2017.11.30-20.52.46:753][158]Log file closed, 11/30/17 13:52:46
