Log file open, 11/30/17 12:24:18
LogWindows: Failed to load 'aqProf.dll' (GetLastError=126)
LogWindows: File 'aqProf.dll' does not exist
LogWindows: Failed to load 'VtuneApi.dll' (GetLastError=126)
LogWindows: File 'VtuneApi.dll' does not exist
LogWindows: Failed to load 'VtuneApi32e.dll' (GetLastError=126)
LogWindows: File 'VtuneApi32e.dll' does not exist
LogInit: Display: Running engine for game: RapidPrototype5
LogPlatformFile: Not using cached read wrapper
LogInit: Display: RandInit(-180296132) SRandInit(-180296132).
LogInit: Read version file with build ID '3709383'
LogInit: Overriding engine version to CL 3754814, compatible CL 3709383
LogInit: Registered custom module enumerator with build ID '3709383'
LogTaskGraph: Started task graph with 5 named threads and 14 total threads with 3 sets of task threads.
LogStats: Stats thread started at 0.168336
LogD3D11RHI: Aftermath initialized
LogPluginManager: Mounting plugin Paper2D
LogPluginManager: Mounting plugin LightPropagationVolume
LogPluginManager: Mounting plugin CodeLiteSourceCodeAccess
LogPluginManager: Mounting plugin GitSourceControl
LogPluginManager: Mounting plugin KDevelopSourceCodeAccess
LogPluginManager: Mounting plugin NullSourceCodeAccess
LogPluginManager: Mounting plugin PerforceSourceControl
LogPluginManager: Mounting plugin SubversionSourceControl
LogPluginManager: Mounting plugin UObjectPlugin
LogPluginManager: Mounting plugin VisualStudioCodeSourceCodeAccess
LogPluginManager: Mounting plugin VisualStudioSourceCodeAccess
LogPluginManager: Mounting plugin XCodeSourceCodeAccess
LogPluginManager: Mounting plugin AssetManagerEditor
LogPluginManager: Mounting plugin AudioCapture
LogPluginManager: Mounting plugin FacialAnimation
LogPluginManager: Mounting plugin GameplayTagsEditor
LogPluginManager: Mounting plugin MobileLauncherProfileWizard
LogPluginManager: Mounting plugin PluginBrowser
LogPluginManager: Mounting plugin SpeedTreeImporter
LogPluginManager: Mounting plugin AlembicImporter
LogPluginManager: Mounting plugin CharacterAI
LogPluginManager: Mounting plugin HTML5Networking
LogPluginManager: Mounting plugin AndroidMedia
LogPluginManager: Mounting plugin AvfMedia
LogPluginManager: Mounting plugin ImgMedia
LogPluginManager: Mounting plugin MediaCompositing
LogPluginManager: Mounting plugin MediaPlayerEditor
LogPluginManager: Mounting plugin WmfMedia
LogPluginManager: Mounting plugin TcpMessaging
LogPluginManager: Mounting plugin UdpMessaging
LogPluginManager: Mounting plugin ActorSequence
LogPluginManager: Mounting plugin LevelSequenceEditor
LogPluginManager: Mounting plugin MatineeToLevelSequence
LogPluginManager: Mounting plugin OnlineSubsystemGooglePlay
LogPluginManager: Mounting plugin OnlineSubsystemIOS
LogPluginManager: Mounting plugin OnlineSubsystem
LogPluginManager: Mounting plugin OnlineSubsystemNull
LogPluginManager: Mounting plugin OnlineSubsystemUtils
LogPluginManager: Mounting plugin AndroidDeviceProfileSelector
LogPluginManager: Mounting plugin AndroidMoviePlayer
LogPluginManager: Mounting plugin AndroidPermission
LogPluginManager: Mounting plugin AppleARKit
LogPluginManager: Mounting plugin AppleMoviePlayer
LogPluginManager: Mounting plugin ArchVisCharacter
LogPluginManager: Mounting plugin CableComponent
LogPluginManager: Mounting plugin CustomMeshComponent
LogPluginManager: Mounting plugin ExampleDeviceProfileSelector
LogPluginManager: Mounting plugin GoogleCloudMessaging
LogPluginManager: Mounting plugin ImmediatePhysics
LogPluginManager: Mounting plugin IOSDeviceProfileSelector
LogPluginManager: Mounting plugin LinuxDeviceProfileSelector
LogPluginManager: Mounting plugin LocationServicesBPLibrary
LogPluginManager: Mounting plugin MobilePatchingUtils
LogPluginManager: Mounting plugin OculusVR
LogPluginManager: Plugin shader directory ../../../Engine/Plugins/Runtime/Oculus/OculusVR/Shaders found
LogPluginManager: Mapping shader source directory ../../../Engine/Plugins/Runtime/Oculus/OculusVR/Shaders to virtual directory /Plugin/OculusVR
LogPluginManager: Mounting plugin PhysXVehicles
LogPluginManager: Mounting plugin ProceduralMeshComponent
LogPluginManager: Mounting plugin RuntimePhysXCooking
LogPluginManager: Mounting plugin SteamVR
LogPluginManager: Mounting plugin WindowsMoviePlayer
LogModuleManager: Display: Found up-to-date module file ../../../../../../Users/u1141916/Documents/Unreal Projects/RapidPrototype5/RapidPrototype5/Binaries/Win64/UE4Editor-RapidPrototype5-602.dll (API version 3709383).
LogModuleManager: Display: Found up-to-date module file ../../../Engine/Plugins/2D/Paper2D/Binaries/Win64/UE4Editor-Paper2D.dll (API version 3709383).
LogModuleManager: Display: Found up-to-date module file ../../../Engine/Plugins/2D/Paper2D/Binaries/Win64/UE4Editor-Paper2DEditor.dll (API version 3709383).
LogModuleManager: Display: Found up-to-date module file ../../../Engine/Plugins/2D/Paper2D/Binaries/Win64/UE4Editor-PaperSpriteSheetImporter.dll (API version 3709383).
LogModuleManager: Display: Found up-to-date module file ../../../Engine/Plugins/2D/Paper2D/Binaries/Win64/UE4Editor-PaperTiledImporter.dll (API version 3709383).
LogModuleManager: Display: Found up-to-date module file ../../../Engine/Plugins/2D/Paper2D/Binaries/Win64/UE4Editor-SmartSnapping.dll (API version 3709383).
LogModuleManager: Display: Found up-to-date module file ../../../Engine/Plugins/Blendables/LightPropagationVolume/Binaries/Win64/UE4Editor-LightPropagationVolumeRuntime.dll (API version 3709383).
LogModuleManager: Display: Found up-to-date module file ../../../Engine/Plugins/Blendables/LightPropagationVolume/Binaries/Win64/UE4Editor-LightPropagationVolumeEditor.dll (API version 3709383).
LogModuleManager: Display: Found up-to-date module file ../../../Engine/Plugins/Developer/GitSourceControl/Binaries/Win64/UE4Editor-GitSourceControl.dll (API version 3709383).
LogModuleManager: Display: Found up-to-date module file ../../../Engine/Plugins/Developer/PerforceSourceControl/Binaries/Win64/UE4Editor-PerforceSourceControl.dll (API version 3709383).
LogModuleManager: Display: Found up-to-date module file ../../../Engine/Plugins/Developer/SubversionSourceControl/Binaries/Win64/UE4Editor-SubversionSourceControl.dll (API version 3709383).
LogModuleManager: Display: Found up-to-date module file ../../../Engine/Plugins/Developer/UObjectPlugin/Binaries/Win64/UE4Editor-UObjectPlugin.dll (API version 3709383).
LogModuleManager: Display: Found up-to-date module file ../../../Engine/Plugins/Developer/VisualStudioCodeSourceCodeAccess/Binaries/Win64/UE4Editor-VisualStudioCodeSourceCodeAccess.dll (API version 3709383).
LogModuleManager: Display: Found up-to-date module file ../../../Engine/Plugins/Developer/VisualStudioSourceCodeAccess/Binaries/Win64/UE4Editor-VisualStudioSourceCodeAccess.dll (API version 3709383).
LogModuleManager: Display: Found up-to-date module file ../../../Engine/Plugins/Editor/AssetManagerEditor/Binaries/Win64/UE4Editor-AssetManagerEditor.dll (API version 3709383).
LogModuleManager: Display: Found up-to-date module file ../../../Engine/Plugins/Editor/AudioCapture/Binaries/Win64/UE4Editor-AudioCapture.dll (API version 3709383).
LogModuleManager: Display: Found up-to-date module file ../../../Engine/Plugins/Editor/FacialAnimation/Binaries/Win64/UE4Editor-FacialAnimation.dll (API version 3709383).
LogModuleManager: Display: Found up-to-date module file ../../../Engine/Plugins/Editor/FacialAnimation/Binaries/Win64/UE4Editor-FacialAnimationEditor.dll (API version 3709383).
LogModuleManager: Display: Found up-to-date module file ../../../Engine/Plugins/Editor/GameplayTagsEditor/Binaries/Win64/UE4Editor-GameplayTagsEditor.dll (API version 3709383).
LogModuleManager: Display: Found up-to-date module file ../../../Engine/Plugins/Editor/MobileLauncherProfileWizard/Binaries/Win64/UE4Editor-MobileLauncherProfileWizard.dll (API version 3709383).
LogModuleManager: Display: Found up-to-date module file ../../../Engine/Plugins/Editor/PluginBrowser/Binaries/Win64/UE4Editor-PluginBrowser.dll (API version 3709383).
LogModuleManager: Display: Found up-to-date module file ../../../Engine/Plugins/Editor/SpeedTreeImporter/Binaries/Win64/UE4Editor-SpeedTreeImporter.dll (API version 3709383).
LogModuleManager: Display: Found up-to-date module file ../../../Engine/Plugins/Experimental/AlembicImporter/Binaries/Win64/UE4Editor-AlembicImporter.dll (API version 3709383).
LogModuleManager: Display: Found up-to-date module file ../../../Engine/Plugins/Experimental/AlembicImporter/Binaries/Win64/UE4Editor-AlembicLibrary.dll (API version 3709383).
LogModuleManager: Display: Found up-to-date module file ../../../Engine/Plugins/Experimental/CharacterAI/Binaries/Win64/UE4Editor-CharacterAI.dll (API version 3709383).
LogModuleManager: Display: Found up-to-date module file ../../../Engine/Plugins/Experimental/HTML5Networking/Binaries/Win64/UE4Editor-HTML5Networking.dll (API version 3709383).
LogModuleManager: Display: Found up-to-date module file ../../../Engine/Plugins/Media/AndroidMedia/Binaries/Win64/UE4Editor-AndroidMediaEditor.dll (API version 3709383).
LogModuleManager: Display: Found up-to-date module file ../../../Engine/Plugins/Media/AndroidMedia/Binaries/Win64/UE4Editor-AndroidMediaFactory.dll (API version 3709383).
LogModuleManager: Display: Found up-to-date module file ../../../Engine/Plugins/Media/AvfMedia/Binaries/Win64/UE4Editor-AvfMediaEditor.dll (API version 3709383).
LogModuleManager: Display: Found up-to-date module file ../../../Engine/Plugins/Media/AvfMedia/Binaries/Win64/UE4Editor-AvfMediaFactory.dll (API version 3709383).
LogModuleManager: Display: Found up-to-date module file ../../../Engine/Plugins/Media/AvfMedia/Binaries/Win64/UE4Editor-AvfMediaFactory.dll (API version 3709383).
LogModuleManager: Display: Found up-to-date module file ../../../Engine/Plugins/Media/ImgMedia/Binaries/Win64/UE4Editor-ImgMedia.dll (API version 3709383).
LogModuleManager: Display: Found up-to-date module file ../../../Engine/Plugins/Media/ImgMedia/Binaries/Win64/UE4Editor-ImgMediaEditor.dll (API version 3709383).
LogModuleManager: Display: Found up-to-date module file ../../../Engine/Plugins/Media/ImgMedia/Binaries/Win64/UE4Editor-ImgMediaFactory.dll (API version 3709383).
LogModuleManager: Display: Found up-to-date module file ../../../Engine/Plugins/Media/ImgMedia/Binaries/Win64/UE4Editor-ImgMediaFactory.dll (API version 3709383).
LogModuleManager: Display: Found up-to-date module file ../../../Engine/Plugins/Media/ImgMedia/Binaries/Win64/UE4Editor-OpenExrWrapper.dll (API version 3709383).
LogModuleManager: Display: Found up-to-date module file ../../../Engine/Plugins/Media/MediaCompositing/Binaries/Win64/UE4Editor-MediaCompositing.dll (API version 3709383).
LogModuleManager: Display: Found up-to-date module file ../../../Engine/Plugins/Media/MediaCompositing/Binaries/Win64/UE4Editor-MediaCompositingEditor.dll (API version 3709383).
LogModuleManager: Display: Found up-to-date module file ../../../Engine/Plugins/Media/MediaPlayerEditor/Binaries/Win64/UE4Editor-MediaPlayerEditor.dll (API version 3709383).
LogModuleManager: Display: Found up-to-date module file ../../../Engine/Plugins/Media/WmfMedia/Binaries/Win64/UE4Editor-WmfMedia.dll (API version 3709383).
LogModuleManager: Display: Found up-to-date module file ../../../Engine/Plugins/Media/WmfMedia/Binaries/Win64/UE4Editor-WmfMediaEditor.dll (API version 3709383).
LogModuleManager: Display: Found up-to-date module file ../../../Engine/Plugins/Media/WmfMedia/Binaries/Win64/UE4Editor-WmfMediaFactory.dll (API version 3709383).
LogModuleManager: Display: Found up-to-date module file ../../../Engine/Plugins/Media/WmfMedia/Binaries/Win64/UE4Editor-WmfMediaFactory.dll (API version 3709383).
LogModuleManager: Display: Found up-to-date module file ../../../Engine/Plugins/Messaging/TcpMessaging/Binaries/Win64/UE4Editor-TcpMessaging.dll (API version 3709383).
LogModuleManager: Display: Found up-to-date module file ../../../Engine/Plugins/Messaging/UdpMessaging/Binaries/Win64/UE4Editor-UdpMessaging.dll (API version 3709383).
LogModuleManager: Display: Found up-to-date module file ../../../Engine/Plugins/MovieScene/ActorSequence/Binaries/Win64/UE4Editor-ActorSequence.dll (API version 3709383).
LogModuleManager: Display: Found up-to-date module file ../../../Engine/Plugins/MovieScene/LevelSequenceEditor/Binaries/Win64/UE4Editor-LevelSequenceEditor.dll (API version 3709383).
LogModuleManager: Display: Found up-to-date module file ../../../Engine/Plugins/MovieScene/MatineeToLevelSequence/Binaries/Win64/UE4Editor-MatineeToLevelSequence.dll (API version 3709383).
LogModuleManager: Display: Found up-to-date module file ../../../Engine/Plugins/Online/OnlineSubsystem/Binaries/Win64/UE4Editor-OnlineSubsystem.dll (API version 3709383).
LogModuleManager: Display: Found up-to-date module file ../../../Engine/Plugins/Online/OnlineSubsystemNull/Binaries/Win64/UE4Editor-OnlineSubsystemNull.dll (API version 3709383).
LogModuleManager: Display: Found up-to-date module file ../../../Engine/Plugins/Online/OnlineSubsystemUtils/Binaries/Win64/UE4Editor-OnlineSubsystemUtils.dll (API version 3709383).
LogModuleManager: Display: Found up-to-date module file ../../../Engine/Plugins/Online/OnlineSubsystemUtils/Binaries/Win64/UE4Editor-OnlineBlueprintSupport.dll (API version 3709383).
LogModuleManager: Display: Found up-to-date module file ../../../Engine/Plugins/Runtime/AndroidDeviceProfileSelector/Binaries/Win64/UE4Editor-AndroidDeviceProfileSelector.dll (API version 3709383).
LogModuleManager: Display: Found up-to-date module file ../../../Engine/Plugins/Runtime/AndroidPermission/Binaries/Win64/UE4Editor-AndroidPermission.dll (API version 3709383).
LogModuleManager: Display: Found up-to-date module file ../../../Engine/Plugins/Runtime/AppleARKit/Binaries/Win64/UE4Editor-AppleARKit.dll (API version 3709383).
LogModuleManager: Display: Found up-to-date module file ../../../Engine/Plugins/Runtime/ArchVisCharacter/Binaries/Win64/UE4Editor-ArchVisCharacter.dll (API version 3709383).
LogModuleManager: Display: Found up-to-date module file ../../../Engine/Plugins/Runtime/CableComponent/Binaries/Win64/UE4Editor-CableComponent.dll (API version 3709383).
LogModuleManager: Display: Found up-to-date module file ../../../Engine/Plugins/Runtime/CustomMeshComponent/Binaries/Win64/UE4Editor-CustomMeshComponent.dll (API version 3709383).
LogModuleManager: Display: Found up-to-date module file ../../../Engine/Plugins/Runtime/ExampleDeviceProfileSelector/Binaries/Win64/UE4Editor-ExampleDeviceProfileSelector.dll (API version 3709383).
LogModuleManager: Display: Found up-to-date module file ../../../Engine/Plugins/Runtime/ImmediatePhysics/Binaries/Win64/UE4Editor-ImmediatePhysics.dll (API version 3709383).
LogModuleManager: Display: Found up-to-date module file ../../../Engine/Plugins/Runtime/ImmediatePhysics/Binaries/Win64/UE4Editor-ImmediatePhysicsEditor.dll (API version 3709383).
LogModuleManager: Display: Found up-to-date module file ../../../Engine/Plugins/Runtime/LocationServicesBPLibrary/Binaries/Win64/UE4Editor-LocationServicesBPLibrary.dll (API version 3709383).
LogModuleManager: Display: Found up-to-date module file ../../../Engine/Plugins/Runtime/MobilePatchingUtils/Binaries/Win64/UE4Editor-MobilePatchingUtils.dll (API version 3709383).
LogModuleManager: Display: Found up-to-date module file ../../../Engine/Plugins/Runtime/Oculus/OculusVR/Binaries/Win64/UE4Editor-OculusHMD.dll (API version 3709383).
LogModuleManager: Display: Found up-to-date module file ../../../Engine/Plugins/Runtime/Oculus/OculusVR/Binaries/Win64/UE4Editor-OculusInput.dll (API version 3709383).
LogModuleManager: Display: Found up-to-date module file ../../../Engine/Plugins/Runtime/Oculus/OculusVR/Binaries/Win64/UE4Editor-OculusEditor.dll (API version 3709383).
LogModuleManager: Display: Found up-to-date module file ../../../Engine/Plugins/Runtime/PhysXVehicles/Binaries/Win64/UE4Editor-PhysXVehicles.dll (API version 3709383).
LogModuleManager: Display: Found up-to-date module file ../../../Engine/Plugins/Runtime/PhysXVehicles/Binaries/Win64/UE4Editor-PhysXVehiclesEditor.dll (API version 3709383).
LogModuleManager: Display: Found up-to-date module file ../../../Engine/Plugins/Runtime/ProceduralMeshComponent/Binaries/Win64/UE4Editor-ProceduralMeshComponent.dll (API version 3709383).
LogModuleManager: Display: Found up-to-date module file ../../../Engine/Plugins/Runtime/ProceduralMeshComponent/Binaries/Win64/UE4Editor-ProceduralMeshComponentEditor.dll (API version 3709383).
LogModuleManager: Display: Found up-to-date module file ../../../Engine/Plugins/Runtime/RuntimePhysXCooking/Binaries/Win64/UE4Editor-RuntimePhysXCooking.dll (API version 3709383).
LogModuleManager: Display: Found up-to-date module file ../../../Engine/Plugins/Runtime/Steam/SteamVR/Binaries/Win64/UE4Editor-SteamVR.dll (API version 3709383).
LogModuleManager: Display: Found up-to-date module file ../../../Engine/Plugins/Runtime/Steam/SteamVR/Binaries/Win64/UE4Editor-SteamVRController.dll (API version 3709383).
LogModuleManager: Display: Found up-to-date module file ../../../Engine/Plugins/Runtime/WindowsMoviePlayer/Binaries/Win64/UE4Editor-WindowsMoviePlayer.dll (API version 3709383).
LogInit: Using libcurl 7.47.1
LogInit:  - built for x86_64-pc-win32
LogInit:  - supports SSL with OpenSSL/1.0.2g
LogInit:  - supports HTTP deflate (compression) using libz 1.2.8
LogInit:  - other features:
LogInit:      CURL_VERSION_SSL
LogInit:      CURL_VERSION_LIBZ
LogInit:      CURL_VERSION_IPV6
LogInit:      CURL_VERSION_ASYNCHDNS
LogInit:      CURL_VERSION_LARGEFILE
LogInit:      CURL_VERSION_IDN
LogInit:  CurlRequestOptions (configurable via config and command line):
LogInit:  - bVerifyPeer = false  - Libcurl will NOT verify peer certificate
LogInit:  - bUseHttpProxy = false  - Libcurl will NOT use HTTP proxy
LogInit:  - bDontReuseConnections = false  - Libcurl will reuse connections
LogInit:  - CertBundlePath = nullptr  - Libcurl will use whatever was configured at build time.
LogInit: Build: ++UE4+Release-4.18-CL-3754814
LogInit: Engine Version: 4.18.1-3754814+++UE4+Release-4.18
LogInit: Compatible Engine Version: 4.18.0-3709383+++UE4+Release-4.18
LogInit: Net CL: 3709383
LogDevObjectVersion: Number of dev versions registered: 16
LogDevObjectVersion:   Dev-Blueprints (B0D832E4-1F89-4F0D-ACCF-7EB736FD4AA2): 10
LogDevObjectVersion:   Dev-Build (E1C64328-A22C-4D53-A36C-8E866417BD8C): 0
LogDevObjectVersion:   Dev-Core (375EC13C-06E4-48FB-B500-84F0262A717E): 2
LogDevObjectVersion:   Dev-Editor (E4B068ED-F494-42E9-A231-DA0B2E46BB41): 20
LogDevObjectVersion:   Dev-Framework (CFFC743F-43B0-4480-9391-14DF171D2073): 30
LogDevObjectVersion:   Dev-Mobile (B02B49B5-BB20-44E9-A304-32B752E40360): 0
LogDevObjectVersion:   Dev-Networking (A4E4105C-59A1-49B5-A7C5-40C4547EDFEE): 0
LogDevObjectVersion:   Dev-Online (39C831C9-5AE6-47DC-9A44-9C173E1C8E7C): 0
LogDevObjectVersion:   Dev-Physics (78F01B33-EBEA-4F98-B9B4-84EACCB95AA2): 0
LogDevObjectVersion:   Dev-Platform (6631380F-2D4D-43E0-8009-CF276956A95A): 0
LogDevObjectVersion:   Dev-Rendering (12F88B9F-8875-4AFC-A67C-D90C383ABD29): 20
LogDevObjectVersion:   Dev-Sequencer (7B5AE74C-D270-4C10-A958-57980B212A5A): 4
LogDevObjectVersion:   Dev-VR (D7296918-1DD6-4BDD-9DE2-64A83CC13884): 0
LogDevObjectVersion:   Dev-LoadTimes (C2A15278-BFE7-4AFE-6C17-90FF531DF755): 1
LogDevObjectVersion:   Private-Geometry (6EACA3D4-40EC-4CC1-B786-8BED09428FC5): 1
LogDevObjectVersion:   Dev-AnimPhys (29E575DD-E0A3-4627-9D10-D276232CDCEA): 12
LogInit: Compiled (64-bit): Nov 14 2017 02:05:55
LogInit: Compiled with Visual C++: 19.00.24215.01
LogInit: Build Configuration: Development
LogInit: Branch Name: ++UE4+Release-4.18
LogInit: Command line: -EpicPortal 
LogInit: Base directory: C:/Program Files/Epic Games/UE_4.18/Engine/Binaries/Win64/
LogInit: Installed Engine Build: 1
LogInit: Presizing for max 8388607 objects, including 0 objects not considered by GC, pre-allocating 0 bytes for permanent pool.
LogInit: Object subsystem initialized
[2017.11.30-19.24.20:050][  0]LogInit: Selected Device Profile: [Windows]
[2017.11.30-19.24.20:050][  0]LogInit: Applying CVar settings loaded from the selected device profile: [Windows]
[2017.11.30-19.24.20:066][  0]LogInit: Computer: eae-d-087
[2017.11.30-19.24.20:066][  0]LogInit: User: u1141916
[2017.11.30-19.24.20:066][  0]LogInit: CPU Page size=4096, Cores=4
[2017.11.30-19.24.20:066][  0]LogInit: High frequency timer resolution =3.320314 MHz
[2017.11.30-19.24.20:066][  0]LogMemory: Memory total: Physical=31.9GB (32GB approx)
[2017.11.30-19.24.20:066][  0]LogMemory: Platform Memory Stats for Windows
[2017.11.30-19.24.20:066][  0]LogMemory: Process Physical Memory: 273.11 MB used, 273.11 MB peak
[2017.11.30-19.24.20:066][  0]LogMemory: Process Virtual Memory: 271.87 MB used, 271.87 MB peak
[2017.11.30-19.24.20:066][  0]LogMemory: Physical Memory: 9421.39 MB used,  23284.32 MB free, 32705.71 MB total
[2017.11.30-19.24.20:066][  0]LogMemory: Virtual Memory: 646.33 MB used,  23284.32 MB free, 134217728.00 MB total
[2017.11.30-19.24.20:198][  0]LogInit: Using OS detected language (en-US).
[2017.11.30-19.24.20:198][  0]LogInit: Using OS detected locale (en-US).
[2017.11.30-19.24.20:201][  0]LogTextLocalizationManager: No specific localization for 'en-US' exists, so the 'en' localization will be used.
[2017.11.30-19.24.20:572][  0]LogInit: Setting process to per monitor DPI aware
[2017.11.30-19.24.20:807][  0]LogD3D11RHI: D3D11 adapters:
[2017.11.30-19.24.20:843][  0]LogD3D11RHI:    0. 'NVIDIA GeForce GTX 1070' (Feature Level 11_0)
[2017.11.30-19.24.20:843][  0]LogD3D11RHI:       8096/0/16352 MB DedicatedVideo/DedicatedSystem/SharedSystem, Outputs:2, VendorId:0x10de
[2017.11.30-19.24.20:844][  0]LogD3D11RHI:    1. 'Microsoft Basic Render Driver' (Feature Level 11_0)
[2017.11.30-19.24.20:844][  0]LogD3D11RHI:       0/0/16352 MB DedicatedVideo/DedicatedSystem/SharedSystem, Outputs:0, VendorId:0x1414
[2017.11.30-19.24.20:844][  0]LogD3D11RHI: Chosen D3D11 Adapter: 0
[2017.11.30-19.24.20:852][  0]LogD3D11RHI: Creating new Direct3DDevice
[2017.11.30-19.24.20:852][  0]LogD3D11RHI:     GPU DeviceId: 0x1b81 (for the marketing name, search the web for "GPU Device Id")
[2017.11.30-19.24.20:852][  0]LogWindows: EnumDisplayDevices:
[2017.11.30-19.24.20:852][  0]LogWindows:    0. 'NVIDIA GeForce GTX 1070' (P:1 D:1)
[2017.11.30-19.24.20:852][  0]LogWindows:    1. 'NVIDIA GeForce GTX 1070' (P:0 D:1)
[2017.11.30-19.24.20:852][  0]LogWindows:    2. 'NVIDIA GeForce GTX 1070' (P:0 D:0)
[2017.11.30-19.24.20:852][  0]LogWindows:    3. 'NVIDIA GeForce GTX 1070' (P:0 D:0)
[2017.11.30-19.24.20:852][  0]LogWindows: DebugString: FoundDriverCount:4 
[2017.11.30-19.24.20:852][  0]LogD3D11RHI:     Adapter Name: NVIDIA GeForce GTX 1070
[2017.11.30-19.24.20:852][  0]LogD3D11RHI:   Driver Version: 388.31 (internal:23.21.13.8831, unified:388.31)
[2017.11.30-19.24.20:852][  0]LogD3D11RHI:      Driver Date: 11-14-2017
[2017.11.30-19.24.20:852][  0]LogRHI: Texture pool is 5667 MB (70% of 8096 MB)
[2017.11.30-19.24.20:875][  0]LogD3D11RHI: Async texture creation enabled
[2017.11.30-19.24.20:885][  0]LogD3D11RHI: GPU Timing Frequency: 1000.000000 (Debug: 2 1)
[2017.11.30-19.24.20:975][  0]LogShaderCompilers: Guid format shader working directory is -42 characters bigger than the processId version (../../../../../../Users/u1141916/Documents/Unreal Projects/RapidPrototype5/RapidPrototype5/Intermediate/Shaders/WorkingDirectory/19044/).
[2017.11.30-19.24.20:975][  0]LogShaderCompilers: Cleaned the shader compiler working directory 'C:/Users/u1141916/AppData/Local/Temp/UnrealShaderWorkingDir/EC9555D64923B091ABB54D9397C9655C/'.
[2017.11.30-19.24.20:975][  0]LogShaderCompilers: Display: Using Local Shader Compiler.
[2017.11.30-19.24.21:850][  0]LogTemp: Display: Loaded TP AllDesktopTargetPlatform
[2017.11.30-19.24.21:904][  0]LogTemp: Display: Loaded TP MacClientTargetPlatform
[2017.11.30-19.24.21:953][  0]LogTemp: Display: Loaded TP MacNoEditorTargetPlatform
[2017.11.30-19.24.22:004][  0]LogTemp: Display: Loaded TP MacServerTargetPlatform
[2017.11.30-19.24.22:053][  0]LogTemp: Display: Loaded TP MacTargetPlatform
[2017.11.30-19.24.22:101][  0]LogTemp: Display: Loaded TP WindowsClientTargetPlatform
[2017.11.30-19.24.22:148][  0]LogTemp: Display: Loaded TP WindowsNoEditorTargetPlatform
[2017.11.30-19.24.22:201][  0]LogTemp: Display: Loaded TP WindowsServerTargetPlatform
[2017.11.30-19.24.22:245][  0]LogTemp: Display: Loaded TP WindowsTargetPlatform
[2017.11.30-19.24.22:293][  0]LogTemp: Display: Loaded TP Android_ASTCTargetPlatform
[2017.11.30-19.24.22:342][  0]LogTemp: Display: Loaded TP Android_ATCTargetPlatform
[2017.11.30-19.24.22:392][  0]LogTemp: Display: Loaded TP Android_DXTTargetPlatform
[2017.11.30-19.24.22:441][  0]LogTemp: Display: Loaded TP Android_ETC1TargetPlatform
[2017.11.30-19.24.22:488][  0]LogTemp: Display: Loaded TP Android_ETC2TargetPlatform
[2017.11.30-19.24.22:583][  0]LogTemp: Display: Loaded TP Android_MultiTargetPlatform
[2017.11.30-19.24.22:583][  0]LogTemp: Display: Loaded TP Android_PVRTCTargetPlatform
[2017.11.30-19.24.22:633][  0]LogTemp: Display: Loaded TP AndroidTargetPlatform
[2017.11.30-19.24.22:672][  0]LogTemp: Display: Loaded TP HTML5TargetPlatform
[2017.11.30-19.24.22:765][  0]LogTemp: Display: Loaded TP IOSTargetPlatform
[2017.11.30-19.24.22:794][  0]LogTemp: Display: Loaded TP TVOSTargetPlatform
[2017.11.30-19.24.22:848][  0]LogTemp: Display: Loaded TP LinuxClientTargetPlatform
[2017.11.30-19.24.22:895][  0]LogTemp: Display: Loaded TP LinuxNoEditorTargetPlatform
[2017.11.30-19.24.22:944][  0]LogTemp: Display: Loaded TP LinuxServerTargetPlatform
[2017.11.30-19.24.22:993][  0]LogTemp: Display: Loaded TP LinuxTargetPlatform
[2017.11.30-19.24.22:993][  0]LogTargetPlatformManager: Display: Building Assets For Windows
[2017.11.30-19.24.23:436][  0]LogDerivedDataCache: Display: Max Cache Size: 512 MB
[2017.11.30-19.24.23:517][  0]LogDerivedDataCache: Loaded boot cache 0.08s 79MB C:/Users/u1141916/AppData/Local/UnrealEngine/4.18/DerivedDataCache/Boot.ddc.
[2017.11.30-19.24.23:517][  0]LogDerivedDataCache: Display: Loaded Boot cache: C:/Users/u1141916/AppData/Local/UnrealEngine/4.18/DerivedDataCache/Boot.ddc
[2017.11.30-19.24.23:517][  0]LogDerivedDataCache: FDerivedDataBackendGraph:  Pak pak cache file ../../../../../../Users/u1141916/Documents/Unreal Projects/RapidPrototype5/RapidPrototype5/DerivedDataCache/DDC.ddp not found, will not use a pak cache.
[2017.11.30-19.24.23:517][  0]LogDerivedDataCache: Unable to find inner node Pak for hierarchical cache Hierarchy.
[2017.11.30-19.24.23:517][  0]LogDerivedDataCache: FDerivedDataBackendGraph:  CompressedPak pak cache file ../../../../../../Users/u1141916/Documents/Unreal Projects/RapidPrototype5/RapidPrototype5/DerivedDataCache/Compressed.ddp not found, will not use a pak cache.
[2017.11.30-19.24.23:517][  0]LogDerivedDataCache: Unable to find inner node CompressedPak for hierarchical cache Hierarchy.
[2017.11.30-19.24.23:532][  0]LogDerivedDataCache: Display: Pak cache opened for reading ../../../Engine/DerivedDataCache/Compressed.ddp.
[2017.11.30-19.24.23:544][  0]LogDerivedDataCache: Using Local data cache path C:/Users/u1141916/AppData/Local/UnrealEngine/Common/DerivedDataCache: Writable
[2017.11.30-19.24.23:553][  0]LogMaterial: Verifying Global Shaders for PCD3D_SM5
[2017.11.30-19.24.23:553][  0]LogSlate: Using Freetype 2.6.0
[2017.11.30-19.24.23:554][  0]LogSlate: SlateFontCache - WITH_FREETYPE: 1, WITH_HARFBUZZ: 1
[2017.11.30-19.24.23:554][  0]LogSlate: SlateFontCache - WITH_FREETYPE: 1, WITH_HARFBUZZ: 1
[2017.11.30-19.24.23:911][  0]LogInit: Selected Device Profile: [Windows]
[2017.11.30-19.24.24:234][  0]LogSimplygon: Simplygon DLL not present - disabling.
[2017.11.30-19.24.24:272][  0]LogMeshReduction: Using SimplygonSwarm for distributed automatic mesh merging
[2017.11.30-19.24.24:272][  0]LogMeshReduction: Using QuadricMeshReduction for automatic static mesh reduction
[2017.11.30-19.24.24:272][  0]LogMeshReduction: No automatic skeletal mesh reduction module available
[2017.11.30-19.24.24:272][  0]LogMeshReduction: No automatic mesh merging module available
[2017.11.30-19.24.24:272][  0]LogMeshMerging: No automatic mesh merging module available
[2017.11.30-19.24.24:301][  0]LogNetVersion: RapidPrototype5 , NetCL: 3709383, EngineNetVer: 2, GameNetVer: 0 (Checksum: 1973499734)
[2017.11.30-19.24.24:461][  0]LogAssetRegistry: FAssetRegistry took 0.0270 seconds to start up
[2017.11.30-19.24.24:973][  0]LogPackageLocalizationCache: Processed 7 localized package path(s) for 2 prioritized culture(s) in 0.074316 seconds
[2017.11.30-19.24.24:979][  0]LogUObjectArray: 35900 objects as part of root set at end of initial load.
[2017.11.30-19.24.24:979][  0]LogUObjectAllocator: 7372024 out of 0 bytes used by permanent object pool.
[2017.11.30-19.24.24:979][  0]LogUObjectArray: CloseDisregardForGC: 0/0 objects in disregard for GC pool
[2017.11.30-19.24.25:032][  0]LogInit: WinSock: version 1.1 (2.2), MaxSocks=32767, MaxUdp=65467
[2017.11.30-19.24.27:556][  0]LogTcpMessaging: Initializing TcpMessaging bridge
[2017.11.30-19.24.27:598][  0]LogUdpMessaging: Initializing bridge on interface 0.0.0.0:0 to multicast group 230.0.0.1:6666.
[2017.11.30-19.24.28:565][  0]LogMaterial: Uniform references updated for custom material expression Custom.
[2017.11.30-19.24.28:968][  0]SourceControl: Source control is disabled
[2017.11.30-19.24.28:968][  0]SourceControl: Source control is disabled
[2017.11.30-19.24.29:019][  0]SourceControl: Source control is disabled
[2017.11.30-19.24.29:073][  0]SourceControl: Source control is disabled
[2017.11.30-19.24.29:853][  0]LogAndroidPermission: UAndroidPermissionCallbackProxy::GetInstance
[2017.11.30-19.24.30:105][  0]LogOcInput: OculusInput pre-init called
[2017.11.30-19.24.30:367][  0]LogEngine: Initializing Engine...
[2017.11.30-19.24.30:369][  0]LogHMD: Failed to initialize OpenVR with code 110
[2017.11.30-19.24.30:574][  0]LogStats: UGameplayTagsManager::ConstructGameplayTagTree: Construct from data asset -  0.000 s
[2017.11.30-19.24.30:574][  0]LogStats: UGameplayTagsManager::ConstructGameplayTagTree: GameplayTagTreeChangedEvent.Broadcast -  0.000 s
[2017.11.30-19.24.30:695][  0]LogAIModule: Creating AISystem for world Untitled
[2017.11.30-19.24.30:705][  0]LogInit: XAudio2 using 'DELL UZ2315H-8 (NVIDIA High Definition Audio)' : 2 channels at 48 kHz using 16 bits per sample (channel mask 0x3)
[2017.11.30-19.24.30:717][  0]LogInit: FAudioDevice initialized.
[2017.11.30-19.24.30:802][  0]LogDerivedDataCache: Saved boot cache 0.08s 79MB C:/Users/u1141916/AppData/Local/UnrealEngine/4.18/DerivedDataCache/Boot.ddc.
[2017.11.30-19.24.30:818][  0]LogInit: Texture streaming: Enabled
[2017.11.30-19.24.30:915][  0]LogEngineSessionManager: EngineSessionManager initialized
[2017.11.30-19.24.31:038][  0]LogInit: Transaction tracking system initialized
[2017.11.30-19.24.31:327][  0]BlueprintLog: New page: Editor Load
[2017.11.30-19.24.32:192][  0]LocalizationService: Localization service is disabled
[2017.11.30-19.24.32:893][  0]LogConsoleResponse: Display: 
[2017.11.30-19.24.33:067][  0]LogCook: Display: Max memory allowance for cook 16384mb min free memory 0mb
[2017.11.30-19.24.33:067][  0]LogCook: Display: Mobile HDR setting 1
[2017.11.30-19.24.33:067][  0]LogGameplayTags: Display: UGameplayTagsManager::DoneAddingNativeTags. DelegateIsBound: 0
[2017.11.30-19.24.33:762][  0]LogFileCache: Scanning file cache for directory 'C:/Users/u1141916/Documents/Unreal Projects/RapidPrototype5/RapidPrototype5/Content/' took 0.02s
[2017.11.30-19.24.34:207][  0]SourceControl: Source control is disabled
[2017.11.30-19.24.34:208][  0]LightingResults: New page: Lighting Build
[2017.11.30-19.24.34:247][  0]MapCheck: New page: Map Check
[2017.11.30-19.24.34:247][  0]LightingResults: New page: Lighting Build
[2017.11.30-19.24.34:478][  0]LogAIModule: Creating AISystem for world ThirdPersonExampleMap
[2017.11.30-19.24.34:486][  0]LogEditorServer: Finished looking for orphan Actors (0.000 secs)
[2017.11.30-19.24.34:496][  0]Cmd: MAP CHECKDEP NOCLEARLOG
[2017.11.30-19.24.34:545][  0]MapCheck: Map check complete: 0 Error(s), 0 Warning(s), took 49.007ms to complete.
[2017.11.30-19.24.34:545][  0]LogFileHelpers: Loading map 'ThirdPersonExampleMap' took 0.338
[2017.11.30-19.24.34:696][  0]LogCollectionManager: Loaded 0 collections in 0.001798 seconds
[2017.11.30-19.24.34:780][  0]LogFileCache: Scanning file cache for directory 'C:/Users/u1141916/Documents/Unreal Projects/RapidPrototype5/RapidPrototype5/Saved/Collections/' took 0.01s
[2017.11.30-19.24.34:780][  0]LogFileCache: Scanning file cache for directory 'C:/Users/u1141916/Documents/Unreal Projects/RapidPrototype5/RapidPrototype5/Content/Developers/u1141916/Collections/' took 0.01s
[2017.11.30-19.24.34:780][  0]LogFileCache: Scanning file cache for directory 'C:/Users/u1141916/Documents/Unreal Projects/RapidPrototype5/RapidPrototype5/Content/Collections/' took 0.01s
[2017.11.30-19.24.34:780][  0]LogCollectionManager: Rebuilt the GUID cache for 0 collections in 0.000000 seconds
[2017.11.30-19.24.34:789][  0]LogContentBrowser: Native class hierarchy populated in 0.0092 seconds. Added 2366 classes and 521 folders.
[2017.11.30-19.24.34:852][  0]LogContentBrowser: Native class hierarchy updated for 'WidgetCarousel' in 0.0006 seconds. Added 0 classes and 0 folders.
[2017.11.30-19.24.35:122][  0]LogContentBrowser: Native class hierarchy updated for 'AddContentDialog' in 0.0006 seconds. Added 0 classes and 0 folders.
[2017.11.30-19.24.35:162][  0]LogContentBrowser: Native class hierarchy updated for 'SceneOutliner' in 0.0006 seconds. Added 1 classes and 2 folders.
[2017.11.30-19.24.36:043][  0]LogSlate: Only BGRA pngs, bmps or icos are supported in by External Image Picker
[2017.11.30-19.24.36:064][  0]LogSlate: Took 0.000199 seconds to synchronously load lazily loaded font '../../../Engine/Content/Slate/Fonts/Roboto-Regular.ttf' (155K)
[2017.11.30-19.24.36:067][  0]LogSlate: Took 0.000304 seconds to synchronously load lazily loaded font '../../../Engine/Content/Slate/Fonts/Roboto-Bold.ttf' (160K)
[2017.11.30-19.24.36:076][  0]LogSlate: Took 0.004214 seconds to synchronously load lazily loaded font '../../../Engine/Content/Editor/Slate/Fonts/FontAwesome.ttf' (139K)
[2017.11.30-19.24.36:200][  0]LogTemp: Executing iPhonePackager certificates Engine -bundlename com.YourCompany.RapidPrototype5
[2017.11.30-19.24.36:200][  0]LogTemp: CWD: C:\Program Files\Epic Games\UE_4.18\Engine\Binaries\DotNET\IOS
[2017.11.30-19.24.36:200][  0]LogTemp: Initial Dir: C:\Program Files\Epic Games\UE_4.18
[2017.11.30-19.24.36:200][  0]LogTemp: Env CWD: C:\Program Files\Epic Games\UE_4.18\Engine\Binaries\DotNET\IOS
[2017.11.30-19.24.36:200][  0]LogTemp: BranchPath = eae-d-087/C/Program Files/Epic Games/UE_4.18/Engine/Binaries --- GameBranchPath = eae-d-087/C/Program Files/Epic Games/UE_4.18/Engine/Binaries
[2017.11.30-19.24.36:200][  0]LogTemp: IPP ERROR: Could not find provision directory 'C:\Users\u1141916\AppData\Local/Apple Computer/MobileDevice/Provisioning Profiles/'.
[2017.11.30-19.24.36:200][  0]LogRenderer: Reallocating scene render targets to support 1208x576 Format 10 NumSamples 1 (Frame:1).
[2017.11.30-19.24.36:243][  0]LogSlate: Took 0.004095 seconds to synchronously load lazily loaded font '../../../Engine/Content/Slate/Fonts/Roboto-Light.ttf' (159K)
[2017.11.30-19.24.36:349][  0]LogContentBrowser: Native class hierarchy updated for 'HierarchicalLODOutliner' in 0.0006 seconds. Added 1 classes and 2 folders.
[2017.11.30-19.24.36:349][  0]LogLoad: (Engine Initialization) Total time: 19.03 seconds
[2017.11.30-19.24.36:349][  0]LogLoad: (Engine Initialization) Total Blueprint compile time: 0.00 seconds
[2017.11.30-19.24.36:349][  0]LogExternalProfiler: Found external profiler: VSPerf
[2017.11.30-19.24.36:349][  0]LogExternalProfiler: Using external profiler: VSPerf
[2017.11.30-19.24.36:711][  0]LogContentStreaming: Texture pool size now 1000 MB
[2017.11.30-19.24.37:026][  1]LogAssetRegistry: Asset discovery search completed in 12.5872 seconds
[2017.11.30-19.24.37:028][  1]LogCollectionManager: Rebuilt the object cache for 0 collections in 0.000000 seconds (found 0 objects)
[2017.11.30-19.24.37:028][  1]LogCollectionManager: Fixed up redirectors for 0 collections in 0.000045 seconds (updated 0 objects)
[2017.11.30-19.24.37:691][  3]LogSlate: Took 0.000259 seconds to synchronously load lazily loaded font '../../../Engine/Content/Slate/Fonts/Roboto-Light.ttf' (159K)
[2017.11.30-19.24.44:577][667]LogSlate: Took 0.000134 seconds to synchronously load lazily loaded font '../../../Engine/Content/Slate/Fonts/Roboto-Light.ttf' (159K)
[2017.11.30-19.24.44:901][667]LogContentBrowser: Native class hierarchy updated for 'BlueprintGraph' in 0.0010 seconds. Added 116 classes and 0 folders.
[2017.11.30-19.24.45:562][667]LogSlate: Took 0.004345 seconds to synchronously load lazily loaded font '../../../Engine/Content/Editor/Slate/Fonts/Roboto-BoldCondensed.ttf' (158K)
[2017.11.30-19.24.45:779][668]LogSlate: Took 0.003970 seconds to synchronously load lazily loaded font '../../../Engine/Content/Editor/Slate/Fonts/Roboto-Italic.ttf' (157K)
[2017.11.30-19.26.51:036][ 40]LogTemp: Repeating last play command: Selected Viewport
[2017.11.30-19.26.51:081][ 40]LogBlueprintUserMessages: Early PlayInEditor Detection: Level '/Game/ThirdPersonCPP/Maps/ThirdPersonExampleMap.ThirdPersonExampleMap:PersistentLevel' has LevelScriptBlueprint '/Game/ThirdPersonCPP/Maps/ThirdPersonExampleMap.ThirdPersonExampleMap:PersistentLevel.ThirdPersonExampleMap' with GeneratedClass '/Game/ThirdPersonCPP/Maps/ThirdPersonExampleMap.ThirdPersonExampleMap_C' with ClassGeneratedBy '/Game/ThirdPersonCPP/Maps/ThirdPersonExampleMap.ThirdPersonExampleMap:PersistentLevel.ThirdPersonExampleMap'
[2017.11.30-19.26.51:081][ 40]LogPlayLevel: PlayLevel: No blueprints needed recompiling
[2017.11.30-19.26.51:082][ 40]PIE: New page: PIE session: ThirdPersonExampleMap (Nov 30, 2017, 5:26:51 AM)
[2017.11.30-19.26.51:082][ 40]LogPlayLevel: Creating play world package: /Game/ThirdPersonCPP/Maps/UEDPIE_0_ThirdPersonExampleMap
[2017.11.30-19.26.51:109][ 40]LogPlayLevel: PIE: StaticDuplicateObject took: (0.027330s)
[2017.11.30-19.26.51:110][ 40]LogAIModule: Creating AISystem for world ThirdPersonExampleMap
[2017.11.30-19.26.51:110][ 40]LogPlayLevel: PIE: World Init took: (0.000661s)
[2017.11.30-19.26.51:110][ 40]LogPlayLevel: PIE: Created PIE world by copying editor world from /Game/ThirdPersonCPP/Maps/ThirdPersonExampleMap.ThirdPersonExampleMap to /Game/ThirdPersonCPP/Maps/UEDPIE_0_ThirdPersonExampleMap.ThirdPersonExampleMap (0.028297s)
[2017.11.30-19.26.51:134][ 40]LogInit: XAudio2 using 'DELL UZ2315H-8 (NVIDIA High Definition Audio)' : 2 channels at 48 kHz using 16 bits per sample (channel mask 0x3)
[2017.11.30-19.26.51:141][ 40]LogInit: FAudioDevice initialized.
[2017.11.30-19.26.51:195][ 40]LogLoad: Game class is 'PlayerGameMode_C'
[2017.11.30-19.26.51:198][ 40]LogWorld: Bringing World /Game/ThirdPersonCPP/Maps/UEDPIE_0_ThirdPersonExampleMap.ThirdPersonExampleMap up for play (max tick rate 0) at 2017.11.30-12.26.51
[2017.11.30-19.26.51:198][ 40]LogWorld: Bringing up level for play took: 0.001834
[2017.11.30-19.26.51:199][ 40]LogSpawn: Warning: SpawnActor failed because no class was specified
[2017.11.30-19.26.51:237][ 40]LogContentBrowser: Native class hierarchy updated for 'MovieSceneCapture' in 0.0007 seconds. Added 11 classes and 0 folders.
[2017.11.30-19.26.51:237][ 40]PIE: Play in editor start time for /Game/ThirdPersonCPP/Maps/UEDPIE_0_ThirdPersonExampleMap -0.14
[2017.11.30-19.26.51:238][ 40]LogBlueprintUserMessages: Late PlayInEditor Detection: Level '/Game/ThirdPersonCPP/Maps/ThirdPersonExampleMap.ThirdPersonExampleMap:PersistentLevel' has LevelScriptBlueprint '/Game/ThirdPersonCPP/Maps/ThirdPersonExampleMap.ThirdPersonExampleMap:PersistentLevel.ThirdPersonExampleMap' with GeneratedClass '/Game/ThirdPersonCPP/Maps/ThirdPersonExampleMap.ThirdPersonExampleMap_C' with ClassGeneratedBy '/Game/ThirdPersonCPP/Maps/ThirdPersonExampleMap.ThirdPersonExampleMap:PersistentLevel.ThirdPersonExampleMap'
[2017.11.30-19.26.56:117][306]LogTemp: Warning: Push 100.000000
[2017.11.30-19.26.56:551][330]LogTemp: Warning: End pushing
[2017.11.30-19.26.57:636][389]LogBlueprintUserMessages: Early EndPlayMap Detection: Level '/Game/ThirdPersonCPP/Maps/ThirdPersonExampleMap.ThirdPersonExampleMap:PersistentLevel' has LevelScriptBlueprint '/Game/ThirdPersonCPP/Maps/ThirdPersonExampleMap.ThirdPersonExampleMap:PersistentLevel.ThirdPersonExampleMap' with GeneratedClass '/Game/ThirdPersonCPP/Maps/ThirdPersonExampleMap.ThirdPersonExampleMap_C' with ClassGeneratedBy '/Game/ThirdPersonCPP/Maps/ThirdPersonExampleMap.ThirdPersonExampleMap:PersistentLevel.ThirdPersonExampleMap'
[2017.11.30-19.26.57:681][389]LogBlueprintUserMessages: Late EndPlayMap Detection: Level '/Game/ThirdPersonCPP/Maps/ThirdPersonExampleMap.ThirdPersonExampleMap:PersistentLevel' has LevelScriptBlueprint '/Game/ThirdPersonCPP/Maps/ThirdPersonExampleMap.ThirdPersonExampleMap:PersistentLevel.ThirdPersonExampleMap' with GeneratedClass '/Game/ThirdPersonCPP/Maps/ThirdPersonExampleMap.ThirdPersonExampleMap_C' with ClassGeneratedBy '/Game/ThirdPersonCPP/Maps/ThirdPersonExampleMap.ThirdPersonExampleMap:PersistentLevel.ThirdPersonExampleMap'
[2017.11.30-19.27.18:540][624]LogHotReload: New module detected: UE4Editor-RapidPrototype5-2690.dll
[2017.11.30-19.27.19:252][627]LogHotReload: Starting Hot-Reload from IDE
[2017.11.30-19.27.19:333][627]LogClass: Could not find existing class Push in package /Script/RapidPrototype5 for HotReload, assuming new class
[2017.11.30-19.27.19:333][627]LogClass: Function PushBack is new.
[2017.11.30-19.27.19:340][627]LogHotReload: Re-instancing Push after hot-reload.
[2017.11.30-19.27.19:434][627]LogContentBrowser: Native class hierarchy updated for 'RapidPrototype5' in 0.0007 seconds. Added 3 classes and 2 folders.
[2017.11.30-19.27.19:437][627]Display: HotReload successful (0 functions remapped  0 scriptstructs remapped)
[2017.11.30-19.27.19:741][627]LogContentBrowser: Native class hierarchy populated in 0.0097 seconds. Added 2368 classes and 525 folders.
[2017.11.30-19.27.19:749][627]Display: HotReload took  0.5s.
[2017.11.30-19.27.28:475][724]LogTemp: Repeating last play command: Selected Viewport
[2017.11.30-19.27.28:495][724]LogBlueprintUserMessages: Early PlayInEditor Detection: Level '/Game/ThirdPersonCPP/Maps/ThirdPersonExampleMap.ThirdPersonExampleMap:PersistentLevel' has LevelScriptBlueprint '/Game/ThirdPersonCPP/Maps/ThirdPersonExampleMap.ThirdPersonExampleMap:PersistentLevel.ThirdPersonExampleMap' with GeneratedClass '/Game/ThirdPersonCPP/Maps/ThirdPersonExampleMap.ThirdPersonExampleMap_C' with ClassGeneratedBy '/Game/ThirdPersonCPP/Maps/ThirdPersonExampleMap.ThirdPersonExampleMap:PersistentLevel.ThirdPersonExampleMap'
[2017.11.30-19.27.28:495][724]LogPlayLevel: PlayLevel: No blueprints needed recompiling
[2017.11.30-19.27.28:495][724]PIE: New page: PIE session: ThirdPersonExampleMap (Nov 30, 2017, 5:27:28 AM)
[2017.11.30-19.27.28:495][724]LogPlayLevel: Creating play world package: /Game/ThirdPersonCPP/Maps/UEDPIE_0_ThirdPersonExampleMap
[2017.11.30-19.27.28:513][724]LogPlayLevel: PIE: StaticDuplicateObject took: (0.017500s)
[2017.11.30-19.27.28:514][724]LogAIModule: Creating AISystem for world ThirdPersonExampleMap
[2017.11.30-19.27.28:514][724]LogPlayLevel: PIE: World Init took: (0.000741s)
[2017.11.30-19.27.28:514][724]LogPlayLevel: PIE: Created PIE world by copying editor world from /Game/ThirdPersonCPP/Maps/ThirdPersonExampleMap.ThirdPersonExampleMap to /Game/ThirdPersonCPP/Maps/UEDPIE_0_ThirdPersonExampleMap.ThirdPersonExampleMap (0.018507s)
[2017.11.30-19.27.28:552][724]LogInit: XAudio2 using 'DELL UZ2315H-8 (NVIDIA High Definition Audio)' : 2 channels at 48 kHz using 16 bits per sample (channel mask 0x3)
[2017.11.30-19.27.28:558][724]LogInit: FAudioDevice initialized.
[2017.11.30-19.27.28:589][724]LogLoad: Game class is 'PlayerGameMode_C'
[2017.11.30-19.27.28:591][724]LogWorld: Bringing World /Game/ThirdPersonCPP/Maps/UEDPIE_0_ThirdPersonExampleMap.ThirdPersonExampleMap up for play (max tick rate 0) at 2017.11.30-12.27.28
[2017.11.30-19.27.28:591][724]LogWorld: Bringing up level for play took: 0.001771
[2017.11.30-19.27.28:592][724]LogSpawn: Warning: SpawnActor failed because no class was specified
[2017.11.30-19.27.28:592][724]PIE: Play in editor start time for /Game/ThirdPersonCPP/Maps/UEDPIE_0_ThirdPersonExampleMap -0.785
[2017.11.30-19.27.28:592][724]LogBlueprintUserMessages: Late PlayInEditor Detection: Level '/Game/ThirdPersonCPP/Maps/ThirdPersonExampleMap.ThirdPersonExampleMap:PersistentLevel' has LevelScriptBlueprint '/Game/ThirdPersonCPP/Maps/ThirdPersonExampleMap.ThirdPersonExampleMap:PersistentLevel.ThirdPersonExampleMap' with GeneratedClass '/Game/ThirdPersonCPP/Maps/ThirdPersonExampleMap.ThirdPersonExampleMap_C' with ClassGeneratedBy '/Game/ThirdPersonCPP/Maps/ThirdPersonExampleMap.ThirdPersonExampleMap:PersistentLevel.ThirdPersonExampleMap'
[2017.11.30-19.27.29:680][783]LogVSAccessor: Warning: Visual Studio is open but could not be queried - it may be blocked by a modal operation
[2017.11.30-19.27.37:086][186]LogBlueprintUserMessages: Early EndPlayMap Detection: Level '/Game/ThirdPersonCPP/Maps/ThirdPersonExampleMap.ThirdPersonExampleMap:PersistentLevel' has LevelScriptBlueprint '/Game/ThirdPersonCPP/Maps/ThirdPersonExampleMap.ThirdPersonExampleMap:PersistentLevel.ThirdPersonExampleMap' with GeneratedClass '/Game/ThirdPersonCPP/Maps/ThirdPersonExampleMap.ThirdPersonExampleMap_C' with ClassGeneratedBy '/Game/ThirdPersonCPP/Maps/ThirdPersonExampleMap.ThirdPersonExampleMap:PersistentLevel.ThirdPersonExampleMap'
[2017.11.30-19.27.37:130][186]LogBlueprintUserMessages: Late EndPlayMap Detection: Level '/Game/ThirdPersonCPP/Maps/ThirdPersonExampleMap.ThirdPersonExampleMap:PersistentLevel' has LevelScriptBlueprint '/Game/ThirdPersonCPP/Maps/ThirdPersonExampleMap.ThirdPersonExampleMap:PersistentLevel.ThirdPersonExampleMap' with GeneratedClass '/Game/ThirdPersonCPP/Maps/ThirdPersonExampleMap.ThirdPersonExampleMap_C' with ClassGeneratedBy '/Game/ThirdPersonCPP/Maps/ThirdPersonExampleMap.ThirdPersonExampleMap:PersistentLevel.ThirdPersonExampleMap'
[2017.11.30-19.27.40:735][372]LogEditorViewport: Clicking on Actor (LMB): ThirdPersonCharacter_C (ThirdPersonCharacter)
[2017.11.30-19.27.54:268][ 17]LogTemp: Repeating last play command: Selected Viewport
[2017.11.30-19.27.54:288][ 17]LogBlueprintUserMessages: Early PlayInEditor Detection: Level '/Game/ThirdPersonCPP/Maps/ThirdPersonExampleMap.ThirdPersonExampleMap:PersistentLevel' has LevelScriptBlueprint '/Game/ThirdPersonCPP/Maps/ThirdPersonExampleMap.ThirdPersonExampleMap:PersistentLevel.ThirdPersonExampleMap' with GeneratedClass '/Game/ThirdPersonCPP/Maps/ThirdPersonExampleMap.ThirdPersonExampleMap_C' with ClassGeneratedBy '/Game/ThirdPersonCPP/Maps/ThirdPersonExampleMap.ThirdPersonExampleMap:PersistentLevel.ThirdPersonExampleMap'
[2017.11.30-19.27.54:289][ 17]LogPlayLevel: PlayLevel: No blueprints needed recompiling
[2017.11.30-19.27.54:289][ 17]PIE: New page: PIE session: ThirdPersonExampleMap (Nov 30, 2017, 5:27:54 AM)
[2017.11.30-19.27.54:289][ 17]LogPlayLevel: Creating play world package: /Game/ThirdPersonCPP/Maps/UEDPIE_0_ThirdPersonExampleMap
[2017.11.30-19.27.54:307][ 17]LogPlayLevel: PIE: StaticDuplicateObject took: (0.018084s)
[2017.11.30-19.27.54:308][ 17]LogAIModule: Creating AISystem for world ThirdPersonExampleMap
[2017.11.30-19.27.54:308][ 17]LogPlayLevel: PIE: World Init took: (0.000813s)
[2017.11.30-19.27.54:308][ 17]LogPlayLevel: PIE: Created PIE world by copying editor world from /Game/ThirdPersonCPP/Maps/ThirdPersonExampleMap.ThirdPersonExampleMap to /Game/ThirdPersonCPP/Maps/UEDPIE_0_ThirdPersonExampleMap.ThirdPersonExampleMap (0.019170s)
[2017.11.30-19.27.54:361][ 17]LogInit: XAudio2 using 'DELL UZ2315H-8 (NVIDIA High Definition Audio)' : 2 channels at 48 kHz using 16 bits per sample (channel mask 0x3)
[2017.11.30-19.27.54:367][ 17]LogInit: FAudioDevice initialized.
[2017.11.30-19.27.54:396][ 17]LogLoad: Game class is 'PlayerGameMode_C'
[2017.11.30-19.27.54:399][ 17]LogWorld: Bringing World /Game/ThirdPersonCPP/Maps/UEDPIE_0_ThirdPersonExampleMap.ThirdPersonExampleMap up for play (max tick rate 0) at 2017.11.30-12.27.54
[2017.11.30-19.27.54:399][ 17]LogWorld: Bringing up level for play took: 0.001762
[2017.11.30-19.27.54:399][ 17]LogSpawn: Warning: SpawnActor failed because no class was specified
[2017.11.30-19.27.54:400][ 17]PIE: Play in editor start time for /Game/ThirdPersonCPP/Maps/UEDPIE_0_ThirdPersonExampleMap 1.023
[2017.11.30-19.27.54:400][ 17]LogBlueprintUserMessages: Late PlayInEditor Detection: Level '/Game/ThirdPersonCPP/Maps/ThirdPersonExampleMap.ThirdPersonExampleMap:PersistentLevel' has LevelScriptBlueprint '/Game/ThirdPersonCPP/Maps/ThirdPersonExampleMap.ThirdPersonExampleMap:PersistentLevel.ThirdPersonExampleMap' with GeneratedClass '/Game/ThirdPersonCPP/Maps/ThirdPersonExampleMap.ThirdPersonExampleMap_C' with ClassGeneratedBy '/Game/ThirdPersonCPP/Maps/ThirdPersonExampleMap.ThirdPersonExampleMap:PersistentLevel.ThirdPersonExampleMap'
[2017.11.30-19.28.17:923][322]PIE: Warning: Mobility of /Game/ThirdPersonCPP/Maps/UEDPIE_0_ThirdPersonExampleMap.ThirdPersonExampleMap:PersistentLevel.Floor : StaticMeshComponent0 has to be 'Movable' if you'd like to move. 
[2017.11.30-19.28.17:940][323]PIE: Warning: Mobility of /Game/ThirdPersonCPP/Maps/UEDPIE_0_ThirdPersonExampleMap.ThirdPersonExampleMap:PersistentLevel.Floor : StaticMeshComponent0 has to be 'Movable' if you'd like to move. 
[2017.11.30-19.28.17:958][324]PIE: Warning: Mobility of /Game/ThirdPersonCPP/Maps/UEDPIE_0_ThirdPersonExampleMap.ThirdPersonExampleMap:PersistentLevel.Floor : StaticMeshComponent0 has to be 'Movable' if you'd like to move. 
[2017.11.30-19.28.17:976][325]PIE: Warning: Mobility of /Game/ThirdPersonCPP/Maps/UEDPIE_0_ThirdPersonExampleMap.ThirdPersonExampleMap:PersistentLevel.Floor : StaticMeshComponent0 has to be 'Movable' if you'd like to move. 
[2017.11.30-19.28.17:995][326]PIE: Warning: Mobility of /Game/ThirdPersonCPP/Maps/UEDPIE_0_ThirdPersonExampleMap.ThirdPersonExampleMap:PersistentLevel.Floor : StaticMeshComponent0 has to be 'Movable' if you'd like to move. 
[2017.11.30-19.28.18:012][327]PIE: Warning: Mobility of /Game/ThirdPersonCPP/Maps/UEDPIE_0_ThirdPersonExampleMap.ThirdPersonExampleMap:PersistentLevel.Floor : StaticMeshComponent0 has to be 'Movable' if you'd like to move. 
[2017.11.30-19.28.18:029][328]PIE: Warning: Mobility of /Game/ThirdPersonCPP/Maps/UEDPIE_0_ThirdPersonExampleMap.ThirdPersonExampleMap:PersistentLevel.Floor : StaticMeshComponent0 has to be 'Movable' if you'd like to move. 
[2017.11.30-19.28.18:046][329]PIE: Warning: Mobility of /Game/ThirdPersonCPP/Maps/UEDPIE_0_ThirdPersonExampleMap.ThirdPersonExampleMap:PersistentLevel.Floor : StaticMeshComponent0 has to be 'Movable' if you'd like to move. 
[2017.11.30-19.28.18:063][330]PIE: Warning: Mobility of /Game/ThirdPersonCPP/Maps/UEDPIE_0_ThirdPersonExampleMap.ThirdPersonExampleMap:PersistentLevel.Floor : StaticMeshComponent0 has to be 'Movable' if you'd like to move. 
[2017.11.30-19.28.18:081][331]PIE: Warning: Mobility of /Game/ThirdPersonCPP/Maps/UEDPIE_0_ThirdPersonExampleMap.ThirdPersonExampleMap:PersistentLevel.Floor : StaticMeshComponent0 has to be 'Movable' if you'd like to move. 
[2017.11.30-19.28.18:098][332]PIE: Warning: Mobility of /Game/ThirdPersonCPP/Maps/UEDPIE_0_ThirdPersonExampleMap.ThirdPersonExampleMap:PersistentLevel.Floor : StaticMeshComponent0 has to be 'Movable' if you'd like to move. 
[2017.11.30-19.28.18:115][333]PIE: Warning: Mobility of /Game/ThirdPersonCPP/Maps/UEDPIE_0_ThirdPersonExampleMap.ThirdPersonExampleMap:PersistentLevel.Floor : StaticMeshComponent0 has to be 'Movable' if you'd like to move. 
[2017.11.30-19.28.18:132][334]PIE: Warning: Mobility of /Game/ThirdPersonCPP/Maps/UEDPIE_0_ThirdPersonExampleMap.ThirdPersonExampleMap:PersistentLevel.Floor : StaticMeshComponent0 has to be 'Movable' if you'd like to move. 
[2017.11.30-19.28.18:150][335]PIE: Warning: Mobility of /Game/ThirdPersonCPP/Maps/UEDPIE_0_ThirdPersonExampleMap.ThirdPersonExampleMap:PersistentLevel.Floor : StaticMeshComponent0 has to be 'Movable' if you'd like to move. 
[2017.11.30-19.28.18:167][336]PIE: Warning: Mobility of /Game/ThirdPersonCPP/Maps/UEDPIE_0_ThirdPersonExampleMap.ThirdPersonExampleMap:PersistentLevel.Floor : StaticMeshComponent0 has to be 'Movable' if you'd like to move. 
[2017.11.30-19.28.18:184][337]PIE: Warning: Mobility of /Game/ThirdPersonCPP/Maps/UEDPIE_0_ThirdPersonExampleMap.ThirdPersonExampleMap:PersistentLevel.Floor : StaticMeshComponent0 has to be 'Movable' if you'd like to move. 
[2017.11.30-19.28.18:202][338]PIE: Warning: Mobility of /Game/ThirdPersonCPP/Maps/UEDPIE_0_ThirdPersonExampleMap.ThirdPersonExampleMap:PersistentLevel.Floor : StaticMeshComponent0 has to be 'Movable' if you'd like to move. 
[2017.11.30-19.28.18:221][339]PIE: Warning: Mobility of /Game/ThirdPersonCPP/Maps/UEDPIE_0_ThirdPersonExampleMap.ThirdPersonExampleMap:PersistentLevel.Floor : StaticMeshComponent0 has to be 'Movable' if you'd like to move. 
[2017.11.30-19.28.18:240][340]PIE: Warning: Mobility of /Game/ThirdPersonCPP/Maps/UEDPIE_0_ThirdPersonExampleMap.ThirdPersonExampleMap:PersistentLevel.Floor : StaticMeshComponent0 has to be 'Movable' if you'd like to move. 
[2017.11.30-19.28.18:257][341]PIE: Warning: Mobility of /Game/ThirdPersonCPP/Maps/UEDPIE_0_ThirdPersonExampleMap.ThirdPersonExampleMap:PersistentLevel.Floor : StaticMeshComponent0 has to be 'Movable' if you'd like to move. 
[2017.11.30-19.28.18:275][342]PIE: Warning: Mobility of /Game/ThirdPersonCPP/Maps/UEDPIE_0_ThirdPersonExampleMap.ThirdPersonExampleMap:PersistentLevel.Floor : StaticMeshComponent0 has to be 'Movable' if you'd like to move. 
[2017.11.30-19.28.18:292][343]PIE: Warning: Mobility of /Game/ThirdPersonCPP/Maps/UEDPIE_0_ThirdPersonExampleMap.ThirdPersonExampleMap:PersistentLevel.Floor : StaticMeshComponent0 has to be 'Movable' if you'd like to move. 
[2017.11.30-19.28.18:310][344]PIE: Warning: Mobility of /Game/ThirdPersonCPP/Maps/UEDPIE_0_ThirdPersonExampleMap.ThirdPersonExampleMap:PersistentLevel.Floor : StaticMeshComponent0 has to be 'Movable' if you'd like to move. 
[2017.11.30-19.28.18:327][345]PIE: Warning: Mobility of /Game/ThirdPersonCPP/Maps/UEDPIE_0_ThirdPersonExampleMap.ThirdPersonExampleMap:PersistentLevel.Floor : StaticMeshComponent0 has to be 'Movable' if you'd like to move. 
[2017.11.30-19.28.18:345][346]PIE: Warning: Mobility of /Game/ThirdPersonCPP/Maps/UEDPIE_0_ThirdPersonExampleMap.ThirdPersonExampleMap:PersistentLevel.Floor : StaticMeshComponent0 has to be 'Movable' if you'd like to move. 
[2017.11.30-19.28.18:364][347]PIE: Warning: Mobility of /Game/ThirdPersonCPP/Maps/UEDPIE_0_ThirdPersonExampleMap.ThirdPersonExampleMap:PersistentLevel.Floor : StaticMeshComponent0 has to be 'Movable' if you'd like to move. 
[2017.11.30-19.28.18:381][348]PIE: Warning: Mobility of /Game/ThirdPersonCPP/Maps/UEDPIE_0_ThirdPersonExampleMap.ThirdPersonExampleMap:PersistentLevel.Floor : StaticMeshComponent0 has to be 'Movable' if you'd like to move. 
[2017.11.30-19.28.18:399][349]PIE: Warning: Mobility of /Game/ThirdPersonCPP/Maps/UEDPIE_0_ThirdPersonExampleMap.ThirdPersonExampleMap:PersistentLevel.Floor : StaticMeshComponent0 has to be 'Movable' if you'd like to move. 
[2017.11.30-19.28.18:416][350]PIE: Warning: Mobility of /Game/ThirdPersonCPP/Maps/UEDPIE_0_ThirdPersonExampleMap.ThirdPersonExampleMap:PersistentLevel.Floor : StaticMeshComponent0 has to be 'Movable' if you'd like to move. 
[2017.11.30-19.28.18:434][351]PIE: Warning: Mobility of /Game/ThirdPersonCPP/Maps/UEDPIE_0_ThirdPersonExampleMap.ThirdPersonExampleMap:PersistentLevel.Floor : StaticMeshComponent0 has to be 'Movable' if you'd like to move. 
[2017.11.30-19.28.18:451][352]PIE: Warning: Mobility of /Game/ThirdPersonCPP/Maps/UEDPIE_0_ThirdPersonExampleMap.ThirdPersonExampleMap:PersistentLevel.Floor : StaticMeshComponent0 has to be 'Movable' if you'd like to move. 
[2017.11.30-19.28.18:469][353]PIE: Warning: Mobility of /Game/ThirdPersonCPP/Maps/UEDPIE_0_ThirdPersonExampleMap.ThirdPersonExampleMap:PersistentLevel.Floor : StaticMeshComponent0 has to be 'Movable' if you'd like to move. 
[2017.11.30-19.28.18:487][354]PIE: Warning: Mobility of /Game/ThirdPersonCPP/Maps/UEDPIE_0_ThirdPersonExampleMap.ThirdPersonExampleMap:PersistentLevel.Floor : StaticMeshComponent0 has to be 'Movable' if you'd like to move. 
[2017.11.30-19.28.18:506][355]PIE: Warning: Mobility of /Game/ThirdPersonCPP/Maps/UEDPIE_0_ThirdPersonExampleMap.ThirdPersonExampleMap:PersistentLevel.Floor : StaticMeshComponent0 has to be 'Movable' if you'd like to move. 
[2017.11.30-19.28.18:523][356]PIE: Warning: Mobility of /Game/ThirdPersonCPP/Maps/UEDPIE_0_ThirdPersonExampleMap.ThirdPersonExampleMap:PersistentLevel.Floor : StaticMeshComponent0 has to be 'Movable' if you'd like to move. 
[2017.11.30-19.28.18:542][357]PIE: Warning: Mobility of /Game/ThirdPersonCPP/Maps/UEDPIE_0_ThirdPersonExampleMap.ThirdPersonExampleMap:PersistentLevel.Floor : StaticMeshComponent0 has to be 'Movable' if you'd like to move. 
[2017.11.30-19.28.18:561][358]PIE: Warning: Mobility of /Game/ThirdPersonCPP/Maps/UEDPIE_0_ThirdPersonExampleMap.ThirdPersonExampleMap:PersistentLevel.Floor : StaticMeshComponent0 has to be 'Movable' if you'd like to move. 
[2017.11.30-19.28.18:578][359]PIE: Warning: Mobility of /Game/ThirdPersonCPP/Maps/UEDPIE_0_ThirdPersonExampleMap.ThirdPersonExampleMap:PersistentLevel.Wall8 : StaticMeshComponent0 has to be 'Movable' if you'd like to move. 
[2017.11.30-19.28.18:597][360]PIE: Warning: Mobility of /Game/ThirdPersonCPP/Maps/UEDPIE_0_ThirdPersonExampleMap.ThirdPersonExampleMap:PersistentLevel.Wall8 : StaticMeshComponent0 has to be 'Movable' if you'd like to move. 
[2017.11.30-19.28.20:077][438]LogBlueprintUserMessages: Early EndPlayMap Detection: Level '/Game/ThirdPersonCPP/Maps/ThirdPersonExampleMap.ThirdPersonExampleMap:PersistentLevel' has LevelScriptBlueprint '/Game/ThirdPersonCPP/Maps/ThirdPersonExampleMap.ThirdPersonExampleMap:PersistentLevel.ThirdPersonExampleMap' with GeneratedClass '/Game/ThirdPersonCPP/Maps/ThirdPersonExampleMap.ThirdPersonExampleMap_C' with ClassGeneratedBy '/Game/ThirdPersonCPP/Maps/ThirdPersonExampleMap.ThirdPersonExampleMap:PersistentLevel.ThirdPersonExampleMap'
[2017.11.30-19.28.20:124][438]LogBlueprintUserMessages: Late EndPlayMap Detection: Level '/Game/ThirdPersonCPP/Maps/ThirdPersonExampleMap.ThirdPersonExampleMap:PersistentLevel' has LevelScriptBlueprint '/Game/ThirdPersonCPP/Maps/ThirdPersonExampleMap.ThirdPersonExampleMap:PersistentLevel.ThirdPersonExampleMap' with GeneratedClass '/Game/ThirdPersonCPP/Maps/ThirdPersonExampleMap.ThirdPersonExampleMap_C' with ClassGeneratedBy '/Game/ThirdPersonCPP/Maps/ThirdPersonExampleMap.ThirdPersonExampleMap:PersistentLevel.ThirdPersonExampleMap'
[2017.11.30-19.29.28:253][314]LogSavePackage: Save=186.55ms
[2017.11.30-19.29.28:253][314]LogSavePackage: Moving '../../../../../../Users/u1141916/Documents/Unreal Projects/RapidPrototype5/RapidPrototype5/Saved/ThirdPersonExampleMap3CC40ECA4031780CC38504980DEDF332.tmp' to '../../../../../../Users/u1141916/Documents/Unreal Projects/RapidPrototype5/RapidPrototype5/Content/ThirdPersonCPP/Maps/ThirdPersonExampleMap.umap'
[2017.11.30-19.29.28:260][314]LogSavePackage: Display: Finished SavePackage ../../../../../../Users/u1141916/Documents/Unreal Projects/RapidPrototype5/RapidPrototype5/Content/ThirdPersonCPP/Maps/ThirdPersonExampleMap.umap
[2017.11.30-19.29.28:485][314]LogSavePackage: Save=172.98ms
[2017.11.30-19.29.28:485][314]LogSavePackage: Moving '../../../../../../Users/u1141916/Documents/Unreal Projects/RapidPrototype5/RapidPrototype5/Saved/ThirdPersonExampleMap_BuiltData006DBA794B42A8C9BBD6D5AB5F3A4A98.tmp' to '../../../../../../Users/u1141916/Documents/Unreal Projects/RapidPrototype5/RapidPrototype5/Content/ThirdPersonCPP/Maps/ThirdPersonExampleMap_BuiltData.uasset'
[2017.11.30-19.29.28:487][314]LogSavePackage: Display: Finished SavePackage ../../../../../../Users/u1141916/Documents/Unreal Projects/RapidPrototype5/RapidPrototype5/Content/ThirdPersonCPP/Maps/ThirdPersonExampleMap_BuiltData.uasset
[2017.11.30-19.29.47:949][ 26]LogWindowsTextInputMethodSystem: Display: IME system now deactivated.
[2017.11.30-19.29.48:153][ 27]Cmd: QUIT_EDITOR
[2017.11.30-19.29.48:566][ 27]LogExit: Preparing to exit.
[2017.11.30-19.29.48:731][ 27]LogDirectoryWatcher: A directory notification for 'C:/Users/u1141916/Documents/Unreal Projects/RapidPrototype5/RapidPrototype5/Content/' was aborted.
[2017.11.30-19.29.48:761][ 27]LogExit: Editor shut down
[2017.11.30-19.29.48:764][ 27]LogExit: Transaction tracking system shut down
[2017.11.30-19.29.48:898][ 27]LogDirectoryWatcher: A directory notification for '../../../Engine/Content/' was aborted.
[2017.11.30-19.29.48:898][ 27]LogDirectoryWatcher: A directory notification for '../../../../../../Users/u1141916/Documents/Unreal Projects/RapidPrototype5/RapidPrototype5/Content/' was aborted.
[2017.11.30-19.29.48:898][ 27]LogDirectoryWatcher: A directory notification for '../../../Engine/Plugins/2D/Paper2D/Content/' was aborted.
[2017.11.30-19.29.48:898][ 27]LogDirectoryWatcher: A directory notification for '../../../Engine/Plugins/Media/MediaCompositing/Content/' was aborted.
[2017.11.30-19.29.48:898][ 27]LogDirectoryWatcher: A directory notification for '../../../Engine/Plugins/Runtime/AppleARKit/Content/' was aborted.
[2017.11.30-19.29.48:898][ 27]LogDirectoryWatcher: A directory notification for '../../../Engine/Plugins/Runtime/Oculus/OculusVR/Content/' was aborted.
[2017.11.30-19.29.48:898][ 27]LogDirectoryWatcher: A directory notification for '../../../Engine/Plugins/Runtime/Steam/SteamVR/Content/' was aborted.
[2017.11.30-19.29.48:981][ 27]LogExit: Object subsystem successfully closed.
[2017.11.30-19.29.48:999][ 27]LogD3D11RHI: Shutdown
[2017.11.30-19.29.48:999][ 27]LogD3D11RHI: CleanupD3DDevice
[2017.11.30-19.29.49:001][ 27]LogD3D11RHI: ~FD3D11DynamicRHI
[2017.11.30-19.29.49:013][ 27]LogModuleManager: Shutting down and abandoning module RapidPrototype5 (557)
[2017.11.30-19.29.49:013][ 27]LogModuleManager: Shutting down and abandoning module MovieSceneCapture (556)
[2017.11.30-19.29.49:013][ 27]LogModuleManager: Shutting down and abandoning module BlueprintGraph (554)
[2017.11.30-19.29.49:013][ 27]LogModuleManager: Shutting down and abandoning module HierarchicalLODOutliner (552)
[2017.11.30-19.29.49:013][ 27]LogModuleManager: Shutting down and abandoning module ExternalImagePicker (550)
[2017.11.30-19.29.49:013][ 27]LogModuleManager: Shutting down and abandoning module DesktopPlatform (548)
[2017.11.30-19.29.49:013][ 27]LogModuleManager: Shutting down and abandoning module SceneOutliner (546)
[2017.11.30-19.29.49:013][ 27]LogModuleManager: Shutting down and abandoning module AddContentDialog (544)
[2017.11.30-19.29.49:014][ 27]LogDirectoryWatcher: A directory notification for 'C:/Program Files/Epic Games/UE_4.18/FeaturePacks/' was aborted.
[2017.11.30-19.29.49:014][ 27]LogModuleManager: Shutting down and abandoning module WidgetCarousel (543)
[2017.11.30-19.29.49:014][ 27]LogModuleManager: Shutting down and abandoning module EditorWidgets (540)
[2017.11.30-19.29.49:014][ 27]LogModuleManager: Shutting down and abandoning module CollectionManager (538)
[2017.11.30-19.29.49:014][ 27]LogDirectoryWatcher: A directory notification for 'C:/Users/u1141916/Documents/Unreal Projects/RapidPrototype5/RapidPrototype5/Content/Collections/' was aborted.
[2017.11.30-19.29.49:014][ 27]LogDirectoryWatcher: A directory notification for 'C:/Users/u1141916/Documents/Unreal Projects/RapidPrototype5/RapidPrototype5/Content/Developers/u1141916/Collections/' was aborted.
[2017.11.30-19.29.49:014][ 27]LogDirectoryWatcher: A directory notification for 'C:/Users/u1141916/Documents/Unreal Projects/RapidPrototype5/RapidPrototype5/Saved/Collections/' was aborted.
[2017.11.30-19.29.49:014][ 27]LogModuleManager: Shutting down and abandoning module StatsViewer (536)
[2017.11.30-19.29.49:014][ 27]LogModuleManager: Shutting down and abandoning module FoliageEdit (534)
[2017.11.30-19.29.49:014][ 27]LogModuleManager: Shutting down and abandoning module LandscapeEditor (532)
[2017.11.30-19.29.49:015][ 27]LogModuleManager: Shutting down and abandoning module MeshPaintMode (530)
[2017.11.30-19.29.49:015][ 27]LogModuleManager: Shutting down and abandoning module SceneDepthPickerMode (528)
[2017.11.30-19.29.49:015][ 27]LogModuleManager: Shutting down and abandoning module ActorPickerMode (526)
[2017.11.30-19.29.49:015][ 27]LogModuleManager: Shutting down and abandoning module GeometryMode (524)
[2017.11.30-19.29.49:015][ 27]LogModuleManager: Shutting down and abandoning module TextureAlignMode (522)
[2017.11.30-19.29.49:015][ 27]LogModuleManager: Shutting down and abandoning module BspMode (520)
[2017.11.30-19.29.49:015][ 27]LogModuleManager: Shutting down and abandoning module PIEPreviewDeviceProfileSelector (518)
[2017.11.30-19.29.49:015][ 27]LogModuleManager: Shutting down and abandoning module HardwareSurvey (516)
[2017.11.30-19.29.49:015][ 27]LogModuleManager: Shutting down and abandoning module SequenceRecorderSections (514)
[2017.11.30-19.29.49:015][ 27]LogModuleManager: Shutting down and abandoning module AutomationWorker (512)
[2017.11.30-19.29.49:015][ 27]LogModuleManager: Shutting down and abandoning module MatineeToLevelSequence (510)
[2017.11.30-19.29.49:015][ 27]LogModuleManager: Shutting down and abandoning module LevelSequenceEditor (508)
[2017.11.30-19.29.49:015][ 27]LogModuleManager: Shutting down and abandoning module PlacementMode (507)
[2017.11.30-19.29.49:015][ 27]LogModuleManager: Shutting down and abandoning module WmfMediaFactory (504)
[2017.11.30-19.29.49:015][ 27]LogModuleManager: Shutting down and abandoning module WmfMediaEditor (502)
[2017.11.30-19.29.49:015][ 27]LogModuleManager: Shutting down and abandoning module OpenExrWrapper (500)
[2017.11.30-19.29.49:015][ 27]LogModuleManager: Shutting down and abandoning module ImgMediaFactory (498)
[2017.11.30-19.29.49:015][ 27]LogModuleManager: Shutting down and abandoning module ImgMediaEditor (496)
[2017.11.30-19.29.49:015][ 27]LogModuleManager: Shutting down and abandoning module AvfMediaFactory (494)
[2017.11.30-19.29.49:015][ 27]LogModuleManager: Shutting down and abandoning module AvfMediaEditor (492)
[2017.11.30-19.29.49:015][ 27]LogModuleManager: Shutting down and abandoning module AndroidMediaFactory (490)
[2017.11.30-19.29.49:015][ 27]LogModuleManager: Shutting down and abandoning module AndroidMediaEditor (488)
[2017.11.30-19.29.49:015][ 27]LogModuleManager: Shutting down and abandoning module CharacterAI (486)
[2017.11.30-19.29.49:015][ 27]LogModuleManager: Shutting down and abandoning module AudioCapture (484)
[2017.11.30-19.29.49:015][ 27]LogModuleManager: Shutting down and abandoning module SequenceRecorder (483)
[2017.11.30-19.29.49:015][ 27]LogModuleManager: Shutting down and abandoning module SmartSnapping (480)
[2017.11.30-19.29.49:015][ 27]LogModuleManager: Shutting down and abandoning module SessionServices (478)
[2017.11.30-19.29.49:015][ 27]LogModuleManager: Shutting down and abandoning module ViewportSnapping (476)
[2017.11.30-19.29.49:015][ 27]LogModuleManager: Shutting down and abandoning module ViewportInteraction (474)
[2017.11.30-19.29.49:015][ 27]LogModuleManager: Shutting down and abandoning module ClothPainter (472)
[2017.11.30-19.29.49:015][ 27]LogModuleManager: Shutting down and abandoning module SkeletalMeshEditor (471)
[2017.11.30-19.29.49:015][ 27]LogModuleManager: Shutting down and abandoning module LogVisualizer (468)
[2017.11.30-19.29.49:015][ 27]LogModuleManager: Shutting down and abandoning module IntroTutorials (466)
[2017.11.30-19.29.49:015][ 27]LogModuleManager: Shutting down and abandoning module GameProjectGeneration (465)
[2017.11.30-19.29.49:015][ 27]LogModuleManager: Shutting down and abandoning module IOSPlatformEditor (462)
[2017.11.30-19.29.49:015][ 27]LogModuleManager: Shutting down and abandoning module HTML5PlatformEditor (460)
[2017.11.30-19.29.49:015][ 27]LogModuleManager: Shutting down and abandoning module AndroidPlatformEditor (458)
[2017.11.30-19.29.49:015][ 27]LogModuleManager: Shutting down and abandoning module AndroidDeviceDetection (457)
[2017.11.30-19.29.49:985][ 27]LogModuleManager: Shutting down and abandoning module WindowsPlatformEditor (454)
[2017.11.30-19.29.49:985][ 27]LogModuleManager: Shutting down and abandoning module IOSRuntimeSettings (452)
[2017.11.30-19.29.49:985][ 27]LogModuleManager: Shutting down and abandoning module AndroidRuntimeSettings (450)
[2017.11.30-19.29.49:985][ 27]LogModuleManager: Shutting down and abandoning module InputBindingEditor (448)
[2017.11.30-19.29.49:985][ 27]LogModuleManager: Shutting down and abandoning module MergeActors (446)
[2017.11.30-19.29.49:985][ 27]LogModuleManager: Shutting down and abandoning module SizeMap (444)
[2017.11.30-19.29.49:985][ 27]LogModuleManager: Shutting down and abandoning module TreeMap (442)
[2017.11.30-19.29.49:985][ 27]LogModuleManager: Shutting down and abandoning module ReferenceViewer (440)
[2017.11.30-19.29.49:985][ 27]LogModuleManager: Shutting down and abandoning module LocalizationDashboard (438)
[2017.11.30-19.29.49:985][ 27]LogModuleManager: Shutting down and abandoning module LocalizationService (437)
[2017.11.30-19.29.49:985][ 27]LogModuleManager: Shutting down and abandoning module HardwareTargeting (434)
[2017.11.30-19.29.49:985][ 27]LogModuleManager: Shutting down and abandoning module DeviceProfileEditor (432)
[2017.11.30-19.29.49:986][ 27]LogModuleManager: Shutting down and abandoning module UndoHistory (430)
[2017.11.30-19.29.49:986][ 27]LogModuleManager: Shutting down and abandoning module XmlParser (428)
[2017.11.30-19.29.49:986][ 27]LogModuleManager: Shutting down and abandoning module Blutility (426)
[2017.11.30-19.29.49:986][ 27]LogModuleManager: Shutting down and abandoning module ProjectSettingsViewer (424)
[2017.11.30-19.29.49:986][ 27]LogModuleManager: Shutting down and abandoning module ProjectTargetPlatformEditor (423)
[2017.11.30-19.29.49:986][ 27]LogModuleManager: Shutting down and abandoning module EditorSettingsViewer (420)
[2017.11.30-19.29.49:986][ 27]LogModuleManager: Shutting down and abandoning module SettingsEditor (418)
[2017.11.30-19.29.49:986][ 27]LogModuleManager: Shutting down and abandoning module ProjectLauncher (416)
[2017.11.30-19.29.49:986][ 27]LogModuleManager: Shutting down and abandoning module SessionFrontend (414)
[2017.11.30-19.29.49:986][ 27]LogModuleManager: Shutting down and abandoning module ProfilerClient (412)
[2017.11.30-19.29.49:986][ 27]LogModuleManager: Shutting down and abandoning module DeviceManager (410)
[2017.11.30-19.29.49:986][ 27]LogModuleManager: Shutting down and abandoning module TargetDeviceServices (409)
[2017.11.30-19.29.50:063][ 27]LogModuleManager: Shutting down and abandoning module AutomationController (406)
[2017.11.30-19.29.50:063][ 27]LogModuleManager: Shutting down and abandoning module AutomationWindow (404)
[2017.11.30-19.29.50:063][ 27]LogModuleManager: Shutting down and abandoning module Layers (402)
[2017.11.30-19.29.50:063][ 27]LogModuleManager: Shutting down and abandoning module ComponentVisualizers (400)
[2017.11.30-19.29.50:063][ 27]LogModuleManager: Shutting down and abandoning module DetailCustomizations (398)
[2017.11.30-19.29.50:063][ 27]LogModuleManager: Shutting down and abandoning module PackagesDialog (396)
[2017.11.30-19.29.50:063][ 27]LogModuleManager: Shutting down and abandoning module Persona (394)
[2017.11.30-19.29.50:063][ 27]LogModuleManager: Shutting down and abandoning module AdvancedPreviewScene (393)
[2017.11.30-19.29.50:063][ 27]LogModuleManager: Shutting down and abandoning module AnimGraph (391)
[2017.11.30-19.29.50:063][ 27]LogModuleManager: Shutting down and abandoning module Kismet (388)
[2017.11.30-19.29.50:075][ 27]LogModuleManager: Shutting down and abandoning module ClassViewer (386)
[2017.11.30-19.29.50:075][ 27]LogModuleManager: Shutting down and abandoning module Toolbox (384)
[2017.11.30-19.29.50:075][ 27]LogModuleManager: Shutting down and abandoning module ModuleUI (382)
[2017.11.30-19.29.50:075][ 27]LogModuleManager: Shutting down and abandoning module MovieSceneTools (380)
[2017.11.30-19.29.50:075][ 27]LogModuleManager: Shutting down and abandoning module OutputLog (378)
[2017.11.30-19.29.50:075][ 27]LogModuleManager: Shutting down and abandoning module GammaUI (376)
[2017.11.30-19.29.50:075][ 27]LogModuleManager: Shutting down and abandoning module Documentation (374)
[2017.11.30-19.29.50:075][ 27]LogModuleManager: Shutting down and abandoning module MovieSceneTracks (372)
[2017.11.30-19.29.50:075][ 27]LogModuleManager: Shutting down and abandoning module MovieScene (370)
[2017.11.30-19.29.50:075][ 27]LogModuleManager: Shutting down and abandoning module StreamingPauseRendering (368)
[2017.11.30-19.29.50:075][ 27]LogModuleManager: Shutting down and abandoning module LauncherPlatform (366)
[2017.11.30-19.29.50:075][ 27]LogModuleManager: Shutting down and abandoning module AnalyticsET (364)
[2017.11.30-19.29.50:075][ 27]LogModuleManager: Shutting down and abandoning module PortalServices (362)
[2017.11.30-19.29.50:075][ 27]LogModuleManager: Shutting down and abandoning module PortalRpc (360)
[2017.11.30-19.29.50:075][ 27]LogModuleManager: Shutting down and abandoning module MessagingRpc (358)
[2017.11.30-19.29.50:075][ 27]LogModuleManager: Shutting down and abandoning module AIModule (356)
[2017.11.30-19.29.50:075][ 27]LogModuleManager: Shutting down and abandoning module GameplayDebugger (355)
[2017.11.30-19.29.50:076][ 27]LogModuleManager: Shutting down and abandoning module AITestSuite (353)
[2017.11.30-19.29.50:076][ 27]LogModuleManager: Shutting down and abandoning module ProfilerService (350)
[2017.11.30-19.29.50:253][ 27]LogModuleManager: Shutting down and abandoning module TaskGraph (348)
[2017.11.30-19.29.50:253][ 27]LogModuleManager: Shutting down and abandoning module SteamVRController (346)
[2017.11.30-19.29.50:253][ 27]LogModuleManager: Shutting down and abandoning module ProceduralMeshComponentEditor (344)
[2017.11.30-19.29.50:253][ 27]LogModuleManager: Shutting down and abandoning module ProceduralMeshComponent (342)
[2017.11.30-19.29.50:253][ 27]LogModuleManager: Shutting down and abandoning module OculusInput (340)
[2017.11.30-19.29.50:253][ 27]LogModuleManager: Shutting down and abandoning module MobilePatchingUtils (338)
[2017.11.30-19.29.50:253][ 27]LogModuleManager: Shutting down and abandoning module CustomMeshComponent (336)
[2017.11.30-19.29.50:253][ 27]LogModuleManager: Shutting down and abandoning module CableComponent (334)
[2017.11.30-19.29.50:253][ 27]LogModuleManager: Shutting down and abandoning module ArchVisCharacter (332)
[2017.11.30-19.29.50:253][ 27]LogModuleManager: Shutting down and abandoning module AndroidPermission (330)
[2017.11.30-19.29.50:253][ 27]LogModuleManager: Shutting down and abandoning module ActorSequence (326)
[2017.11.30-19.29.50:253][ 27]LogModuleManager: Shutting down and abandoning module MediaPlayerEditor (324)
[2017.11.30-19.29.50:253][ 27]LogModuleManager: Shutting down and abandoning module MediaCompositingEditor (322)
[2017.11.30-19.29.50:253][ 27]LogModuleManager: Shutting down and abandoning module MediaCompositing (320)
[2017.11.30-19.29.50:253][ 27]LogModuleManager: Shutting down and abandoning module HTML5Networking (318)
[2017.11.30-19.29.50:253][ 27]LogModuleManager: Shutting down and abandoning module AlembicImporter (316)
[2017.11.30-19.29.50:253][ 27]LogModuleManager: Shutting down and abandoning module AlembicLibrary (315)
[2017.11.30-19.29.50:253][ 27]LogModuleManager: Shutting down and abandoning module GeometryCache (314)
[2017.11.30-19.29.50:253][ 27]LogModuleManager: Shutting down and abandoning module GeometryCacheEd (313)
[2017.11.30-19.29.50:253][ 27]LogModuleManager: Shutting down and abandoning module SpeedTreeImporter (308)
[2017.11.30-19.29.50:253][ 27]LogModuleManager: Shutting down and abandoning module PluginBrowser (306)
[2017.11.30-19.29.50:253][ 27]LogModuleManager: Shutting down and abandoning module MobileLauncherProfileWizard (304)
[2017.11.30-19.29.50:253][ 27]LogModuleManager: Shutting down and abandoning module VisualStudioSourceCodeAccess (302)
[2017.11.30-19.29.50:253][ 27]LogModuleManager: Shutting down and abandoning module VisualStudioCodeSourceCodeAccess (300)
[2017.11.30-19.29.50:254][ 27]LogModuleManager: Shutting down and abandoning module UObjectPlugin (298)
[2017.11.30-19.29.50:254][ 27]LogModuleManager: Shutting down and abandoning module SubversionSourceControl (296)
[2017.11.30-19.29.50:254][ 27]LogModuleManager: Shutting down and abandoning module PerforceSourceControl (294)
[2017.11.30-19.29.50:254][ 27]LogModuleManager: Shutting down and abandoning module GitSourceControl (292)
[2017.11.30-19.29.50:254][ 27]LogModuleManager: Shutting down and abandoning module SourceControl (291)
[2017.11.30-19.29.50:254][ 27]LogModuleManager: Shutting down and abandoning module LightPropagationVolumeEditor (288)
[2017.11.30-19.29.50:254][ 27]LogModuleManager: Shutting down and abandoning module PaperTiledImporter (286)
[2017.11.30-19.29.50:254][ 27]LogModuleManager: Shutting down and abandoning module PaperSpriteSheetImporter (284)
[2017.11.30-19.29.50:254][ 27]LogModuleManager: Shutting down and abandoning module Paper2DEditor (282)
[2017.11.30-19.29.50:254][ 27]LogModuleManager: Shutting down and abandoning module MeshPaint (281)
[2017.11.30-19.29.50:254][ 27]LogModuleManager: Shutting down and abandoning module LevelEditor (279)
[2017.11.30-19.29.50:255][ 27]LogModuleManager: Shutting down and abandoning module PixelInspectorModule (278)
[2017.11.30-19.29.50:255][ 27]LogModuleManager: Shutting down and abandoning module MainFrame (276)
[2017.11.30-19.29.50:255][ 27]LogModuleManager: Shutting down and abandoning module HotReload (275)
[2017.11.30-19.29.50:255][ 27]LogDirectoryWatcher: A directory notification for 'C:/Users/u1141916/Documents/Unreal Projects/RapidPrototype5/RapidPrototype5/Binaries/Win64' was aborted.
[2017.11.30-19.29.50:255][ 27]LogModuleManager: Shutting down and abandoning module RuntimePhysXCooking (268)
[2017.11.30-19.29.50:255][ 27]LogModuleManager: Shutting down and abandoning module PhysXVehiclesEditor (266)
[2017.11.30-19.29.50:255][ 27]LogModuleManager: Shutting down and abandoning module PhysXVehicles (264)
[2017.11.30-19.29.50:255][ 27]LogModuleManager: Shutting down and abandoning module OculusEditor (262)
[2017.11.30-19.29.50:255][ 27]LogModuleManager: Shutting down and abandoning module LocationServicesBPLibrary (260)
[2017.11.30-19.29.50:255][ 27]LogModuleManager: Shutting down and abandoning module ImmediatePhysicsEditor (258)
[2017.11.30-19.29.50:255][ 27]LogModuleManager: Shutting down and abandoning module ImmediatePhysics (256)
[2017.11.30-19.29.50:255][ 27]LogModuleManager: Shutting down and abandoning module UdpMessaging (254)
[2017.11.30-19.29.50:356][ 27]LogModuleManager: Shutting down and abandoning module TcpMessaging (252)
[2017.11.30-19.29.50:456][ 27]LogModuleManager: Shutting down and abandoning module GameplayTagsEditor (250)
[2017.11.30-19.29.50:456][ 27]LogModuleManager: Shutting down and abandoning module FacialAnimationEditor (248)
[2017.11.30-19.29.50:456][ 27]LogModuleManager: Shutting down and abandoning module FacialAnimation (246)
[2017.11.30-19.29.50:456][ 27]LogModuleManager: Shutting down and abandoning module AssetManagerEditor (244)
[2017.11.30-19.29.50:456][ 27]LogModuleManager: Shutting down and abandoning module GraphEditor (243)
[2017.11.30-19.29.50:456][ 27]LogModuleManager: Shutting down and abandoning module ContentBrowser (241)
[2017.11.30-19.29.50:457][ 27]LogModuleManager: Shutting down and abandoning module LightPropagationVolumeRuntime (238)
[2017.11.30-19.29.50:457][ 27]LogModuleManager: Shutting down and abandoning module Paper2D (236)
[2017.11.30-19.29.50:457][ 27]LogModuleManager: Shutting down and abandoning module WindowsMoviePlayer (234)
[2017.11.30-19.29.50:457][ 27]LogModuleManager: Shutting down and abandoning module WmfMedia (232)
[2017.11.30-19.29.50:457][ 27]LogModuleManager: Shutting down and abandoning module ImgMedia (230)
[2017.11.30-19.29.50:457][ 27]LogModuleManager: Shutting down and abandoning module PacketHandler (228)
[2017.11.30-19.29.50:457][ 27]LogModuleManager: Shutting down and abandoning module ClothingSystemEditor (226)
[2017.11.30-19.29.50:457][ 27]LogModuleManager: Shutting down and abandoning module ClothingSystemRuntime (224)
[2017.11.30-19.29.50:457][ 27]LogModuleManager: Shutting down and abandoning module MediaAssets (222)
[2017.11.30-19.29.50:457][ 27]LogModuleManager: Shutting down and abandoning module Media (221)
[2017.11.30-19.29.50:463][ 27]LogModuleManager: Shutting down and abandoning module Overlay (218)
[2017.11.30-19.29.50:463][ 27]LogModuleManager: Shutting down and abandoning module OverlayEditor (217)
[2017.11.30-19.29.50:463][ 27]LogModuleManager: Shutting down and abandoning module VREditor (214)
[2017.11.30-19.29.50:463][ 27]LogModuleManager: Shutting down and abandoning module StringTableEditor (212)
[2017.11.30-19.29.50:463][ 27]LogModuleManager: Shutting down and abandoning module GameplayTasksEditor (210)
[2017.11.30-19.29.50:463][ 27]LogModuleManager: Shutting down and abandoning module BehaviorTreeEditor (208)
[2017.11.30-19.29.50:463][ 27]LogModuleManager: Shutting down and abandoning module FunctionalTesting (206)
[2017.11.30-19.29.50:463][ 27]LogModuleManager: Shutting down and abandoning module CollisionAnalyzer (204)
[2017.11.30-19.29.50:463][ 27]LogModuleManager: Shutting down and abandoning module WorkspaceMenuStructure (203)
[2017.11.30-19.29.50:463][ 27]LogModuleManager: Shutting down and abandoning module UMG (200)
[2017.11.30-19.29.50:463][ 27]LogModuleManager: Shutting down and abandoning module UMGEditor (199)
[2017.11.30-19.29.50:463][ 27]LogModuleManager: Shutting down and abandoning module Sequencer (198)
[2017.11.30-19.29.50:463][ 27]LogModuleManager: Shutting down and abandoning module MessageLog (195)
[2017.11.30-19.29.50:463][ 27]LogModuleManager: Shutting down and abandoning module SlateReflector (190)
[2017.11.30-19.29.50:463][ 27]LogModuleManager: Shutting down and abandoning module Slate (188)
[2017.11.30-19.29.50:463][ 27]LogModuleManager: Shutting down and abandoning module EditorStyle (186)
[2017.11.30-19.29.50:466][ 27]LogModuleManager: Shutting down and abandoning module MRMesh (184)
[2017.11.30-19.29.50:466][ 27]LogModuleManager: Shutting down and abandoning module SourceCodeAccess (182)
[2017.11.30-19.29.50:466][ 27]LogModuleManager: Shutting down and abandoning module HeadMountedDisplay (180)
[2017.11.30-19.29.50:466][ 27]LogModuleManager: Shutting down and abandoning module XAudio2 (178)
[2017.11.30-19.29.50:466][ 27]LogModuleManager: Shutting down and abandoning module Networking (176)
[2017.11.30-19.29.50:466][ 27]LogModuleManager: Shutting down and abandoning module Core (172)
[2017.11.30-19.29.50:466][ 27]LogModuleManager: Shutting down and abandoning module LevelSequence (168)
[2017.11.30-19.29.50:466][ 27]LogModuleManager: Shutting down and abandoning module DirectoryWatcher (166)
[2017.11.30-19.29.50:466][ 27]LogModuleManager: Shutting down and abandoning module KismetCompiler (164)
[2017.11.30-19.29.50:466][ 27]LogModuleManager: Shutting down and abandoning module MeshUtilities (162)
[2017.11.30-19.29.50:466][ 27]LogModuleManager: Shutting down and abandoning module MeshMergeUtilities (161)
[2017.11.30-19.29.50:466][ 27]LogModuleManager: Shutting down and abandoning module MeshReductionInterface (160)
[2017.11.30-19.29.50:466][ 27]LogModuleManager: Shutting down and abandoning module SimplygonSwarm (159)
[2017.11.30-19.29.50:466][ 27]LogModuleManager: Shutting down and abandoning module SimplygonMeshReduction (157)
[2017.11.30-19.29.50:466][ 27]LogModuleManager: Shutting down and abandoning module QuadricMeshReduction (155)
[2017.11.30-19.29.50:466][ 27]LogModuleManager: Shutting down and abandoning module MaterialBaking (151)
[2017.11.30-19.29.50:466][ 27]LogModuleManager: Shutting down and abandoning module DerivedDataCache (148)
[2017.11.30-19.29.50:475][ 27]LogDerivedDataCache: Shutdown
[2017.11.30-19.29.50:475][ 27]LogModuleManager: Shutting down and abandoning module TargetPlatform (146)
[2017.11.30-19.29.50:475][ 27]LogModuleManager: Shutting down and abandoning module VulkanShaderFormat (145)
[2017.11.30-19.29.50:475][ 27]LogModuleManager: Shutting down and abandoning module ShaderFormatVectorVM (143)
[2017.11.30-19.29.50:475][ 27]LogModuleManager: Shutting down and abandoning module ShaderFormatOpenGL (141)
[2017.11.30-19.29.50:475][ 27]LogModuleManager: Shutting down and abandoning module ShaderFormatD3D (139)
[2017.11.30-19.29.50:475][ 27]LogModuleManager: Shutting down and abandoning module MetalShaderFormat (137)
[2017.11.30-19.29.50:475][ 27]LogModuleManager: Shutting down and abandoning module TextureFormatUncompressed (135)
[2017.11.30-19.29.50:475][ 27]LogModuleManager: Shutting down and abandoning module TextureFormatPVR (133)
[2017.11.30-19.29.50:475][ 27]LogModuleManager: Shutting down and abandoning module TextureFormatDXT (131)
[2017.11.30-19.29.50:475][ 27]LogModuleManager: Shutting down and abandoning module TextureFormatIntelISPCTexComp (129)
[2017.11.30-19.29.50:475][ 27]LogModuleManager: Shutting down and abandoning module TextureFormatASTC (127)
[2017.11.30-19.29.50:475][ 27]LogModuleManager: Shutting down and abandoning module ImageWrapper (126)
[2017.11.30-19.29.50:475][ 27]LogModuleManager: Shutting down and abandoning module TextureFormatAndroid (123)
[2017.11.30-19.29.50:475][ 27]LogModuleManager: Shutting down and abandoning module AudioFormatOpus (121)
[2017.11.30-19.29.50:475][ 27]LogModuleManager: Shutting down and abandoning module AudioFormatOgg (119)
[2017.11.30-19.29.50:475][ 27]LogModuleManager: Shutting down and abandoning module AudioFormatADPCM (117)
[2017.11.30-19.29.50:475][ 27]LogModuleManager: Shutting down and abandoning module LinuxTargetPlatform (115)
[2017.11.30-19.29.50:475][ 27]LogModuleManager: Shutting down and abandoning module LinuxServerTargetPlatform (113)
[2017.11.30-19.29.50:476][ 27]LogModuleManager: Shutting down and abandoning module LinuxNoEditorTargetPlatform (111)
[2017.11.30-19.29.50:476][ 27]LogModuleManager: Shutting down and abandoning module LinuxClientTargetPlatform (109)
[2017.11.30-19.29.50:476][ 27]LogModuleManager: Shutting down and abandoning module TVOSTargetPlatform (107)
[2017.11.30-19.29.50:476][ 27]LogModuleManager: Shutting down and abandoning module Messaging (105)
[2017.11.30-19.29.50:476][ 27]LogModuleManager: Shutting down and abandoning module IOSTargetPlatform (103)
[2017.11.30-19.29.50:476][ 27]LogModuleManager: Shutting down and abandoning module HTML5TargetPlatform (101)
[2017.11.30-19.29.50:476][ 27]LogModuleManager: Shutting down and abandoning module AndroidTargetPlatform (99)
[2017.11.30-19.29.50:476][ 27]LogModuleManager: Shutting down and abandoning module Android_PVRTCTargetPlatform (97)
[2017.11.30-19.29.50:476][ 27]LogModuleManager: Shutting down and abandoning module Android_MultiTargetPlatform (95)
[2017.11.30-19.29.50:476][ 27]LogModuleManager: Shutting down and abandoning module Android_ETC2TargetPlatform (93)
[2017.11.30-19.29.50:476][ 27]LogModuleManager: Shutting down and abandoning module Android_ETC1TargetPlatform (91)
[2017.11.30-19.29.50:476][ 27]LogModuleManager: Shutting down and abandoning module Android_DXTTargetPlatform (89)
[2017.11.30-19.29.50:476][ 27]LogModuleManager: Shutting down and abandoning module Android_ATCTargetPlatform (87)
[2017.11.30-19.29.50:476][ 27]LogModuleManager: Shutting down and abandoning module Android_ASTCTargetPlatform (85)
[2017.11.30-19.29.50:476][ 27]LogModuleManager: Shutting down and abandoning module WindowsTargetPlatform (83)
[2017.11.30-19.29.50:476][ 27]LogModuleManager: Shutting down and abandoning module WindowsServerTargetPlatform (81)
[2017.11.30-19.29.50:476][ 27]LogModuleManager: Shutting down and abandoning module WindowsNoEditorTargetPlatform (79)
[2017.11.30-19.29.50:476][ 27]LogModuleManager: Shutting down and abandoning module WindowsClientTargetPlatform (77)
[2017.11.30-19.29.50:476][ 27]LogModuleManager: Shutting down and abandoning module MacTargetPlatform (75)
[2017.11.30-19.29.50:476][ 27]LogModuleManager: Shutting down and abandoning module MacServerTargetPlatform (73)
[2017.11.30-19.29.50:476][ 27]LogModuleManager: Shutting down and abandoning module MacNoEditorTargetPlatform (71)
[2017.11.30-19.29.50:476][ 27]LogModuleManager: Shutting down and abandoning module MacClientTargetPlatform (69)
[2017.11.30-19.29.50:476][ 27]LogModuleManager: Shutting down and abandoning module AllDesktopTargetPlatform (67)
[2017.11.30-19.29.50:476][ 27]LogModuleManager: Shutting down and abandoning module InputCore (64)
[2017.11.30-19.29.50:476][ 27]LogModuleManager: Shutting down and abandoning module Settings (62)
[2017.11.30-19.29.50:476][ 27]LogModuleManager: Shutting down and abandoning module PhysXCooking (60)
[2017.11.30-19.29.50:476][ 27]LogModuleManager: Shutting down and abandoning module SteamVR (58)
[2017.11.30-19.29.50:476][ 27]LogModuleManager: Shutting down and abandoning module OculusHMD (56)
[2017.11.30-19.29.50:476][ 27]LogModuleManager: Shutting down and abandoning module ExampleDeviceProfileSelector (54)
[2017.11.30-19.29.50:476][ 27]LogModuleManager: Shutting down and abandoning module AppleARKit (52)
[2017.11.30-19.29.50:476][ 27]LogModuleManager: Shutting down and abandoning module AugmentedReality (51)
[2017.11.30-19.29.50:476][ 27]LogModuleManager: Shutting down and abandoning module OnlineBlueprintSupport (48)
[2017.11.30-19.29.50:476][ 27]LogModuleManager: Shutting down and abandoning module OnlineSubsystem (44)
[2017.11.30-19.29.50:476][ 27]LogModuleManager: Shutting down and abandoning module XMPP (43)
[2017.11.30-19.29.50:476][ 27]LogModuleManager: Shutting down and abandoning module HTTP (41)
[2017.11.30-19.29.50:476][ 27]LogHttp: Display: Http module shutting down, but needs to wait on 1 outstanding Http requests:
[2017.11.30-19.29.50:476][ 27]LogHttp: Display: 	verb=[POST] url=[https://datarouter.ol.epicgames.com/datarouter/api/v1/public/data?SessionID=%7BD6571011-4B05-F93B-FEF5-3E9B009517AD%7D&AppID=UEEditor.Rocket.Release&AppVersion=4.18.1-3754814%2B%2B%2BUE4%2BRelease-4.18&UserID=57b7b51b4f78bfdadc61d9b113121c37%7C43378b69655d4dd49c674fe169e8ff8a%7C0c3f5c3c-62f8-4c42-88a0-be96360781b8&AppEnvironment=datacollector-binary&UploadType=eteventstream] status=Processing
[2017.11.30-19.29.50:507][ 27]LogModuleManager: Shutting down and abandoning module SSL (40)
[2017.11.30-19.29.50:508][ 27]LogModuleManager: Shutting down and abandoning module AnimationModifiers (36)
[2017.11.30-19.29.50:508][ 27]LogModuleManager: Shutting down and abandoning module PropertyEditor (35)
[2017.11.30-19.29.50:508][ 27]LogModuleManager: Shutting down and abandoning module AudioEditor (32)
[2017.11.30-19.29.50:508][ 27]LogModuleManager: Shutting down and abandoning module TextureCompressor (30)
[2017.11.30-19.29.50:508][ 27]LogModuleManager: Shutting down and abandoning module ShaderCore (28)
[2017.11.30-19.29.50:508][ 27]LogModuleManager: Shutting down and abandoning module Landscape (26)
[2017.11.30-19.29.50:508][ 27]LogModuleManager: Shutting down and abandoning module SlateRHIRenderer (24)
[2017.11.30-19.29.50:509][ 27]LogModuleManager: Shutting down and abandoning module OpenGLDrv (22)
[2017.11.30-19.29.50:509][ 27]LogModuleManager: Shutting down and abandoning module D3D11RHI (20)
[2017.11.30-19.29.50:509][ 27]LogModuleManager: Shutting down and abandoning module AnimGraphRuntime (18)
[2017.11.30-19.29.50:509][ 27]LogModuleManager: Shutting down and abandoning module Renderer (16)
[2017.11.30-19.29.50:509][ 27]LogModuleManager: Shutting down and abandoning module Engine (14)
[2017.11.30-19.29.50:509][ 27]LogModuleManager: Shutting down and abandoning module CoreUObject (12)
[2017.11.30-19.29.50:509][ 27]LogModuleManager: Shutting down and abandoning module NetworkFile (10)
[2017.11.30-19.29.50:509][ 27]LogModuleManager: Shutting down and abandoning module CookedIterativeFile (8)
[2017.11.30-19.29.50:509][ 27]LogModuleManager: Shutting down and abandoning module StreamingFile (6)
[2017.11.30-19.29.50:509][ 27]LogModuleManager: Shutting down and abandoning module SandboxFile (4)
[2017.11.30-19.29.50:509][ 27]LogModuleManager: Shutting down and abandoning module PakFile (2)
[2017.11.30-19.29.50:512][ 27]LogExit: Exiting.
[2017.11.30-19.29.50:525][ 27]Log file closed, 11/30/17 12:29:50
