Log file open, 12/05/17 09:27:12
LogWindows: Failed to load 'aqProf.dll' (GetLastError=126)
LogWindows: File 'aqProf.dll' does not exist
LogWindows: Failed to load 'VtuneApi.dll' (GetLastError=126)
LogWindows: File 'VtuneApi.dll' does not exist
LogWindows: Failed to load 'VtuneApi32e.dll' (GetLastError=126)
LogWindows: File 'VtuneApi32e.dll' does not exist
LogInit: Display: Running engine for game: RapidPrototype5
LogPlatformFile: Not using cached read wrapper
LogInit: Display: RandInit(-1231416961) SRandInit(-1231416961).
LogInit: Read version file with build ID '3709383'
LogInit: Overriding engine version to CL 3754814, compatible CL 3709383
LogInit: Registered custom module enumerator with build ID '3709383'
LogTaskGraph: Started task graph with 5 named threads and 14 total threads with 3 sets of task threads.
LogStats: Stats thread started at 0.166661
LogD3D11RHI: Aftermath initialized
LogPluginManager: Mounting plugin Paper2D
LogPluginManager: Mounting plugin LightPropagationVolume
LogPluginManager: Mounting plugin CodeLiteSourceCodeAccess
LogPluginManager: Mounting plugin GitSourceControl
LogPluginManager: Mounting plugin KDevelopSourceCodeAccess
LogPluginManager: Mounting plugin NullSourceCodeAccess
LogPluginManager: Mounting plugin PerforceSourceControl
LogPluginManager: Mounting plugin SubversionSourceControl
LogPluginManager: Mounting plugin UObjectPlugin
LogPluginManager: Mounting plugin VisualStudioCodeSourceCodeAccess
LogPluginManager: Mounting plugin VisualStudioSourceCodeAccess
LogPluginManager: Mounting plugin XCodeSourceCodeAccess
LogPluginManager: Mounting plugin AssetManagerEditor
LogPluginManager: Mounting plugin AudioCapture
LogPluginManager: Mounting plugin FacialAnimation
LogPluginManager: Mounting plugin GameplayTagsEditor
LogPluginManager: Mounting plugin MobileLauncherProfileWizard
LogPluginManager: Mounting plugin PluginBrowser
LogPluginManager: Mounting plugin SpeedTreeImporter
LogPluginManager: Mounting plugin AlembicImporter
LogPluginManager: Mounting plugin CharacterAI
LogPluginManager: Mounting plugin HTML5Networking
LogPluginManager: Mounting plugin AndroidMedia
LogPluginManager: Mounting plugin AvfMedia
LogPluginManager: Mounting plugin ImgMedia
LogPluginManager: Mounting plugin MediaCompositing
LogPluginManager: Mounting plugin MediaPlayerEditor
LogPluginManager: Mounting plugin WmfMedia
LogPluginManager: Mounting plugin TcpMessaging
LogPluginManager: Mounting plugin UdpMessaging
LogPluginManager: Mounting plugin ActorSequence
LogPluginManager: Mounting plugin LevelSequenceEditor
LogPluginManager: Mounting plugin MatineeToLevelSequence
LogPluginManager: Mounting plugin OnlineSubsystemGooglePlay
LogPluginManager: Mounting plugin OnlineSubsystemIOS
LogPluginManager: Mounting plugin OnlineSubsystem
LogPluginManager: Mounting plugin OnlineSubsystemNull
LogPluginManager: Mounting plugin OnlineSubsystemUtils
LogPluginManager: Mounting plugin AndroidDeviceProfileSelector
LogPluginManager: Mounting plugin AndroidMoviePlayer
LogPluginManager: Mounting plugin AndroidPermission
LogPluginManager: Mounting plugin AppleARKit
LogPluginManager: Mounting plugin AppleMoviePlayer
LogPluginManager: Mounting plugin ArchVisCharacter
LogPluginManager: Mounting plugin CableComponent
LogPluginManager: Mounting plugin CustomMeshComponent
LogPluginManager: Mounting plugin ExampleDeviceProfileSelector
LogPluginManager: Mounting plugin GoogleCloudMessaging
LogPluginManager: Mounting plugin ImmediatePhysics
LogPluginManager: Mounting plugin IOSDeviceProfileSelector
LogPluginManager: Mounting plugin LinuxDeviceProfileSelector
LogPluginManager: Mounting plugin LocationServicesBPLibrary
LogPluginManager: Mounting plugin MobilePatchingUtils
LogPluginManager: Mounting plugin OculusVR
LogPluginManager: Plugin shader directory ../../../Engine/Plugins/Runtime/Oculus/OculusVR/Shaders found
LogPluginManager: Mapping shader source directory ../../../Engine/Plugins/Runtime/Oculus/OculusVR/Shaders to virtual directory /Plugin/OculusVR
LogPluginManager: Mounting plugin PhysXVehicles
LogPluginManager: Mounting plugin ProceduralMeshComponent
LogPluginManager: Mounting plugin RuntimePhysXCooking
LogPluginManager: Mounting plugin SteamVR
LogPluginManager: Mounting plugin WindowsMoviePlayer
LogModuleManager: Warning: Module file ../../../../../../Users/u1141916/Documents/GitHub/GrowthV2/GrowthV2/RapidPrototype5/RapidPrototype5/Binaries/Win64/UE4Editor-RapidPrototype5-1408.dll is missing. This is likely a stale module that must be recompiled.
LogModuleManager: Display: Found up-to-date module file ../../../Engine/Plugins/2D/Paper2D/Binaries/Win64/UE4Editor-Paper2D.dll (API version 3709383).
LogModuleManager: Display: Found up-to-date module file ../../../Engine/Plugins/2D/Paper2D/Binaries/Win64/UE4Editor-Paper2DEditor.dll (API version 3709383).
LogModuleManager: Display: Found up-to-date module file ../../../Engine/Plugins/2D/Paper2D/Binaries/Win64/UE4Editor-PaperSpriteSheetImporter.dll (API version 3709383).
LogModuleManager: Display: Found up-to-date module file ../../../Engine/Plugins/2D/Paper2D/Binaries/Win64/UE4Editor-PaperTiledImporter.dll (API version 3709383).
LogModuleManager: Display: Found up-to-date module file ../../../Engine/Plugins/2D/Paper2D/Binaries/Win64/UE4Editor-SmartSnapping.dll (API version 3709383).
LogModuleManager: Display: Found up-to-date module file ../../../Engine/Plugins/Blendables/LightPropagationVolume/Binaries/Win64/UE4Editor-LightPropagationVolumeRuntime.dll (API version 3709383).
LogModuleManager: Display: Found up-to-date module file ../../../Engine/Plugins/Blendables/LightPropagationVolume/Binaries/Win64/UE4Editor-LightPropagationVolumeEditor.dll (API version 3709383).
LogModuleManager: Display: Found up-to-date module file ../../../Engine/Plugins/Developer/GitSourceControl/Binaries/Win64/UE4Editor-GitSourceControl.dll (API version 3709383).
LogModuleManager: Display: Found up-to-date module file ../../../Engine/Plugins/Developer/PerforceSourceControl/Binaries/Win64/UE4Editor-PerforceSourceControl.dll (API version 3709383).
LogModuleManager: Display: Found up-to-date module file ../../../Engine/Plugins/Developer/SubversionSourceControl/Binaries/Win64/UE4Editor-SubversionSourceControl.dll (API version 3709383).
LogModuleManager: Display: Found up-to-date module file ../../../Engine/Plugins/Developer/UObjectPlugin/Binaries/Win64/UE4Editor-UObjectPlugin.dll (API version 3709383).
LogModuleManager: Display: Found up-to-date module file ../../../Engine/Plugins/Developer/VisualStudioCodeSourceCodeAccess/Binaries/Win64/UE4Editor-VisualStudioCodeSourceCodeAccess.dll (API version 3709383).
LogModuleManager: Display: Found up-to-date module file ../../../Engine/Plugins/Developer/VisualStudioSourceCodeAccess/Binaries/Win64/UE4Editor-VisualStudioSourceCodeAccess.dll (API version 3709383).
LogModuleManager: Display: Found up-to-date module file ../../../Engine/Plugins/Editor/AssetManagerEditor/Binaries/Win64/UE4Editor-AssetManagerEditor.dll (API version 3709383).
LogModuleManager: Display: Found up-to-date module file ../../../Engine/Plugins/Editor/AudioCapture/Binaries/Win64/UE4Editor-AudioCapture.dll (API version 3709383).
LogModuleManager: Display: Found up-to-date module file ../../../Engine/Plugins/Editor/FacialAnimation/Binaries/Win64/UE4Editor-FacialAnimation.dll (API version 3709383).
LogModuleManager: Display: Found up-to-date module file ../../../Engine/Plugins/Editor/FacialAnimation/Binaries/Win64/UE4Editor-FacialAnimationEditor.dll (API version 3709383).
LogModuleManager: Display: Found up-to-date module file ../../../Engine/Plugins/Editor/GameplayTagsEditor/Binaries/Win64/UE4Editor-GameplayTagsEditor.dll (API version 3709383).
LogModuleManager: Display: Found up-to-date module file ../../../Engine/Plugins/Editor/MobileLauncherProfileWizard/Binaries/Win64/UE4Editor-MobileLauncherProfileWizard.dll (API version 3709383).
LogModuleManager: Display: Found up-to-date module file ../../../Engine/Plugins/Editor/PluginBrowser/Binaries/Win64/UE4Editor-PluginBrowser.dll (API version 3709383).
LogModuleManager: Display: Found up-to-date module file ../../../Engine/Plugins/Editor/SpeedTreeImporter/Binaries/Win64/UE4Editor-SpeedTreeImporter.dll (API version 3709383).
LogModuleManager: Display: Found up-to-date module file ../../../Engine/Plugins/Experimental/AlembicImporter/Binaries/Win64/UE4Editor-AlembicImporter.dll (API version 3709383).
LogModuleManager: Display: Found up-to-date module file ../../../Engine/Plugins/Experimental/AlembicImporter/Binaries/Win64/UE4Editor-AlembicLibrary.dll (API version 3709383).
LogModuleManager: Display: Found up-to-date module file ../../../Engine/Plugins/Experimental/CharacterAI/Binaries/Win64/UE4Editor-CharacterAI.dll (API version 3709383).
LogModuleManager: Display: Found up-to-date module file ../../../Engine/Plugins/Experimental/HTML5Networking/Binaries/Win64/UE4Editor-HTML5Networking.dll (API version 3709383).
LogModuleManager: Display: Found up-to-date module file ../../../Engine/Plugins/Media/AndroidMedia/Binaries/Win64/UE4Editor-AndroidMediaEditor.dll (API version 3709383).
LogModuleManager: Display: Found up-to-date module file ../../../Engine/Plugins/Media/AndroidMedia/Binaries/Win64/UE4Editor-AndroidMediaFactory.dll (API version 3709383).
LogModuleManager: Display: Found up-to-date module file ../../../Engine/Plugins/Media/AvfMedia/Binaries/Win64/UE4Editor-AvfMediaEditor.dll (API version 3709383).
LogModuleManager: Display: Found up-to-date module file ../../../Engine/Plugins/Media/AvfMedia/Binaries/Win64/UE4Editor-AvfMediaFactory.dll (API version 3709383).
LogModuleManager: Display: Found up-to-date module file ../../../Engine/Plugins/Media/AvfMedia/Binaries/Win64/UE4Editor-AvfMediaFactory.dll (API version 3709383).
LogModuleManager: Display: Found up-to-date module file ../../../Engine/Plugins/Media/ImgMedia/Binaries/Win64/UE4Editor-ImgMedia.dll (API version 3709383).
LogModuleManager: Display: Found up-to-date module file ../../../Engine/Plugins/Media/ImgMedia/Binaries/Win64/UE4Editor-ImgMediaEditor.dll (API version 3709383).
LogModuleManager: Display: Found up-to-date module file ../../../Engine/Plugins/Media/ImgMedia/Binaries/Win64/UE4Editor-ImgMediaFactory.dll (API version 3709383).
LogModuleManager: Display: Found up-to-date module file ../../../Engine/Plugins/Media/ImgMedia/Binaries/Win64/UE4Editor-ImgMediaFactory.dll (API version 3709383).
LogModuleManager: Display: Found up-to-date module file ../../../Engine/Plugins/Media/ImgMedia/Binaries/Win64/UE4Editor-OpenExrWrapper.dll (API version 3709383).
LogModuleManager: Display: Found up-to-date module file ../../../Engine/Plugins/Media/MediaCompositing/Binaries/Win64/UE4Editor-MediaCompositing.dll (API version 3709383).
LogModuleManager: Display: Found up-to-date module file ../../../Engine/Plugins/Media/MediaCompositing/Binaries/Win64/UE4Editor-MediaCompositingEditor.dll (API version 3709383).
LogModuleManager: Display: Found up-to-date module file ../../../Engine/Plugins/Media/MediaPlayerEditor/Binaries/Win64/UE4Editor-MediaPlayerEditor.dll (API version 3709383).
LogModuleManager: Display: Found up-to-date module file ../../../Engine/Plugins/Media/WmfMedia/Binaries/Win64/UE4Editor-WmfMedia.dll (API version 3709383).
LogModuleManager: Display: Found up-to-date module file ../../../Engine/Plugins/Media/WmfMedia/Binaries/Win64/UE4Editor-WmfMediaEditor.dll (API version 3709383).
LogModuleManager: Display: Found up-to-date module file ../../../Engine/Plugins/Media/WmfMedia/Binaries/Win64/UE4Editor-WmfMediaFactory.dll (API version 3709383).
LogModuleManager: Display: Found up-to-date module file ../../../Engine/Plugins/Media/WmfMedia/Binaries/Win64/UE4Editor-WmfMediaFactory.dll (API version 3709383).
LogModuleManager: Display: Found up-to-date module file ../../../Engine/Plugins/Messaging/TcpMessaging/Binaries/Win64/UE4Editor-TcpMessaging.dll (API version 3709383).
LogModuleManager: Display: Found up-to-date module file ../../../Engine/Plugins/Messaging/UdpMessaging/Binaries/Win64/UE4Editor-UdpMessaging.dll (API version 3709383).
LogModuleManager: Display: Found up-to-date module file ../../../Engine/Plugins/MovieScene/ActorSequence/Binaries/Win64/UE4Editor-ActorSequence.dll (API version 3709383).
LogModuleManager: Display: Found up-to-date module file ../../../Engine/Plugins/MovieScene/LevelSequenceEditor/Binaries/Win64/UE4Editor-LevelSequenceEditor.dll (API version 3709383).
LogModuleManager: Display: Found up-to-date module file ../../../Engine/Plugins/MovieScene/MatineeToLevelSequence/Binaries/Win64/UE4Editor-MatineeToLevelSequence.dll (API version 3709383).
LogModuleManager: Display: Found up-to-date module file ../../../Engine/Plugins/Online/OnlineSubsystem/Binaries/Win64/UE4Editor-OnlineSubsystem.dll (API version 3709383).
LogModuleManager: Display: Found up-to-date module file ../../../Engine/Plugins/Online/OnlineSubsystemNull/Binaries/Win64/UE4Editor-OnlineSubsystemNull.dll (API version 3709383).
LogModuleManager: Display: Found up-to-date module file ../../../Engine/Plugins/Online/OnlineSubsystemUtils/Binaries/Win64/UE4Editor-OnlineSubsystemUtils.dll (API version 3709383).
LogModuleManager: Display: Found up-to-date module file ../../../Engine/Plugins/Online/OnlineSubsystemUtils/Binaries/Win64/UE4Editor-OnlineBlueprintSupport.dll (API version 3709383).
LogModuleManager: Display: Found up-to-date module file ../../../Engine/Plugins/Runtime/AndroidDeviceProfileSelector/Binaries/Win64/UE4Editor-AndroidDeviceProfileSelector.dll (API version 3709383).
LogModuleManager: Display: Found up-to-date module file ../../../Engine/Plugins/Runtime/AndroidPermission/Binaries/Win64/UE4Editor-AndroidPermission.dll (API version 3709383).
LogModuleManager: Display: Found up-to-date module file ../../../Engine/Plugins/Runtime/AppleARKit/Binaries/Win64/UE4Editor-AppleARKit.dll (API version 3709383).
LogModuleManager: Display: Found up-to-date module file ../../../Engine/Plugins/Runtime/ArchVisCharacter/Binaries/Win64/UE4Editor-ArchVisCharacter.dll (API version 3709383).
LogModuleManager: Display: Found up-to-date module file ../../../Engine/Plugins/Runtime/CableComponent/Binaries/Win64/UE4Editor-CableComponent.dll (API version 3709383).
LogModuleManager: Display: Found up-to-date module file ../../../Engine/Plugins/Runtime/CustomMeshComponent/Binaries/Win64/UE4Editor-CustomMeshComponent.dll (API version 3709383).
LogModuleManager: Display: Found up-to-date module file ../../../Engine/Plugins/Runtime/ExampleDeviceProfileSelector/Binaries/Win64/UE4Editor-ExampleDeviceProfileSelector.dll (API version 3709383).
LogModuleManager: Display: Found up-to-date module file ../../../Engine/Plugins/Runtime/ImmediatePhysics/Binaries/Win64/UE4Editor-ImmediatePhysics.dll (API version 3709383).
LogModuleManager: Display: Found up-to-date module file ../../../Engine/Plugins/Runtime/ImmediatePhysics/Binaries/Win64/UE4Editor-ImmediatePhysicsEditor.dll (API version 3709383).
LogModuleManager: Display: Found up-to-date module file ../../../Engine/Plugins/Runtime/LocationServicesBPLibrary/Binaries/Win64/UE4Editor-LocationServicesBPLibrary.dll (API version 3709383).
LogModuleManager: Display: Found up-to-date module file ../../../Engine/Plugins/Runtime/MobilePatchingUtils/Binaries/Win64/UE4Editor-MobilePatchingUtils.dll (API version 3709383).
LogModuleManager: Display: Found up-to-date module file ../../../Engine/Plugins/Runtime/Oculus/OculusVR/Binaries/Win64/UE4Editor-OculusHMD.dll (API version 3709383).
LogModuleManager: Display: Found up-to-date module file ../../../Engine/Plugins/Runtime/Oculus/OculusVR/Binaries/Win64/UE4Editor-OculusInput.dll (API version 3709383).
LogModuleManager: Display: Found up-to-date module file ../../../Engine/Plugins/Runtime/Oculus/OculusVR/Binaries/Win64/UE4Editor-OculusEditor.dll (API version 3709383).
LogModuleManager: Display: Found up-to-date module file ../../../Engine/Plugins/Runtime/PhysXVehicles/Binaries/Win64/UE4Editor-PhysXVehicles.dll (API version 3709383).
LogModuleManager: Display: Found up-to-date module file ../../../Engine/Plugins/Runtime/PhysXVehicles/Binaries/Win64/UE4Editor-PhysXVehiclesEditor.dll (API version 3709383).
LogModuleManager: Display: Found up-to-date module file ../../../Engine/Plugins/Runtime/ProceduralMeshComponent/Binaries/Win64/UE4Editor-ProceduralMeshComponent.dll (API version 3709383).
LogModuleManager: Display: Found up-to-date module file ../../../Engine/Plugins/Runtime/ProceduralMeshComponent/Binaries/Win64/UE4Editor-ProceduralMeshComponentEditor.dll (API version 3709383).
LogModuleManager: Display: Found up-to-date module file ../../../Engine/Plugins/Runtime/RuntimePhysXCooking/Binaries/Win64/UE4Editor-RuntimePhysXCooking.dll (API version 3709383).
LogModuleManager: Display: Found up-to-date module file ../../../Engine/Plugins/Runtime/Steam/SteamVR/Binaries/Win64/UE4Editor-SteamVR.dll (API version 3709383).
LogModuleManager: Display: Found up-to-date module file ../../../Engine/Plugins/Runtime/Steam/SteamVR/Binaries/Win64/UE4Editor-SteamVRController.dll (API version 3709383).
LogModuleManager: Display: Found up-to-date module file ../../../Engine/Plugins/Runtime/WindowsMoviePlayer/Binaries/Win64/UE4Editor-WindowsMoviePlayer.dll (API version 3709383).
LogInit: Warning: Incompatible or missing module: UE4Editor-RapidPrototype5.dll
Running C:/Program Files/Epic Games/UE_4.18/Engine/Binaries/DotNET/UnrealBuildTool.exe RapidPrototype5 Development Win64 -project="C:/Users/u1141916/Documents/GitHub/GrowthV2/GrowthV2/RapidPrototype5/RapidPrototype5/RapidPrototype5.uproject" -editorrecompile -progress -NoHotReloadFromIDE
Creating makefile for RapidPrototype5 (game project files are newer)
@progress push 5%
Parsing headers for RapidPrototype5Editor
  Running UnrealHeaderTool "C:\Users\u1141916\Documents\GitHub\GrowthV2\GrowthV2\RapidPrototype5\RapidPrototype5\RapidPrototype5.uproject" "C:\Users\u1141916\Documents\GitHub\GrowthV2\GrowthV2\RapidPrototype5\RapidPrototype5\Intermediate\Build\Win64\RapidPrototype5Editor\Development\RapidPrototype5Editor.uhtmanifest" -LogCmds="loginit warning, logexit warning, logdatabase error" -Unattended -WarningsAsErrors -installed
Reflection code generated for RapidPrototype5Editor in 7.35689 seconds
@progress pop
Deleting old hot reload file: "C:\Users\u1141916\Documents\GitHub\GrowthV2\GrowthV2\RapidPrototype5\RapidPrototype5\Binaries\Win64\UE4Editor-RapidPrototype5-102.dll".
Deleting old hot reload file: "C:\Users\u1141916\Documents\GitHub\GrowthV2\GrowthV2\RapidPrototype5\RapidPrototype5\Binaries\Win64\UE4Editor-RapidPrototype5-102.pdb".
Deleting old hot reload file: "C:\Users\u1141916\Documents\GitHub\GrowthV2\GrowthV2\RapidPrototype5\RapidPrototype5\Binaries\Win64\UE4Editor-RapidPrototype5-1125.dll".
Deleting old hot reload file: "C:\Users\u1141916\Documents\GitHub\GrowthV2\GrowthV2\RapidPrototype5\RapidPrototype5\Binaries\Win64\UE4Editor-RapidPrototype5-1125.pdb".
Deleting old hot reload file: "C:\Users\u1141916\Documents\GitHub\GrowthV2\GrowthV2\RapidPrototype5\RapidPrototype5\Binaries\Win64\UE4Editor-RapidPrototype5-1316.dll".
Deleting old hot reload file: "C:\Users\u1141916\Documents\GitHub\GrowthV2\GrowthV2\RapidPrototype5\RapidPrototype5\Binaries\Win64\UE4Editor-RapidPrototype5-1316.pdb".
Deleting old hot reload file: "C:\Users\u1141916\Documents\GitHub\GrowthV2\GrowthV2\RapidPrototype5\RapidPrototype5\Binaries\Win64\UE4Editor-RapidPrototype5-1595.dll".
Deleting old hot reload file: "C:\Users\u1141916\Documents\GitHub\GrowthV2\GrowthV2\RapidPrototype5\RapidPrototype5\Binaries\Win64\UE4Editor-RapidPrototype5-1595.pdb".
Deleting old hot reload file: "C:\Users\u1141916\Documents\GitHub\GrowthV2\GrowthV2\RapidPrototype5\RapidPrototype5\Binaries\Win64\UE4Editor-RapidPrototype5-161.dll".
Deleting old hot reload file: "C:\Users\u1141916\Documents\GitHub\GrowthV2\GrowthV2\RapidPrototype5\RapidPrototype5\Binaries\Win64\UE4Editor-RapidPrototype5-161.pdb".
Deleting old hot reload file: "C:\Users\u1141916\Documents\GitHub\GrowthV2\GrowthV2\RapidPrototype5\RapidPrototype5\Binaries\Win64\UE4Editor-RapidPrototype5-3189.dll".
Deleting old hot reload file: "C:\Users\u1141916\Documents\GitHub\GrowthV2\GrowthV2\RapidPrototype5\RapidPrototype5\Binaries\Win64\UE4Editor-RapidPrototype5-3189.pdb".
Deleting old hot reload file: "C:\Users\u1141916\Documents\GitHub\GrowthV2\GrowthV2\RapidPrototype5\RapidPrototype5\Binaries\Win64\UE4Editor-RapidPrototype5-3329.dll".
Deleting old hot reload file: "C:\Users\u1141916\Documents\GitHub\GrowthV2\GrowthV2\RapidPrototype5\RapidPrototype5\Binaries\Win64\UE4Editor-RapidPrototype5-3329.pdb".
Deleting old hot reload file: "C:\Users\u1141916\Documents\GitHub\GrowthV2\GrowthV2\RapidPrototype5\RapidPrototype5\Binaries\Win64\UE4Editor-RapidPrototype5-3445.dll".
Deleting old hot reload file: "C:\Users\u1141916\Documents\GitHub\GrowthV2\GrowthV2\RapidPrototype5\RapidPrototype5\Binaries\Win64\UE4Editor-RapidPrototype5-3445.pdb".
Deleting old hot reload file: "C:\Users\u1141916\Documents\GitHub\GrowthV2\GrowthV2\RapidPrototype5\RapidPrototype5\Binaries\Win64\UE4Editor-RapidPrototype5-3737.dll".
Deleting old hot reload file: "C:\Users\u1141916\Documents\GitHub\GrowthV2\GrowthV2\RapidPrototype5\RapidPrototype5\Binaries\Win64\UE4Editor-RapidPrototype5-3737.pdb".
Deleting old hot reload file: "C:\Users\u1141916\Documents\GitHub\GrowthV2\GrowthV2\RapidPrototype5\RapidPrototype5\Binaries\Win64\UE4Editor-RapidPrototype5-3774.dll".
Deleting old hot reload file: "C:\Users\u1141916\Documents\GitHub\GrowthV2\GrowthV2\RapidPrototype5\RapidPrototype5\Binaries\Win64\UE4Editor-RapidPrototype5-3774.pdb".
Deleting old hot reload file: "C:\Users\u1141916\Documents\GitHub\GrowthV2\GrowthV2\RapidPrototype5\RapidPrototype5\Binaries\Win64\UE4Editor-RapidPrototype5-5722.dll".
Deleting old hot reload file: "C:\Users\u1141916\Documents\GitHub\GrowthV2\GrowthV2\RapidPrototype5\RapidPrototype5\Binaries\Win64\UE4Editor-RapidPrototype5-5722.pdb".
Deleting old hot reload file: "C:\Users\u1141916\Documents\GitHub\GrowthV2\GrowthV2\RapidPrototype5\RapidPrototype5\Binaries\Win64\UE4Editor-RapidPrototype5-707.dll".
Deleting old hot reload file: "C:\Users\u1141916\Documents\GitHub\GrowthV2\GrowthV2\RapidPrototype5\RapidPrototype5\Binaries\Win64\UE4Editor-RapidPrototype5-707.pdb".
Deleting old hot reload file: "C:\Users\u1141916\Documents\GitHub\GrowthV2\GrowthV2\RapidPrototype5\RapidPrototype5\Binaries\Win64\UE4Editor-RapidPrototype5-7246.dll".
Deleting old hot reload file: "C:\Users\u1141916\Documents\GitHub\GrowthV2\GrowthV2\RapidPrototype5\RapidPrototype5\Binaries\Win64\UE4Editor-RapidPrototype5-7246.pdb".
Deleting old hot reload file: "C:\Users\u1141916\Documents\GitHub\GrowthV2\GrowthV2\RapidPrototype5\RapidPrototype5\Binaries\Win64\UE4Editor-RapidPrototype5-8983.dll".
Deleting old hot reload file: "C:\Users\u1141916\Documents\GitHub\GrowthV2\GrowthV2\RapidPrototype5\RapidPrototype5\Binaries\Win64\UE4Editor-RapidPrototype5-8983.pdb".
Deleting old hot reload file: "C:\Users\u1141916\Documents\GitHub\GrowthV2\GrowthV2\RapidPrototype5\RapidPrototype5\Binaries\Win64\UE4Editor-RapidPrototype5-9007.dll".
Deleting old hot reload file: "C:\Users\u1141916\Documents\GitHub\GrowthV2\GrowthV2\RapidPrototype5\RapidPrototype5\Binaries\Win64\UE4Editor-RapidPrototype5-9007.pdb".
Deleting old hot reload file: "C:\Users\u1141916\Documents\GitHub\GrowthV2\GrowthV2\RapidPrototype5\RapidPrototype5\Binaries\Win64\UE4Editor-RapidPrototype5-9138.dll".
Deleting old hot reload file: "C:\Users\u1141916\Documents\GitHub\GrowthV2\GrowthV2\RapidPrototype5\RapidPrototype5\Binaries\Win64\UE4Editor-RapidPrototype5-9138.pdb".
Deleting old hot reload file: "C:\Users\u1141916\Documents\GitHub\GrowthV2\GrowthV2\RapidPrototype5\RapidPrototype5\Binaries\Win64\UE4Editor-RapidPrototype5-9147.dll".
Deleting old hot reload file: "C:\Users\u1141916\Documents\GitHub\GrowthV2\GrowthV2\RapidPrototype5\RapidPrototype5\Binaries\Win64\UE4Editor-RapidPrototype5-9147.pdb".
Deleting old hot reload file: "C:\Users\u1141916\Documents\GitHub\GrowthV2\GrowthV2\RapidPrototype5\RapidPrototype5\Binaries\Win64\UE4Editor-RapidPrototype5-9721.dll".
Deleting old hot reload file: "C:\Users\u1141916\Documents\GitHub\GrowthV2\GrowthV2\RapidPrototype5\RapidPrototype5\Binaries\Win64\UE4Editor-RapidPrototype5-9721.pdb".
Performing 4 actions (4 in parallel)
Push.gen.cpp
Push.cpp
[3/4] Link UE4Editor-RapidPrototype5.dll
[4/4] Link UE4Editor-RapidPrototype5.lib
   Creating library C:\Users\u1141916\Documents\GitHub\GrowthV2\GrowthV2\RapidPrototype5\RapidPrototype5\Intermediate\Build\Win64\UE4Editor\Development\UE4Editor-RapidPrototype5.lib and object C:\Users\u1141916\Documents\GitHub\GrowthV2\GrowthV2\RapidPrototype5\RapidPrototype5\Intermediate\Build\Win64\UE4Editor\Development\UE4Editor-RapidPrototype5.exp
   Creating library C:\Users\u1141916\Documents\GitHub\GrowthV2\GrowthV2\RapidPrototype5\RapidPrototype5\Intermediate\Build\Win64\UE4Editor\Development\UE4Editor-RapidPrototype5.suppressed.lib and object C:\Users\u1141916\Documents\GitHub\GrowthV2\GrowthV2\RapidPrototype5\RapidPrototype5\Intermediate\Build\Win64\UE4Editor\Development\UE4Editor-RapidPrototype5.suppressed.exp
Total build time: 40.13 seconds (Local executor: 1.73 seconds)
LogModuleManager: Display: Found up-to-date module file ../../../../../../Users/u1141916/Documents/GitHub/GrowthV2/GrowthV2/RapidPrototype5/RapidPrototype5/Binaries/Win64/UE4Editor-RapidPrototype5.dll (API version 3709383).
LogModuleManager: Display: Found up-to-date module file ../../../Engine/Plugins/2D/Paper2D/Binaries/Win64/UE4Editor-Paper2D.dll (API version 3709383).
LogModuleManager: Display: Found up-to-date module file ../../../Engine/Plugins/2D/Paper2D/Binaries/Win64/UE4Editor-Paper2DEditor.dll (API version 3709383).
LogModuleManager: Display: Found up-to-date module file ../../../Engine/Plugins/2D/Paper2D/Binaries/Win64/UE4Editor-PaperSpriteSheetImporter.dll (API version 3709383).
LogModuleManager: Display: Found up-to-date module file ../../../Engine/Plugins/2D/Paper2D/Binaries/Win64/UE4Editor-PaperTiledImporter.dll (API version 3709383).
LogModuleManager: Display: Found up-to-date module file ../../../Engine/Plugins/2D/Paper2D/Binaries/Win64/UE4Editor-SmartSnapping.dll (API version 3709383).
LogModuleManager: Display: Found up-to-date module file ../../../Engine/Plugins/Blendables/LightPropagationVolume/Binaries/Win64/UE4Editor-LightPropagationVolumeRuntime.dll (API version 3709383).
LogModuleManager: Display: Found up-to-date module file ../../../Engine/Plugins/Blendables/LightPropagationVolume/Binaries/Win64/UE4Editor-LightPropagationVolumeEditor.dll (API version 3709383).
LogModuleManager: Display: Found up-to-date module file ../../../Engine/Plugins/Developer/GitSourceControl/Binaries/Win64/UE4Editor-GitSourceControl.dll (API version 3709383).
LogModuleManager: Display: Found up-to-date module file ../../../Engine/Plugins/Developer/PerforceSourceControl/Binaries/Win64/UE4Editor-PerforceSourceControl.dll (API version 3709383).
LogModuleManager: Display: Found up-to-date module file ../../../Engine/Plugins/Developer/SubversionSourceControl/Binaries/Win64/UE4Editor-SubversionSourceControl.dll (API version 3709383).
LogModuleManager: Display: Found up-to-date module file ../../../Engine/Plugins/Developer/UObjectPlugin/Binaries/Win64/UE4Editor-UObjectPlugin.dll (API version 3709383).
LogModuleManager: Display: Found up-to-date module file ../../../Engine/Plugins/Developer/VisualStudioCodeSourceCodeAccess/Binaries/Win64/UE4Editor-VisualStudioCodeSourceCodeAccess.dll (API version 3709383).
LogModuleManager: Display: Found up-to-date module file ../../../Engine/Plugins/Developer/VisualStudioSourceCodeAccess/Binaries/Win64/UE4Editor-VisualStudioSourceCodeAccess.dll (API version 3709383).
LogModuleManager: Display: Found up-to-date module file ../../../Engine/Plugins/Editor/AssetManagerEditor/Binaries/Win64/UE4Editor-AssetManagerEditor.dll (API version 3709383).
LogModuleManager: Display: Found up-to-date module file ../../../Engine/Plugins/Editor/AudioCapture/Binaries/Win64/UE4Editor-AudioCapture.dll (API version 3709383).
LogModuleManager: Display: Found up-to-date module file ../../../Engine/Plugins/Editor/FacialAnimation/Binaries/Win64/UE4Editor-FacialAnimation.dll (API version 3709383).
LogModuleManager: Display: Found up-to-date module file ../../../Engine/Plugins/Editor/FacialAnimation/Binaries/Win64/UE4Editor-FacialAnimationEditor.dll (API version 3709383).
LogModuleManager: Display: Found up-to-date module file ../../../Engine/Plugins/Editor/GameplayTagsEditor/Binaries/Win64/UE4Editor-GameplayTagsEditor.dll (API version 3709383).
LogModuleManager: Display: Found up-to-date module file ../../../Engine/Plugins/Editor/MobileLauncherProfileWizard/Binaries/Win64/UE4Editor-MobileLauncherProfileWizard.dll (API version 3709383).
LogModuleManager: Display: Found up-to-date module file ../../../Engine/Plugins/Editor/PluginBrowser/Binaries/Win64/UE4Editor-PluginBrowser.dll (API version 3709383).
LogModuleManager: Display: Found up-to-date module file ../../../Engine/Plugins/Editor/SpeedTreeImporter/Binaries/Win64/UE4Editor-SpeedTreeImporter.dll (API version 3709383).
LogModuleManager: Display: Found up-to-date module file ../../../Engine/Plugins/Experimental/AlembicImporter/Binaries/Win64/UE4Editor-AlembicImporter.dll (API version 3709383).
LogModuleManager: Display: Found up-to-date module file ../../../Engine/Plugins/Experimental/AlembicImporter/Binaries/Win64/UE4Editor-AlembicLibrary.dll (API version 3709383).
LogModuleManager: Display: Found up-to-date module file ../../../Engine/Plugins/Experimental/CharacterAI/Binaries/Win64/UE4Editor-CharacterAI.dll (API version 3709383).
LogModuleManager: Display: Found up-to-date module file ../../../Engine/Plugins/Experimental/HTML5Networking/Binaries/Win64/UE4Editor-HTML5Networking.dll (API version 3709383).
LogModuleManager: Display: Found up-to-date module file ../../../Engine/Plugins/Media/AndroidMedia/Binaries/Win64/UE4Editor-AndroidMediaEditor.dll (API version 3709383).
LogModuleManager: Display: Found up-to-date module file ../../../Engine/Plugins/Media/AndroidMedia/Binaries/Win64/UE4Editor-AndroidMediaFactory.dll (API version 3709383).
LogModuleManager: Display: Found up-to-date module file ../../../Engine/Plugins/Media/AvfMedia/Binaries/Win64/UE4Editor-AvfMediaEditor.dll (API version 3709383).
LogModuleManager: Display: Found up-to-date module file ../../../Engine/Plugins/Media/AvfMedia/Binaries/Win64/UE4Editor-AvfMediaFactory.dll (API version 3709383).
LogModuleManager: Display: Found up-to-date module file ../../../Engine/Plugins/Media/AvfMedia/Binaries/Win64/UE4Editor-AvfMediaFactory.dll (API version 3709383).
LogModuleManager: Display: Found up-to-date module file ../../../Engine/Plugins/Media/ImgMedia/Binaries/Win64/UE4Editor-ImgMedia.dll (API version 3709383).
LogModuleManager: Display: Found up-to-date module file ../../../Engine/Plugins/Media/ImgMedia/Binaries/Win64/UE4Editor-ImgMediaEditor.dll (API version 3709383).
LogModuleManager: Display: Found up-to-date module file ../../../Engine/Plugins/Media/ImgMedia/Binaries/Win64/UE4Editor-ImgMediaFactory.dll (API version 3709383).
LogModuleManager: Display: Found up-to-date module file ../../../Engine/Plugins/Media/ImgMedia/Binaries/Win64/UE4Editor-ImgMediaFactory.dll (API version 3709383).
LogModuleManager: Display: Found up-to-date module file ../../../Engine/Plugins/Media/ImgMedia/Binaries/Win64/UE4Editor-OpenExrWrapper.dll (API version 3709383).
LogModuleManager: Display: Found up-to-date module file ../../../Engine/Plugins/Media/MediaCompositing/Binaries/Win64/UE4Editor-MediaCompositing.dll (API version 3709383).
LogModuleManager: Display: Found up-to-date module file ../../../Engine/Plugins/Media/MediaCompositing/Binaries/Win64/UE4Editor-MediaCompositingEditor.dll (API version 3709383).
LogModuleManager: Display: Found up-to-date module file ../../../Engine/Plugins/Media/MediaPlayerEditor/Binaries/Win64/UE4Editor-MediaPlayerEditor.dll (API version 3709383).
LogModuleManager: Display: Found up-to-date module file ../../../Engine/Plugins/Media/WmfMedia/Binaries/Win64/UE4Editor-WmfMedia.dll (API version 3709383).
LogModuleManager: Display: Found up-to-date module file ../../../Engine/Plugins/Media/WmfMedia/Binaries/Win64/UE4Editor-WmfMediaEditor.dll (API version 3709383).
LogModuleManager: Display: Found up-to-date module file ../../../Engine/Plugins/Media/WmfMedia/Binaries/Win64/UE4Editor-WmfMediaFactory.dll (API version 3709383).
LogModuleManager: Display: Found up-to-date module file ../../../Engine/Plugins/Media/WmfMedia/Binaries/Win64/UE4Editor-WmfMediaFactory.dll (API version 3709383).
LogModuleManager: Display: Found up-to-date module file ../../../Engine/Plugins/Messaging/TcpMessaging/Binaries/Win64/UE4Editor-TcpMessaging.dll (API version 3709383).
LogModuleManager: Display: Found up-to-date module file ../../../Engine/Plugins/Messaging/UdpMessaging/Binaries/Win64/UE4Editor-UdpMessaging.dll (API version 3709383).
LogModuleManager: Display: Found up-to-date module file ../../../Engine/Plugins/MovieScene/ActorSequence/Binaries/Win64/UE4Editor-ActorSequence.dll (API version 3709383).
LogModuleManager: Display: Found up-to-date module file ../../../Engine/Plugins/MovieScene/LevelSequenceEditor/Binaries/Win64/UE4Editor-LevelSequenceEditor.dll (API version 3709383).
LogModuleManager: Display: Found up-to-date module file ../../../Engine/Plugins/MovieScene/MatineeToLevelSequence/Binaries/Win64/UE4Editor-MatineeToLevelSequence.dll (API version 3709383).
LogModuleManager: Display: Found up-to-date module file ../../../Engine/Plugins/Online/OnlineSubsystem/Binaries/Win64/UE4Editor-OnlineSubsystem.dll (API version 3709383).
LogModuleManager: Display: Found up-to-date module file ../../../Engine/Plugins/Online/OnlineSubsystemNull/Binaries/Win64/UE4Editor-OnlineSubsystemNull.dll (API version 3709383).
LogModuleManager: Display: Found up-to-date module file ../../../Engine/Plugins/Online/OnlineSubsystemUtils/Binaries/Win64/UE4Editor-OnlineSubsystemUtils.dll (API version 3709383).
LogModuleManager: Display: Found up-to-date module file ../../../Engine/Plugins/Online/OnlineSubsystemUtils/Binaries/Win64/UE4Editor-OnlineBlueprintSupport.dll (API version 3709383).
LogModuleManager: Display: Found up-to-date module file ../../../Engine/Plugins/Runtime/AndroidDeviceProfileSelector/Binaries/Win64/UE4Editor-AndroidDeviceProfileSelector.dll (API version 3709383).
LogModuleManager: Display: Found up-to-date module file ../../../Engine/Plugins/Runtime/AndroidPermission/Binaries/Win64/UE4Editor-AndroidPermission.dll (API version 3709383).
LogModuleManager: Display: Found up-to-date module file ../../../Engine/Plugins/Runtime/AppleARKit/Binaries/Win64/UE4Editor-AppleARKit.dll (API version 3709383).
LogModuleManager: Display: Found up-to-date module file ../../../Engine/Plugins/Runtime/ArchVisCharacter/Binaries/Win64/UE4Editor-ArchVisCharacter.dll (API version 3709383).
LogModuleManager: Display: Found up-to-date module file ../../../Engine/Plugins/Runtime/CableComponent/Binaries/Win64/UE4Editor-CableComponent.dll (API version 3709383).
LogModuleManager: Display: Found up-to-date module file ../../../Engine/Plugins/Runtime/CustomMeshComponent/Binaries/Win64/UE4Editor-CustomMeshComponent.dll (API version 3709383).
LogModuleManager: Display: Found up-to-date module file ../../../Engine/Plugins/Runtime/ExampleDeviceProfileSelector/Binaries/Win64/UE4Editor-ExampleDeviceProfileSelector.dll (API version 3709383).
LogModuleManager: Display: Found up-to-date module file ../../../Engine/Plugins/Runtime/ImmediatePhysics/Binaries/Win64/UE4Editor-ImmediatePhysics.dll (API version 3709383).
LogModuleManager: Display: Found up-to-date module file ../../../Engine/Plugins/Runtime/ImmediatePhysics/Binaries/Win64/UE4Editor-ImmediatePhysicsEditor.dll (API version 3709383).
LogModuleManager: Display: Found up-to-date module file ../../../Engine/Plugins/Runtime/LocationServicesBPLibrary/Binaries/Win64/UE4Editor-LocationServicesBPLibrary.dll (API version 3709383).
LogModuleManager: Display: Found up-to-date module file ../../../Engine/Plugins/Runtime/MobilePatchingUtils/Binaries/Win64/UE4Editor-MobilePatchingUtils.dll (API version 3709383).
LogModuleManager: Display: Found up-to-date module file ../../../Engine/Plugins/Runtime/Oculus/OculusVR/Binaries/Win64/UE4Editor-OculusHMD.dll (API version 3709383).
LogModuleManager: Display: Found up-to-date module file ../../../Engine/Plugins/Runtime/Oculus/OculusVR/Binaries/Win64/UE4Editor-OculusInput.dll (API version 3709383).
LogModuleManager: Display: Found up-to-date module file ../../../Engine/Plugins/Runtime/Oculus/OculusVR/Binaries/Win64/UE4Editor-OculusEditor.dll (API version 3709383).
LogModuleManager: Display: Found up-to-date module file ../../../Engine/Plugins/Runtime/PhysXVehicles/Binaries/Win64/UE4Editor-PhysXVehicles.dll (API version 3709383).
LogModuleManager: Display: Found up-to-date module file ../../../Engine/Plugins/Runtime/PhysXVehicles/Binaries/Win64/UE4Editor-PhysXVehiclesEditor.dll (API version 3709383).
LogModuleManager: Display: Found up-to-date module file ../../../Engine/Plugins/Runtime/ProceduralMeshComponent/Binaries/Win64/UE4Editor-ProceduralMeshComponent.dll (API version 3709383).
LogModuleManager: Display: Found up-to-date module file ../../../Engine/Plugins/Runtime/ProceduralMeshComponent/Binaries/Win64/UE4Editor-ProceduralMeshComponentEditor.dll (API version 3709383).
LogModuleManager: Display: Found up-to-date module file ../../../Engine/Plugins/Runtime/RuntimePhysXCooking/Binaries/Win64/UE4Editor-RuntimePhysXCooking.dll (API version 3709383).
LogModuleManager: Display: Found up-to-date module file ../../../Engine/Plugins/Runtime/Steam/SteamVR/Binaries/Win64/UE4Editor-SteamVR.dll (API version 3709383).
LogModuleManager: Display: Found up-to-date module file ../../../Engine/Plugins/Runtime/Steam/SteamVR/Binaries/Win64/UE4Editor-SteamVRController.dll (API version 3709383).
LogModuleManager: Display: Found up-to-date module file ../../../Engine/Plugins/Runtime/WindowsMoviePlayer/Binaries/Win64/UE4Editor-WindowsMoviePlayer.dll (API version 3709383).
LogInit: Using libcurl 7.47.1
LogInit:  - built for x86_64-pc-win32
LogInit:  - supports SSL with OpenSSL/1.0.2g
LogInit:  - supports HTTP deflate (compression) using libz 1.2.8
LogInit:  - other features:
LogInit:      CURL_VERSION_SSL
LogInit:      CURL_VERSION_LIBZ
LogInit:      CURL_VERSION_IPV6
LogInit:      CURL_VERSION_ASYNCHDNS
LogInit:      CURL_VERSION_LARGEFILE
LogInit:      CURL_VERSION_IDN
LogInit:  CurlRequestOptions (configurable via config and command line):
LogInit:  - bVerifyPeer = false  - Libcurl will NOT verify peer certificate
LogInit:  - bUseHttpProxy = false  - Libcurl will NOT use HTTP proxy
LogInit:  - bDontReuseConnections = false  - Libcurl will reuse connections
LogInit:  - CertBundlePath = nullptr  - Libcurl will use whatever was configured at build time.
LogInit: Build: ++UE4+Release-4.18-CL-3754814
LogInit: Engine Version: 4.18.1-3754814+++UE4+Release-4.18
LogInit: Compatible Engine Version: 4.18.0-3709383+++UE4+Release-4.18
LogInit: Net CL: 3709383
LogDevObjectVersion: Number of dev versions registered: 16
LogDevObjectVersion:   Dev-Blueprints (B0D832E4-1F89-4F0D-ACCF-7EB736FD4AA2): 10
LogDevObjectVersion:   Dev-Build (E1C64328-A22C-4D53-A36C-8E866417BD8C): 0
LogDevObjectVersion:   Dev-Core (375EC13C-06E4-48FB-B500-84F0262A717E): 2
LogDevObjectVersion:   Dev-Editor (E4B068ED-F494-42E9-A231-DA0B2E46BB41): 20
LogDevObjectVersion:   Dev-Framework (CFFC743F-43B0-4480-9391-14DF171D2073): 30
LogDevObjectVersion:   Dev-Mobile (B02B49B5-BB20-44E9-A304-32B752E40360): 0
LogDevObjectVersion:   Dev-Networking (A4E4105C-59A1-49B5-A7C5-40C4547EDFEE): 0
LogDevObjectVersion:   Dev-Online (39C831C9-5AE6-47DC-9A44-9C173E1C8E7C): 0
LogDevObjectVersion:   Dev-Physics (78F01B33-EBEA-4F98-B9B4-84EACCB95AA2): 0
LogDevObjectVersion:   Dev-Platform (6631380F-2D4D-43E0-8009-CF276956A95A): 0
LogDevObjectVersion:   Dev-Rendering (12F88B9F-8875-4AFC-A67C-D90C383ABD29): 20
LogDevObjectVersion:   Dev-Sequencer (7B5AE74C-D270-4C10-A958-57980B212A5A): 4
LogDevObjectVersion:   Dev-VR (D7296918-1DD6-4BDD-9DE2-64A83CC13884): 0
LogDevObjectVersion:   Dev-LoadTimes (C2A15278-BFE7-4AFE-6C17-90FF531DF755): 1
LogDevObjectVersion:   Private-Geometry (6EACA3D4-40EC-4CC1-B786-8BED09428FC5): 1
LogDevObjectVersion:   Dev-AnimPhys (29E575DD-E0A3-4627-9D10-D276232CDCEA): 12
LogInit: Compiled (64-bit): Nov 14 2017 02:05:55
LogInit: Compiled with Visual C++: 19.00.24215.01
LogInit: Build Configuration: Development
LogInit: Branch Name: ++UE4+Release-4.18
LogInit: Command line: -EpicPortal 
LogInit: Base directory: C:/Program Files/Epic Games/UE_4.18/Engine/Binaries/Win64/
LogInit: Installed Engine Build: 1
LogInit: Presizing for max 8388607 objects, including 0 objects not considered by GC, pre-allocating 0 bytes for permanent pool.
LogInit: Object subsystem initialized
[2017.12.05-16.27.58:287][  0]LogInit: Selected Device Profile: [Windows]
[2017.12.05-16.27.58:287][  0]LogInit: Applying CVar settings loaded from the selected device profile: [Windows]
[2017.12.05-16.27.58:305][  0]LogInit: Computer: eae-d-087
[2017.12.05-16.27.58:305][  0]LogInit: User: u1141916
[2017.12.05-16.27.58:305][  0]LogInit: CPU Page size=4096, Cores=4
[2017.12.05-16.27.58:305][  0]LogInit: High frequency timer resolution =3.320314 MHz
[2017.12.05-16.27.58:305][  0]LogMemory: Memory total: Physical=31.9GB (32GB approx)
[2017.12.05-16.27.58:305][  0]LogMemory: Platform Memory Stats for Windows
[2017.12.05-16.27.58:305][  0]LogMemory: Process Physical Memory: 277.58 MB used, 277.58 MB peak
[2017.12.05-16.27.58:305][  0]LogMemory: Process Virtual Memory: 270.67 MB used, 270.67 MB peak
[2017.12.05-16.27.58:305][  0]LogMemory: Physical Memory: 9365.38 MB used,  23340.33 MB free, 32705.71 MB total
[2017.12.05-16.27.58:305][  0]LogMemory: Virtual Memory: 709.82 MB used,  23340.33 MB free, 134217728.00 MB total
[2017.12.05-16.27.58:444][  0]LogInit: Using OS detected language (en-US).
[2017.12.05-16.27.58:444][  0]LogInit: Using OS detected locale (en-US).
[2017.12.05-16.27.58:447][  0]LogTextLocalizationManager: No specific localization for 'en-US' exists, so the 'en' localization will be used.
[2017.12.05-16.27.58:842][  0]LogInit: Setting process to per monitor DPI aware
[2017.12.05-16.27.59:085][  0]LogD3D11RHI: D3D11 adapters:
[2017.12.05-16.27.59:132][  0]LogD3D11RHI:    0. 'NVIDIA GeForce GTX 1070' (Feature Level 11_0)
[2017.12.05-16.27.59:132][  0]LogD3D11RHI:       8096/0/16352 MB DedicatedVideo/DedicatedSystem/SharedSystem, Outputs:2, VendorId:0x10de
[2017.12.05-16.27.59:133][  0]LogD3D11RHI:    1. 'Microsoft Basic Render Driver' (Feature Level 11_0)
[2017.12.05-16.27.59:133][  0]LogD3D11RHI:       0/0/16352 MB DedicatedVideo/DedicatedSystem/SharedSystem, Outputs:0, VendorId:0x1414
[2017.12.05-16.27.59:133][  0]LogD3D11RHI: Chosen D3D11 Adapter: 0
[2017.12.05-16.27.59:140][  0]LogD3D11RHI: Creating new Direct3DDevice
[2017.12.05-16.27.59:140][  0]LogD3D11RHI:     GPU DeviceId: 0x1b81 (for the marketing name, search the web for "GPU Device Id")
[2017.12.05-16.27.59:140][  0]LogWindows: EnumDisplayDevices:
[2017.12.05-16.27.59:140][  0]LogWindows:    0. 'NVIDIA GeForce GTX 1070' (P:1 D:1)
[2017.12.05-16.27.59:141][  0]LogWindows:    1. 'NVIDIA GeForce GTX 1070' (P:0 D:1)
[2017.12.05-16.27.59:141][  0]LogWindows:    2. 'NVIDIA GeForce GTX 1070' (P:0 D:0)
[2017.12.05-16.27.59:141][  0]LogWindows:    3. 'NVIDIA GeForce GTX 1070' (P:0 D:0)
[2017.12.05-16.27.59:141][  0]LogWindows: DebugString: FoundDriverCount:4 
[2017.12.05-16.27.59:141][  0]LogD3D11RHI:     Adapter Name: NVIDIA GeForce GTX 1070
[2017.12.05-16.27.59:141][  0]LogD3D11RHI:   Driver Version: 388.31 (internal:23.21.13.8831, unified:388.31)
[2017.12.05-16.27.59:141][  0]LogD3D11RHI:      Driver Date: 11-14-2017
[2017.12.05-16.27.59:141][  0]LogRHI: Texture pool is 5667 MB (70% of 8096 MB)
[2017.12.05-16.27.59:163][  0]LogD3D11RHI: Async texture creation enabled
[2017.12.05-16.27.59:173][  0]LogD3D11RHI: GPU Timing Frequency: 1000.000000 (Debug: 2 1)
[2017.12.05-16.27.59:267][  0]LogShaderCompilers: Guid format shader working directory is -50 characters bigger than the processId version (../../../../../../Users/u1141916/Documents/GitHub/GrowthV2/GrowthV2/RapidPrototype5/RapidPrototype5/Intermediate/Shaders/WorkingDirectory/1280/).
[2017.12.05-16.27.59:267][  0]LogShaderCompilers: Cleaned the shader compiler working directory 'C:/Users/u1141916/AppData/Local/Temp/UnrealShaderWorkingDir/8385E6E94828B605DF54359890D7D896/'.
[2017.12.05-16.27.59:267][  0]LogShaderCompilers: Display: Using Local Shader Compiler.
[2017.12.05-16.28.00:135][  0]LogTemp: Display: Loaded TP AllDesktopTargetPlatform
[2017.12.05-16.28.00:185][  0]LogTemp: Display: Loaded TP MacClientTargetPlatform
[2017.12.05-16.28.00:234][  0]LogTemp: Display: Loaded TP MacNoEditorTargetPlatform
[2017.12.05-16.28.00:282][  0]LogTemp: Display: Loaded TP MacServerTargetPlatform
[2017.12.05-16.28.00:333][  0]LogTemp: Display: Loaded TP MacTargetPlatform
[2017.12.05-16.28.00:383][  0]LogTemp: Display: Loaded TP WindowsClientTargetPlatform
[2017.12.05-16.28.00:432][  0]LogTemp: Display: Loaded TP WindowsNoEditorTargetPlatform
[2017.12.05-16.28.00:481][  0]LogTemp: Display: Loaded TP WindowsServerTargetPlatform
[2017.12.05-16.28.00:523][  0]LogTemp: Display: Loaded TP WindowsTargetPlatform
[2017.12.05-16.28.00:569][  0]LogTemp: Display: Loaded TP Android_ASTCTargetPlatform
[2017.12.05-16.28.00:618][  0]LogTemp: Display: Loaded TP Android_ATCTargetPlatform
[2017.12.05-16.28.00:665][  0]LogTemp: Display: Loaded TP Android_DXTTargetPlatform
[2017.12.05-16.28.00:712][  0]LogTemp: Display: Loaded TP Android_ETC1TargetPlatform
[2017.12.05-16.28.00:758][  0]LogTemp: Display: Loaded TP Android_ETC2TargetPlatform
[2017.12.05-16.28.00:852][  0]LogTemp: Display: Loaded TP Android_MultiTargetPlatform
[2017.12.05-16.28.00:852][  0]LogTemp: Display: Loaded TP Android_PVRTCTargetPlatform
[2017.12.05-16.28.00:900][  0]LogTemp: Display: Loaded TP AndroidTargetPlatform
[2017.12.05-16.28.00:936][  0]LogTemp: Display: Loaded TP HTML5TargetPlatform
[2017.12.05-16.28.01:022][  0]LogTemp: Display: Loaded TP IOSTargetPlatform
[2017.12.05-16.28.01:048][  0]LogTemp: Display: Loaded TP TVOSTargetPlatform
[2017.12.05-16.28.01:097][  0]LogTemp: Display: Loaded TP LinuxClientTargetPlatform
[2017.12.05-16.28.01:146][  0]LogTemp: Display: Loaded TP LinuxNoEditorTargetPlatform
[2017.12.05-16.28.01:194][  0]LogTemp: Display: Loaded TP LinuxServerTargetPlatform
[2017.12.05-16.28.01:242][  0]LogTemp: Display: Loaded TP LinuxTargetPlatform
[2017.12.05-16.28.01:243][  0]LogTargetPlatformManager: Display: Building Assets For Windows
[2017.12.05-16.28.01:687][  0]LogDerivedDataCache: Display: Max Cache Size: 512 MB
[2017.12.05-16.28.01:763][  0]LogDerivedDataCache: Loaded boot cache 0.08s 79MB C:/Users/u1141916/AppData/Local/UnrealEngine/4.18/DerivedDataCache/Boot.ddc.
[2017.12.05-16.28.01:763][  0]LogDerivedDataCache: Display: Loaded Boot cache: C:/Users/u1141916/AppData/Local/UnrealEngine/4.18/DerivedDataCache/Boot.ddc
[2017.12.05-16.28.01:763][  0]LogDerivedDataCache: FDerivedDataBackendGraph:  Pak pak cache file ../../../../../../Users/u1141916/Documents/GitHub/GrowthV2/GrowthV2/RapidPrototype5/RapidPrototype5/DerivedDataCache/DDC.ddp not found, will not use a pak cache.
[2017.12.05-16.28.01:763][  0]LogDerivedDataCache: Unable to find inner node Pak for hierarchical cache Hierarchy.
[2017.12.05-16.28.01:763][  0]LogDerivedDataCache: FDerivedDataBackendGraph:  CompressedPak pak cache file ../../../../../../Users/u1141916/Documents/GitHub/GrowthV2/GrowthV2/RapidPrototype5/RapidPrototype5/DerivedDataCache/Compressed.ddp not found, will not use a pak cache.
[2017.12.05-16.28.01:763][  0]LogDerivedDataCache: Unable to find inner node CompressedPak for hierarchical cache Hierarchy.
[2017.12.05-16.28.01:778][  0]LogDerivedDataCache: Display: Pak cache opened for reading ../../../Engine/DerivedDataCache/Compressed.ddp.
[2017.12.05-16.28.01:790][  0]LogDerivedDataCache: Using Local data cache path C:/Users/u1141916/AppData/Local/UnrealEngine/Common/DerivedDataCache: Writable
[2017.12.05-16.28.01:800][  0]LogMaterial: Verifying Global Shaders for PCD3D_SM5
[2017.12.05-16.28.01:800][  0]LogSlate: Using Freetype 2.6.0
[2017.12.05-16.28.01:801][  0]LogSlate: SlateFontCache - WITH_FREETYPE: 1, WITH_HARFBUZZ: 1
[2017.12.05-16.28.01:801][  0]LogSlate: SlateFontCache - WITH_FREETYPE: 1, WITH_HARFBUZZ: 1
[2017.12.05-16.28.02:147][  0]LogInit: Selected Device Profile: [Windows]
[2017.12.05-16.28.02:453][  0]LogSimplygon: Simplygon DLL not present - disabling.
[2017.12.05-16.28.02:490][  0]LogMeshReduction: Using SimplygonSwarm for distributed automatic mesh merging
[2017.12.05-16.28.02:490][  0]LogMeshReduction: Using QuadricMeshReduction for automatic static mesh reduction
[2017.12.05-16.28.02:490][  0]LogMeshReduction: No automatic skeletal mesh reduction module available
[2017.12.05-16.28.02:490][  0]LogMeshReduction: No automatic mesh merging module available
[2017.12.05-16.28.02:490][  0]LogMeshMerging: No automatic mesh merging module available
[2017.12.05-16.28.02:520][  0]LogNetVersion: RapidPrototype5 , NetCL: 3709383, EngineNetVer: 2, GameNetVer: 0 (Checksum: 1973499734)
[2017.12.05-16.28.02:675][  0]LogAssetRegistry: FAssetRegistry took 0.0267 seconds to start up
[2017.12.05-16.28.03:172][  0]LogPackageLocalizationCache: Processed 7 localized package path(s) for 2 prioritized culture(s) in 0.082740 seconds
[2017.12.05-16.28.03:179][  0]LogUObjectArray: 35900 objects as part of root set at end of initial load.
[2017.12.05-16.28.03:179][  0]LogUObjectAllocator: 7372016 out of 0 bytes used by permanent object pool.
[2017.12.05-16.28.03:179][  0]LogUObjectArray: CloseDisregardForGC: 0/0 objects in disregard for GC pool
[2017.12.05-16.28.03:229][  0]LogInit: WinSock: version 1.1 (2.2), MaxSocks=32767, MaxUdp=65467
[2017.12.05-16.28.05:718][  0]LogTcpMessaging: Initializing TcpMessaging bridge
[2017.12.05-16.28.05:759][  0]LogUdpMessaging: Initializing bridge on interface 0.0.0.0:0 to multicast group 230.0.0.1:6666.
[2017.12.05-16.28.06:329][  0]LogLinker: Warning: Can't find file '/Script/CableComponent'
[2017.12.05-16.28.06:329][  0]LogLinker: Warning: Can't find file for asset '/Script/CableComponent' while loading ../../../../../../Users/u1141916/Documents/GitHub/GrowthV2/GrowthV2/RapidPrototype5/RapidPrototype5/Content/ThirdPersonCPP/Blueprints/ThirdPersonCharacter.uasset.
[2017.12.05-16.28.06:329][  0]LoadErrors: Error: /Game/ThirdPersonCPP/Blueprints/ThirdPersonCharacter : Can't find file for asset. /Script/CableComponent
[2017.12.05-16.28.06:331][  0]LogLinker: Warning: Can't find file '/Script/CableComponent'
[2017.12.05-16.28.06:331][  0]LogLinker: Warning: Can't find file for asset '/Script/CableComponent' while loading ../../../../../../Users/u1141916/Documents/GitHub/GrowthV2/GrowthV2/RapidPrototype5/RapidPrototype5/Content/ThirdPersonCPP/Blueprints/ThirdPersonCharacter.uasset.
[2017.12.05-16.28.06:331][  0]LoadErrors: Error: /Game/ThirdPersonCPP/Blueprints/ThirdPersonCharacter : Can't find file for asset. /Script/CableComponent
[2017.12.05-16.28.06:464][  0]LogLinker: Warning: Can't find file '/Game/ThirdPersonBP/Web/M_web'
[2017.12.05-16.28.06:464][  0]LogLinker: Warning: Can't find file for asset '/Game/ThirdPersonBP/Web/M_web' while loading ../../../../../../Users/u1141916/Documents/GitHub/GrowthV2/GrowthV2/RapidPrototype5/RapidPrototype5/Content/ThirdPersonCPP/Web/BeamEmitter.uasset.
[2017.12.05-16.28.06:464][  0]LoadErrors: Error: /Game/ThirdPersonCPP/Web/BeamEmitter : Can't find file for asset. /Game/ThirdPersonBP/Web/M_web
[2017.12.05-16.28.06:464][  0]LogLinker: Warning: Can't find file '/Game/ThirdPersonBP/Web/M_web'
[2017.12.05-16.28.06:464][  0]LogLinker: Warning: Can't find file for asset '/Game/ThirdPersonBP/Web/M_web' while loading ../../../../../../Users/u1141916/Documents/GitHub/GrowthV2/GrowthV2/RapidPrototype5/RapidPrototype5/Content/ThirdPersonCPP/Web/BeamEmitter.uasset.
[2017.12.05-16.28.06:464][  0]LoadErrors: Error: /Game/ThirdPersonCPP/Web/BeamEmitter : Can't find file for asset. /Game/ThirdPersonBP/Web/M_web
[2017.12.05-16.28.06:465][  0]LogLinker: Warning: Can't find file '/Script/CableComponent'
[2017.12.05-16.28.06:465][  0]LogLinker: Warning: Can't find file for asset '/Script/CableComponent' while loading ../../../../../../Users/u1141916/Documents/GitHub/GrowthV2/GrowthV2/RapidPrototype5/RapidPrototype5/Content/ThirdPersonCPP/Blueprints/ThirdPersonCharacter.uasset.
[2017.12.05-16.28.06:465][  0]LoadErrors: Error: /Game/ThirdPersonCPP/Blueprints/ThirdPersonCharacter : Can't find file for asset. /Script/CableComponent
[2017.12.05-16.28.06:467][  0]LogLinker: Warning: Can't find file '/Script/CableComponent'
[2017.12.05-16.28.06:467][  0]LogLinker: Warning: Can't find file for asset '/Script/CableComponent' while loading NULL.
[2017.12.05-16.28.06:467][  0]LogLinker: Warning: Can't find file '/Script/CableComponent'
[2017.12.05-16.28.06:467][  0]LogLinker: Warning: Can't find file for asset '/Script/CableComponent' while loading NULL.
[2017.12.05-16.28.06:467][  0]LogLinker: Warning: Can't find file '/Script/CableComponent'
[2017.12.05-16.28.06:468][  0]LogLinker: Warning: Can't find file for asset '/Script/CableComponent' while loading NULL.
[2017.12.05-16.28.06:468][  0]LogLinker: Warning: Can't find file '/Script/CableComponent'
[2017.12.05-16.28.06:468][  0]LogLinker: Warning: Can't find file for asset '/Script/CableComponent' while loading NULL.
[2017.12.05-16.28.06:486][  0]LogLinker: Warning: Can't find file '/Script/CableComponent'
[2017.12.05-16.28.06:486][  0]LoadErrors: Failed to load /Script/CableComponent.CableComponent Referenced by K2Node_VariableGet_97
[2017.12.05-16.28.06:486][  0]LogLinker: Warning: Can't find file for asset '/Script/CableComponent' while loading NULL.
[2017.12.05-16.28.06:486][  0]LoadErrors: Failed to load /Script/CableComponent.CableComponent Referenced by K2Node_VariableGet_97
[2017.12.05-16.28.06:486][  0]LogLinker: Warning: Can't find file '/Script/CableComponent'
[2017.12.05-16.28.06:487][  0]LoadErrors: Failed to load /Script/CableComponent.CableComponent Referenced by K2Node_VariableGet_158
[2017.12.05-16.28.06:487][  0]LogLinker: Warning: Can't find file for asset '/Script/CableComponent' while loading NULL.
[2017.12.05-16.28.06:487][  0]LoadErrors: Failed to load /Script/CableComponent.CableComponent Referenced by K2Node_VariableGet_158
[2017.12.05-16.28.06:487][  0]LogLinker: Warning: Can't find file '/Script/CableComponent'
[2017.12.05-16.28.06:487][  0]LoadErrors: Failed to load /Script/CableComponent.CableComponent Referenced by K2Node_VariableGet_211
[2017.12.05-16.28.06:487][  0]LogLinker: Warning: Can't find file for asset '/Script/CableComponent' while loading NULL.
[2017.12.05-16.28.06:487][  0]LoadErrors: Failed to load /Script/CableComponent.CableComponent Referenced by K2Node_VariableGet_211
[2017.12.05-16.28.06:487][  0]LogLinker: Warning: Can't find file '/Script/CableComponent'
[2017.12.05-16.28.06:487][  0]LoadErrors: Failed to load /Script/CableComponent.CableComponent Referenced by K2Node_VariableGet_227
[2017.12.05-16.28.06:487][  0]LogLinker: Warning: Can't find file for asset '/Script/CableComponent' while loading NULL.
[2017.12.05-16.28.06:487][  0]LoadErrors: Failed to load /Script/CableComponent.CableComponent Referenced by K2Node_VariableGet_227
[2017.12.05-16.28.06:487][  0]LogLinker: Warning: Can't find file '/Script/CableComponent'
[2017.12.05-16.28.06:487][  0]LoadErrors: Failed to load /Script/CableComponent.CableComponent Referenced by K2Node_VariableGet_277
[2017.12.05-16.28.06:487][  0]LogLinker: Warning: Can't find file for asset '/Script/CableComponent' while loading NULL.
[2017.12.05-16.28.06:487][  0]LoadErrors: Failed to load /Script/CableComponent.CableComponent Referenced by K2Node_VariableGet_277
[2017.12.05-16.28.06:487][  0]LogLinker: Warning: Can't find file '/Script/CableComponent'
[2017.12.05-16.28.06:487][  0]LoadErrors: Failed to load /Script/CableComponent.CableComponent Referenced by K2Node_VariableSet_525
[2017.12.05-16.28.06:488][  0]LogLinker: Warning: Can't find file for asset '/Script/CableComponent' while loading NULL.
[2017.12.05-16.28.06:488][  0]LoadErrors: Failed to load /Script/CableComponent.CableComponent Referenced by K2Node_VariableSet_525
[2017.12.05-16.28.06:488][  0]LogLinker: Warning: Can't find file '/Script/CableComponent'
[2017.12.05-16.28.06:488][  0]LoadErrors: Failed to load /Script/CableComponent.CableComponent Referenced by K2Node_VariableSet_525
[2017.12.05-16.28.06:488][  0]LogLinker: Warning: Can't find file for asset '/Script/CableComponent' while loading NULL.
[2017.12.05-16.28.06:488][  0]LoadErrors: Failed to load /Script/CableComponent.CableComponent Referenced by K2Node_VariableSet_525
[2017.12.05-16.28.06:488][  0]LogLinker: Warning: Can't find file '/Script/CableComponent'
[2017.12.05-16.28.06:488][  0]LoadErrors: Failed to load /Script/CableComponent.CableComponent Referenced by K2Node_VariableGet_629
[2017.12.05-16.28.06:488][  0]LogLinker: Warning: Can't find file for asset '/Script/CableComponent' while loading NULL.
[2017.12.05-16.28.06:488][  0]LoadErrors: Failed to load /Script/CableComponent.CableComponent Referenced by K2Node_VariableGet_629
[2017.12.05-16.28.06:488][  0]LogLinker: Warning: Can't find file '/Script/CableComponent'
[2017.12.05-16.28.06:488][  0]LoadErrors: Failed to load /Script/CableComponent.CableComponent Referenced by K2Node_VariableGet_1732
[2017.12.05-16.28.06:488][  0]LogLinker: Warning: Can't find file for asset '/Script/CableComponent' while loading NULL.
[2017.12.05-16.28.06:488][  0]LoadErrors: Failed to load /Script/CableComponent.CableComponent Referenced by K2Node_VariableGet_1732
[2017.12.05-16.28.06:488][  0]LogLinker: Warning: Can't find file '/Script/CableComponent'
[2017.12.05-16.28.06:488][  0]LoadErrors: Failed to load /Script/CableComponent.CableComponent Referenced by SCS_Node_1
[2017.12.05-16.28.06:488][  0]LogLinker: Warning: Can't find file for asset '/Script/CableComponent' while loading NULL.
[2017.12.05-16.28.06:489][  0]LoadErrors: Failed to load /Script/CableComponent.CableComponent Referenced by SCS_Node_1
[2017.12.05-16.28.06:489][  0]LogLinker: Warning: Can't find file '/Script/CableComponent'
[2017.12.05-16.28.06:489][  0]LogLinker: Warning: Can't find file for asset '/Script/CableComponent' while loading NULL.
[2017.12.05-16.28.06:489][  0]LogLinker: Warning: Can't find file '/Script/CableComponent'
[2017.12.05-16.28.06:489][  0]LoadErrors: Failed to load /Script/CableComponent.CableComponent Referenced by SCS_Node_1
[2017.12.05-16.28.06:489][  0]LogLinker: Warning: Can't find file for asset '/Script/CableComponent' while loading NULL.
[2017.12.05-16.28.06:489][  0]LoadErrors: Failed to load /Script/CableComponent.CableComponent Referenced by SCS_Node_1
[2017.12.05-16.28.06:491][  0]LogBlueprint: Warning: [Compiler ThirdPersonCharacter] Component class is not set for ' GrappleCable' - this component will not be instanced, and additional warnings or errors may occur when compiling Blueprint 'ThirdPersonCharacter'.
[2017.12.05-16.28.06:502][  0]LogBlueprint: Warning: [Compiler ThirdPersonCharacter] Get : ' GrappleCable' variable not found. Base class was probably changed. /Game/ThirdPersonCPP/Blueprints/ThirdPersonCharacter.ThirdPersonCharacter
[2017.12.05-16.28.06:502][  0]LogBlueprint: Warning: [Compiler ThirdPersonCharacter] Get : ' GrappleCable' variable not found. Base class was probably changed. /Game/ThirdPersonCPP/Blueprints/ThirdPersonCharacter.ThirdPersonCharacter
[2017.12.05-16.28.06:502][  0]LogBlueprint: Warning: [Compiler ThirdPersonCharacter] Get : ' GrappleCable' variable not found. Base class was probably changed. /Game/ThirdPersonCPP/Blueprints/ThirdPersonCharacter.ThirdPersonCharacter
[2017.12.05-16.28.06:502][  0]LogBlueprint: Warning: [Compiler ThirdPersonCharacter] Get : ' GrappleCable' variable not found. Base class was probably changed. /Game/ThirdPersonCPP/Blueprints/ThirdPersonCharacter.ThirdPersonCharacter
[2017.12.05-16.28.06:502][  0]LogBlueprint: Warning: [Compiler ThirdPersonCharacter] Get : ' GrappleCable' variable not found. Base class was probably changed. /Game/ThirdPersonCPP/Blueprints/ThirdPersonCharacter.ThirdPersonCharacter
[2017.12.05-16.28.06:502][  0]LogBlueprint: Warning: [Compiler ThirdPersonCharacter] Set : 'SolverIterations' variable not found. Base class was probably changed. /Game/ThirdPersonCPP/Blueprints/ThirdPersonCharacter.ThirdPersonCharacter
[2017.12.05-16.28.06:503][  0]LogBlueprint: Warning: [Compiler ThirdPersonCharacter] Set SolverIterations : 'SolverIterations' variable not found. Base class was probably changed. /Game/ThirdPersonCPP/Blueprints/ThirdPersonCharacter.ThirdPersonCharacter
[2017.12.05-16.28.06:503][  0]LogBlueprint: Warning: [Compiler ThirdPersonCharacter] Get : ' GrappleCable' variable not found. Base class was probably changed. /Game/ThirdPersonCPP/Blueprints/ThirdPersonCharacter.ThirdPersonCharacter
[2017.12.05-16.28.06:503][  0]LogBlueprint: Warning: [Compiler ThirdPersonCharacter] Get : ' GrappleCable' variable not found. Base class was probably changed. /Game/ThirdPersonCPP/Blueprints/ThirdPersonCharacter.ThirdPersonCharacter
[2017.12.05-16.28.06:555][  0]LogBlueprint: Error: [Compiler ThirdPersonCharacter] Can't connect pins   GrappleCable  and  Target : Object Reference is not compatible with Scene Component Object Reference.
[2017.12.05-16.28.06:555][  0]LogBlueprint: Warning: [Compiler ThirdPersonCharacter] Could not find a variable named " GrappleCable" in 'ThirdPersonCharacter_C'.
Make sure 'ThirdPersonCharacter_C' has been compiled for  Get  GrappleCable
[2017.12.05-16.28.06:555][  0]LogBlueprint: Error: [Compiler ThirdPersonCharacter] Can't connect pins  Target  and   GrappleCable : Scene Component Object Reference is not compatible with Object Reference.
[2017.12.05-16.28.06:556][  0]LogBlueprint: Error: [Compiler ThirdPersonCharacter] Can't connect pins  Target  and   GrappleCable : Scene Component Object Reference is not compatible with Object Reference.
[2017.12.05-16.28.06:556][  0]LogBlueprint: Error: [Compiler ThirdPersonCharacter] Can't connect pins  Target  and   GrappleCable : Scene Component Object Reference is not compatible with Object Reference.
[2017.12.05-16.28.06:556][  0]LogBlueprint: Error: [Compiler ThirdPersonCharacter] Can't connect pins   GrappleCable  and  Target : Object Reference is not compatible with Scene Component Object Reference.
[2017.12.05-16.28.06:556][  0]LogBlueprint: Warning: [Compiler ThirdPersonCharacter] Could not find a variable named " GrappleCable" in 'ThirdPersonCharacter_C'.
Make sure 'ThirdPersonCharacter_C' has been compiled for  Get  GrappleCable
[2017.12.05-16.28.06:556][  0]LogBlueprint: Warning: [Compiler ThirdPersonCharacter] Could not find a variable named "SolverIterations" in 'ThirdPersonCharacter'.
Make sure 'ThirdPersonCharacter' has been compiled for  Set SolverIterations
[2017.12.05-16.28.06:556][  0]LogBlueprint: Error: [Compiler ThirdPersonCharacter] Can't connect pins   GrappleCable  and  Target : Object Reference is not compatible with Scene Component Object Reference.
[2017.12.05-16.28.06:556][  0]LogBlueprint: Warning: [Compiler ThirdPersonCharacter] Could not find a variable named " GrappleCable" in 'ThirdPersonCharacter_C'.
Make sure 'ThirdPersonCharacter_C' has been compiled for  Get  GrappleCable
[2017.12.05-16.28.06:556][  0]LogBlueprint: Error: [Compiler ThirdPersonCharacter] Can't connect pins   GrappleCable  and  Target : Object Reference is not compatible with Scene Component Object Reference.
[2017.12.05-16.28.06:557][  0]LogBlueprint: Warning: [Compiler ThirdPersonCharacter] Could not find a variable named " GrappleCable" in 'ThirdPersonCharacter_C'.
Make sure 'ThirdPersonCharacter_C' has been compiled for  Get  GrappleCable
[2017.12.05-16.28.06:557][  0]LogBlueprint: Error: [Compiler ThirdPersonCharacter] Can't connect pins   GrappleCable  and  Target : Object Reference is not compatible with Scene Component Object Reference.
[2017.12.05-16.28.06:557][  0]LogBlueprint: Warning: [Compiler ThirdPersonCharacter] Could not find a variable named " GrappleCable" in 'ThirdPersonCharacter_C'.
Make sure 'ThirdPersonCharacter_C' has been compiled for  Get  GrappleCable
[2017.12.05-16.28.06:557][  0]LogBlueprint: Error: [Compiler ThirdPersonCharacter] Can't connect pins  Target  and   GrappleCable : Scene Component Object Reference is not compatible with Object Reference.
[2017.12.05-16.28.06:557][  0]LogBlueprint: Error: [Compiler ThirdPersonCharacter] Can't connect pins   GrappleCable  and  Target : Object Reference is not compatible with Scene Component Object Reference.
[2017.12.05-16.28.06:557][  0]LogBlueprint: Warning: [Compiler ThirdPersonCharacter] Could not find a variable named " GrappleCable" in 'ThirdPersonCharacter_C'.
Make sure 'ThirdPersonCharacter_C' has been compiled for  Get  GrappleCable
[2017.12.05-16.28.06:557][  0]LogBlueprint: Error: [Compiler ThirdPersonCharacter] Can't connect pins  Target  and   GrappleCable : Scene Component Object Reference is not compatible with Object Reference.
[2017.12.05-16.28.06:557][  0]LogBlueprint: Error: [Compiler ThirdPersonCharacter] Can't connect pins   GrappleCable  and  Target : Object Reference is not compatible with Scene Component Object Reference.
[2017.12.05-16.28.06:557][  0]LogBlueprint: Warning: [Compiler ThirdPersonCharacter] Could not find a variable named " GrappleCable" in 'ThirdPersonCharacter_C'.
Make sure 'ThirdPersonCharacter_C' has been compiled for  Get  GrappleCable
[2017.12.05-16.28.06:557][  0]LogBlueprint: Error: [Compiler ThirdPersonCharacter] Can't connect pins  Target  and   GrappleCable : Scene Component Object Reference is not compatible with Object Reference.
[2017.12.05-16.28.06:557][  0]LogBlueprint: Error: [Compiler ThirdPersonCharacter] Can't connect pins  Target  and   GrappleCable : Scene Component Object Reference is not compatible with Object Reference.
[2017.12.05-16.28.06:558][  0]LogBlueprint: Error: [Compiler ThirdPersonCharacter] Can't connect pins  Target  and   GrappleCable : Scene Component Object Reference is not compatible with Object Reference.
[2017.12.05-16.28.06:563][  0]LogBlueprint: Error: [Compiler ThirdPersonCharacter] The property associated with   GrappleCable  could not be found
[2017.12.05-16.28.06:565][  0]LogBlueprint: Error: [Compiler ThirdPersonCharacter] The property associated with   GrappleCable  could not be found
[2017.12.05-16.28.06:565][  0]LogBlueprint: Error: [Compiler ThirdPersonCharacter] The property associated with   GrappleCable  could not be found
[2017.12.05-16.28.06:565][  0]LogBlueprint: Error: [Compiler ThirdPersonCharacter] The property associated with  SolverIterations  could not be found
[2017.12.05-16.28.06:565][  0]LogBlueprint: Error: [Compiler ThirdPersonCharacter] The property associated with   GrappleCable  could not be found
[2017.12.05-16.28.06:565][  0]LogBlueprint: Error: [Compiler ThirdPersonCharacter] The property associated with   GrappleCable  could not be found
[2017.12.05-16.28.06:565][  0]LogBlueprint: Error: [Compiler ThirdPersonCharacter] The property associated with   GrappleCable  could not be found
[2017.12.05-16.28.06:566][  0]LogBlueprint: Error: [Compiler ThirdPersonCharacter] The property associated with   GrappleCable  could not be found
[2017.12.05-16.28.06:570][  0]LogBlueprint: Warning: [Compiler ThirdPersonCharacter] [0054.99] Compile of ThirdPersonCharacter failed. 23 Fatal Issue(s) 18 Warning(s) [in 80 ms] (/Game/ThirdPersonCPP/Blueprints/ThirdPersonCharacter.ThirdPersonCharacter)
[2017.12.05-16.28.06:571][  0]LogLinker: Warning: Can't find file '/Script/CableComponent'
[2017.12.05-16.28.06:571][  0]LogLinker: Warning: Can't find file for asset '/Script/CableComponent' while loading NULL.
[2017.12.05-16.28.06:571][  0]LogLinker: Warning: Can't find file '/Script/CableComponent'
[2017.12.05-16.28.06:571][  0]LogLinker: Warning: Can't find file for asset '/Script/CableComponent' while loading NULL.
[2017.12.05-16.28.06:573][  0]LogLinker: Warning: Can't find file '/Game/ThirdPersonBP/Web/M_web'
[2017.12.05-16.28.06:573][  0]LoadErrors: Failed to load /Game/ThirdPersonBP/Web/M_web.M_web Referenced by ParticleModuleRequired_0
[2017.12.05-16.28.06:573][  0]LogLinker: Warning: Can't find file for asset '/Game/ThirdPersonBP/Web/M_web' while loading NULL.
[2017.12.05-16.28.06:573][  0]LoadErrors: Failed to load /Game/ThirdPersonBP/Web/M_web.M_web Referenced by ParticleModuleRequired_0
[2017.12.05-16.28.06:801][  0]LogMaterial: Uniform references updated for custom material expression Custom.
[2017.12.05-16.28.07:214][  0]SourceControl: Source control is disabled
[2017.12.05-16.28.07:216][  0]SourceControl: Source control is disabled
[2017.12.05-16.28.07:269][  0]SourceControl: Source control is disabled
[2017.12.05-16.28.07:321][  0]SourceControl: Source control is disabled
[2017.12.05-16.28.08:126][  0]LogAndroidPermission: UAndroidPermissionCallbackProxy::GetInstance
[2017.12.05-16.28.08:394][  0]LogOcInput: OculusInput pre-init called
[2017.12.05-16.28.08:657][  0]LogEngine: Initializing Engine...
[2017.12.05-16.28.08:659][  0]LogHMD: Failed to initialize OpenVR with code 110
[2017.12.05-16.28.08:863][  0]LogStats: UGameplayTagsManager::ConstructGameplayTagTree: Construct from data asset -  0.000 s
[2017.12.05-16.28.08:863][  0]LogStats: UGameplayTagsManager::ConstructGameplayTagTree: GameplayTagTreeChangedEvent.Broadcast -  0.000 s
[2017.12.05-16.28.08:989][  0]LogAIModule: Creating AISystem for world Untitled
[2017.12.05-16.28.08:999][  0]LogInit: XAudio2 using 'DELL UZ2315H-8 (NVIDIA High Definition Audio)' : 2 channels at 48 kHz using 16 bits per sample (channel mask 0x3)
[2017.12.05-16.28.09:019][  0]LogInit: FAudioDevice initialized.
[2017.12.05-16.28.09:092][  0]LogDerivedDataCache: Saved boot cache 0.07s 79MB C:/Users/u1141916/AppData/Local/UnrealEngine/4.18/DerivedDataCache/Boot.ddc.
[2017.12.05-16.28.09:105][  0]LogInit: Texture streaming: Enabled
[2017.12.05-16.28.09:209][  0]LogEngineSessionManager: EngineSessionManager initialized
[2017.12.05-16.28.09:340][  0]LogInit: Transaction tracking system initialized
[2017.12.05-16.28.09:657][  0]BlueprintLog: New page: Editor Load
[2017.12.05-16.28.10:621][  0]LocalizationService: Localization service is disabled
[2017.12.05-16.28.11:143][  0]LogLinker: Warning: Can't find file '/Game/ThirdPersonBP/WebSwingingOverview'
[2017.12.05-16.28.11:143][  0]LogLinker: Warning: Can't find file '/Game/ThirdPersonBP/WebSwingingOverview'
[2017.12.05-16.28.11:143][  0]LogUObjectGlobals: Warning: Failed to find object 'Class /Game/ThirdPersonBP/WebSwingingOverview.WebSwingingOverview_C'
[2017.12.05-16.28.11:360][  0]LogConsoleResponse: Display: 
[2017.12.05-16.28.11:537][  0]LogCook: Display: Max memory allowance for cook 16384mb min free memory 0mb
[2017.12.05-16.28.11:537][  0]LogCook: Display: Mobile HDR setting 1
[2017.12.05-16.28.11:537][  0]LogGameplayTags: Display: UGameplayTagsManager::DoneAddingNativeTags. DelegateIsBound: 0
[2017.12.05-16.28.11:565][  0]LogFileCache: Scanning file cache for directory 'C:/Users/u1141916/Documents/GitHub/GrowthV2/GrowthV2/RapidPrototype5/RapidPrototype5/Content/' took 0.02s
[2017.12.05-16.28.12:718][  0]SourceControl: Source control is disabled
[2017.12.05-16.28.12:722][  0]LightingResults: New page: Lighting Build
[2017.12.05-16.28.12:763][  0]MapCheck: New page: Map Check
[2017.12.05-16.28.12:764][  0]LightingResults: New page: Lighting Build
[2017.12.05-16.28.13:024][  0]LogAIModule: Creating AISystem for world ThirdPersonExampleMap
[2017.12.05-16.28.13:032][  0]LogEditorServer: Finished looking for orphan Actors (0.000 secs)
[2017.12.05-16.28.13:044][  0]Cmd: MAP CHECKDEP NOCLEARLOG
[2017.12.05-16.28.13:094][  0]MapCheck: Map check complete: 0 Error(s), 0 Warning(s), took 50.345ms to complete.
[2017.12.05-16.28.13:094][  0]LogFileHelpers: Loading map 'ThirdPersonExampleMap' took 0.376
[2017.12.05-16.28.13:290][  0]LogCollectionManager: Loaded 0 collections in 0.001797 seconds
[2017.12.05-16.28.13:378][  0]LogFileCache: Scanning file cache for directory 'C:/Users/u1141916/Documents/GitHub/GrowthV2/GrowthV2/RapidPrototype5/RapidPrototype5/Saved/Collections/' took 0.01s
[2017.12.05-16.28.13:378][  0]LogFileCache: Scanning file cache for directory 'C:/Users/u1141916/Documents/GitHub/GrowthV2/GrowthV2/RapidPrototype5/RapidPrototype5/Content/Developers/u1141916/Collections/' took 0.01s
[2017.12.05-16.28.13:378][  0]LogFileCache: Scanning file cache for directory 'C:/Users/u1141916/Documents/GitHub/GrowthV2/GrowthV2/RapidPrototype5/RapidPrototype5/Content/Collections/' took 0.01s
[2017.12.05-16.28.13:378][  0]LogCollectionManager: Rebuilt the GUID cache for 0 collections in 0.000000 seconds
[2017.12.05-16.28.13:387][  0]LogContentBrowser: Native class hierarchy populated in 0.0090 seconds. Added 2367 classes and 521 folders.
[2017.12.05-16.28.13:456][  0]LogContentBrowser: Native class hierarchy updated for 'WidgetCarousel' in 0.0007 seconds. Added 0 classes and 0 folders.
[2017.12.05-16.28.13:789][  0]LogContentBrowser: Native class hierarchy updated for 'AddContentDialog' in 0.0007 seconds. Added 0 classes and 0 folders.
[2017.12.05-16.28.13:846][  0]LogContentBrowser: Native class hierarchy updated for 'SceneOutliner' in 0.0006 seconds. Added 1 classes and 2 folders.
[2017.12.05-16.28.13:873][  0]LogSlate: Took 0.000271 seconds to synchronously load lazily loaded font '../../../Engine/Content/Slate/Fonts/Roboto-Regular.ttf' (155K)
[2017.12.05-16.28.13:876][  0]LogSlate: Took 0.000208 seconds to synchronously load lazily loaded font '../../../Engine/Content/Slate/Fonts/Roboto-Bold.ttf' (160K)
[2017.12.05-16.28.13:888][  0]LogSlate: Took 0.005353 seconds to synchronously load lazily loaded font '../../../Engine/Content/Editor/Slate/Fonts/FontAwesome.ttf' (139K)
[2017.12.05-16.28.14:042][  0]LogRenderer: Reallocating scene render targets to support 1208x576 Format 10 NumSamples 1 (Frame:1).
[2017.12.05-16.28.14:194][  0]LogContentBrowser: Native class hierarchy updated for 'HierarchicalLODOutliner' in 0.0006 seconds. Added 1 classes and 2 folders.
[2017.12.05-16.28.14:195][  0]LogLoad: (Engine Initialization) Total time: 62.61 seconds
[2017.12.05-16.28.14:195][  0]LogLoad: (Engine Initialization) Total Blueprint compile time: 0.00 seconds
[2017.12.05-16.28.14:195][  0]LogExternalProfiler: Found external profiler: VSPerf
[2017.12.05-16.28.14:195][  0]LogExternalProfiler: Using external profiler: VSPerf
[2017.12.05-16.28.14:205][  0]LogWindowsTextInputMethodSystem: Display: IME system now deactivated.
[2017.12.05-16.28.14:225][  0]LogContentStreaming: Texture pool size now 1000 MB
[2017.12.05-16.28.14:304][  0]LogSlate: Took 0.004435 seconds to synchronously load lazily loaded font '../../../Engine/Content/Slate/Fonts/Roboto-Light.ttf' (159K)
[2017.12.05-16.28.14:328][  1]LogAssetRegistry: Asset discovery search completed in 11.6756 seconds
[2017.12.05-16.28.14:330][  1]LogCollectionManager: Rebuilt the object cache for 0 collections in 0.000000 seconds (found 0 objects)
[2017.12.05-16.28.14:330][  1]LogCollectionManager: Fixed up redirectors for 0 collections in 0.000042 seconds (updated 0 objects)
[2017.12.05-16.28.37:594][643]LogSlate: Took 0.000162 seconds to synchronously load lazily loaded font '../../../Engine/Content/Slate/Fonts/Roboto-Light.ttf' (159K)
[2017.12.05-16.28.37:935][643]LogContentBrowser: Native class hierarchy updated for 'BlueprintGraph' in 0.0009 seconds. Added 116 classes and 0 folders.
[2017.12.05-16.28.38:553][643]LogSlate: Took 0.000133 seconds to synchronously load lazily loaded font '../../../Engine/Content/Slate/Fonts/Roboto-Regular.ttf' (155K)
[2017.12.05-16.28.38:657][643]LogSlate: Took 0.004625 seconds to synchronously load lazily loaded font '../../../Engine/Content/Editor/Slate/Fonts/Roboto-BoldCondensed.ttf' (158K)
[2017.12.05-16.28.39:456][644]LogSlate: Took 0.004673 seconds to synchronously load lazily loaded font '../../../Engine/Content/Editor/Slate/Fonts/Roboto-Italic.ttf' (157K)
[2017.12.05-16.34.15:960][ 70]LogRenderer: Reallocating scene render targets to support 1208x712 Format 10 NumSamples 1 (Frame:1).
[2017.12.05-16.34.44:104][318]BlueprintLog: New page: Compile ThirdPersonCharacter
[2017.12.05-16.34.44:229][318]LogBlueprint: Error: [Compiler ThirdPersonCharacter] Can't connect pins   Grapple Cable  and  Target : Object Reference is not compatible with Scene Component Object Reference.
[2017.12.05-16.34.44:229][318]LogBlueprint: Warning: [Compiler ThirdPersonCharacter] Could not find a variable named " GrappleCable" in 'ThirdPersonCharacter_C'.
Make sure 'ThirdPersonCharacter_C' has been compiled for  Get  GrappleCable
[2017.12.05-16.34.44:229][318]LogBlueprint: Error: [Compiler ThirdPersonCharacter] Can't connect pins  Target  and   Grapple Cable : Scene Component Object Reference is not compatible with Object Reference.
[2017.12.05-16.34.44:229][318]LogBlueprint: Error: [Compiler ThirdPersonCharacter] Can't connect pins  Target  and   Grapple Cable : Scene Component Object Reference is not compatible with Object Reference.
[2017.12.05-16.34.44:230][318]LogBlueprint: Error: [Compiler ThirdPersonCharacter] Can't connect pins  Target  and   Grapple Cable : Scene Component Object Reference is not compatible with Object Reference.
[2017.12.05-16.34.44:230][318]LogBlueprint: Error: [Compiler ThirdPersonCharacter] Can't connect pins   Grapple Cable  and  Target : Object Reference is not compatible with Scene Component Object Reference.
[2017.12.05-16.34.44:230][318]LogBlueprint: Warning: [Compiler ThirdPersonCharacter] Could not find a variable named " GrappleCable" in 'ThirdPersonCharacter_C'.
Make sure 'ThirdPersonCharacter_C' has been compiled for  Get  GrappleCable
[2017.12.05-16.34.44:230][318]LogBlueprint: Warning: [Compiler ThirdPersonCharacter] Could not find a variable named "SolverIterations" in 'ThirdPersonCharacter'.
Make sure 'ThirdPersonCharacter' has been compiled for  Set SolverIterations
[2017.12.05-16.34.44:230][318]LogBlueprint: Error: [Compiler ThirdPersonCharacter] Can't connect pins   Grapple Cable  and  Target : Object Reference is not compatible with Scene Component Object Reference.
[2017.12.05-16.34.44:230][318]LogBlueprint: Warning: [Compiler ThirdPersonCharacter] Could not find a variable named " GrappleCable" in 'ThirdPersonCharacter_C'.
Make sure 'ThirdPersonCharacter_C' has been compiled for  Get  GrappleCable
[2017.12.05-16.34.44:230][318]LogBlueprint: Error: [Compiler ThirdPersonCharacter] Can't connect pins   Grapple Cable  and  Target : Object Reference is not compatible with Scene Component Object Reference.
[2017.12.05-16.34.44:230][318]LogBlueprint: Warning: [Compiler ThirdPersonCharacter] Could not find a variable named " GrappleCable" in 'ThirdPersonCharacter_C'.
Make sure 'ThirdPersonCharacter_C' has been compiled for  Get  GrappleCable
[2017.12.05-16.34.44:230][318]LogBlueprint: Error: [Compiler ThirdPersonCharacter] Can't connect pins   Grapple Cable  and  Target : Object Reference is not compatible with Scene Component Object Reference.
[2017.12.05-16.34.44:230][318]LogBlueprint: Warning: [Compiler ThirdPersonCharacter] Could not find a variable named " GrappleCable" in 'ThirdPersonCharacter_C'.
Make sure 'ThirdPersonCharacter_C' has been compiled for  Get  GrappleCable
[2017.12.05-16.34.44:230][318]LogBlueprint: Error: [Compiler ThirdPersonCharacter] Can't connect pins  Target  and   Grapple Cable : Scene Component Object Reference is not compatible with Object Reference.
[2017.12.05-16.34.44:231][318]LogBlueprint: Error: [Compiler ThirdPersonCharacter] Can't connect pins   Grapple Cable  and  Target : Object Reference is not compatible with Scene Component Object Reference.
[2017.12.05-16.34.44:231][318]LogBlueprint: Warning: [Compiler ThirdPersonCharacter] Could not find a variable named " GrappleCable" in 'ThirdPersonCharacter_C'.
Make sure 'ThirdPersonCharacter_C' has been compiled for  Get  GrappleCable
[2017.12.05-16.34.44:231][318]LogBlueprint: Error: [Compiler ThirdPersonCharacter] Can't connect pins  Target  and   Grapple Cable : Scene Component Object Reference is not compatible with Object Reference.
[2017.12.05-16.34.44:231][318]LogBlueprint: Error: [Compiler ThirdPersonCharacter] Can't connect pins   Grapple Cable  and  Target : Object Reference is not compatible with Scene Component Object Reference.
[2017.12.05-16.34.44:231][318]LogBlueprint: Warning: [Compiler ThirdPersonCharacter] Could not find a variable named " GrappleCable" in 'ThirdPersonCharacter_C'.
Make sure 'ThirdPersonCharacter_C' has been compiled for  Get  GrappleCable
[2017.12.05-16.34.44:231][318]LogBlueprint: Error: [Compiler ThirdPersonCharacter] Can't connect pins  Target  and   Grapple Cable : Scene Component Object Reference is not compatible with Object Reference.
[2017.12.05-16.34.44:231][318]LogBlueprint: Error: [Compiler ThirdPersonCharacter] Can't connect pins  Target  and   Grapple Cable : Scene Component Object Reference is not compatible with Object Reference.
[2017.12.05-16.34.44:231][318]LogBlueprint: Error: [Compiler ThirdPersonCharacter] Can't connect pins  Target  and   Grapple Cable : Scene Component Object Reference is not compatible with Object Reference.
[2017.12.05-16.34.44:237][318]LogBlueprint: Error: [Compiler ThirdPersonCharacter] The property associated with   Grapple Cable  could not be found
[2017.12.05-16.34.44:239][318]LogBlueprint: Error: [Compiler ThirdPersonCharacter] The property associated with   Grapple Cable  could not be found
[2017.12.05-16.34.44:239][318]LogBlueprint: Error: [Compiler ThirdPersonCharacter] The property associated with   Grapple Cable  could not be found
[2017.12.05-16.34.44:239][318]LogBlueprint: Error: [Compiler ThirdPersonCharacter] The property associated with  Solver Iterations  could not be found
[2017.12.05-16.34.44:239][318]LogBlueprint: Error: [Compiler ThirdPersonCharacter] The property associated with   Grapple Cable  could not be found
[2017.12.05-16.34.44:239][318]LogBlueprint: Error: [Compiler ThirdPersonCharacter] The property associated with   Grapple Cable  could not be found
[2017.12.05-16.34.44:239][318]LogBlueprint: Error: [Compiler ThirdPersonCharacter] The property associated with   Grapple Cable  could not be found
[2017.12.05-16.34.44:239][318]LogBlueprint: Error: [Compiler ThirdPersonCharacter] The property associated with   Grapple Cable  could not be found
[2017.12.05-16.34.44:628][318]LogBlueprint: Warning: [Compiler ThirdPersonCharacter] [0453.05] Compile of ThirdPersonCharacter failed. 23 Fatal Issue(s) 8 Warning(s) [in 523 ms] (/Game/ThirdPersonCPP/Blueprints/ThirdPersonCharacter.ThirdPersonCharacter)
[2017.12.05-16.35.48:955][617]BlueprintLog: New page: Compile ThirdPersonCharacter
[2017.12.05-16.35.49:077][617]LogBlueprint: Error: [Compiler ThirdPersonCharacter] Can't connect pins  Target  and   Grapple Cable : Scene Component Object Reference is not compatible with Object Reference.
[2017.12.05-16.35.49:077][617]LogBlueprint: Error: [Compiler ThirdPersonCharacter] Can't connect pins  Target  and   Grapple Cable : Scene Component Object Reference is not compatible with Object Reference.
[2017.12.05-16.35.49:077][617]LogBlueprint: Error: [Compiler ThirdPersonCharacter] Can't connect pins   Grapple Cable  and  Target : Object Reference is not compatible with Scene Component Object Reference.
[2017.12.05-16.35.49:077][617]LogBlueprint: Warning: [Compiler ThirdPersonCharacter] Could not find a variable named " GrappleCable" in 'ThirdPersonCharacter_C'.
Make sure 'ThirdPersonCharacter_C' has been compiled for  Get  GrappleCable
[2017.12.05-16.35.49:077][617]LogBlueprint: Error: [Compiler ThirdPersonCharacter] Can't connect pins   Grapple Cable  and  Target : Object Reference is not compatible with Scene Component Object Reference.
[2017.12.05-16.35.49:077][617]LogBlueprint: Warning: [Compiler ThirdPersonCharacter] Could not find a variable named " GrappleCable" in 'ThirdPersonCharacter_C'.
Make sure 'ThirdPersonCharacter_C' has been compiled for  Get  GrappleCable
[2017.12.05-16.35.49:078][617]LogBlueprint: Error: [Compiler ThirdPersonCharacter] Can't connect pins   Grapple Cable  and  Target : Object Reference is not compatible with Scene Component Object Reference.
[2017.12.05-16.35.49:078][617]LogBlueprint: Warning: [Compiler ThirdPersonCharacter] Could not find a variable named " GrappleCable" in 'ThirdPersonCharacter_C'.
Make sure 'ThirdPersonCharacter_C' has been compiled for  Get  GrappleCable
[2017.12.05-16.35.49:078][617]LogBlueprint: Error: [Compiler ThirdPersonCharacter] Can't connect pins  Target  and   Grapple Cable : Scene Component Object Reference is not compatible with Object Reference.
[2017.12.05-16.35.49:078][617]LogBlueprint: Error: [Compiler ThirdPersonCharacter] Can't connect pins  Target  and   Grapple Cable : Scene Component Object Reference is not compatible with Object Reference.
[2017.12.05-16.35.49:086][617]LogBlueprint: Error: [Compiler ThirdPersonCharacter] The property associated with   Grapple Cable  could not be found
[2017.12.05-16.35.49:086][617]LogBlueprint: Error: [Compiler ThirdPersonCharacter] The property associated with   Grapple Cable  could not be found
[2017.12.05-16.35.49:086][617]LogBlueprint: Error: [Compiler ThirdPersonCharacter] The property associated with   Grapple Cable  could not be found
[2017.12.05-16.35.49:550][617]LogBlueprint: Warning: [Compiler ThirdPersonCharacter] [0517.97] Compile of ThirdPersonCharacter failed. 10 Fatal Issue(s) 3 Warning(s) [in 594 ms] (/Game/ThirdPersonCPP/Blueprints/ThirdPersonCharacter.ThirdPersonCharacter)
[2017.12.05-16.36.09:622][ 39]BlueprintLog: New page: Compile ThirdPersonCharacter
[2017.12.05-16.36.09:743][ 39]LogBlueprint: Error: [Compiler ThirdPersonCharacter] Can't connect pins   Grapple Cable  and  Target : Object Reference is not compatible with Scene Component Object Reference.
[2017.12.05-16.36.09:743][ 39]LogBlueprint: Warning: [Compiler ThirdPersonCharacter] Could not find a variable named " GrappleCable" in 'ThirdPersonCharacter_C'.
Make sure 'ThirdPersonCharacter_C' has been compiled for  Get  GrappleCable
[2017.12.05-16.36.09:743][ 39]LogBlueprint: Error: [Compiler ThirdPersonCharacter] Can't connect pins   Grapple Cable  and  Target : Object Reference is not compatible with Scene Component Object Reference.
[2017.12.05-16.36.09:743][ 39]LogBlueprint: Warning: [Compiler ThirdPersonCharacter] Could not find a variable named " GrappleCable" in 'ThirdPersonCharacter_C'.
Make sure 'ThirdPersonCharacter_C' has been compiled for  Get  GrappleCable
[2017.12.05-16.36.09:743][ 39]LogBlueprint: Error: [Compiler ThirdPersonCharacter] Can't connect pins  Target  and   Grapple Cable : Scene Component Object Reference is not compatible with Object Reference.
[2017.12.05-16.36.09:743][ 39]LogBlueprint: Error: [Compiler ThirdPersonCharacter] Can't connect pins  Target  and   Grapple Cable : Scene Component Object Reference is not compatible with Object Reference.
[2017.12.05-16.36.09:750][ 39]LogBlueprint: Error: [Compiler ThirdPersonCharacter] The property associated with   Grapple Cable  could not be found
[2017.12.05-16.36.09:751][ 39]LogBlueprint: Error: [Compiler ThirdPersonCharacter] The property associated with   Grapple Cable  could not be found
[2017.12.05-16.36.10:132][ 39]LogBlueprint: Warning: [Compiler ThirdPersonCharacter] [0538.55] Compile of ThirdPersonCharacter failed. 6 Fatal Issue(s) 2 Warning(s) [in 510 ms] (/Game/ThirdPersonCPP/Blueprints/ThirdPersonCharacter.ThirdPersonCharacter)
[2017.12.05-16.36.22:084][826]BlueprintLog: New page: Compile ThirdPersonCharacter
[2017.12.05-16.36.22:212][826]LogBlueprint: Error: [Compiler ThirdPersonCharacter] Can't connect pins   Grapple Cable  and  Target : Object Reference is not compatible with Scene Component Object Reference.
[2017.12.05-16.36.22:212][826]LogBlueprint: Warning: [Compiler ThirdPersonCharacter] Could not find a variable named " GrappleCable" in 'ThirdPersonCharacter_C'.
Make sure 'ThirdPersonCharacter_C' has been compiled for  Get  GrappleCable
[2017.12.05-16.36.22:213][826]LogBlueprint: Error: [Compiler ThirdPersonCharacter] Can't connect pins  Target  and   Grapple Cable : Scene Component Object Reference is not compatible with Object Reference.
[2017.12.05-16.36.22:221][826]LogBlueprint: Error: [Compiler ThirdPersonCharacter] The property associated with   Grapple Cable  could not be found
[2017.12.05-16.36.22:602][826]LogBlueprint: Warning: [Compiler ThirdPersonCharacter] [0551.02] Compile of ThirdPersonCharacter failed. 3 Fatal Issue(s) 1 Warning(s) [in 517 ms] (/Game/ThirdPersonCPP/Blueprints/ThirdPersonCharacter.ThirdPersonCharacter)
[2017.12.05-16.36.39:069][901]BlueprintLog: New page: Compile ThirdPersonCharacter
